<?xml version="1.0" encoding="UTF-8"?>
<TestRun id="331a4522-1531-469b-a5be-6c327e34b1b4" name="MikelWhitehead@WHEATLY 2012-08-01 13:44:00" runUser="WHEATLY\MikelWhitehead" xmlns="http://microsoft.com/schemas/VisualStudio/TeamTest/2010">
  <TestSettings name="Local" id="44be0d1b-54c1-46ad-ac31-64749087b4b2">
    <Description>These are default test settings for a local test run.</Description>
    <Deployment enabled="false" runDeploymentRoot="MikelWhitehead_WHEATLY 2012-08-01 13_44_00">
      <DeploymentItem filename="C:\Users\MikelWhitehead\PerformanceProgression\Prototype BackUp\PrototypeFinal\Prototype\bin\Release\Prototype.exe" />
      <DeploymentItem filename="C:\Users\MikelWhitehead\PerformanceProgression\GraphCalculator\ZedGraphSampleCS_v5.0.9\ZedGraph.dll" />
    </Deployment>
    <Execution>
      <TestTypeSpecific />
      <AgentRule name="Execution Agents">
      </AgentRule>
    </Execution>
  </TestSettings>
  <Times creation="2012-08-01T13:44:00.4292527+12:00" queuing="2012-08-01T13:44:00.4642547+12:00" start="2012-08-01T13:44:00.4822557+12:00" finish="2012-08-01T13:44:00.8892790+12:00" />
  <ResultSummary outcome="Failed">
    <Counters total="1" executed="1" error="0" failed="1" timeout="0" aborted="0" inconclusive="0" passedButRunAborted="0" notRunnable="0" notExecuted="0" disconnected="0" warning="0" passed="0" completed="0" inProgress="0" pending="0" />
    <RunInfos>
      <RunInfo computerName="WHEATLY" outcome="Warning" timestamp="2012-08-01T13:44:00.4642547+12:00">
        <Text>Deployment is currently disabled. The deployment item 'Attempt1MathCalculation.exe' on test 'MathTest.PolynomialTest.Matrix3x3InverseTest' was not deployed.</Text>
      </RunInfo>
    </RunInfos>
  </ResultSummary>
  <TestDefinitions>
    <UnitTest name="Matrix3x3InverseTest" storage="c:\users\mikelwhitehead\performanceprogression\prototype backup\prototypefinal\mathtest\bin\release\mathtest.dll" id="ed08e473-2dba-4d18-da59-9cb539de914d">
      <DeploymentItems>
        <DeploymentItem filename="Attempt1MathCalculation.exe" />
      </DeploymentItems>
      <Execution id="c86e7612-9edd-4e26-8d8c-b72f8f56ea13" />
      <TestMethod codeBase="C:/Users/MikelWhitehead/PerformanceProgression/Prototype BackUp/PrototypeFinal/MathTest/bin/Release/MathTest.DLL" adapterTypeName="Microsoft.VisualStudio.TestTools.TestTypes.Unit.UnitTestAdapter, Microsoft.VisualStudio.QualityTools.Tips.UnitTest.Adapter, Version=10.0.0.0, Culture=neutral, PublicKeyToken=b03f5f7f11d50a3a" className="MathTest.PolynomialTest, MathTest, Version=1.0.0.0, Culture=neutral, PublicKeyToken=null" name="Matrix3x3InverseTest" />
    </UnitTest>
  </TestDefinitions>
  <TestLists>
    <TestList name="Results Not in a List" id="8c84fa94-04c1-424b-9868-57a2d4851a1d" />
    <TestList name="All Loaded Results" id="19431567-8539-422a-85d7-44ee4e166bda" />
  </TestLists>
  <TestEntries>
    <TestEntry testId="ed08e473-2dba-4d18-da59-9cb539de914d" executionId="c86e7612-9edd-4e26-8d8c-b72f8f56ea13" testListId="8c84fa94-04c1-424b-9868-57a2d4851a1d" />
  </TestEntries>
  <Results>
    <UnitTestResult executionId="c86e7612-9edd-4e26-8d8c-b72f8f56ea13" testId="ed08e473-2dba-4d18-da59-9cb539de914d" testName="Matrix3x3InverseTest" computerName="WHEATLY" duration="00:00:00.0494956" startTime="2012-08-01T13:44:00.4962565+12:00" endTime="2012-08-01T13:44:00.8552770+12:00" testType="13cdc9d9-ddb5-4fa4-a97d-d965ccfc6d4b" outcome="Failed" testListId="8c84fa94-04c1-424b-9868-57a2d4851a1d" relativeResultsDirectory="c86e7612-9edd-4e26-8d8c-b72f8f56ea13">
      <Output>
        <ErrorInfo>
          <Message>Assert.AreEqual failed. Expected:&lt;6.44999980926514&gt;. Actual:&lt;6.45&gt;. </Message>
          <StackTrace>   at MathTest.PolynomialTest.Matrix3x3InverseTest() in C:\Users\MikelWhitehead\PerformanceProgression\Prototype BackUp\PrototypeFinal\MathTest\PolynomialGraphTest.cs:line 194
</StackTrace>
        </ErrorInfo>
      </Output>
    </UnitTestResult>
  </Results>
</TestRun>