<?xml version="1.0" encoding="UTF-8"?>
<TestRun id="db368845-3ed8-4bd7-8f2b-9047d89eb463" name="Joris@JORIS-PC 2012-07-15 12:57:41" runUser="Joris-PC\Joris" xmlns="http://microsoft.com/schemas/VisualStudio/TeamTest/2010">
  <TestSettings name="Local" id="44be0d1b-54c1-46ad-ac31-64749087b4b2">
    <Description>These are default test settings for a local test run.</Description>
    <Deployment enabled="false" runDeploymentRoot="Joris_JORIS-PC 2012-07-15 12_57_41">
      <DeploymentItem filename="C:\Users\Joris\PerformanceProgression\Prototype BackUp\PrototypeFinal\Prototype\bin\Release\Prototype.exe" />
      <DeploymentItem filename="C:\Users\Joris\PerformanceProgression\GraphCalculator\ZedGraphSampleCS_v5.0.9\ZedGraph.dll" />
    </Deployment>
    <Execution>
      <TestTypeSpecific />
      <AgentRule name="Execution Agents">
      </AgentRule>
    </Execution>
  </TestSettings>
  <Times creation="2012-07-15T12:57:41.0122314+12:00" queuing="2012-07-15T12:57:43.0763494+12:00" start="2012-07-15T12:57:43.1693548+12:00" finish="2012-07-15T12:57:43.8103914+12:00" />
  <ResultSummary outcome="Failed">
    <Counters total="16" executed="16" passed="15" error="0" failed="1" timeout="0" aborted="0" inconclusive="0" passedButRunAborted="0" notRunnable="0" notExecuted="0" disconnected="0" warning="0" completed="0" inProgress="0" pending="0" />
  </ResultSummary>
  <TestDefinitions>
    <UnitTest name="getStatusTest" storage="c:\users\joris\performanceprogression\prototype backup\prototypefinal\mathtest\bin\release\mathtest.dll" id="fdc600d9-be0d-02d4-169a-cc986a42ef6d">
      <Execution id="1865dc84-b55f-4a38-9db3-105fb5e86f7c" />
      <TestMethod codeBase="C:/Users/Joris/PerformanceProgression/Prototype BackUp/PrototypeFinal/MathTest/bin/Release/MathTest.DLL" adapterTypeName="Microsoft.VisualStudio.TestTools.TestTypes.Unit.UnitTestAdapter, Microsoft.VisualStudio.QualityTools.Tips.UnitTest.Adapter, Version=10.0.0.0, Culture=neutral, PublicKeyToken=b03f5f7f11d50a3a" className="MathTest.AthletesTest, MathTest, Version=1.0.0.0, Culture=neutral, PublicKeyToken=null" name="getStatusTest" />
    </UnitTest>
    <UnitTest name="getY_Value_AsDateTest" storage="c:\users\joris\performanceprogression\prototype backup\prototypefinal\mathtest\bin\release\mathtest.dll" id="9d155d54-a4e2-aec3-1df6-42140bffb82b">
      <Execution id="235cc45d-a712-44d0-bbab-350197dc2e73" />
      <TestMethod codeBase="C:/Users/Joris/PerformanceProgression/Prototype BackUp/PrototypeFinal/MathTest/bin/Release/MathTest.DLL" adapterTypeName="Microsoft.VisualStudio.TestTools.TestTypes.Unit.UnitTestAdapter, Microsoft.VisualStudio.QualityTools.Tips.UnitTest.Adapter, Version=10.0.0.0, Culture=neutral, PublicKeyToken=b03f5f7f11d50a3a" className="MathTest.fPointTest, MathTest, Version=1.0.0.0, Culture=neutral, PublicKeyToken=null" name="getY_Value_AsDateTest" />
    </UnitTest>
    <UnitTest name="setX_AgeTest" storage="c:\users\joris\performanceprogression\prototype backup\prototypefinal\mathtest\bin\release\mathtest.dll" id="24a6e050-39fd-54bd-89ff-ec853af13623">
      <Execution id="f155ba85-5d25-4725-874c-5b0d20b3d4dc" />
      <TestMethod codeBase="C:/Users/Joris/PerformanceProgression/Prototype BackUp/PrototypeFinal/MathTest/bin/Release/MathTest.DLL" adapterTypeName="Microsoft.VisualStudio.TestTools.TestTypes.Unit.UnitTestAdapter, Microsoft.VisualStudio.QualityTools.Tips.UnitTest.Adapter, Version=10.0.0.0, Culture=neutral, PublicKeyToken=b03f5f7f11d50a3a" className="MathTest.fPointTest, MathTest, Version=1.0.0.0, Culture=neutral, PublicKeyToken=null" name="setX_AgeTest" />
    </UnitTest>
    <UnitTest name="SecondOrderPolynomialTest2" storage="c:\users\joris\performanceprogression\prototype backup\prototypefinal\mathtest\bin\release\mathtest.dll" id="c7bfa67d-e9e8-b09b-48ea-fdbd29047b8d">
      <Execution id="2d65a3db-ae04-474f-abac-a76a1726e724" />
      <TestMethod codeBase="C:/Users/Joris/PerformanceProgression/Prototype BackUp/PrototypeFinal/MathTest/bin/Release/MathTest.DLL" adapterTypeName="Microsoft.VisualStudio.TestTools.TestTypes.Unit.UnitTestAdapter, Microsoft.VisualStudio.QualityTools.Tips.UnitTest.Adapter, Version=10.0.0.0, Culture=neutral, PublicKeyToken=b03f5f7f11d50a3a" className="MathTest.PolynomialTest, MathTest, Version=1.0.0.0, Culture=neutral, PublicKeyToken=null" name="SecondOrderPolynomialTest2" />
    </UnitTest>
    <UnitTest name="getDataTest" storage="c:\users\joris\performanceprogression\prototype backup\prototypefinal\mathtest\bin\release\mathtest.dll" id="fbb0dd6e-b7dd-8f92-d511-30c119a8406c">
      <Execution id="08a565a9-d878-4d06-adbd-dae0ab3cce48" />
      <TestMethod codeBase="C:/Users/Joris/PerformanceProgression/Prototype BackUp/PrototypeFinal/MathTest/bin/Release/MathTest.DLL" adapterTypeName="Microsoft.VisualStudio.TestTools.TestTypes.Unit.UnitTestAdapter, Microsoft.VisualStudio.QualityTools.Tips.UnitTest.Adapter, Version=10.0.0.0, Culture=neutral, PublicKeyToken=b03f5f7f11d50a3a" className="MathTest.AthletesTest, MathTest, Version=1.0.0.0, Culture=neutral, PublicKeyToken=null" name="getDataTest" />
    </UnitTest>
    <UnitTest name="Matrix3x3InverseTest" storage="c:\users\joris\performanceprogression\prototype backup\prototypefinal\mathtest\bin\release\mathtest.dll" id="ed08e473-2dba-4d18-da59-9cb539de914d">
      <DeploymentItems>
        <DeploymentItem filename="Attempt1MathCalculation.exe" />
      </DeploymentItems>
      <Execution id="afca4afa-a86e-47da-9307-53ca01e6b796" />
      <TestMethod codeBase="C:/Users/Joris/PerformanceProgression/Prototype BackUp/PrototypeFinal/MathTest/bin/Release/MathTest.DLL" adapterTypeName="Microsoft.VisualStudio.TestTools.TestTypes.Unit.UnitTestAdapter, Microsoft.VisualStudio.QualityTools.Tips.UnitTest.Adapter, Version=10.0.0.0, Culture=neutral, PublicKeyToken=b03f5f7f11d50a3a" className="MathTest.PolynomialTest, MathTest, Version=1.0.0.0, Culture=neutral, PublicKeyToken=null" name="Matrix3x3InverseTest" />
    </UnitTest>
    <UnitTest name="getNameTest" storage="c:\users\joris\performanceprogression\prototype backup\prototypefinal\mathtest\bin\release\mathtest.dll" id="e7d30bbf-6029-b18e-67cc-bd80a406e438">
      <Execution id="9a3bd8c5-10d9-441a-912d-ad422eccc286" />
      <TestMethod codeBase="C:/Users/Joris/PerformanceProgression/Prototype BackUp/PrototypeFinal/MathTest/bin/Release/MathTest.DLL" adapterTypeName="Microsoft.VisualStudio.TestTools.TestTypes.Unit.UnitTestAdapter, Microsoft.VisualStudio.QualityTools.Tips.UnitTest.Adapter, Version=10.0.0.0, Culture=neutral, PublicKeyToken=b03f5f7f11d50a3a" className="MathTest.AthletesTest, MathTest, Version=1.0.0.0, Culture=neutral, PublicKeyToken=null" name="getNameTest" />
    </UnitTest>
    <UnitTest name="fPointConstructorTest1" storage="c:\users\joris\performanceprogression\prototype backup\prototypefinal\mathtest\bin\release\mathtest.dll" id="36a0b714-e539-bf30-c8d0-2737f2a7c9a6">
      <Execution id="988d048e-c711-4e25-8181-cbdd5ad42a22" />
      <TestMethod codeBase="C:/Users/Joris/PerformanceProgression/Prototype BackUp/PrototypeFinal/MathTest/bin/Release/MathTest.DLL" adapterTypeName="Microsoft.VisualStudio.TestTools.TestTypes.Unit.UnitTestAdapter, Microsoft.VisualStudio.QualityTools.Tips.UnitTest.Adapter, Version=10.0.0.0, Culture=neutral, PublicKeyToken=b03f5f7f11d50a3a" className="MathTest.fPointTest, MathTest, Version=1.0.0.0, Culture=neutral, PublicKeyToken=null" name="fPointConstructorTest1" />
    </UnitTest>
    <UnitTest name="SecondOrderPolynomialTest" storage="c:\users\joris\performanceprogression\prototype backup\prototypefinal\mathtest\bin\release\mathtest.dll" id="cf8e86af-938d-dc88-28d5-47a0888cbbf6">
      <Execution id="ef3c2444-7c5f-4450-85ee-060adeba9c97" />
      <TestMethod codeBase="C:/Users/Joris/PerformanceProgression/Prototype BackUp/PrototypeFinal/MathTest/bin/Release/MathTest.DLL" adapterTypeName="Microsoft.VisualStudio.TestTools.TestTypes.Unit.UnitTestAdapter, Microsoft.VisualStudio.QualityTools.Tips.UnitTest.Adapter, Version=10.0.0.0, Culture=neutral, PublicKeyToken=b03f5f7f11d50a3a" className="MathTest.PolynomialTest, MathTest, Version=1.0.0.0, Culture=neutral, PublicKeyToken=null" name="SecondOrderPolynomialTest" />
    </UnitTest>
    <UnitTest name="fPointConstructorTest2" storage="c:\users\joris\performanceprogression\prototype backup\prototypefinal\mathtest\bin\release\mathtest.dll" id="b12df4a2-6274-58a2-18c9-6dbaf2e5e9b4">
      <Execution id="ea0f201b-b976-4ce8-9c5d-c6bba6696f4e" />
      <TestMethod codeBase="C:/Users/Joris/PerformanceProgression/Prototype BackUp/PrototypeFinal/MathTest/bin/Release/MathTest.DLL" adapterTypeName="Microsoft.VisualStudio.TestTools.TestTypes.Unit.UnitTestAdapter, Microsoft.VisualStudio.QualityTools.Tips.UnitTest.Adapter, Version=10.0.0.0, Culture=neutral, PublicKeyToken=b03f5f7f11d50a3a" className="MathTest.fPointTest, MathTest, Version=1.0.0.0, Culture=neutral, PublicKeyToken=null" name="fPointConstructorTest2" />
    </UnitTest>
    <UnitTest name="Matrix1x3Test" storage="c:\users\joris\performanceprogression\prototype backup\prototypefinal\mathtest\bin\release\mathtest.dll" id="c0023543-70d8-e8c3-52fb-9f1d5be4c5fc">
      <Execution id="64666d6d-972a-418f-9d73-544ebda08207" />
      <TestMethod codeBase="C:/Users/Joris/PerformanceProgression/Prototype BackUp/PrototypeFinal/MathTest/bin/Release/MathTest.DLL" adapterTypeName="Microsoft.VisualStudio.TestTools.TestTypes.Unit.UnitTestAdapter, Microsoft.VisualStudio.QualityTools.Tips.UnitTest.Adapter, Version=10.0.0.0, Culture=neutral, PublicKeyToken=b03f5f7f11d50a3a" className="MathTest.PolynomialTest, MathTest, Version=1.0.0.0, Culture=neutral, PublicKeyToken=null" name="Matrix1x3Test" />
    </UnitTest>
    <UnitTest name="setY_ValueTest" storage="c:\users\joris\performanceprogression\prototype backup\prototypefinal\mathtest\bin\release\mathtest.dll" id="abf48396-4383-6400-f408-afa70e287468">
      <Execution id="5e6dd75e-c2b1-439f-a4dc-d7fc92283996" />
      <TestMethod codeBase="C:/Users/Joris/PerformanceProgression/Prototype BackUp/PrototypeFinal/MathTest/bin/Release/MathTest.DLL" adapterTypeName="Microsoft.VisualStudio.TestTools.TestTypes.Unit.UnitTestAdapter, Microsoft.VisualStudio.QualityTools.Tips.UnitTest.Adapter, Version=10.0.0.0, Culture=neutral, PublicKeyToken=b03f5f7f11d50a3a" className="MathTest.fPointTest, MathTest, Version=1.0.0.0, Culture=neutral, PublicKeyToken=null" name="setY_ValueTest" />
    </UnitTest>
    <UnitTest name="fPointConstructorTest" storage="c:\users\joris\performanceprogression\prototype backup\prototypefinal\mathtest\bin\release\mathtest.dll" id="0c305af0-c245-9aab-6bfe-c1da9b13002c">
      <Execution id="b099e7fc-2b44-4e6a-92be-150237caf22f" />
      <TestMethod codeBase="C:/Users/Joris/PerformanceProgression/Prototype BackUp/PrototypeFinal/MathTest/bin/Release/MathTest.DLL" adapterTypeName="Microsoft.VisualStudio.TestTools.TestTypes.Unit.UnitTestAdapter, Microsoft.VisualStudio.QualityTools.Tips.UnitTest.Adapter, Version=10.0.0.0, Culture=neutral, PublicKeyToken=b03f5f7f11d50a3a" className="MathTest.fPointTest, MathTest, Version=1.0.0.0, Culture=neutral, PublicKeyToken=null" name="fPointConstructorTest" />
    </UnitTest>
    <UnitTest name="getX_AgeTest" storage="c:\users\joris\performanceprogression\prototype backup\prototypefinal\mathtest\bin\release\mathtest.dll" id="552294db-0170-dc5a-63c5-6fec173fe182">
      <Execution id="56bc45d6-3005-459f-a15a-d4e588f2020a" />
      <TestMethod codeBase="C:/Users/Joris/PerformanceProgression/Prototype BackUp/PrototypeFinal/MathTest/bin/Release/MathTest.DLL" adapterTypeName="Microsoft.VisualStudio.TestTools.TestTypes.Unit.UnitTestAdapter, Microsoft.VisualStudio.QualityTools.Tips.UnitTest.Adapter, Version=10.0.0.0, Culture=neutral, PublicKeyToken=b03f5f7f11d50a3a" className="MathTest.fPointTest, MathTest, Version=1.0.0.0, Culture=neutral, PublicKeyToken=null" name="getX_AgeTest" />
    </UnitTest>
    <UnitTest name="Matrix3x3Test" storage="c:\users\joris\performanceprogression\prototype backup\prototypefinal\mathtest\bin\release\mathtest.dll" id="bda542f6-870e-fb28-9310-2ebbbe076c3c">
      <DeploymentItems>
        <DeploymentItem filename="Attempt1MathCalculation.exe" />
      </DeploymentItems>
      <Execution id="f7b6ef26-f542-4ed9-b46a-5aee76cd84fe" />
      <TestMethod codeBase="C:/Users/Joris/PerformanceProgression/Prototype BackUp/PrototypeFinal/MathTest/bin/Release/MathTest.DLL" adapterTypeName="Microsoft.VisualStudio.TestTools.TestTypes.Unit.UnitTestAdapter, Microsoft.VisualStudio.QualityTools.Tips.UnitTest.Adapter, Version=10.0.0.0, Culture=neutral, PublicKeyToken=b03f5f7f11d50a3a" className="MathTest.PolynomialTest, MathTest, Version=1.0.0.0, Culture=neutral, PublicKeyToken=null" name="Matrix3x3Test" />
    </UnitTest>
    <UnitTest name="getY_Value_AsFloatTest" storage="c:\users\joris\performanceprogression\prototype backup\prototypefinal\mathtest\bin\release\mathtest.dll" id="f1d57bd7-6599-7b59-7979-79556522066e">
      <Execution id="ec4ad9c3-ea78-4241-b852-186000e63e5a" />
      <TestMethod codeBase="C:/Users/Joris/PerformanceProgression/Prototype BackUp/PrototypeFinal/MathTest/bin/Release/MathTest.DLL" adapterTypeName="Microsoft.VisualStudio.TestTools.TestTypes.Unit.UnitTestAdapter, Microsoft.VisualStudio.QualityTools.Tips.UnitTest.Adapter, Version=10.0.0.0, Culture=neutral, PublicKeyToken=b03f5f7f11d50a3a" className="MathTest.fPointTest, MathTest, Version=1.0.0.0, Culture=neutral, PublicKeyToken=null" name="getY_Value_AsFloatTest" />
    </UnitTest>
  </TestDefinitions>
  <TestLists>
    <TestList name="Results Not in a List" id="8c84fa94-04c1-424b-9868-57a2d4851a1d" />
    <TestList name="All Loaded Results" id="19431567-8539-422a-85d7-44ee4e166bda" />
  </TestLists>
  <TestEntries>
    <TestEntry testId="0c305af0-c245-9aab-6bfe-c1da9b13002c" executionId="b099e7fc-2b44-4e6a-92be-150237caf22f" testListId="8c84fa94-04c1-424b-9868-57a2d4851a1d" />
    <TestEntry testId="24a6e050-39fd-54bd-89ff-ec853af13623" executionId="f155ba85-5d25-4725-874c-5b0d20b3d4dc" testListId="8c84fa94-04c1-424b-9868-57a2d4851a1d" />
    <TestEntry testId="36a0b714-e539-bf30-c8d0-2737f2a7c9a6" executionId="988d048e-c711-4e25-8181-cbdd5ad42a22" testListId="8c84fa94-04c1-424b-9868-57a2d4851a1d" />
    <TestEntry testId="552294db-0170-dc5a-63c5-6fec173fe182" executionId="56bc45d6-3005-459f-a15a-d4e588f2020a" testListId="8c84fa94-04c1-424b-9868-57a2d4851a1d" />
    <TestEntry testId="9d155d54-a4e2-aec3-1df6-42140bffb82b" executionId="235cc45d-a712-44d0-bbab-350197dc2e73" testListId="8c84fa94-04c1-424b-9868-57a2d4851a1d" />
    <TestEntry testId="abf48396-4383-6400-f408-afa70e287468" executionId="5e6dd75e-c2b1-439f-a4dc-d7fc92283996" testListId="8c84fa94-04c1-424b-9868-57a2d4851a1d" />
    <TestEntry testId="b12df4a2-6274-58a2-18c9-6dbaf2e5e9b4" executionId="ea0f201b-b976-4ce8-9c5d-c6bba6696f4e" testListId="8c84fa94-04c1-424b-9868-57a2d4851a1d" />
    <TestEntry testId="bda542f6-870e-fb28-9310-2ebbbe076c3c" executionId="f7b6ef26-f542-4ed9-b46a-5aee76cd84fe" testListId="8c84fa94-04c1-424b-9868-57a2d4851a1d" />
    <TestEntry testId="c0023543-70d8-e8c3-52fb-9f1d5be4c5fc" executionId="64666d6d-972a-418f-9d73-544ebda08207" testListId="8c84fa94-04c1-424b-9868-57a2d4851a1d" />
    <TestEntry testId="c7bfa67d-e9e8-b09b-48ea-fdbd29047b8d" executionId="2d65a3db-ae04-474f-abac-a76a1726e724" testListId="8c84fa94-04c1-424b-9868-57a2d4851a1d" />
    <TestEntry testId="cf8e86af-938d-dc88-28d5-47a0888cbbf6" executionId="ef3c2444-7c5f-4450-85ee-060adeba9c97" testListId="8c84fa94-04c1-424b-9868-57a2d4851a1d" />
    <TestEntry testId="e7d30bbf-6029-b18e-67cc-bd80a406e438" executionId="9a3bd8c5-10d9-441a-912d-ad422eccc286" testListId="8c84fa94-04c1-424b-9868-57a2d4851a1d" />
    <TestEntry testId="ed08e473-2dba-4d18-da59-9cb539de914d" executionId="afca4afa-a86e-47da-9307-53ca01e6b796" testListId="8c84fa94-04c1-424b-9868-57a2d4851a1d" />
    <TestEntry testId="f1d57bd7-6599-7b59-7979-79556522066e" executionId="ec4ad9c3-ea78-4241-b852-186000e63e5a" testListId="8c84fa94-04c1-424b-9868-57a2d4851a1d" />
    <TestEntry testId="fbb0dd6e-b7dd-8f92-d511-30c119a8406c" executionId="08a565a9-d878-4d06-adbd-dae0ab3cce48" testListId="8c84fa94-04c1-424b-9868-57a2d4851a1d" />
    <TestEntry testId="fdc600d9-be0d-02d4-169a-cc986a42ef6d" executionId="1865dc84-b55f-4a38-9db3-105fb5e86f7c" testListId="8c84fa94-04c1-424b-9868-57a2d4851a1d" />
  </TestEntries>
  <Results>
    <UnitTestResult executionId="b099e7fc-2b44-4e6a-92be-150237caf22f" testId="0c305af0-c245-9aab-6bfe-c1da9b13002c" testName="fPointConstructorTest" computerName="JORIS-PC" duration="00:00:00.0318846" startTime="2012-07-15T12:57:43.1783553+12:00" endTime="2012-07-15T12:57:43.4973735+12:00" testType="13cdc9d9-ddb5-4fa4-a97d-d965ccfc6d4b" outcome="Passed" testListId="8c84fa94-04c1-424b-9868-57a2d4851a1d" relativeResultsDirectory="b099e7fc-2b44-4e6a-92be-150237caf22f">
    </UnitTestResult>
    <UnitTestResult executionId="f155ba85-5d25-4725-874c-5b0d20b3d4dc" testId="24a6e050-39fd-54bd-89ff-ec853af13623" testName="setX_AgeTest" computerName="JORIS-PC" duration="00:00:00.0002498" startTime="2012-07-15T12:57:43.4983736+12:00" endTime="2012-07-15T12:57:43.5033739+12:00" testType="13cdc9d9-ddb5-4fa4-a97d-d965ccfc6d4b" outcome="Passed" testListId="8c84fa94-04c1-424b-9868-57a2d4851a1d" relativeResultsDirectory="f155ba85-5d25-4725-874c-5b0d20b3d4dc">
    </UnitTestResult>
    <UnitTestResult executionId="988d048e-c711-4e25-8181-cbdd5ad42a22" testId="36a0b714-e539-bf30-c8d0-2737f2a7c9a6" testName="fPointConstructorTest1" computerName="JORIS-PC" duration="00:00:00.0024874" startTime="2012-07-15T12:57:43.5033739+12:00" endTime="2012-07-15T12:57:43.5113743+12:00" testType="13cdc9d9-ddb5-4fa4-a97d-d965ccfc6d4b" outcome="Passed" testListId="8c84fa94-04c1-424b-9868-57a2d4851a1d" relativeResultsDirectory="988d048e-c711-4e25-8181-cbdd5ad42a22">
    </UnitTestResult>
    <UnitTestResult executionId="56bc45d6-3005-459f-a15a-d4e588f2020a" testId="552294db-0170-dc5a-63c5-6fec173fe182" testName="getX_AgeTest" computerName="JORIS-PC" duration="00:00:00.0002621" startTime="2012-07-15T12:57:43.5163746+12:00" endTime="2012-07-15T12:57:43.5223749+12:00" testType="13cdc9d9-ddb5-4fa4-a97d-d965ccfc6d4b" outcome="Passed" testListId="8c84fa94-04c1-424b-9868-57a2d4851a1d" relativeResultsDirectory="56bc45d6-3005-459f-a15a-d4e588f2020a">
    </UnitTestResult>
    <UnitTestResult executionId="235cc45d-a712-44d0-bbab-350197dc2e73" testId="9d155d54-a4e2-aec3-1df6-42140bffb82b" testName="getY_Value_AsDateTest" computerName="JORIS-PC" duration="00:00:00.0003903" startTime="2012-07-15T12:57:43.5233750+12:00" endTime="2012-07-15T12:57:43.5273752+12:00" testType="13cdc9d9-ddb5-4fa4-a97d-d965ccfc6d4b" outcome="Passed" testListId="8c84fa94-04c1-424b-9868-57a2d4851a1d" relativeResultsDirectory="235cc45d-a712-44d0-bbab-350197dc2e73">
    </UnitTestResult>
    <UnitTestResult executionId="5e6dd75e-c2b1-439f-a4dc-d7fc92283996" testId="abf48396-4383-6400-f408-afa70e287468" testName="setY_ValueTest" computerName="JORIS-PC" duration="00:00:00.0002432" startTime="2012-07-15T12:57:43.5283753+12:00" endTime="2012-07-15T12:57:43.5333756+12:00" testType="13cdc9d9-ddb5-4fa4-a97d-d965ccfc6d4b" outcome="Passed" testListId="8c84fa94-04c1-424b-9868-57a2d4851a1d" relativeResultsDirectory="5e6dd75e-c2b1-439f-a4dc-d7fc92283996">
    </UnitTestResult>
    <UnitTestResult executionId="ea0f201b-b976-4ce8-9c5d-c6bba6696f4e" testId="b12df4a2-6274-58a2-18c9-6dbaf2e5e9b4" testName="fPointConstructorTest2" computerName="JORIS-PC" duration="00:00:00.0003568" startTime="2012-07-15T12:57:43.5333756+12:00" endTime="2012-07-15T12:57:43.5383759+12:00" testType="13cdc9d9-ddb5-4fa4-a97d-d965ccfc6d4b" outcome="Passed" testListId="8c84fa94-04c1-424b-9868-57a2d4851a1d" relativeResultsDirectory="ea0f201b-b976-4ce8-9c5d-c6bba6696f4e">
    </UnitTestResult>
    <UnitTestResult executionId="f7b6ef26-f542-4ed9-b46a-5aee76cd84fe" testId="bda542f6-870e-fb28-9310-2ebbbe076c3c" testName="Matrix3x3Test" computerName="JORIS-PC" duration="00:00:00.0285865" startTime="2012-07-15T12:57:43.5393759+12:00" endTime="2012-07-15T12:57:43.5733779+12:00" testType="13cdc9d9-ddb5-4fa4-a97d-d965ccfc6d4b" outcome="Passed" testListId="8c84fa94-04c1-424b-9868-57a2d4851a1d" relativeResultsDirectory="f7b6ef26-f542-4ed9-b46a-5aee76cd84fe">
    </UnitTestResult>
    <UnitTestResult executionId="64666d6d-972a-418f-9d73-544ebda08207" testId="c0023543-70d8-e8c3-52fb-9f1d5be4c5fc" testName="Matrix1x3Test" computerName="JORIS-PC" duration="00:00:00.0009634" startTime="2012-07-15T12:57:43.5743779+12:00" endTime="2012-07-15T12:57:43.5803783+12:00" testType="13cdc9d9-ddb5-4fa4-a97d-d965ccfc6d4b" outcome="Passed" testListId="8c84fa94-04c1-424b-9868-57a2d4851a1d" relativeResultsDirectory="64666d6d-972a-418f-9d73-544ebda08207">
    </UnitTestResult>
    <UnitTestResult executionId="2d65a3db-ae04-474f-abac-a76a1726e724" testId="c7bfa67d-e9e8-b09b-48ea-fdbd29047b8d" testName="SecondOrderPolynomialTest2" computerName="JORIS-PC" duration="00:00:00.1196372" startTime="2012-07-15T12:57:43.5813783+12:00" endTime="2012-07-15T12:57:43.7113858+12:00" testType="13cdc9d9-ddb5-4fa4-a97d-d965ccfc6d4b" outcome="Failed" testListId="8c84fa94-04c1-424b-9868-57a2d4851a1d" relativeResultsDirectory="2d65a3db-ae04-474f-abac-a76a1726e724">
      <Output>
        <ErrorInfo>
          <Message>Assert.AreEqual failed. Expected:&lt;63.46212&gt;. Actual:&lt;63.46212&gt;. </Message>
          <StackTrace>   at MathTest.PolynomialTest.SecondOrderPolynomialTest2() in C:\Users\Joris\PerformanceProgression\Prototype BackUp\PrototypeFinal\MathTest\PolynomialGraphTest.cs:line 100
</StackTrace>
        </ErrorInfo>
      </Output>
    </UnitTestResult>
    <UnitTestResult executionId="ef3c2444-7c5f-4450-85ee-060adeba9c97" testId="cf8e86af-938d-dc88-28d5-47a0888cbbf6" testName="SecondOrderPolynomialTest" computerName="JORIS-PC" duration="00:00:00.0008506" startTime="2012-07-15T12:57:43.7113858+12:00" endTime="2012-07-15T12:57:43.7173861+12:00" testType="13cdc9d9-ddb5-4fa4-a97d-d965ccfc6d4b" outcome="Passed" testListId="8c84fa94-04c1-424b-9868-57a2d4851a1d" relativeResultsDirectory="ef3c2444-7c5f-4450-85ee-060adeba9c97">
    </UnitTestResult>
    <UnitTestResult executionId="9a3bd8c5-10d9-441a-912d-ad422eccc286" testId="e7d30bbf-6029-b18e-67cc-bd80a406e438" testName="getNameTest" computerName="JORIS-PC" duration="00:00:00.0004580" startTime="2012-07-15T12:57:43.7183862+12:00" endTime="2012-07-15T12:57:43.7263866+12:00" testType="13cdc9d9-ddb5-4fa4-a97d-d965ccfc6d4b" outcome="Passed" testListId="8c84fa94-04c1-424b-9868-57a2d4851a1d" relativeResultsDirectory="9a3bd8c5-10d9-441a-912d-ad422eccc286">
    </UnitTestResult>
    <UnitTestResult executionId="afca4afa-a86e-47da-9307-53ca01e6b796" testId="ed08e473-2dba-4d18-da59-9cb539de914d" testName="Matrix3x3InverseTest" computerName="JORIS-PC" duration="00:00:00.0012248" startTime="2012-07-15T12:57:43.7273867+12:00" endTime="2012-07-15T12:57:43.7353871+12:00" testType="13cdc9d9-ddb5-4fa4-a97d-d965ccfc6d4b" outcome="Passed" testListId="8c84fa94-04c1-424b-9868-57a2d4851a1d" relativeResultsDirectory="afca4afa-a86e-47da-9307-53ca01e6b796">
    </UnitTestResult>
    <UnitTestResult executionId="ec4ad9c3-ea78-4241-b852-186000e63e5a" testId="f1d57bd7-6599-7b59-7979-79556522066e" testName="getY_Value_AsFloatTest" computerName="JORIS-PC" duration="00:00:00.0003237" startTime="2012-07-15T12:57:43.7363872+12:00" endTime="2012-07-15T12:57:43.7423875+12:00" testType="13cdc9d9-ddb5-4fa4-a97d-d965ccfc6d4b" outcome="Passed" testListId="8c84fa94-04c1-424b-9868-57a2d4851a1d" relativeResultsDirectory="ec4ad9c3-ea78-4241-b852-186000e63e5a">
    </UnitTestResult>
    <UnitTestResult executionId="08a565a9-d878-4d06-adbd-dae0ab3cce48" testId="fbb0dd6e-b7dd-8f92-d511-30c119a8406c" testName="getDataTest" computerName="JORIS-PC" duration="00:00:00.0009869" startTime="2012-07-15T12:57:43.7433876+12:00" endTime="2012-07-15T12:57:43.7493879+12:00" testType="13cdc9d9-ddb5-4fa4-a97d-d965ccfc6d4b" outcome="Passed" testListId="8c84fa94-04c1-424b-9868-57a2d4851a1d" relativeResultsDirectory="08a565a9-d878-4d06-adbd-dae0ab3cce48">
    </UnitTestResult>
    <UnitTestResult executionId="1865dc84-b55f-4a38-9db3-105fb5e86f7c" testId="fdc600d9-be0d-02d4-169a-cc986a42ef6d" testName="getStatusTest" computerName="JORIS-PC" duration="00:00:00.0002224" startTime="2012-07-15T12:57:43.7503880+12:00" endTime="2012-07-15T12:57:43.7543882+12:00" testType="13cdc9d9-ddb5-4fa4-a97d-d965ccfc6d4b" outcome="Passed" testListId="8c84fa94-04c1-424b-9868-57a2d4851a1d" relativeResultsDirectory="1865dc84-b55f-4a38-9db3-105fb5e86f7c">
    </UnitTestResult>
  </Results>
</TestRun>