<?xml version="1.0" encoding="UTF-8"?>
<TestRun id="2de2a2fd-4311-4716-a206-da7364087fce" name="MikelWhitehead@WHEATLY 2012-08-01 13:42:15" runUser="WHEATLY\MikelWhitehead" xmlns="http://microsoft.com/schemas/VisualStudio/TeamTest/2010">
  <TestSettings name="Local" id="44be0d1b-54c1-46ad-ac31-64749087b4b2">
    <Description>These are default test settings for a local test run.</Description>
    <Deployment enabled="false" runDeploymentRoot="MikelWhitehead_WHEATLY 2012-08-01 13_42_15">
      <DeploymentItem filename="C:\Users\MikelWhitehead\PerformanceProgression\Prototype BackUp\PrototypeFinal\Prototype\bin\Release\Prototype.exe" />
      <DeploymentItem filename="C:\Users\MikelWhitehead\PerformanceProgression\GraphCalculator\ZedGraphSampleCS_v5.0.9\ZedGraph.dll" />
    </Deployment>
    <Execution>
      <TestTypeSpecific />
      <AgentRule name="Execution Agents">
      </AgentRule>
    </Execution>
  </TestSettings>
  <Times creation="2012-08-01T13:42:15.3512425+12:00" queuing="2012-08-01T13:42:15.3742439+12:00" start="2012-08-01T13:42:15.4042456+12:00" finish="2012-08-01T13:42:16.1572886+12:00" />
  <ResultSummary outcome="Failed">
    <Counters total="17" executed="17" passed="14" error="0" failed="3" timeout="0" aborted="0" inconclusive="0" passedButRunAborted="0" notRunnable="0" notExecuted="0" disconnected="0" warning="0" completed="0" inProgress="0" pending="0" />
  </ResultSummary>
  <TestDefinitions>
    <UnitTest name="SecondOrderPolynomialTest1" storage="c:\users\mikelwhitehead\performanceprogression\prototype backup\prototypefinal\mathtest\bin\release\mathtest.dll" id="2afe3280-42e9-907d-64b9-b80b80ac804d">
      <Execution id="bf1b5953-49ec-45ef-9d57-0b248ce67a7f" />
      <TestMethod codeBase="C:/Users/MikelWhitehead/PerformanceProgression/Prototype BackUp/PrototypeFinal/MathTest/bin/Release/MathTest.DLL" adapterTypeName="Microsoft.VisualStudio.TestTools.TestTypes.Unit.UnitTestAdapter, Microsoft.VisualStudio.QualityTools.Tips.UnitTest.Adapter, Version=10.0.0.0, Culture=neutral, PublicKeyToken=b03f5f7f11d50a3a" className="MathTest.PolynomialTest, MathTest, Version=1.0.0.0, Culture=neutral, PublicKeyToken=null" name="SecondOrderPolynomialTest1" />
    </UnitTest>
    <UnitTest name="getStatusTest" storage="c:\users\mikelwhitehead\performanceprogression\prototype backup\prototypefinal\mathtest\bin\release\mathtest.dll" id="fdc600d9-be0d-02d4-169a-cc986a42ef6d">
      <Execution id="e346d2d3-0533-42d3-adb4-16f138ee4c32" />
      <TestMethod codeBase="C:/Users/MikelWhitehead/PerformanceProgression/Prototype BackUp/PrototypeFinal/MathTest/bin/Release/MathTest.DLL" adapterTypeName="Microsoft.VisualStudio.TestTools.TestTypes.Unit.UnitTestAdapter, Microsoft.VisualStudio.QualityTools.Tips.UnitTest.Adapter, Version=10.0.0.0, Culture=neutral, PublicKeyToken=b03f5f7f11d50a3a" className="MathTest.AthletesTest, MathTest, Version=1.0.0.0, Culture=neutral, PublicKeyToken=null" name="getStatusTest" />
    </UnitTest>
    <UnitTest name="SecondOrderPolynomialTest3" storage="c:\users\mikelwhitehead\performanceprogression\prototype backup\prototypefinal\mathtest\bin\release\mathtest.dll" id="c7c20f1e-4e8e-1b1e-7113-05222dfd0ed4">
      <Execution id="4e53a202-0b0a-4719-aec1-935cff6204c8" />
      <TestMethod codeBase="C:/Users/MikelWhitehead/PerformanceProgression/Prototype BackUp/PrototypeFinal/MathTest/bin/Release/MathTest.DLL" adapterTypeName="Microsoft.VisualStudio.TestTools.TestTypes.Unit.UnitTestAdapter, Microsoft.VisualStudio.QualityTools.Tips.UnitTest.Adapter, Version=10.0.0.0, Culture=neutral, PublicKeyToken=b03f5f7f11d50a3a" className="MathTest.PolynomialTest, MathTest, Version=1.0.0.0, Culture=neutral, PublicKeyToken=null" name="SecondOrderPolynomialTest3" />
    </UnitTest>
    <UnitTest name="getY_Value_AsDateTest" storage="c:\users\mikelwhitehead\performanceprogression\prototype backup\prototypefinal\mathtest\bin\release\mathtest.dll" id="9d155d54-a4e2-aec3-1df6-42140bffb82b">
      <Execution id="2696885b-1c8b-4c45-8e65-073f798cf699" />
      <TestMethod codeBase="C:/Users/MikelWhitehead/PerformanceProgression/Prototype BackUp/PrototypeFinal/MathTest/bin/Release/MathTest.DLL" adapterTypeName="Microsoft.VisualStudio.TestTools.TestTypes.Unit.UnitTestAdapter, Microsoft.VisualStudio.QualityTools.Tips.UnitTest.Adapter, Version=10.0.0.0, Culture=neutral, PublicKeyToken=b03f5f7f11d50a3a" className="MathTest.fPointTest, MathTest, Version=1.0.0.0, Culture=neutral, PublicKeyToken=null" name="getY_Value_AsDateTest" />
    </UnitTest>
    <UnitTest name="setX_AgeTest" storage="c:\users\mikelwhitehead\performanceprogression\prototype backup\prototypefinal\mathtest\bin\release\mathtest.dll" id="24a6e050-39fd-54bd-89ff-ec853af13623">
      <Execution id="ac89ac5f-793c-489a-b528-ceed29f35305" />
      <TestMethod codeBase="C:/Users/MikelWhitehead/PerformanceProgression/Prototype BackUp/PrototypeFinal/MathTest/bin/Release/MathTest.DLL" adapterTypeName="Microsoft.VisualStudio.TestTools.TestTypes.Unit.UnitTestAdapter, Microsoft.VisualStudio.QualityTools.Tips.UnitTest.Adapter, Version=10.0.0.0, Culture=neutral, PublicKeyToken=b03f5f7f11d50a3a" className="MathTest.fPointTest, MathTest, Version=1.0.0.0, Culture=neutral, PublicKeyToken=null" name="setX_AgeTest" />
    </UnitTest>
    <UnitTest name="SecondOrderPolynomialTest2" storage="c:\users\mikelwhitehead\performanceprogression\prototype backup\prototypefinal\mathtest\bin\release\mathtest.dll" id="c7bfa67d-e9e8-b09b-48ea-fdbd29047b8d">
      <Execution id="42952ea1-52f5-4ccd-961c-210316813ece" />
      <TestMethod codeBase="C:/Users/MikelWhitehead/PerformanceProgression/Prototype BackUp/PrototypeFinal/MathTest/bin/Release/MathTest.DLL" adapterTypeName="Microsoft.VisualStudio.TestTools.TestTypes.Unit.UnitTestAdapter, Microsoft.VisualStudio.QualityTools.Tips.UnitTest.Adapter, Version=10.0.0.0, Culture=neutral, PublicKeyToken=b03f5f7f11d50a3a" className="MathTest.PolynomialTest, MathTest, Version=1.0.0.0, Culture=neutral, PublicKeyToken=null" name="SecondOrderPolynomialTest2" />
    </UnitTest>
    <UnitTest name="getDataTest" storage="c:\users\mikelwhitehead\performanceprogression\prototype backup\prototypefinal\mathtest\bin\release\mathtest.dll" id="fbb0dd6e-b7dd-8f92-d511-30c119a8406c">
      <Execution id="278dc6e6-7a55-4395-818a-2953aa4f8985" />
      <TestMethod codeBase="C:/Users/MikelWhitehead/PerformanceProgression/Prototype BackUp/PrototypeFinal/MathTest/bin/Release/MathTest.DLL" adapterTypeName="Microsoft.VisualStudio.TestTools.TestTypes.Unit.UnitTestAdapter, Microsoft.VisualStudio.QualityTools.Tips.UnitTest.Adapter, Version=10.0.0.0, Culture=neutral, PublicKeyToken=b03f5f7f11d50a3a" className="MathTest.AthletesTest, MathTest, Version=1.0.0.0, Culture=neutral, PublicKeyToken=null" name="getDataTest" />
    </UnitTest>
    <UnitTest name="getY_Value_AsdoubleTest" storage="c:\users\mikelwhitehead\performanceprogression\prototype backup\prototypefinal\mathtest\bin\release\mathtest.dll" id="f3ec8005-cb58-d098-004f-c9fcb2d1f649">
      <Execution id="b0ebb507-ff5e-4620-9724-090119466119" />
      <TestMethod codeBase="C:/Users/MikelWhitehead/PerformanceProgression/Prototype BackUp/PrototypeFinal/MathTest/bin/Release/MathTest.DLL" adapterTypeName="Microsoft.VisualStudio.TestTools.TestTypes.Unit.UnitTestAdapter, Microsoft.VisualStudio.QualityTools.Tips.UnitTest.Adapter, Version=10.0.0.0, Culture=neutral, PublicKeyToken=b03f5f7f11d50a3a" className="MathTest.fPointTest, MathTest, Version=1.0.0.0, Culture=neutral, PublicKeyToken=null" name="getY_Value_AsdoubleTest" />
    </UnitTest>
    <UnitTest name="Matrix3x3InverseTest" storage="c:\users\mikelwhitehead\performanceprogression\prototype backup\prototypefinal\mathtest\bin\release\mathtest.dll" id="ed08e473-2dba-4d18-da59-9cb539de914d">
      <DeploymentItems>
        <DeploymentItem filename="Attempt1MathCalculation.exe" />
      </DeploymentItems>
      <Execution id="bb1f1a57-8856-443b-8607-41c70cbb361a" />
      <TestMethod codeBase="C:/Users/MikelWhitehead/PerformanceProgression/Prototype BackUp/PrototypeFinal/MathTest/bin/Release/MathTest.DLL" adapterTypeName="Microsoft.VisualStudio.TestTools.TestTypes.Unit.UnitTestAdapter, Microsoft.VisualStudio.QualityTools.Tips.UnitTest.Adapter, Version=10.0.0.0, Culture=neutral, PublicKeyToken=b03f5f7f11d50a3a" className="MathTest.PolynomialTest, MathTest, Version=1.0.0.0, Culture=neutral, PublicKeyToken=null" name="Matrix3x3InverseTest" />
    </UnitTest>
    <UnitTest name="getNameTest" storage="c:\users\mikelwhitehead\performanceprogression\prototype backup\prototypefinal\mathtest\bin\release\mathtest.dll" id="e7d30bbf-6029-b18e-67cc-bd80a406e438">
      <Execution id="452919f6-5df3-47ca-b4cd-d8724af62c19" />
      <TestMethod codeBase="C:/Users/MikelWhitehead/PerformanceProgression/Prototype BackUp/PrototypeFinal/MathTest/bin/Release/MathTest.DLL" adapterTypeName="Microsoft.VisualStudio.TestTools.TestTypes.Unit.UnitTestAdapter, Microsoft.VisualStudio.QualityTools.Tips.UnitTest.Adapter, Version=10.0.0.0, Culture=neutral, PublicKeyToken=b03f5f7f11d50a3a" className="MathTest.AthletesTest, MathTest, Version=1.0.0.0, Culture=neutral, PublicKeyToken=null" name="getNameTest" />
    </UnitTest>
    <UnitTest name="fPointConstructorTest1" storage="c:\users\mikelwhitehead\performanceprogression\prototype backup\prototypefinal\mathtest\bin\release\mathtest.dll" id="36a0b714-e539-bf30-c8d0-2737f2a7c9a6">
      <Execution id="dc3d4588-445d-4232-8656-f38ddbd088ba" />
      <TestMethod codeBase="C:/Users/MikelWhitehead/PerformanceProgression/Prototype BackUp/PrototypeFinal/MathTest/bin/Release/MathTest.DLL" adapterTypeName="Microsoft.VisualStudio.TestTools.TestTypes.Unit.UnitTestAdapter, Microsoft.VisualStudio.QualityTools.Tips.UnitTest.Adapter, Version=10.0.0.0, Culture=neutral, PublicKeyToken=b03f5f7f11d50a3a" className="MathTest.fPointTest, MathTest, Version=1.0.0.0, Culture=neutral, PublicKeyToken=null" name="fPointConstructorTest1" />
    </UnitTest>
    <UnitTest name="fPointConstructorTest2" storage="c:\users\mikelwhitehead\performanceprogression\prototype backup\prototypefinal\mathtest\bin\release\mathtest.dll" id="b12df4a2-6274-58a2-18c9-6dbaf2e5e9b4">
      <Execution id="dc9cd190-d97c-437c-a2dc-e3113a59d67c" />
      <TestMethod codeBase="C:/Users/MikelWhitehead/PerformanceProgression/Prototype BackUp/PrototypeFinal/MathTest/bin/Release/MathTest.DLL" adapterTypeName="Microsoft.VisualStudio.TestTools.TestTypes.Unit.UnitTestAdapter, Microsoft.VisualStudio.QualityTools.Tips.UnitTest.Adapter, Version=10.0.0.0, Culture=neutral, PublicKeyToken=b03f5f7f11d50a3a" className="MathTest.fPointTest, MathTest, Version=1.0.0.0, Culture=neutral, PublicKeyToken=null" name="fPointConstructorTest2" />
    </UnitTest>
    <UnitTest name="Matrix1x3Test" storage="c:\users\mikelwhitehead\performanceprogression\prototype backup\prototypefinal\mathtest\bin\release\mathtest.dll" id="c0023543-70d8-e8c3-52fb-9f1d5be4c5fc">
      <Execution id="ce0bb40f-8a14-4f92-b6fb-b845abde9b20" />
      <TestMethod codeBase="C:/Users/MikelWhitehead/PerformanceProgression/Prototype BackUp/PrototypeFinal/MathTest/bin/Release/MathTest.DLL" adapterTypeName="Microsoft.VisualStudio.TestTools.TestTypes.Unit.UnitTestAdapter, Microsoft.VisualStudio.QualityTools.Tips.UnitTest.Adapter, Version=10.0.0.0, Culture=neutral, PublicKeyToken=b03f5f7f11d50a3a" className="MathTest.PolynomialTest, MathTest, Version=1.0.0.0, Culture=neutral, PublicKeyToken=null" name="Matrix1x3Test" />
    </UnitTest>
    <UnitTest name="setY_ValueTest" storage="c:\users\mikelwhitehead\performanceprogression\prototype backup\prototypefinal\mathtest\bin\release\mathtest.dll" id="abf48396-4383-6400-f408-afa70e287468">
      <Execution id="aa7d0c80-88c3-4340-bcbe-9a05e98a3808" />
      <TestMethod codeBase="C:/Users/MikelWhitehead/PerformanceProgression/Prototype BackUp/PrototypeFinal/MathTest/bin/Release/MathTest.DLL" adapterTypeName="Microsoft.VisualStudio.TestTools.TestTypes.Unit.UnitTestAdapter, Microsoft.VisualStudio.QualityTools.Tips.UnitTest.Adapter, Version=10.0.0.0, Culture=neutral, PublicKeyToken=b03f5f7f11d50a3a" className="MathTest.fPointTest, MathTest, Version=1.0.0.0, Culture=neutral, PublicKeyToken=null" name="setY_ValueTest" />
    </UnitTest>
    <UnitTest name="fPointConstructorTest" storage="c:\users\mikelwhitehead\performanceprogression\prototype backup\prototypefinal\mathtest\bin\release\mathtest.dll" id="0c305af0-c245-9aab-6bfe-c1da9b13002c">
      <Execution id="ed7cef99-17ff-4b23-bc0a-ca7305e9a853" />
      <TestMethod codeBase="C:/Users/MikelWhitehead/PerformanceProgression/Prototype BackUp/PrototypeFinal/MathTest/bin/Release/MathTest.DLL" adapterTypeName="Microsoft.VisualStudio.TestTools.TestTypes.Unit.UnitTestAdapter, Microsoft.VisualStudio.QualityTools.Tips.UnitTest.Adapter, Version=10.0.0.0, Culture=neutral, PublicKeyToken=b03f5f7f11d50a3a" className="MathTest.fPointTest, MathTest, Version=1.0.0.0, Culture=neutral, PublicKeyToken=null" name="fPointConstructorTest" />
    </UnitTest>
    <UnitTest name="getX_AgeTest" storage="c:\users\mikelwhitehead\performanceprogression\prototype backup\prototypefinal\mathtest\bin\release\mathtest.dll" id="552294db-0170-dc5a-63c5-6fec173fe182">
      <Execution id="f0cde95a-d098-4aba-9b82-ff24d3549d69" />
      <TestMethod codeBase="C:/Users/MikelWhitehead/PerformanceProgression/Prototype BackUp/PrototypeFinal/MathTest/bin/Release/MathTest.DLL" adapterTypeName="Microsoft.VisualStudio.TestTools.TestTypes.Unit.UnitTestAdapter, Microsoft.VisualStudio.QualityTools.Tips.UnitTest.Adapter, Version=10.0.0.0, Culture=neutral, PublicKeyToken=b03f5f7f11d50a3a" className="MathTest.fPointTest, MathTest, Version=1.0.0.0, Culture=neutral, PublicKeyToken=null" name="getX_AgeTest" />
    </UnitTest>
    <UnitTest name="Matrix3x3Test" storage="c:\users\mikelwhitehead\performanceprogression\prototype backup\prototypefinal\mathtest\bin\release\mathtest.dll" id="bda542f6-870e-fb28-9310-2ebbbe076c3c">
      <DeploymentItems>
        <DeploymentItem filename="Attempt1MathCalculation.exe" />
      </DeploymentItems>
      <Execution id="695260dd-6378-4925-89d8-9430009cc7fb" />
      <TestMethod codeBase="C:/Users/MikelWhitehead/PerformanceProgression/Prototype BackUp/PrototypeFinal/MathTest/bin/Release/MathTest.DLL" adapterTypeName="Microsoft.VisualStudio.TestTools.TestTypes.Unit.UnitTestAdapter, Microsoft.VisualStudio.QualityTools.Tips.UnitTest.Adapter, Version=10.0.0.0, Culture=neutral, PublicKeyToken=b03f5f7f11d50a3a" className="MathTest.PolynomialTest, MathTest, Version=1.0.0.0, Culture=neutral, PublicKeyToken=null" name="Matrix3x3Test" />
    </UnitTest>
  </TestDefinitions>
  <TestLists>
    <TestList name="Results Not in a List" id="8c84fa94-04c1-424b-9868-57a2d4851a1d" />
    <TestList name="All Loaded Results" id="19431567-8539-422a-85d7-44ee4e166bda" />
  </TestLists>
  <TestEntries>
    <TestEntry testId="0c305af0-c245-9aab-6bfe-c1da9b13002c" executionId="ed7cef99-17ff-4b23-bc0a-ca7305e9a853" testListId="8c84fa94-04c1-424b-9868-57a2d4851a1d" />
    <TestEntry testId="24a6e050-39fd-54bd-89ff-ec853af13623" executionId="ac89ac5f-793c-489a-b528-ceed29f35305" testListId="8c84fa94-04c1-424b-9868-57a2d4851a1d" />
    <TestEntry testId="2afe3280-42e9-907d-64b9-b80b80ac804d" executionId="bf1b5953-49ec-45ef-9d57-0b248ce67a7f" testListId="8c84fa94-04c1-424b-9868-57a2d4851a1d" />
    <TestEntry testId="36a0b714-e539-bf30-c8d0-2737f2a7c9a6" executionId="dc3d4588-445d-4232-8656-f38ddbd088ba" testListId="8c84fa94-04c1-424b-9868-57a2d4851a1d" />
    <TestEntry testId="552294db-0170-dc5a-63c5-6fec173fe182" executionId="f0cde95a-d098-4aba-9b82-ff24d3549d69" testListId="8c84fa94-04c1-424b-9868-57a2d4851a1d" />
    <TestEntry testId="9d155d54-a4e2-aec3-1df6-42140bffb82b" executionId="2696885b-1c8b-4c45-8e65-073f798cf699" testListId="8c84fa94-04c1-424b-9868-57a2d4851a1d" />
    <TestEntry testId="abf48396-4383-6400-f408-afa70e287468" executionId="aa7d0c80-88c3-4340-bcbe-9a05e98a3808" testListId="8c84fa94-04c1-424b-9868-57a2d4851a1d" />
    <TestEntry testId="b12df4a2-6274-58a2-18c9-6dbaf2e5e9b4" executionId="dc9cd190-d97c-437c-a2dc-e3113a59d67c" testListId="8c84fa94-04c1-424b-9868-57a2d4851a1d" />
    <TestEntry testId="bda542f6-870e-fb28-9310-2ebbbe076c3c" executionId="695260dd-6378-4925-89d8-9430009cc7fb" testListId="8c84fa94-04c1-424b-9868-57a2d4851a1d" />
    <TestEntry testId="c0023543-70d8-e8c3-52fb-9f1d5be4c5fc" executionId="ce0bb40f-8a14-4f92-b6fb-b845abde9b20" testListId="8c84fa94-04c1-424b-9868-57a2d4851a1d" />
    <TestEntry testId="c7bfa67d-e9e8-b09b-48ea-fdbd29047b8d" executionId="42952ea1-52f5-4ccd-961c-210316813ece" testListId="8c84fa94-04c1-424b-9868-57a2d4851a1d" />
    <TestEntry testId="c7c20f1e-4e8e-1b1e-7113-05222dfd0ed4" executionId="4e53a202-0b0a-4719-aec1-935cff6204c8" testListId="8c84fa94-04c1-424b-9868-57a2d4851a1d" />
    <TestEntry testId="e7d30bbf-6029-b18e-67cc-bd80a406e438" executionId="452919f6-5df3-47ca-b4cd-d8724af62c19" testListId="8c84fa94-04c1-424b-9868-57a2d4851a1d" />
    <TestEntry testId="ed08e473-2dba-4d18-da59-9cb539de914d" executionId="bb1f1a57-8856-443b-8607-41c70cbb361a" testListId="8c84fa94-04c1-424b-9868-57a2d4851a1d" />
    <TestEntry testId="f3ec8005-cb58-d098-004f-c9fcb2d1f649" executionId="b0ebb507-ff5e-4620-9724-090119466119" testListId="8c84fa94-04c1-424b-9868-57a2d4851a1d" />
    <TestEntry testId="fbb0dd6e-b7dd-8f92-d511-30c119a8406c" executionId="278dc6e6-7a55-4395-818a-2953aa4f8985" testListId="8c84fa94-04c1-424b-9868-57a2d4851a1d" />
    <TestEntry testId="fdc600d9-be0d-02d4-169a-cc986a42ef6d" executionId="e346d2d3-0533-42d3-adb4-16f138ee4c32" testListId="8c84fa94-04c1-424b-9868-57a2d4851a1d" />
  </TestEntries>
  <Results>
    <UnitTestResult executionId="ed7cef99-17ff-4b23-bc0a-ca7305e9a853" testId="0c305af0-c245-9aab-6bfe-c1da9b13002c" testName="fPointConstructorTest" computerName="WHEATLY" duration="00:00:00.0185353" startTime="2012-08-01T13:42:15.4192464+12:00" endTime="2012-08-01T13:42:15.7512654+12:00" testType="13cdc9d9-ddb5-4fa4-a97d-d965ccfc6d4b" outcome="Passed" testListId="8c84fa94-04c1-424b-9868-57a2d4851a1d" relativeResultsDirectory="ed7cef99-17ff-4b23-bc0a-ca7305e9a853">
    </UnitTestResult>
    <UnitTestResult executionId="ac89ac5f-793c-489a-b528-ceed29f35305" testId="24a6e050-39fd-54bd-89ff-ec853af13623" testName="setX_AgeTest" computerName="WHEATLY" duration="00:00:00.0003489" startTime="2012-08-01T13:42:15.7622660+12:00" endTime="2012-08-01T13:42:15.7802671+12:00" testType="13cdc9d9-ddb5-4fa4-a97d-d965ccfc6d4b" outcome="Passed" testListId="8c84fa94-04c1-424b-9868-57a2d4851a1d" relativeResultsDirectory="ac89ac5f-793c-489a-b528-ceed29f35305">
    </UnitTestResult>
    <UnitTestResult executionId="bf1b5953-49ec-45ef-9d57-0b248ce67a7f" testId="2afe3280-42e9-907d-64b9-b80b80ac804d" testName="SecondOrderPolynomialTest1" computerName="WHEATLY" duration="00:00:00.0150351" startTime="2012-08-01T13:42:15.7862674+12:00" endTime="2012-08-01T13:42:15.8192693+12:00" testType="13cdc9d9-ddb5-4fa4-a97d-d965ccfc6d4b" outcome="Passed" testListId="8c84fa94-04c1-424b-9868-57a2d4851a1d" relativeResultsDirectory="bf1b5953-49ec-45ef-9d57-0b248ce67a7f">
    </UnitTestResult>
    <UnitTestResult executionId="dc3d4588-445d-4232-8656-f38ddbd088ba" testId="36a0b714-e539-bf30-c8d0-2737f2a7c9a6" testName="fPointConstructorTest1" computerName="WHEATLY" duration="00:00:00.0008601" startTime="2012-08-01T13:42:15.8272698+12:00" endTime="2012-08-01T13:42:15.8372703+12:00" testType="13cdc9d9-ddb5-4fa4-a97d-d965ccfc6d4b" outcome="Passed" testListId="8c84fa94-04c1-424b-9868-57a2d4851a1d" relativeResultsDirectory="dc3d4588-445d-4232-8656-f38ddbd088ba">
    </UnitTestResult>
    <UnitTestResult executionId="f0cde95a-d098-4aba-9b82-ff24d3549d69" testId="552294db-0170-dc5a-63c5-6fec173fe182" testName="getX_AgeTest" computerName="WHEATLY" duration="00:00:00.0004083" startTime="2012-08-01T13:42:15.8392705+12:00" endTime="2012-08-01T13:42:15.8672721+12:00" testType="13cdc9d9-ddb5-4fa4-a97d-d965ccfc6d4b" outcome="Passed" testListId="8c84fa94-04c1-424b-9868-57a2d4851a1d" relativeResultsDirectory="f0cde95a-d098-4aba-9b82-ff24d3549d69">
    </UnitTestResult>
    <UnitTestResult executionId="2696885b-1c8b-4c45-8e65-073f798cf699" testId="9d155d54-a4e2-aec3-1df6-42140bffb82b" testName="getY_Value_AsDateTest" computerName="WHEATLY" duration="00:00:00.0003923" startTime="2012-08-01T13:42:15.8742725+12:00" endTime="2012-08-01T13:42:15.8852731+12:00" testType="13cdc9d9-ddb5-4fa4-a97d-d965ccfc6d4b" outcome="Passed" testListId="8c84fa94-04c1-424b-9868-57a2d4851a1d" relativeResultsDirectory="2696885b-1c8b-4c45-8e65-073f798cf699">
    </UnitTestResult>
    <UnitTestResult executionId="aa7d0c80-88c3-4340-bcbe-9a05e98a3808" testId="abf48396-4383-6400-f408-afa70e287468" testName="setY_ValueTest" computerName="WHEATLY" duration="00:00:00.0004897" startTime="2012-08-01T13:42:15.8912734+12:00" endTime="2012-08-01T13:42:15.8982738+12:00" testType="13cdc9d9-ddb5-4fa4-a97d-d965ccfc6d4b" outcome="Passed" testListId="8c84fa94-04c1-424b-9868-57a2d4851a1d" relativeResultsDirectory="aa7d0c80-88c3-4340-bcbe-9a05e98a3808">
    </UnitTestResult>
    <UnitTestResult executionId="dc9cd190-d97c-437c-a2dc-e3113a59d67c" testId="b12df4a2-6274-58a2-18c9-6dbaf2e5e9b4" testName="fPointConstructorTest2" computerName="WHEATLY" duration="00:00:00.0004953" startTime="2012-08-01T13:42:15.9012740+12:00" endTime="2012-08-01T13:42:15.9102745+12:00" testType="13cdc9d9-ddb5-4fa4-a97d-d965ccfc6d4b" outcome="Passed" testListId="8c84fa94-04c1-424b-9868-57a2d4851a1d" relativeResultsDirectory="dc9cd190-d97c-437c-a2dc-e3113a59d67c">
    </UnitTestResult>
    <UnitTestResult executionId="695260dd-6378-4925-89d8-9430009cc7fb" testId="bda542f6-870e-fb28-9310-2ebbbe076c3c" testName="Matrix3x3Test" computerName="WHEATLY" duration="00:00:00.0011859" startTime="2012-08-01T13:42:15.9142747+12:00" endTime="2012-08-01T13:42:15.9232753+12:00" testType="13cdc9d9-ddb5-4fa4-a97d-d965ccfc6d4b" outcome="Passed" testListId="8c84fa94-04c1-424b-9868-57a2d4851a1d" relativeResultsDirectory="695260dd-6378-4925-89d8-9430009cc7fb">
    </UnitTestResult>
    <UnitTestResult executionId="ce0bb40f-8a14-4f92-b6fb-b845abde9b20" testId="c0023543-70d8-e8c3-52fb-9f1d5be4c5fc" testName="Matrix1x3Test" computerName="WHEATLY" duration="00:00:00.0011672" startTime="2012-08-01T13:42:15.9252754+12:00" endTime="2012-08-01T13:42:15.9372761+12:00" testType="13cdc9d9-ddb5-4fa4-a97d-d965ccfc6d4b" outcome="Passed" testListId="8c84fa94-04c1-424b-9868-57a2d4851a1d" relativeResultsDirectory="ce0bb40f-8a14-4f92-b6fb-b845abde9b20">
    </UnitTestResult>
    <UnitTestResult executionId="42952ea1-52f5-4ccd-961c-210316813ece" testId="c7bfa67d-e9e8-b09b-48ea-fdbd29047b8d" testName="SecondOrderPolynomialTest2" computerName="WHEATLY" duration="00:00:00.0283379" startTime="2012-08-01T13:42:15.9402762+12:00" endTime="2012-08-01T13:42:15.9802785+12:00" testType="13cdc9d9-ddb5-4fa4-a97d-d965ccfc6d4b" outcome="Failed" testListId="8c84fa94-04c1-424b-9868-57a2d4851a1d" relativeResultsDirectory="42952ea1-52f5-4ccd-961c-210316813ece">
      <Output>
        <ErrorInfo>
          <Message>Assert.AreEqual failed. Expected:&lt;-19.9999980926514&gt;. Actual:&lt;-19.9999977387488&gt;. </Message>
          <StackTrace>   at MathTest.PolynomialTest.SecondOrderPolynomialTest2() in C:\Users\MikelWhitehead\PerformanceProgression\Prototype BackUp\PrototypeFinal\MathTest\PolynomialGraphTest.cs:line 99
</StackTrace>
        </ErrorInfo>
      </Output>
    </UnitTestResult>
    <UnitTestResult executionId="4e53a202-0b0a-4719-aec1-935cff6204c8" testId="c7c20f1e-4e8e-1b1e-7113-05222dfd0ed4" testName="SecondOrderPolynomialTest3" computerName="WHEATLY" duration="00:00:00.0076315" startTime="2012-08-01T13:42:15.9812786+12:00" endTime="2012-08-01T13:42:16.0112803+12:00" testType="13cdc9d9-ddb5-4fa4-a97d-d965ccfc6d4b" outcome="Failed" testListId="8c84fa94-04c1-424b-9868-57a2d4851a1d" relativeResultsDirectory="4e53a202-0b0a-4719-aec1-935cff6204c8">
      <Output>
        <ErrorInfo>
          <Message>Assert.AreEqual failed. Expected:&lt;63.4621200561523&gt;. Actual:&lt;63.462121212121&gt;. </Message>
          <StackTrace>   at MathTest.PolynomialTest.SecondOrderPolynomialTest3() in C:\Users\MikelWhitehead\PerformanceProgression\Prototype BackUp\PrototypeFinal\MathTest\PolynomialGraphTest.cs:line 119
</StackTrace>
        </ErrorInfo>
      </Output>
    </UnitTestResult>
    <UnitTestResult executionId="452919f6-5df3-47ca-b4cd-d8724af62c19" testId="e7d30bbf-6029-b18e-67cc-bd80a406e438" testName="getNameTest" computerName="WHEATLY" duration="00:00:00.0004292" startTime="2012-08-01T13:42:16.0162806+12:00" endTime="2012-08-01T13:42:16.0552828+12:00" testType="13cdc9d9-ddb5-4fa4-a97d-d965ccfc6d4b" outcome="Passed" testListId="8c84fa94-04c1-424b-9868-57a2d4851a1d" relativeResultsDirectory="452919f6-5df3-47ca-b4cd-d8724af62c19">
    </UnitTestResult>
    <UnitTestResult executionId="bb1f1a57-8856-443b-8607-41c70cbb361a" testId="ed08e473-2dba-4d18-da59-9cb539de914d" testName="Matrix3x3InverseTest" computerName="WHEATLY" duration="00:00:00.0048281" startTime="2012-08-01T13:42:16.0602831+12:00" endTime="2012-08-01T13:42:16.0822844+12:00" testType="13cdc9d9-ddb5-4fa4-a97d-d965ccfc6d4b" outcome="Failed" testListId="8c84fa94-04c1-424b-9868-57a2d4851a1d" relativeResultsDirectory="bb1f1a57-8856-443b-8607-41c70cbb361a">
      <Output>
        <ErrorInfo>
          <Message>Assert.AreEqual failed. Expected:&lt;6.45000028610229&gt;. Actual:&lt;6.45&gt;. </Message>
          <StackTrace>   at MathTest.PolynomialTest.Matrix3x3InverseTest() in C:\Users\MikelWhitehead\PerformanceProgression\Prototype BackUp\PrototypeFinal\MathTest\PolynomialGraphTest.cs:line 194
</StackTrace>
        </ErrorInfo>
      </Output>
    </UnitTestResult>
    <UnitTestResult executionId="b0ebb507-ff5e-4620-9724-090119466119" testId="f3ec8005-cb58-d098-004f-c9fcb2d1f649" testName="getY_Value_AsdoubleTest" computerName="WHEATLY" duration="00:00:00.0014171" startTime="2012-08-01T13:42:16.0842845+12:00" endTime="2012-08-01T13:42:16.1042856+12:00" testType="13cdc9d9-ddb5-4fa4-a97d-d965ccfc6d4b" outcome="Passed" testListId="8c84fa94-04c1-424b-9868-57a2d4851a1d" relativeResultsDirectory="b0ebb507-ff5e-4620-9724-090119466119">
    </UnitTestResult>
    <UnitTestResult executionId="278dc6e6-7a55-4395-818a-2953aa4f8985" testId="fbb0dd6e-b7dd-8f92-d511-30c119a8406c" testName="getDataTest" computerName="WHEATLY" duration="00:00:00.0021639" startTime="2012-08-01T13:42:16.1082858+12:00" endTime="2012-08-01T13:42:16.1222866+12:00" testType="13cdc9d9-ddb5-4fa4-a97d-d965ccfc6d4b" outcome="Passed" testListId="8c84fa94-04c1-424b-9868-57a2d4851a1d" relativeResultsDirectory="278dc6e6-7a55-4395-818a-2953aa4f8985">
    </UnitTestResult>
    <UnitTestResult executionId="e346d2d3-0533-42d3-adb4-16f138ee4c32" testId="fdc600d9-be0d-02d4-169a-cc986a42ef6d" testName="getStatusTest" computerName="WHEATLY" duration="00:00:00.0003208" startTime="2012-08-01T13:42:16.1252868+12:00" endTime="2012-08-01T13:42:16.1342873+12:00" testType="13cdc9d9-ddb5-4fa4-a97d-d965ccfc6d4b" outcome="Passed" testListId="8c84fa94-04c1-424b-9868-57a2d4851a1d" relativeResultsDirectory="e346d2d3-0533-42d3-adb4-16f138ee4c32">
    </UnitTestResult>
  </Results>
</TestRun>