<?xml version="1.0" encoding="UTF-8"?>
<TestRun id="617b7dfe-b3c2-4bea-9ba2-359ebd196035" name="MikelWhitehead@WHEATLY 2012-08-01 13:47:51" runUser="WHEATLY\MikelWhitehead" xmlns="http://microsoft.com/schemas/VisualStudio/TeamTest/2010">
  <TestSettings name="Local" id="44be0d1b-54c1-46ad-ac31-64749087b4b2">
    <Description>These are default test settings for a local test run.</Description>
    <Deployment enabled="false" runDeploymentRoot="MikelWhitehead_WHEATLY 2012-08-01 13_47_51">
      <DeploymentItem filename="C:\Users\MikelWhitehead\PerformanceProgression\Prototype BackUp\PrototypeFinal\Prototype\bin\Release\Prototype.exe" />
      <DeploymentItem filename="C:\Users\MikelWhitehead\PerformanceProgression\GraphCalculator\ZedGraphSampleCS_v5.0.9\ZedGraph.dll" />
    </Deployment>
    <Execution>
      <TestTypeSpecific />
      <AgentRule name="Execution Agents">
      </AgentRule>
    </Execution>
  </TestSettings>
  <Times creation="2012-08-01T13:47:51.9514950+12:00" queuing="2012-08-01T13:47:52.3105155+12:00" start="2012-08-01T13:47:52.3855198+12:00" finish="2012-08-01T13:47:53.1325625+12:00" />
  <ResultSummary outcome="Completed">
    <Counters total="17" executed="17" passed="17" error="0" failed="0" timeout="0" aborted="0" inconclusive="0" passedButRunAborted="0" notRunnable="0" notExecuted="0" disconnected="0" warning="0" completed="0" inProgress="0" pending="0" />
  </ResultSummary>
  <TestDefinitions>
    <UnitTest name="SecondOrderPolynomialTest1" storage="c:\users\mikelwhitehead\performanceprogression\prototype backup\prototypefinal\mathtest\bin\release\mathtest.dll" id="2afe3280-42e9-907d-64b9-b80b80ac804d">
      <Execution id="d581162f-629c-4493-8529-1ef9e58fd951" />
      <TestMethod codeBase="C:/Users/MikelWhitehead/PerformanceProgression/Prototype BackUp/PrototypeFinal/MathTest/bin/Release/MathTest.DLL" adapterTypeName="Microsoft.VisualStudio.TestTools.TestTypes.Unit.UnitTestAdapter, Microsoft.VisualStudio.QualityTools.Tips.UnitTest.Adapter, Version=10.0.0.0, Culture=neutral, PublicKeyToken=b03f5f7f11d50a3a" className="MathTest.PolynomialTest, MathTest, Version=1.0.0.0, Culture=neutral, PublicKeyToken=null" name="SecondOrderPolynomialTest1" />
    </UnitTest>
    <UnitTest name="getStatusTest" storage="c:\users\mikelwhitehead\performanceprogression\prototype backup\prototypefinal\mathtest\bin\release\mathtest.dll" id="fdc600d9-be0d-02d4-169a-cc986a42ef6d">
      <Execution id="28420bc1-dcb2-4d1b-9b64-7c25ffce6712" />
      <TestMethod codeBase="C:/Users/MikelWhitehead/PerformanceProgression/Prototype BackUp/PrototypeFinal/MathTest/bin/Release/MathTest.DLL" adapterTypeName="Microsoft.VisualStudio.TestTools.TestTypes.Unit.UnitTestAdapter, Microsoft.VisualStudio.QualityTools.Tips.UnitTest.Adapter, Version=10.0.0.0, Culture=neutral, PublicKeyToken=b03f5f7f11d50a3a" className="MathTest.AthletesTest, MathTest, Version=1.0.0.0, Culture=neutral, PublicKeyToken=null" name="getStatusTest" />
    </UnitTest>
    <UnitTest name="SecondOrderPolynomialTest3" storage="c:\users\mikelwhitehead\performanceprogression\prototype backup\prototypefinal\mathtest\bin\release\mathtest.dll" id="c7c20f1e-4e8e-1b1e-7113-05222dfd0ed4">
      <Execution id="c6e04fab-7386-44fa-af81-2c65095c254b" />
      <TestMethod codeBase="C:/Users/MikelWhitehead/PerformanceProgression/Prototype BackUp/PrototypeFinal/MathTest/bin/Release/MathTest.DLL" adapterTypeName="Microsoft.VisualStudio.TestTools.TestTypes.Unit.UnitTestAdapter, Microsoft.VisualStudio.QualityTools.Tips.UnitTest.Adapter, Version=10.0.0.0, Culture=neutral, PublicKeyToken=b03f5f7f11d50a3a" className="MathTest.PolynomialTest, MathTest, Version=1.0.0.0, Culture=neutral, PublicKeyToken=null" name="SecondOrderPolynomialTest3" />
    </UnitTest>
    <UnitTest name="getY_Value_AsDateTest" storage="c:\users\mikelwhitehead\performanceprogression\prototype backup\prototypefinal\mathtest\bin\release\mathtest.dll" id="9d155d54-a4e2-aec3-1df6-42140bffb82b">
      <Execution id="d0f30ed9-65d9-4c64-b79e-c16f86011e53" />
      <TestMethod codeBase="C:/Users/MikelWhitehead/PerformanceProgression/Prototype BackUp/PrototypeFinal/MathTest/bin/Release/MathTest.DLL" adapterTypeName="Microsoft.VisualStudio.TestTools.TestTypes.Unit.UnitTestAdapter, Microsoft.VisualStudio.QualityTools.Tips.UnitTest.Adapter, Version=10.0.0.0, Culture=neutral, PublicKeyToken=b03f5f7f11d50a3a" className="MathTest.fPointTest, MathTest, Version=1.0.0.0, Culture=neutral, PublicKeyToken=null" name="getY_Value_AsDateTest" />
    </UnitTest>
    <UnitTest name="setX_AgeTest" storage="c:\users\mikelwhitehead\performanceprogression\prototype backup\prototypefinal\mathtest\bin\release\mathtest.dll" id="24a6e050-39fd-54bd-89ff-ec853af13623">
      <Execution id="2a900c15-789a-4497-ad33-d2a90ac0085a" />
      <TestMethod codeBase="C:/Users/MikelWhitehead/PerformanceProgression/Prototype BackUp/PrototypeFinal/MathTest/bin/Release/MathTest.DLL" adapterTypeName="Microsoft.VisualStudio.TestTools.TestTypes.Unit.UnitTestAdapter, Microsoft.VisualStudio.QualityTools.Tips.UnitTest.Adapter, Version=10.0.0.0, Culture=neutral, PublicKeyToken=b03f5f7f11d50a3a" className="MathTest.fPointTest, MathTest, Version=1.0.0.0, Culture=neutral, PublicKeyToken=null" name="setX_AgeTest" />
    </UnitTest>
    <UnitTest name="SecondOrderPolynomialTest2" storage="c:\users\mikelwhitehead\performanceprogression\prototype backup\prototypefinal\mathtest\bin\release\mathtest.dll" id="c7bfa67d-e9e8-b09b-48ea-fdbd29047b8d">
      <Execution id="c119bc4c-38fd-4daa-9f7a-a1d41921f95a" />
      <TestMethod codeBase="C:/Users/MikelWhitehead/PerformanceProgression/Prototype BackUp/PrototypeFinal/MathTest/bin/Release/MathTest.DLL" adapterTypeName="Microsoft.VisualStudio.TestTools.TestTypes.Unit.UnitTestAdapter, Microsoft.VisualStudio.QualityTools.Tips.UnitTest.Adapter, Version=10.0.0.0, Culture=neutral, PublicKeyToken=b03f5f7f11d50a3a" className="MathTest.PolynomialTest, MathTest, Version=1.0.0.0, Culture=neutral, PublicKeyToken=null" name="SecondOrderPolynomialTest2" />
    </UnitTest>
    <UnitTest name="getDataTest" storage="c:\users\mikelwhitehead\performanceprogression\prototype backup\prototypefinal\mathtest\bin\release\mathtest.dll" id="fbb0dd6e-b7dd-8f92-d511-30c119a8406c">
      <Execution id="29ad747b-94b7-46a8-9ca1-4ef877f2b8c8" />
      <TestMethod codeBase="C:/Users/MikelWhitehead/PerformanceProgression/Prototype BackUp/PrototypeFinal/MathTest/bin/Release/MathTest.DLL" adapterTypeName="Microsoft.VisualStudio.TestTools.TestTypes.Unit.UnitTestAdapter, Microsoft.VisualStudio.QualityTools.Tips.UnitTest.Adapter, Version=10.0.0.0, Culture=neutral, PublicKeyToken=b03f5f7f11d50a3a" className="MathTest.AthletesTest, MathTest, Version=1.0.0.0, Culture=neutral, PublicKeyToken=null" name="getDataTest" />
    </UnitTest>
    <UnitTest name="getY_Value_AsdoubleTest" storage="c:\users\mikelwhitehead\performanceprogression\prototype backup\prototypefinal\mathtest\bin\release\mathtest.dll" id="f3ec8005-cb58-d098-004f-c9fcb2d1f649">
      <Execution id="3cacfc76-9f26-4ed0-8f9f-ceec1608e8a2" />
      <TestMethod codeBase="C:/Users/MikelWhitehead/PerformanceProgression/Prototype BackUp/PrototypeFinal/MathTest/bin/Release/MathTest.DLL" adapterTypeName="Microsoft.VisualStudio.TestTools.TestTypes.Unit.UnitTestAdapter, Microsoft.VisualStudio.QualityTools.Tips.UnitTest.Adapter, Version=10.0.0.0, Culture=neutral, PublicKeyToken=b03f5f7f11d50a3a" className="MathTest.fPointTest, MathTest, Version=1.0.0.0, Culture=neutral, PublicKeyToken=null" name="getY_Value_AsdoubleTest" />
    </UnitTest>
    <UnitTest name="Matrix3x3InverseTest" storage="c:\users\mikelwhitehead\performanceprogression\prototype backup\prototypefinal\mathtest\bin\release\mathtest.dll" id="ed08e473-2dba-4d18-da59-9cb539de914d">
      <DeploymentItems>
        <DeploymentItem filename="Attempt1MathCalculation.exe" />
      </DeploymentItems>
      <Execution id="c8e470bd-3b2e-4e66-a7d9-017f141bca6a" />
      <TestMethod codeBase="C:/Users/MikelWhitehead/PerformanceProgression/Prototype BackUp/PrototypeFinal/MathTest/bin/Release/MathTest.DLL" adapterTypeName="Microsoft.VisualStudio.TestTools.TestTypes.Unit.UnitTestAdapter, Microsoft.VisualStudio.QualityTools.Tips.UnitTest.Adapter, Version=10.0.0.0, Culture=neutral, PublicKeyToken=b03f5f7f11d50a3a" className="MathTest.PolynomialTest, MathTest, Version=1.0.0.0, Culture=neutral, PublicKeyToken=null" name="Matrix3x3InverseTest" />
    </UnitTest>
    <UnitTest name="getNameTest" storage="c:\users\mikelwhitehead\performanceprogression\prototype backup\prototypefinal\mathtest\bin\release\mathtest.dll" id="e7d30bbf-6029-b18e-67cc-bd80a406e438">
      <Execution id="9606dd60-1bbb-49da-9348-34ffba4a7526" />
      <TestMethod codeBase="C:/Users/MikelWhitehead/PerformanceProgression/Prototype BackUp/PrototypeFinal/MathTest/bin/Release/MathTest.DLL" adapterTypeName="Microsoft.VisualStudio.TestTools.TestTypes.Unit.UnitTestAdapter, Microsoft.VisualStudio.QualityTools.Tips.UnitTest.Adapter, Version=10.0.0.0, Culture=neutral, PublicKeyToken=b03f5f7f11d50a3a" className="MathTest.AthletesTest, MathTest, Version=1.0.0.0, Culture=neutral, PublicKeyToken=null" name="getNameTest" />
    </UnitTest>
    <UnitTest name="fPointConstructorTest1" storage="c:\users\mikelwhitehead\performanceprogression\prototype backup\prototypefinal\mathtest\bin\release\mathtest.dll" id="36a0b714-e539-bf30-c8d0-2737f2a7c9a6">
      <Execution id="5bf3a1ad-6b12-47cc-8dbe-c4cb9c14eb8c" />
      <TestMethod codeBase="C:/Users/MikelWhitehead/PerformanceProgression/Prototype BackUp/PrototypeFinal/MathTest/bin/Release/MathTest.DLL" adapterTypeName="Microsoft.VisualStudio.TestTools.TestTypes.Unit.UnitTestAdapter, Microsoft.VisualStudio.QualityTools.Tips.UnitTest.Adapter, Version=10.0.0.0, Culture=neutral, PublicKeyToken=b03f5f7f11d50a3a" className="MathTest.fPointTest, MathTest, Version=1.0.0.0, Culture=neutral, PublicKeyToken=null" name="fPointConstructorTest1" />
    </UnitTest>
    <UnitTest name="fPointConstructorTest2" storage="c:\users\mikelwhitehead\performanceprogression\prototype backup\prototypefinal\mathtest\bin\release\mathtest.dll" id="b12df4a2-6274-58a2-18c9-6dbaf2e5e9b4">
      <Execution id="672aecc0-9b5a-4901-9321-5a3e40dd55b7" />
      <TestMethod codeBase="C:/Users/MikelWhitehead/PerformanceProgression/Prototype BackUp/PrototypeFinal/MathTest/bin/Release/MathTest.DLL" adapterTypeName="Microsoft.VisualStudio.TestTools.TestTypes.Unit.UnitTestAdapter, Microsoft.VisualStudio.QualityTools.Tips.UnitTest.Adapter, Version=10.0.0.0, Culture=neutral, PublicKeyToken=b03f5f7f11d50a3a" className="MathTest.fPointTest, MathTest, Version=1.0.0.0, Culture=neutral, PublicKeyToken=null" name="fPointConstructorTest2" />
    </UnitTest>
    <UnitTest name="Matrix1x3Test" storage="c:\users\mikelwhitehead\performanceprogression\prototype backup\prototypefinal\mathtest\bin\release\mathtest.dll" id="c0023543-70d8-e8c3-52fb-9f1d5be4c5fc">
      <Execution id="8fdca26d-16a2-47ea-ae48-8d1686a9b063" />
      <TestMethod codeBase="C:/Users/MikelWhitehead/PerformanceProgression/Prototype BackUp/PrototypeFinal/MathTest/bin/Release/MathTest.DLL" adapterTypeName="Microsoft.VisualStudio.TestTools.TestTypes.Unit.UnitTestAdapter, Microsoft.VisualStudio.QualityTools.Tips.UnitTest.Adapter, Version=10.0.0.0, Culture=neutral, PublicKeyToken=b03f5f7f11d50a3a" className="MathTest.PolynomialTest, MathTest, Version=1.0.0.0, Culture=neutral, PublicKeyToken=null" name="Matrix1x3Test" />
    </UnitTest>
    <UnitTest name="setY_ValueTest" storage="c:\users\mikelwhitehead\performanceprogression\prototype backup\prototypefinal\mathtest\bin\release\mathtest.dll" id="abf48396-4383-6400-f408-afa70e287468">
      <Execution id="fda3a2dc-8aa4-41bf-9dc7-736b23eede8e" />
      <TestMethod codeBase="C:/Users/MikelWhitehead/PerformanceProgression/Prototype BackUp/PrototypeFinal/MathTest/bin/Release/MathTest.DLL" adapterTypeName="Microsoft.VisualStudio.TestTools.TestTypes.Unit.UnitTestAdapter, Microsoft.VisualStudio.QualityTools.Tips.UnitTest.Adapter, Version=10.0.0.0, Culture=neutral, PublicKeyToken=b03f5f7f11d50a3a" className="MathTest.fPointTest, MathTest, Version=1.0.0.0, Culture=neutral, PublicKeyToken=null" name="setY_ValueTest" />
    </UnitTest>
    <UnitTest name="fPointConstructorTest" storage="c:\users\mikelwhitehead\performanceprogression\prototype backup\prototypefinal\mathtest\bin\release\mathtest.dll" id="0c305af0-c245-9aab-6bfe-c1da9b13002c">
      <Execution id="49387432-8773-4b63-8cac-45cd2c7935ca" />
      <TestMethod codeBase="C:/Users/MikelWhitehead/PerformanceProgression/Prototype BackUp/PrototypeFinal/MathTest/bin/Release/MathTest.DLL" adapterTypeName="Microsoft.VisualStudio.TestTools.TestTypes.Unit.UnitTestAdapter, Microsoft.VisualStudio.QualityTools.Tips.UnitTest.Adapter, Version=10.0.0.0, Culture=neutral, PublicKeyToken=b03f5f7f11d50a3a" className="MathTest.fPointTest, MathTest, Version=1.0.0.0, Culture=neutral, PublicKeyToken=null" name="fPointConstructorTest" />
    </UnitTest>
    <UnitTest name="getX_AgeTest" storage="c:\users\mikelwhitehead\performanceprogression\prototype backup\prototypefinal\mathtest\bin\release\mathtest.dll" id="552294db-0170-dc5a-63c5-6fec173fe182">
      <Execution id="54640104-9677-4986-aae0-9e6690dcb145" />
      <TestMethod codeBase="C:/Users/MikelWhitehead/PerformanceProgression/Prototype BackUp/PrototypeFinal/MathTest/bin/Release/MathTest.DLL" adapterTypeName="Microsoft.VisualStudio.TestTools.TestTypes.Unit.UnitTestAdapter, Microsoft.VisualStudio.QualityTools.Tips.UnitTest.Adapter, Version=10.0.0.0, Culture=neutral, PublicKeyToken=b03f5f7f11d50a3a" className="MathTest.fPointTest, MathTest, Version=1.0.0.0, Culture=neutral, PublicKeyToken=null" name="getX_AgeTest" />
    </UnitTest>
    <UnitTest name="Matrix3x3Test" storage="c:\users\mikelwhitehead\performanceprogression\prototype backup\prototypefinal\mathtest\bin\release\mathtest.dll" id="bda542f6-870e-fb28-9310-2ebbbe076c3c">
      <DeploymentItems>
        <DeploymentItem filename="Attempt1MathCalculation.exe" />
      </DeploymentItems>
      <Execution id="6cd09747-30f9-4b5c-81f5-7b888f702cc0" />
      <TestMethod codeBase="C:/Users/MikelWhitehead/PerformanceProgression/Prototype BackUp/PrototypeFinal/MathTest/bin/Release/MathTest.DLL" adapterTypeName="Microsoft.VisualStudio.TestTools.TestTypes.Unit.UnitTestAdapter, Microsoft.VisualStudio.QualityTools.Tips.UnitTest.Adapter, Version=10.0.0.0, Culture=neutral, PublicKeyToken=b03f5f7f11d50a3a" className="MathTest.PolynomialTest, MathTest, Version=1.0.0.0, Culture=neutral, PublicKeyToken=null" name="Matrix3x3Test" />
    </UnitTest>
  </TestDefinitions>
  <TestLists>
    <TestList name="Results Not in a List" id="8c84fa94-04c1-424b-9868-57a2d4851a1d" />
    <TestList name="All Loaded Results" id="19431567-8539-422a-85d7-44ee4e166bda" />
  </TestLists>
  <TestEntries>
    <TestEntry testId="0c305af0-c245-9aab-6bfe-c1da9b13002c" executionId="49387432-8773-4b63-8cac-45cd2c7935ca" testListId="8c84fa94-04c1-424b-9868-57a2d4851a1d" />
    <TestEntry testId="24a6e050-39fd-54bd-89ff-ec853af13623" executionId="2a900c15-789a-4497-ad33-d2a90ac0085a" testListId="8c84fa94-04c1-424b-9868-57a2d4851a1d" />
    <TestEntry testId="2afe3280-42e9-907d-64b9-b80b80ac804d" executionId="d581162f-629c-4493-8529-1ef9e58fd951" testListId="8c84fa94-04c1-424b-9868-57a2d4851a1d" />
    <TestEntry testId="36a0b714-e539-bf30-c8d0-2737f2a7c9a6" executionId="5bf3a1ad-6b12-47cc-8dbe-c4cb9c14eb8c" testListId="8c84fa94-04c1-424b-9868-57a2d4851a1d" />
    <TestEntry testId="552294db-0170-dc5a-63c5-6fec173fe182" executionId="54640104-9677-4986-aae0-9e6690dcb145" testListId="8c84fa94-04c1-424b-9868-57a2d4851a1d" />
    <TestEntry testId="9d155d54-a4e2-aec3-1df6-42140bffb82b" executionId="d0f30ed9-65d9-4c64-b79e-c16f86011e53" testListId="8c84fa94-04c1-424b-9868-57a2d4851a1d" />
    <TestEntry testId="abf48396-4383-6400-f408-afa70e287468" executionId="fda3a2dc-8aa4-41bf-9dc7-736b23eede8e" testListId="8c84fa94-04c1-424b-9868-57a2d4851a1d" />
    <TestEntry testId="b12df4a2-6274-58a2-18c9-6dbaf2e5e9b4" executionId="672aecc0-9b5a-4901-9321-5a3e40dd55b7" testListId="8c84fa94-04c1-424b-9868-57a2d4851a1d" />
    <TestEntry testId="bda542f6-870e-fb28-9310-2ebbbe076c3c" executionId="6cd09747-30f9-4b5c-81f5-7b888f702cc0" testListId="8c84fa94-04c1-424b-9868-57a2d4851a1d" />
    <TestEntry testId="c0023543-70d8-e8c3-52fb-9f1d5be4c5fc" executionId="8fdca26d-16a2-47ea-ae48-8d1686a9b063" testListId="8c84fa94-04c1-424b-9868-57a2d4851a1d" />
    <TestEntry testId="c7bfa67d-e9e8-b09b-48ea-fdbd29047b8d" executionId="c119bc4c-38fd-4daa-9f7a-a1d41921f95a" testListId="8c84fa94-04c1-424b-9868-57a2d4851a1d" />
    <TestEntry testId="c7c20f1e-4e8e-1b1e-7113-05222dfd0ed4" executionId="c6e04fab-7386-44fa-af81-2c65095c254b" testListId="8c84fa94-04c1-424b-9868-57a2d4851a1d" />
    <TestEntry testId="e7d30bbf-6029-b18e-67cc-bd80a406e438" executionId="9606dd60-1bbb-49da-9348-34ffba4a7526" testListId="8c84fa94-04c1-424b-9868-57a2d4851a1d" />
    <TestEntry testId="ed08e473-2dba-4d18-da59-9cb539de914d" executionId="c8e470bd-3b2e-4e66-a7d9-017f141bca6a" testListId="8c84fa94-04c1-424b-9868-57a2d4851a1d" />
    <TestEntry testId="f3ec8005-cb58-d098-004f-c9fcb2d1f649" executionId="3cacfc76-9f26-4ed0-8f9f-ceec1608e8a2" testListId="8c84fa94-04c1-424b-9868-57a2d4851a1d" />
    <TestEntry testId="fbb0dd6e-b7dd-8f92-d511-30c119a8406c" executionId="29ad747b-94b7-46a8-9ca1-4ef877f2b8c8" testListId="8c84fa94-04c1-424b-9868-57a2d4851a1d" />
    <TestEntry testId="fdc600d9-be0d-02d4-169a-cc986a42ef6d" executionId="28420bc1-dcb2-4d1b-9b64-7c25ffce6712" testListId="8c84fa94-04c1-424b-9868-57a2d4851a1d" />
  </TestEntries>
  <Results>
    <UnitTestResult executionId="49387432-8773-4b63-8cac-45cd2c7935ca" testId="0c305af0-c245-9aab-6bfe-c1da9b13002c" testName="fPointConstructorTest" computerName="WHEATLY" duration="00:00:00.0214196" startTime="2012-08-01T13:47:52.4205218+12:00" endTime="2012-08-01T13:47:52.8145443+12:00" testType="13cdc9d9-ddb5-4fa4-a97d-d965ccfc6d4b" outcome="Passed" testListId="8c84fa94-04c1-424b-9868-57a2d4851a1d" relativeResultsDirectory="49387432-8773-4b63-8cac-45cd2c7935ca">
    </UnitTestResult>
    <UnitTestResult executionId="2a900c15-789a-4497-ad33-d2a90ac0085a" testId="24a6e050-39fd-54bd-89ff-ec853af13623" testName="setX_AgeTest" computerName="WHEATLY" duration="00:00:00.0003313" startTime="2012-08-01T13:47:52.8195446+12:00" endTime="2012-08-01T13:47:52.8295452+12:00" testType="13cdc9d9-ddb5-4fa4-a97d-d965ccfc6d4b" outcome="Passed" testListId="8c84fa94-04c1-424b-9868-57a2d4851a1d" relativeResultsDirectory="2a900c15-789a-4497-ad33-d2a90ac0085a">
    </UnitTestResult>
    <UnitTestResult executionId="d581162f-629c-4493-8529-1ef9e58fd951" testId="2afe3280-42e9-907d-64b9-b80b80ac804d" testName="SecondOrderPolynomialTest1" computerName="WHEATLY" duration="00:00:00.0099858" startTime="2012-08-01T13:47:52.8325454+12:00" endTime="2012-08-01T13:47:52.8555467+12:00" testType="13cdc9d9-ddb5-4fa4-a97d-d965ccfc6d4b" outcome="Passed" testListId="8c84fa94-04c1-424b-9868-57a2d4851a1d" relativeResultsDirectory="d581162f-629c-4493-8529-1ef9e58fd951">
    </UnitTestResult>
    <UnitTestResult executionId="5bf3a1ad-6b12-47cc-8dbe-c4cb9c14eb8c" testId="36a0b714-e539-bf30-c8d0-2737f2a7c9a6" testName="fPointConstructorTest1" computerName="WHEATLY" duration="00:00:00.0018727" startTime="2012-08-01T13:47:52.8595469+12:00" endTime="2012-08-01T13:47:52.8675474+12:00" testType="13cdc9d9-ddb5-4fa4-a97d-d965ccfc6d4b" outcome="Passed" testListId="8c84fa94-04c1-424b-9868-57a2d4851a1d" relativeResultsDirectory="5bf3a1ad-6b12-47cc-8dbe-c4cb9c14eb8c">
    </UnitTestResult>
    <UnitTestResult executionId="54640104-9677-4986-aae0-9e6690dcb145" testId="552294db-0170-dc5a-63c5-6fec173fe182" testName="getX_AgeTest" computerName="WHEATLY" duration="00:00:00.0002999" startTime="2012-08-01T13:47:52.8695475+12:00" endTime="2012-08-01T13:47:52.8785480+12:00" testType="13cdc9d9-ddb5-4fa4-a97d-d965ccfc6d4b" outcome="Passed" testListId="8c84fa94-04c1-424b-9868-57a2d4851a1d" relativeResultsDirectory="54640104-9677-4986-aae0-9e6690dcb145">
    </UnitTestResult>
    <UnitTestResult executionId="d0f30ed9-65d9-4c64-b79e-c16f86011e53" testId="9d155d54-a4e2-aec3-1df6-42140bffb82b" testName="getY_Value_AsDateTest" computerName="WHEATLY" duration="00:00:00.0003775" startTime="2012-08-01T13:47:52.8825482+12:00" endTime="2012-08-01T13:47:52.8905487+12:00" testType="13cdc9d9-ddb5-4fa4-a97d-d965ccfc6d4b" outcome="Passed" testListId="8c84fa94-04c1-424b-9868-57a2d4851a1d" relativeResultsDirectory="d0f30ed9-65d9-4c64-b79e-c16f86011e53">
    </UnitTestResult>
    <UnitTestResult executionId="fda3a2dc-8aa4-41bf-9dc7-736b23eede8e" testId="abf48396-4383-6400-f408-afa70e287468" testName="setY_ValueTest" computerName="WHEATLY" duration="00:00:00.0003626" startTime="2012-08-01T13:47:52.8945489+12:00" endTime="2012-08-01T13:47:52.9035494+12:00" testType="13cdc9d9-ddb5-4fa4-a97d-d965ccfc6d4b" outcome="Passed" testListId="8c84fa94-04c1-424b-9868-57a2d4851a1d" relativeResultsDirectory="fda3a2dc-8aa4-41bf-9dc7-736b23eede8e">
    </UnitTestResult>
    <UnitTestResult executionId="672aecc0-9b5a-4901-9321-5a3e40dd55b7" testId="b12df4a2-6274-58a2-18c9-6dbaf2e5e9b4" testName="fPointConstructorTest2" computerName="WHEATLY" duration="00:00:00.0004683" startTime="2012-08-01T13:47:52.9095498+12:00" endTime="2012-08-01T13:47:52.9155501+12:00" testType="13cdc9d9-ddb5-4fa4-a97d-d965ccfc6d4b" outcome="Passed" testListId="8c84fa94-04c1-424b-9868-57a2d4851a1d" relativeResultsDirectory="672aecc0-9b5a-4901-9321-5a3e40dd55b7">
    </UnitTestResult>
    <UnitTestResult executionId="6cd09747-30f9-4b5c-81f5-7b888f702cc0" testId="bda542f6-870e-fb28-9310-2ebbbe076c3c" testName="Matrix3x3Test" computerName="WHEATLY" duration="00:00:00.0011188" startTime="2012-08-01T13:47:52.9225505+12:00" endTime="2012-08-01T13:47:52.9315510+12:00" testType="13cdc9d9-ddb5-4fa4-a97d-d965ccfc6d4b" outcome="Passed" testListId="8c84fa94-04c1-424b-9868-57a2d4851a1d" relativeResultsDirectory="6cd09747-30f9-4b5c-81f5-7b888f702cc0">
    </UnitTestResult>
    <UnitTestResult executionId="8fdca26d-16a2-47ea-ae48-8d1686a9b063" testId="c0023543-70d8-e8c3-52fb-9f1d5be4c5fc" testName="Matrix1x3Test" computerName="WHEATLY" duration="00:00:00.0011832" startTime="2012-08-01T13:47:52.9425517+12:00" endTime="2012-08-01T13:47:52.9525522+12:00" testType="13cdc9d9-ddb5-4fa4-a97d-d965ccfc6d4b" outcome="Passed" testListId="8c84fa94-04c1-424b-9868-57a2d4851a1d" relativeResultsDirectory="8fdca26d-16a2-47ea-ae48-8d1686a9b063">
    </UnitTestResult>
    <UnitTestResult executionId="c119bc4c-38fd-4daa-9f7a-a1d41921f95a" testId="c7bfa67d-e9e8-b09b-48ea-fdbd29047b8d" testName="SecondOrderPolynomialTest2" computerName="WHEATLY" duration="00:00:00.0027159" startTime="2012-08-01T13:47:52.9575525+12:00" endTime="2012-08-01T13:47:52.9755535+12:00" testType="13cdc9d9-ddb5-4fa4-a97d-d965ccfc6d4b" outcome="Passed" testListId="8c84fa94-04c1-424b-9868-57a2d4851a1d" relativeResultsDirectory="c119bc4c-38fd-4daa-9f7a-a1d41921f95a">
    </UnitTestResult>
    <UnitTestResult executionId="c6e04fab-7386-44fa-af81-2c65095c254b" testId="c7c20f1e-4e8e-1b1e-7113-05222dfd0ed4" testName="SecondOrderPolynomialTest3" computerName="WHEATLY" duration="00:00:00.0007737" startTime="2012-08-01T13:47:52.9835540+12:00" endTime="2012-08-01T13:47:52.9995549+12:00" testType="13cdc9d9-ddb5-4fa4-a97d-d965ccfc6d4b" outcome="Passed" testListId="8c84fa94-04c1-424b-9868-57a2d4851a1d" relativeResultsDirectory="c6e04fab-7386-44fa-af81-2c65095c254b">
    </UnitTestResult>
    <UnitTestResult executionId="9606dd60-1bbb-49da-9348-34ffba4a7526" testId="e7d30bbf-6029-b18e-67cc-bd80a406e438" testName="getNameTest" computerName="WHEATLY" duration="00:00:00.0004089" startTime="2012-08-01T13:47:53.0025551+12:00" endTime="2012-08-01T13:47:53.0485577+12:00" testType="13cdc9d9-ddb5-4fa4-a97d-d965ccfc6d4b" outcome="Passed" testListId="8c84fa94-04c1-424b-9868-57a2d4851a1d" relativeResultsDirectory="9606dd60-1bbb-49da-9348-34ffba4a7526">
    </UnitTestResult>
    <UnitTestResult executionId="c8e470bd-3b2e-4e66-a7d9-017f141bca6a" testId="ed08e473-2dba-4d18-da59-9cb539de914d" testName="Matrix3x3InverseTest" computerName="WHEATLY" duration="00:00:00.0011325" startTime="2012-08-01T13:47:53.0525579+12:00" endTime="2012-08-01T13:47:53.0635586+12:00" testType="13cdc9d9-ddb5-4fa4-a97d-d965ccfc6d4b" outcome="Passed" testListId="8c84fa94-04c1-424b-9868-57a2d4851a1d" relativeResultsDirectory="c8e470bd-3b2e-4e66-a7d9-017f141bca6a">
    </UnitTestResult>
    <UnitTestResult executionId="3cacfc76-9f26-4ed0-8f9f-ceec1608e8a2" testId="f3ec8005-cb58-d098-004f-c9fcb2d1f649" testName="getY_Value_AsdoubleTest" computerName="WHEATLY" duration="00:00:00.0002982" startTime="2012-08-01T13:47:53.0655587+12:00" endTime="2012-08-01T13:47:53.0755593+12:00" testType="13cdc9d9-ddb5-4fa4-a97d-d965ccfc6d4b" outcome="Passed" testListId="8c84fa94-04c1-424b-9868-57a2d4851a1d" relativeResultsDirectory="3cacfc76-9f26-4ed0-8f9f-ceec1608e8a2">
    </UnitTestResult>
    <UnitTestResult executionId="29ad747b-94b7-46a8-9ca1-4ef877f2b8c8" testId="fbb0dd6e-b7dd-8f92-d511-30c119a8406c" testName="getDataTest" computerName="WHEATLY" duration="00:00:00.0021919" startTime="2012-08-01T13:47:53.0795595+12:00" endTime="2012-08-01T13:47:53.0885600+12:00" testType="13cdc9d9-ddb5-4fa4-a97d-d965ccfc6d4b" outcome="Passed" testListId="8c84fa94-04c1-424b-9868-57a2d4851a1d" relativeResultsDirectory="29ad747b-94b7-46a8-9ca1-4ef877f2b8c8">
    </UnitTestResult>
    <UnitTestResult executionId="28420bc1-dcb2-4d1b-9b64-7c25ffce6712" testId="fdc600d9-be0d-02d4-169a-cc986a42ef6d" testName="getStatusTest" computerName="WHEATLY" duration="00:00:00.0002762" startTime="2012-08-01T13:47:53.0915602+12:00" endTime="2012-08-01T13:47:53.1005607+12:00" testType="13cdc9d9-ddb5-4fa4-a97d-d965ccfc6d4b" outcome="Passed" testListId="8c84fa94-04c1-424b-9868-57a2d4851a1d" relativeResultsDirectory="28420bc1-dcb2-4d1b-9b64-7c25ffce6712">
    </UnitTestResult>
  </Results>
</TestRun>