<?xml version="1.0" encoding="UTF-8"?>
<TestRun id="f6971b58-676e-4db9-a3da-9f3adbd1dfcb" name="MikelWhitehead@WHEATLY 2012-08-08 17:41:35" runUser="WHEATLY\MikelWhitehead" xmlns="http://microsoft.com/schemas/VisualStudio/TeamTest/2010">
  <TestSettings name="Local" id="44be0d1b-54c1-46ad-ac31-64749087b4b2">
    <Description>These are default test settings for a local test run.</Description>
    <Deployment enabled="false" runDeploymentRoot="MikelWhitehead_WHEATLY 2012-08-08 17_41_35">
      <DeploymentItem filename="C:\Users\MikelWhitehead\PerformanceProgression\PrototypeDecimal\PrototypeFinal\Prototype\bin\Release\Prototype.exe" />
      <DeploymentItem filename="C:\Users\MikelWhitehead\PerformanceProgression\GraphCalculator\ZedGraphSampleCS_v5.0.9\ZedGraph.dll" />
    </Deployment>
    <Execution>
      <TestTypeSpecific />
      <AgentRule name="Execution Agents">
      </AgentRule>
    </Execution>
  </TestSettings>
  <Times creation="2012-08-08T17:41:35.1691481+12:00" queuing="2012-08-08T17:41:36.9962526+12:00" start="2012-08-08T17:41:37.2252657+12:00" finish="2012-08-08T17:41:38.7123507+12:00" />
  <ResultSummary outcome="Failed">
    <Counters total="17" executed="17" passed="8" error="0" failed="9" timeout="0" aborted="0" inconclusive="0" passedButRunAborted="0" notRunnable="0" notExecuted="0" disconnected="0" warning="0" completed="0" inProgress="0" pending="0" />
  </ResultSummary>
  <TestDefinitions>
    <UnitTest name="SecondOrderPolynomialTest1" storage="c:\users\mikelwhitehead\performanceprogression\prototypedecimal\prototypefinal\mathtest\bin\release\mathtest.dll" id="2afe3280-42e9-907d-64b9-b80b80ac804d">
      <Execution id="aa08335f-84aa-486a-8a83-d93fb94ff9fa" />
      <TestMethod codeBase="C:/Users/MikelWhitehead/PerformanceProgression/PrototypeDecimal/PrototypeFinal/MathTest/bin/Release/MathTest.DLL" adapterTypeName="Microsoft.VisualStudio.TestTools.TestTypes.Unit.UnitTestAdapter, Microsoft.VisualStudio.QualityTools.Tips.UnitTest.Adapter, Version=10.0.0.0, Culture=neutral, PublicKeyToken=b03f5f7f11d50a3a" className="MathTest.PolynomialTest, MathTest, Version=1.0.0.0, Culture=neutral, PublicKeyToken=null" name="SecondOrderPolynomialTest1" />
    </UnitTest>
    <UnitTest name="getStatusTest" storage="c:\users\mikelwhitehead\performanceprogression\prototypedecimal\prototypefinal\mathtest\bin\release\mathtest.dll" id="fdc600d9-be0d-02d4-169a-cc986a42ef6d">
      <Execution id="075e28b0-34e4-4de2-b8af-d46bedca9234" />
      <TestMethod codeBase="C:/Users/MikelWhitehead/PerformanceProgression/PrototypeDecimal/PrototypeFinal/MathTest/bin/Release/MathTest.DLL" adapterTypeName="Microsoft.VisualStudio.TestTools.TestTypes.Unit.UnitTestAdapter, Microsoft.VisualStudio.QualityTools.Tips.UnitTest.Adapter, Version=10.0.0.0, Culture=neutral, PublicKeyToken=b03f5f7f11d50a3a" className="MathTest.AthletesTest, MathTest, Version=1.0.0.0, Culture=neutral, PublicKeyToken=null" name="getStatusTest" />
    </UnitTest>
    <UnitTest name="SecondOrderPolynomialTest3" storage="c:\users\mikelwhitehead\performanceprogression\prototypedecimal\prototypefinal\mathtest\bin\release\mathtest.dll" id="c7c20f1e-4e8e-1b1e-7113-05222dfd0ed4">
      <Execution id="de4a680c-7371-4558-ac56-237f788ca493" />
      <TestMethod codeBase="C:/Users/MikelWhitehead/PerformanceProgression/PrototypeDecimal/PrototypeFinal/MathTest/bin/Release/MathTest.DLL" adapterTypeName="Microsoft.VisualStudio.TestTools.TestTypes.Unit.UnitTestAdapter, Microsoft.VisualStudio.QualityTools.Tips.UnitTest.Adapter, Version=10.0.0.0, Culture=neutral, PublicKeyToken=b03f5f7f11d50a3a" className="MathTest.PolynomialTest, MathTest, Version=1.0.0.0, Culture=neutral, PublicKeyToken=null" name="SecondOrderPolynomialTest3" />
    </UnitTest>
    <UnitTest name="getY_Value_AsDateTest" storage="c:\users\mikelwhitehead\performanceprogression\prototypedecimal\prototypefinal\mathtest\bin\release\mathtest.dll" id="9d155d54-a4e2-aec3-1df6-42140bffb82b">
      <Execution id="3244925c-9756-4e03-9ce2-8f66889ac51f" />
      <TestMethod codeBase="C:/Users/MikelWhitehead/PerformanceProgression/PrototypeDecimal/PrototypeFinal/MathTest/bin/Release/MathTest.DLL" adapterTypeName="Microsoft.VisualStudio.TestTools.TestTypes.Unit.UnitTestAdapter, Microsoft.VisualStudio.QualityTools.Tips.UnitTest.Adapter, Version=10.0.0.0, Culture=neutral, PublicKeyToken=b03f5f7f11d50a3a" className="MathTest.fPointTest, MathTest, Version=1.0.0.0, Culture=neutral, PublicKeyToken=null" name="getY_Value_AsDateTest" />
    </UnitTest>
    <UnitTest name="setX_AgeTest" storage="c:\users\mikelwhitehead\performanceprogression\prototypedecimal\prototypefinal\mathtest\bin\release\mathtest.dll" id="24a6e050-39fd-54bd-89ff-ec853af13623">
      <Execution id="8cc80eae-8406-4482-937e-1cf461a373ca" />
      <TestMethod codeBase="C:/Users/MikelWhitehead/PerformanceProgression/PrototypeDecimal/PrototypeFinal/MathTest/bin/Release/MathTest.DLL" adapterTypeName="Microsoft.VisualStudio.TestTools.TestTypes.Unit.UnitTestAdapter, Microsoft.VisualStudio.QualityTools.Tips.UnitTest.Adapter, Version=10.0.0.0, Culture=neutral, PublicKeyToken=b03f5f7f11d50a3a" className="MathTest.fPointTest, MathTest, Version=1.0.0.0, Culture=neutral, PublicKeyToken=null" name="setX_AgeTest" />
    </UnitTest>
    <UnitTest name="SecondOrderPolynomialTest2" storage="c:\users\mikelwhitehead\performanceprogression\prototypedecimal\prototypefinal\mathtest\bin\release\mathtest.dll" id="c7bfa67d-e9e8-b09b-48ea-fdbd29047b8d">
      <Execution id="9a08278b-dab4-413d-b380-04f71be1819b" />
      <TestMethod codeBase="C:/Users/MikelWhitehead/PerformanceProgression/PrototypeDecimal/PrototypeFinal/MathTest/bin/Release/MathTest.DLL" adapterTypeName="Microsoft.VisualStudio.TestTools.TestTypes.Unit.UnitTestAdapter, Microsoft.VisualStudio.QualityTools.Tips.UnitTest.Adapter, Version=10.0.0.0, Culture=neutral, PublicKeyToken=b03f5f7f11d50a3a" className="MathTest.PolynomialTest, MathTest, Version=1.0.0.0, Culture=neutral, PublicKeyToken=null" name="SecondOrderPolynomialTest2" />
    </UnitTest>
    <UnitTest name="getDataTest" storage="c:\users\mikelwhitehead\performanceprogression\prototypedecimal\prototypefinal\mathtest\bin\release\mathtest.dll" id="fbb0dd6e-b7dd-8f92-d511-30c119a8406c">
      <Execution id="be59c41c-663b-45dd-9d6d-1922c5703337" />
      <TestMethod codeBase="C:/Users/MikelWhitehead/PerformanceProgression/PrototypeDecimal/PrototypeFinal/MathTest/bin/Release/MathTest.DLL" adapterTypeName="Microsoft.VisualStudio.TestTools.TestTypes.Unit.UnitTestAdapter, Microsoft.VisualStudio.QualityTools.Tips.UnitTest.Adapter, Version=10.0.0.0, Culture=neutral, PublicKeyToken=b03f5f7f11d50a3a" className="MathTest.AthletesTest, MathTest, Version=1.0.0.0, Culture=neutral, PublicKeyToken=null" name="getDataTest" />
    </UnitTest>
    <UnitTest name="getY_Value_AsdoubleTest" storage="c:\users\mikelwhitehead\performanceprogression\prototypedecimal\prototypefinal\mathtest\bin\release\mathtest.dll" id="f3ec8005-cb58-d098-004f-c9fcb2d1f649">
      <Execution id="eedeef34-77db-4026-b1c5-83745b231773" />
      <TestMethod codeBase="C:/Users/MikelWhitehead/PerformanceProgression/PrototypeDecimal/PrototypeFinal/MathTest/bin/Release/MathTest.DLL" adapterTypeName="Microsoft.VisualStudio.TestTools.TestTypes.Unit.UnitTestAdapter, Microsoft.VisualStudio.QualityTools.Tips.UnitTest.Adapter, Version=10.0.0.0, Culture=neutral, PublicKeyToken=b03f5f7f11d50a3a" className="MathTest.fPointTest, MathTest, Version=1.0.0.0, Culture=neutral, PublicKeyToken=null" name="getY_Value_AsdoubleTest" />
    </UnitTest>
    <UnitTest name="Matrix3x3InverseTest" storage="c:\users\mikelwhitehead\performanceprogression\prototypedecimal\prototypefinal\mathtest\bin\release\mathtest.dll" id="ed08e473-2dba-4d18-da59-9cb539de914d">
      <DeploymentItems>
        <DeploymentItem filename="Attempt1MathCalculation.exe" />
      </DeploymentItems>
      <Execution id="005ab920-c5c2-4bfe-99a8-540d80a11614" />
      <TestMethod codeBase="C:/Users/MikelWhitehead/PerformanceProgression/PrototypeDecimal/PrototypeFinal/MathTest/bin/Release/MathTest.DLL" adapterTypeName="Microsoft.VisualStudio.TestTools.TestTypes.Unit.UnitTestAdapter, Microsoft.VisualStudio.QualityTools.Tips.UnitTest.Adapter, Version=10.0.0.0, Culture=neutral, PublicKeyToken=b03f5f7f11d50a3a" className="MathTest.PolynomialTest, MathTest, Version=1.0.0.0, Culture=neutral, PublicKeyToken=null" name="Matrix3x3InverseTest" />
    </UnitTest>
    <UnitTest name="getNameTest" storage="c:\users\mikelwhitehead\performanceprogression\prototypedecimal\prototypefinal\mathtest\bin\release\mathtest.dll" id="e7d30bbf-6029-b18e-67cc-bd80a406e438">
      <Execution id="7fa397f8-b8a1-4e4b-9081-5d93a56cc26a" />
      <TestMethod codeBase="C:/Users/MikelWhitehead/PerformanceProgression/PrototypeDecimal/PrototypeFinal/MathTest/bin/Release/MathTest.DLL" adapterTypeName="Microsoft.VisualStudio.TestTools.TestTypes.Unit.UnitTestAdapter, Microsoft.VisualStudio.QualityTools.Tips.UnitTest.Adapter, Version=10.0.0.0, Culture=neutral, PublicKeyToken=b03f5f7f11d50a3a" className="MathTest.AthletesTest, MathTest, Version=1.0.0.0, Culture=neutral, PublicKeyToken=null" name="getNameTest" />
    </UnitTest>
    <UnitTest name="fPointConstructorTest1" storage="c:\users\mikelwhitehead\performanceprogression\prototypedecimal\prototypefinal\mathtest\bin\release\mathtest.dll" id="36a0b714-e539-bf30-c8d0-2737f2a7c9a6">
      <Execution id="2bc2a4e6-0b10-440b-9841-a865976a36b7" />
      <TestMethod codeBase="C:/Users/MikelWhitehead/PerformanceProgression/PrototypeDecimal/PrototypeFinal/MathTest/bin/Release/MathTest.DLL" adapterTypeName="Microsoft.VisualStudio.TestTools.TestTypes.Unit.UnitTestAdapter, Microsoft.VisualStudio.QualityTools.Tips.UnitTest.Adapter, Version=10.0.0.0, Culture=neutral, PublicKeyToken=b03f5f7f11d50a3a" className="MathTest.fPointTest, MathTest, Version=1.0.0.0, Culture=neutral, PublicKeyToken=null" name="fPointConstructorTest1" />
    </UnitTest>
    <UnitTest name="fPointConstructorTest2" storage="c:\users\mikelwhitehead\performanceprogression\prototypedecimal\prototypefinal\mathtest\bin\release\mathtest.dll" id="b12df4a2-6274-58a2-18c9-6dbaf2e5e9b4">
      <Execution id="55cb1aca-b851-4986-b2e0-53370f19bfe9" />
      <TestMethod codeBase="C:/Users/MikelWhitehead/PerformanceProgression/PrototypeDecimal/PrototypeFinal/MathTest/bin/Release/MathTest.DLL" adapterTypeName="Microsoft.VisualStudio.TestTools.TestTypes.Unit.UnitTestAdapter, Microsoft.VisualStudio.QualityTools.Tips.UnitTest.Adapter, Version=10.0.0.0, Culture=neutral, PublicKeyToken=b03f5f7f11d50a3a" className="MathTest.fPointTest, MathTest, Version=1.0.0.0, Culture=neutral, PublicKeyToken=null" name="fPointConstructorTest2" />
    </UnitTest>
    <UnitTest name="Matrix1x3Test" storage="c:\users\mikelwhitehead\performanceprogression\prototypedecimal\prototypefinal\mathtest\bin\release\mathtest.dll" id="c0023543-70d8-e8c3-52fb-9f1d5be4c5fc">
      <Execution id="918e8e2c-8830-4d8a-8b12-bcbbe140bd48" />
      <TestMethod codeBase="C:/Users/MikelWhitehead/PerformanceProgression/PrototypeDecimal/PrototypeFinal/MathTest/bin/Release/MathTest.DLL" adapterTypeName="Microsoft.VisualStudio.TestTools.TestTypes.Unit.UnitTestAdapter, Microsoft.VisualStudio.QualityTools.Tips.UnitTest.Adapter, Version=10.0.0.0, Culture=neutral, PublicKeyToken=b03f5f7f11d50a3a" className="MathTest.PolynomialTest, MathTest, Version=1.0.0.0, Culture=neutral, PublicKeyToken=null" name="Matrix1x3Test" />
    </UnitTest>
    <UnitTest name="setY_ValueTest" storage="c:\users\mikelwhitehead\performanceprogression\prototypedecimal\prototypefinal\mathtest\bin\release\mathtest.dll" id="abf48396-4383-6400-f408-afa70e287468">
      <Execution id="8abfe572-be23-456b-a882-a48d8731703c" />
      <TestMethod codeBase="C:/Users/MikelWhitehead/PerformanceProgression/PrototypeDecimal/PrototypeFinal/MathTest/bin/Release/MathTest.DLL" adapterTypeName="Microsoft.VisualStudio.TestTools.TestTypes.Unit.UnitTestAdapter, Microsoft.VisualStudio.QualityTools.Tips.UnitTest.Adapter, Version=10.0.0.0, Culture=neutral, PublicKeyToken=b03f5f7f11d50a3a" className="MathTest.fPointTest, MathTest, Version=1.0.0.0, Culture=neutral, PublicKeyToken=null" name="setY_ValueTest" />
    </UnitTest>
    <UnitTest name="fPointConstructorTest" storage="c:\users\mikelwhitehead\performanceprogression\prototypedecimal\prototypefinal\mathtest\bin\release\mathtest.dll" id="0c305af0-c245-9aab-6bfe-c1da9b13002c">
      <Execution id="247a899f-41c7-4bf6-91cf-f738f947e1e0" />
      <TestMethod codeBase="C:/Users/MikelWhitehead/PerformanceProgression/PrototypeDecimal/PrototypeFinal/MathTest/bin/Release/MathTest.DLL" adapterTypeName="Microsoft.VisualStudio.TestTools.TestTypes.Unit.UnitTestAdapter, Microsoft.VisualStudio.QualityTools.Tips.UnitTest.Adapter, Version=10.0.0.0, Culture=neutral, PublicKeyToken=b03f5f7f11d50a3a" className="MathTest.fPointTest, MathTest, Version=1.0.0.0, Culture=neutral, PublicKeyToken=null" name="fPointConstructorTest" />
    </UnitTest>
    <UnitTest name="getX_AgeTest" storage="c:\users\mikelwhitehead\performanceprogression\prototypedecimal\prototypefinal\mathtest\bin\release\mathtest.dll" id="552294db-0170-dc5a-63c5-6fec173fe182">
      <Execution id="7f4ac48b-1b38-45f6-a3cb-c28a124c4411" />
      <TestMethod codeBase="C:/Users/MikelWhitehead/PerformanceProgression/PrototypeDecimal/PrototypeFinal/MathTest/bin/Release/MathTest.DLL" adapterTypeName="Microsoft.VisualStudio.TestTools.TestTypes.Unit.UnitTestAdapter, Microsoft.VisualStudio.QualityTools.Tips.UnitTest.Adapter, Version=10.0.0.0, Culture=neutral, PublicKeyToken=b03f5f7f11d50a3a" className="MathTest.fPointTest, MathTest, Version=1.0.0.0, Culture=neutral, PublicKeyToken=null" name="getX_AgeTest" />
    </UnitTest>
    <UnitTest name="Matrix3x3Test" storage="c:\users\mikelwhitehead\performanceprogression\prototypedecimal\prototypefinal\mathtest\bin\release\mathtest.dll" id="bda542f6-870e-fb28-9310-2ebbbe076c3c">
      <DeploymentItems>
        <DeploymentItem filename="Attempt1MathCalculation.exe" />
      </DeploymentItems>
      <Execution id="9aaca2c3-78a1-44d8-9acb-219925921994" />
      <TestMethod codeBase="C:/Users/MikelWhitehead/PerformanceProgression/PrototypeDecimal/PrototypeFinal/MathTest/bin/Release/MathTest.DLL" adapterTypeName="Microsoft.VisualStudio.TestTools.TestTypes.Unit.UnitTestAdapter, Microsoft.VisualStudio.QualityTools.Tips.UnitTest.Adapter, Version=10.0.0.0, Culture=neutral, PublicKeyToken=b03f5f7f11d50a3a" className="MathTest.PolynomialTest, MathTest, Version=1.0.0.0, Culture=neutral, PublicKeyToken=null" name="Matrix3x3Test" />
    </UnitTest>
  </TestDefinitions>
  <TestLists>
    <TestList name="Results Not in a List" id="8c84fa94-04c1-424b-9868-57a2d4851a1d" />
    <TestList name="All Loaded Results" id="19431567-8539-422a-85d7-44ee4e166bda" />
  </TestLists>
  <TestEntries>
    <TestEntry testId="0c305af0-c245-9aab-6bfe-c1da9b13002c" executionId="247a899f-41c7-4bf6-91cf-f738f947e1e0" testListId="8c84fa94-04c1-424b-9868-57a2d4851a1d" />
    <TestEntry testId="24a6e050-39fd-54bd-89ff-ec853af13623" executionId="8cc80eae-8406-4482-937e-1cf461a373ca" testListId="8c84fa94-04c1-424b-9868-57a2d4851a1d" />
    <TestEntry testId="2afe3280-42e9-907d-64b9-b80b80ac804d" executionId="aa08335f-84aa-486a-8a83-d93fb94ff9fa" testListId="8c84fa94-04c1-424b-9868-57a2d4851a1d" />
    <TestEntry testId="36a0b714-e539-bf30-c8d0-2737f2a7c9a6" executionId="2bc2a4e6-0b10-440b-9841-a865976a36b7" testListId="8c84fa94-04c1-424b-9868-57a2d4851a1d" />
    <TestEntry testId="552294db-0170-dc5a-63c5-6fec173fe182" executionId="7f4ac48b-1b38-45f6-a3cb-c28a124c4411" testListId="8c84fa94-04c1-424b-9868-57a2d4851a1d" />
    <TestEntry testId="9d155d54-a4e2-aec3-1df6-42140bffb82b" executionId="3244925c-9756-4e03-9ce2-8f66889ac51f" testListId="8c84fa94-04c1-424b-9868-57a2d4851a1d" />
    <TestEntry testId="abf48396-4383-6400-f408-afa70e287468" executionId="8abfe572-be23-456b-a882-a48d8731703c" testListId="8c84fa94-04c1-424b-9868-57a2d4851a1d" />
    <TestEntry testId="b12df4a2-6274-58a2-18c9-6dbaf2e5e9b4" executionId="55cb1aca-b851-4986-b2e0-53370f19bfe9" testListId="8c84fa94-04c1-424b-9868-57a2d4851a1d" />
    <TestEntry testId="bda542f6-870e-fb28-9310-2ebbbe076c3c" executionId="9aaca2c3-78a1-44d8-9acb-219925921994" testListId="8c84fa94-04c1-424b-9868-57a2d4851a1d" />
    <TestEntry testId="c0023543-70d8-e8c3-52fb-9f1d5be4c5fc" executionId="918e8e2c-8830-4d8a-8b12-bcbbe140bd48" testListId="8c84fa94-04c1-424b-9868-57a2d4851a1d" />
    <TestEntry testId="c7bfa67d-e9e8-b09b-48ea-fdbd29047b8d" executionId="9a08278b-dab4-413d-b380-04f71be1819b" testListId="8c84fa94-04c1-424b-9868-57a2d4851a1d" />
    <TestEntry testId="c7c20f1e-4e8e-1b1e-7113-05222dfd0ed4" executionId="de4a680c-7371-4558-ac56-237f788ca493" testListId="8c84fa94-04c1-424b-9868-57a2d4851a1d" />
    <TestEntry testId="e7d30bbf-6029-b18e-67cc-bd80a406e438" executionId="7fa397f8-b8a1-4e4b-9081-5d93a56cc26a" testListId="8c84fa94-04c1-424b-9868-57a2d4851a1d" />
    <TestEntry testId="ed08e473-2dba-4d18-da59-9cb539de914d" executionId="005ab920-c5c2-4bfe-99a8-540d80a11614" testListId="8c84fa94-04c1-424b-9868-57a2d4851a1d" />
    <TestEntry testId="f3ec8005-cb58-d098-004f-c9fcb2d1f649" executionId="eedeef34-77db-4026-b1c5-83745b231773" testListId="8c84fa94-04c1-424b-9868-57a2d4851a1d" />
    <TestEntry testId="fbb0dd6e-b7dd-8f92-d511-30c119a8406c" executionId="be59c41c-663b-45dd-9d6d-1922c5703337" testListId="8c84fa94-04c1-424b-9868-57a2d4851a1d" />
    <TestEntry testId="fdc600d9-be0d-02d4-169a-cc986a42ef6d" executionId="075e28b0-34e4-4de2-b8af-d46bedca9234" testListId="8c84fa94-04c1-424b-9868-57a2d4851a1d" />
  </TestEntries>
  <Results>
    <UnitTestResult executionId="247a899f-41c7-4bf6-91cf-f738f947e1e0" testId="0c305af0-c245-9aab-6bfe-c1da9b13002c" testName="fPointConstructorTest" computerName="WHEATLY" duration="00:00:00.1487091" startTime="2012-08-08T17:41:37.3092705+12:00" endTime="2012-08-08T17:41:38.2703254+12:00" testType="13cdc9d9-ddb5-4fa4-a97d-d965ccfc6d4b" outcome="Failed" testListId="8c84fa94-04c1-424b-9868-57a2d4851a1d" relativeResultsDirectory="247a899f-41c7-4bf6-91cf-f738f947e1e0">
      <Output>
        <ErrorInfo>
          <Message>Assert.AreEqual failed. Expected:&lt;1111 (System.Decimal)&gt;. Actual:&lt;1111 (System.Single)&gt;. </Message>
          <StackTrace>   at MathTest.fPointTest.fPointConstructorTest() in C:\Users\MikelWhitehead\PerformanceProgression\PrototypeDecimal\PrototypeFinal\MathTest\fPointTest.cs:line 74
</StackTrace>
        </ErrorInfo>
      </Output>
    </UnitTestResult>
    <UnitTestResult executionId="8cc80eae-8406-4482-937e-1cf461a373ca" testId="24a6e050-39fd-54bd-89ff-ec853af13623" testName="setX_AgeTest" computerName="WHEATLY" duration="00:00:00.0027208" startTime="2012-08-08T17:41:38.2973270+12:00" endTime="2012-08-08T17:41:38.3083276+12:00" testType="13cdc9d9-ddb5-4fa4-a97d-d965ccfc6d4b" outcome="Passed" testListId="8c84fa94-04c1-424b-9868-57a2d4851a1d" relativeResultsDirectory="8cc80eae-8406-4482-937e-1cf461a373ca">
    </UnitTestResult>
    <UnitTestResult executionId="aa08335f-84aa-486a-8a83-d93fb94ff9fa" testId="2afe3280-42e9-907d-64b9-b80b80ac804d" testName="SecondOrderPolynomialTest1" computerName="WHEATLY" duration="00:00:00.0439163" startTime="2012-08-08T17:41:38.3103277+12:00" endTime="2012-08-08T17:41:38.3753314+12:00" testType="13cdc9d9-ddb5-4fa4-a97d-d965ccfc6d4b" outcome="Passed" testListId="8c84fa94-04c1-424b-9868-57a2d4851a1d" relativeResultsDirectory="aa08335f-84aa-486a-8a83-d93fb94ff9fa">
    </UnitTestResult>
    <UnitTestResult executionId="2bc2a4e6-0b10-440b-9841-a865976a36b7" testId="36a0b714-e539-bf30-c8d0-2737f2a7c9a6" testName="fPointConstructorTest1" computerName="WHEATLY" duration="00:00:00.0179993" startTime="2012-08-08T17:41:38.3803317+12:00" endTime="2012-08-08T17:41:38.4163338+12:00" testType="13cdc9d9-ddb5-4fa4-a97d-d965ccfc6d4b" outcome="Failed" testListId="8c84fa94-04c1-424b-9868-57a2d4851a1d" relativeResultsDirectory="2bc2a4e6-0b10-440b-9841-a865976a36b7">
      <Output>
        <ErrorInfo>
          <Message>Test method MathTest.fPointTest.fPointConstructorTest1 threw exception: 
System.ArgumentOutOfRangeException: Hour, Minute, and Second parameters describe an un-representable DateTime.</Message>
          <StackTrace>    at System.DateTime.TimeToTicks(Int32 hour, Int32 minute, Int32 second)
   at System.DateTime..ctor(Int32 year, Int32 month, Int32 day, Int32 hour, Int32 minute, Int32 second, Int32 millisecond)
   at Attempt1MathCalculation.fPoint.getY_Value_AsDate() in C:\Users\MikelWhitehead\PerformanceProgression\PrototypeDecimal\PrototypeFinal\Prototype\Classes\GraphCalculation\DataTypes\fPoint.cs:line 55
   at MathTest.fPointTest.fPointConstructorTest1() in C:\Users\MikelWhitehead\PerformanceProgression\PrototypeDecimal\PrototypeFinal\MathTest\fPointTest.cs:line 91
</StackTrace>
        </ErrorInfo>
      </Output>
    </UnitTestResult>
    <UnitTestResult executionId="7f4ac48b-1b38-45f6-a3cb-c28a124c4411" testId="552294db-0170-dc5a-63c5-6fec173fe182" testName="getX_AgeTest" computerName="WHEATLY" duration="00:00:00.0007088" startTime="2012-08-08T17:41:38.4253343+12:00" endTime="2012-08-08T17:41:38.4343348+12:00" testType="13cdc9d9-ddb5-4fa4-a97d-d965ccfc6d4b" outcome="Passed" testListId="8c84fa94-04c1-424b-9868-57a2d4851a1d" relativeResultsDirectory="7f4ac48b-1b38-45f6-a3cb-c28a124c4411">
    </UnitTestResult>
    <UnitTestResult executionId="3244925c-9756-4e03-9ce2-8f66889ac51f" testId="9d155d54-a4e2-aec3-1df6-42140bffb82b" testName="getY_Value_AsDateTest" computerName="WHEATLY" duration="00:00:00.0040609" startTime="2012-08-08T17:41:38.4463355+12:00" endTime="2012-08-08T17:41:38.4683368+12:00" testType="13cdc9d9-ddb5-4fa4-a97d-d965ccfc6d4b" outcome="Failed" testListId="8c84fa94-04c1-424b-9868-57a2d4851a1d" relativeResultsDirectory="3244925c-9756-4e03-9ce2-8f66889ac51f">
      <Output>
        <ErrorInfo>
          <Message>Test method MathTest.fPointTest.getY_Value_AsDateTest threw exception: 
System.ArgumentOutOfRangeException: Hour, Minute, and Second parameters describe an un-representable DateTime.</Message>
          <StackTrace>    at System.DateTime.TimeToTicks(Int32 hour, Int32 minute, Int32 second)
   at System.DateTime..ctor(Int32 year, Int32 month, Int32 day, Int32 hour, Int32 minute, Int32 second, Int32 millisecond)
   at Attempt1MathCalculation.fPoint.getY_Value_AsDate() in C:\Users\MikelWhitehead\PerformanceProgression\PrototypeDecimal\PrototypeFinal\Prototype\Classes\GraphCalculation\DataTypes\fPoint.cs:line 55
   at MathTest.fPointTest.getY_Value_AsDateTest() in C:\Users\MikelWhitehead\PerformanceProgression\PrototypeDecimal\PrototypeFinal\MathTest\fPointTest.cs:line 129
</StackTrace>
        </ErrorInfo>
      </Output>
    </UnitTestResult>
    <UnitTestResult executionId="8abfe572-be23-456b-a882-a48d8731703c" testId="abf48396-4383-6400-f408-afa70e287468" testName="setY_ValueTest" computerName="WHEATLY" duration="00:00:00.0007864" startTime="2012-08-08T17:41:38.4723370+12:00" endTime="2012-08-08T17:41:38.4873379+12:00" testType="13cdc9d9-ddb5-4fa4-a97d-d965ccfc6d4b" outcome="Passed" testListId="8c84fa94-04c1-424b-9868-57a2d4851a1d" relativeResultsDirectory="8abfe572-be23-456b-a882-a48d8731703c">
    </UnitTestResult>
    <UnitTestResult executionId="55cb1aca-b851-4986-b2e0-53370f19bfe9" testId="b12df4a2-6274-58a2-18c9-6dbaf2e5e9b4" testName="fPointConstructorTest2" computerName="WHEATLY" duration="00:00:00.0025750" startTime="2012-08-08T17:41:38.4983385+12:00" endTime="2012-08-08T17:41:38.5173396+12:00" testType="13cdc9d9-ddb5-4fa4-a97d-d965ccfc6d4b" outcome="Failed" testListId="8c84fa94-04c1-424b-9868-57a2d4851a1d" relativeResultsDirectory="55cb1aca-b851-4986-b2e0-53370f19bfe9">
      <Output>
        <ErrorInfo>
          <Message>Assert.AreEqual failed. Expected:&lt;1111 (System.Decimal)&gt;. Actual:&lt;1111 (System.Single)&gt;. </Message>
          <StackTrace>   at MathTest.fPointTest.fPointConstructorTest2() in C:\Users\MikelWhitehead\PerformanceProgression\PrototypeDecimal\PrototypeFinal\MathTest\fPointTest.cs:line 104
</StackTrace>
        </ErrorInfo>
      </Output>
    </UnitTestResult>
    <UnitTestResult executionId="9aaca2c3-78a1-44d8-9acb-219925921994" testId="bda542f6-870e-fb28-9310-2ebbbe076c3c" testName="Matrix3x3Test" computerName="WHEATLY" duration="00:00:00.0073211" startTime="2012-08-08T17:41:38.5203397+12:00" endTime="2012-08-08T17:41:38.5353406+12:00" testType="13cdc9d9-ddb5-4fa4-a97d-d965ccfc6d4b" outcome="Passed" testListId="8c84fa94-04c1-424b-9868-57a2d4851a1d" relativeResultsDirectory="9aaca2c3-78a1-44d8-9acb-219925921994">
    </UnitTestResult>
    <UnitTestResult executionId="918e8e2c-8830-4d8a-8b12-bcbbe140bd48" testId="c0023543-70d8-e8c3-52fb-9f1d5be4c5fc" testName="Matrix1x3Test" computerName="WHEATLY" duration="00:00:00.0027560" startTime="2012-08-08T17:41:38.5473413+12:00" endTime="2012-08-08T17:41:38.5563418+12:00" testType="13cdc9d9-ddb5-4fa4-a97d-d965ccfc6d4b" outcome="Passed" testListId="8c84fa94-04c1-424b-9868-57a2d4851a1d" relativeResultsDirectory="918e8e2c-8830-4d8a-8b12-bcbbe140bd48">
    </UnitTestResult>
    <UnitTestResult executionId="9a08278b-dab4-413d-b380-04f71be1819b" testId="c7bfa67d-e9e8-b09b-48ea-fdbd29047b8d" testName="SecondOrderPolynomialTest2" computerName="WHEATLY" duration="00:00:00.0099616" startTime="2012-08-08T17:41:38.5603420+12:00" endTime="2012-08-08T17:41:38.5773430+12:00" testType="13cdc9d9-ddb5-4fa4-a97d-d965ccfc6d4b" outcome="Failed" testListId="8c84fa94-04c1-424b-9868-57a2d4851a1d" relativeResultsDirectory="9a08278b-dab4-413d-b380-04f71be1819b">
      <Output>
        <ErrorInfo>
          <Message>Assert.AreEqual failed. Expected:&lt;-19.9999977387488&gt;. Actual:&lt;-20.000000&gt;. </Message>
          <StackTrace>   at MathTest.PolynomialTest.SecondOrderPolynomialTest2() in C:\Users\MikelWhitehead\PerformanceProgression\PrototypeDecimal\PrototypeFinal\MathTest\PolynomialGraphTest.cs:line 99
</StackTrace>
        </ErrorInfo>
      </Output>
    </UnitTestResult>
    <UnitTestResult executionId="de4a680c-7371-4558-ac56-237f788ca493" testId="c7c20f1e-4e8e-1b1e-7113-05222dfd0ed4" testName="SecondOrderPolynomialTest3" computerName="WHEATLY" duration="00:00:00.0096743" startTime="2012-08-08T17:41:38.5863435+12:00" endTime="2012-08-08T17:41:38.6013444+12:00" testType="13cdc9d9-ddb5-4fa4-a97d-d965ccfc6d4b" outcome="Failed" testListId="8c84fa94-04c1-424b-9868-57a2d4851a1d" relativeResultsDirectory="de4a680c-7371-4558-ac56-237f788ca493">
      <Output>
        <ErrorInfo>
          <Message>Assert.AreEqual failed. Expected:&lt;63.462121212121&gt;. Actual:&lt;63.4621212121212121212113038&gt;. </Message>
          <StackTrace>   at MathTest.PolynomialTest.SecondOrderPolynomialTest3() in C:\Users\MikelWhitehead\PerformanceProgression\PrototypeDecimal\PrototypeFinal\MathTest\PolynomialGraphTest.cs:line 119
</StackTrace>
        </ErrorInfo>
      </Output>
    </UnitTestResult>
    <UnitTestResult executionId="7fa397f8-b8a1-4e4b-9081-5d93a56cc26a" testId="e7d30bbf-6029-b18e-67cc-bd80a406e438" testName="getNameTest" computerName="WHEATLY" startTime="2012-08-08T17:41:38.6133451+12:00" endTime="2012-08-08T17:41:38.6393466+12:00" testType="13cdc9d9-ddb5-4fa4-a97d-d965ccfc6d4b" outcome="Failed" testListId="8c84fa94-04c1-424b-9868-57a2d4851a1d" relativeResultsDirectory="7fa397f8-b8a1-4e4b-9081-5d93a56cc26a">
      <Output>
        <ErrorInfo>
          <Message>Class Initialization method MathTest.AthletesTest.MyClassInitialize threw exception. System.ArgumentException: System.ArgumentException: Object must be of type Decimal..</Message>
          <StackTrace>    at System.Decimal.CompareTo(Object value)
   at Attempt1MathCalculation.Athletes..ctor(String athleteName, String status, List`1 data, String eventType) in C:\Users\MikelWhitehead\PerformanceProgression\PrototypeDecimal\PrototypeFinal\Prototype\Classes\GraphCalculation\DataTypes\Athletes.cs:line 38
   at MathTest.AthletesTest.MyClassInitialize(TestContext testContext) in C:\Users\MikelWhitehead\PerformanceProgression\PrototypeDecimal\PrototypeFinal\MathTest\AthletesTest.cs:line 48
</StackTrace>
        </ErrorInfo>
      </Output>
    </UnitTestResult>
    <UnitTestResult executionId="005ab920-c5c2-4bfe-99a8-540d80a11614" testId="ed08e473-2dba-4d18-da59-9cb539de914d" testName="Matrix3x3InverseTest" computerName="WHEATLY" duration="00:00:00.0034313" startTime="2012-08-08T17:41:38.6403466+12:00" endTime="2012-08-08T17:41:38.6523473+12:00" testType="13cdc9d9-ddb5-4fa4-a97d-d965ccfc6d4b" outcome="Passed" testListId="8c84fa94-04c1-424b-9868-57a2d4851a1d" relativeResultsDirectory="005ab920-c5c2-4bfe-99a8-540d80a11614">
    </UnitTestResult>
    <UnitTestResult executionId="eedeef34-77db-4026-b1c5-83745b231773" testId="f3ec8005-cb58-d098-004f-c9fcb2d1f649" testName="getY_Value_AsdoubleTest" computerName="WHEATLY" duration="00:00:00.0005971" startTime="2012-08-08T17:41:38.6553475+12:00" endTime="2012-08-08T17:41:38.6643480+12:00" testType="13cdc9d9-ddb5-4fa4-a97d-d965ccfc6d4b" outcome="Passed" testListId="8c84fa94-04c1-424b-9868-57a2d4851a1d" relativeResultsDirectory="eedeef34-77db-4026-b1c5-83745b231773">
    </UnitTestResult>
    <UnitTestResult executionId="be59c41c-663b-45dd-9d6d-1922c5703337" testId="fbb0dd6e-b7dd-8f92-d511-30c119a8406c" testName="getDataTest" computerName="WHEATLY" startTime="2012-08-08T17:41:38.6683482+12:00" endTime="2012-08-08T17:41:38.6773487+12:00" testType="13cdc9d9-ddb5-4fa4-a97d-d965ccfc6d4b" outcome="Failed" testListId="8c84fa94-04c1-424b-9868-57a2d4851a1d" relativeResultsDirectory="be59c41c-663b-45dd-9d6d-1922c5703337">
      <Output>
        <ErrorInfo>
          <Message>Class Initialization method MathTest.AthletesTest.MyClassInitialize threw exception. System.ArgumentException: System.ArgumentException: Object must be of type Decimal..</Message>
          <StackTrace>    at System.Decimal.CompareTo(Object value)
   at Attempt1MathCalculation.Athletes..ctor(String athleteName, String status, List`1 data, String eventType) in C:\Users\MikelWhitehead\PerformanceProgression\PrototypeDecimal\PrototypeFinal\Prototype\Classes\GraphCalculation\DataTypes\Athletes.cs:line 38
   at MathTest.AthletesTest.MyClassInitialize(TestContext testContext) in C:\Users\MikelWhitehead\PerformanceProgression\PrototypeDecimal\PrototypeFinal\MathTest\AthletesTest.cs:line 48
</StackTrace>
        </ErrorInfo>
      </Output>
    </UnitTestResult>
    <UnitTestResult executionId="075e28b0-34e4-4de2-b8af-d46bedca9234" testId="fdc600d9-be0d-02d4-169a-cc986a42ef6d" testName="getStatusTest" computerName="WHEATLY" startTime="2012-08-08T17:41:38.6793488+12:00" endTime="2012-08-08T17:41:38.6873493+12:00" testType="13cdc9d9-ddb5-4fa4-a97d-d965ccfc6d4b" outcome="Failed" testListId="8c84fa94-04c1-424b-9868-57a2d4851a1d" relativeResultsDirectory="075e28b0-34e4-4de2-b8af-d46bedca9234">
      <Output>
        <ErrorInfo>
          <Message>Class Initialization method MathTest.AthletesTest.MyClassInitialize threw exception. System.ArgumentException: System.ArgumentException: Object must be of type Decimal..</Message>
          <StackTrace>    at System.Decimal.CompareTo(Object value)
   at Attempt1MathCalculation.Athletes..ctor(String athleteName, String status, List`1 data, String eventType) in C:\Users\MikelWhitehead\PerformanceProgression\PrototypeDecimal\PrototypeFinal\Prototype\Classes\GraphCalculation\DataTypes\Athletes.cs:line 38
   at MathTest.AthletesTest.MyClassInitialize(TestContext testContext) in C:\Users\MikelWhitehead\PerformanceProgression\PrototypeDecimal\PrototypeFinal\MathTest\AthletesTest.cs:line 48
</StackTrace>
        </ErrorInfo>
      </Output>
    </UnitTestResult>
  </Results>
</TestRun>