<?xml version="1.0" encoding="UTF-8"?>
<TestRun id="0b89dfe1-fa84-4e2d-80eb-004fea0f2620" name="MikelWhitehead@WHEATLY 2012-08-01 13:42:44" runUser="WHEATLY\MikelWhitehead" xmlns="http://microsoft.com/schemas/VisualStudio/TeamTest/2010">
  <TestSettings name="Local" id="44be0d1b-54c1-46ad-ac31-64749087b4b2">
    <Description>These are default test settings for a local test run.</Description>
    <Deployment enabled="false" runDeploymentRoot="MikelWhitehead_WHEATLY 2012-08-01 13_42_44">
      <DeploymentItem filename="C:\Users\MikelWhitehead\PerformanceProgression\Prototype BackUp\PrototypeFinal\Prototype\bin\Release\Prototype.exe" />
      <DeploymentItem filename="C:\Users\MikelWhitehead\PerformanceProgression\GraphCalculator\ZedGraphSampleCS_v5.0.9\ZedGraph.dll" />
    </Deployment>
    <Execution>
      <TestTypeSpecific />
      <AgentRule name="Execution Agents">
      </AgentRule>
    </Execution>
  </TestSettings>
  <Times creation="2012-08-01T13:42:44.1018870+12:00" queuing="2012-08-01T13:42:44.1748912+12:00" start="2012-08-01T13:42:44.1958924+12:00" finish="2012-08-01T13:42:44.9609361+12:00" />
  <ResultSummary outcome="Failed">
    <Counters total="17" executed="17" passed="14" error="0" failed="3" timeout="0" aborted="0" inconclusive="0" passedButRunAborted="0" notRunnable="0" notExecuted="0" disconnected="0" warning="0" completed="0" inProgress="0" pending="0" />
  </ResultSummary>
  <TestDefinitions>
    <UnitTest name="SecondOrderPolynomialTest1" storage="c:\users\mikelwhitehead\performanceprogression\prototype backup\prototypefinal\mathtest\bin\release\mathtest.dll" id="2afe3280-42e9-907d-64b9-b80b80ac804d">
      <Execution id="12f997d4-8ba2-4f49-ad2a-a043632542de" />
      <TestMethod codeBase="C:/Users/MikelWhitehead/PerformanceProgression/Prototype BackUp/PrototypeFinal/MathTest/bin/Release/MathTest.DLL" adapterTypeName="Microsoft.VisualStudio.TestTools.TestTypes.Unit.UnitTestAdapter, Microsoft.VisualStudio.QualityTools.Tips.UnitTest.Adapter, Version=10.0.0.0, Culture=neutral, PublicKeyToken=b03f5f7f11d50a3a" className="MathTest.PolynomialTest, MathTest, Version=1.0.0.0, Culture=neutral, PublicKeyToken=null" name="SecondOrderPolynomialTest1" />
    </UnitTest>
    <UnitTest name="getStatusTest" storage="c:\users\mikelwhitehead\performanceprogression\prototype backup\prototypefinal\mathtest\bin\release\mathtest.dll" id="fdc600d9-be0d-02d4-169a-cc986a42ef6d">
      <Execution id="d03515b3-182e-4033-93bc-a4de61392121" />
      <TestMethod codeBase="C:/Users/MikelWhitehead/PerformanceProgression/Prototype BackUp/PrototypeFinal/MathTest/bin/Release/MathTest.DLL" adapterTypeName="Microsoft.VisualStudio.TestTools.TestTypes.Unit.UnitTestAdapter, Microsoft.VisualStudio.QualityTools.Tips.UnitTest.Adapter, Version=10.0.0.0, Culture=neutral, PublicKeyToken=b03f5f7f11d50a3a" className="MathTest.AthletesTest, MathTest, Version=1.0.0.0, Culture=neutral, PublicKeyToken=null" name="getStatusTest" />
    </UnitTest>
    <UnitTest name="SecondOrderPolynomialTest3" storage="c:\users\mikelwhitehead\performanceprogression\prototype backup\prototypefinal\mathtest\bin\release\mathtest.dll" id="c7c20f1e-4e8e-1b1e-7113-05222dfd0ed4">
      <Execution id="2204ba25-c405-41a9-bdc5-473e264363d1" />
      <TestMethod codeBase="C:/Users/MikelWhitehead/PerformanceProgression/Prototype BackUp/PrototypeFinal/MathTest/bin/Release/MathTest.DLL" adapterTypeName="Microsoft.VisualStudio.TestTools.TestTypes.Unit.UnitTestAdapter, Microsoft.VisualStudio.QualityTools.Tips.UnitTest.Adapter, Version=10.0.0.0, Culture=neutral, PublicKeyToken=b03f5f7f11d50a3a" className="MathTest.PolynomialTest, MathTest, Version=1.0.0.0, Culture=neutral, PublicKeyToken=null" name="SecondOrderPolynomialTest3" />
    </UnitTest>
    <UnitTest name="getY_Value_AsDateTest" storage="c:\users\mikelwhitehead\performanceprogression\prototype backup\prototypefinal\mathtest\bin\release\mathtest.dll" id="9d155d54-a4e2-aec3-1df6-42140bffb82b">
      <Execution id="d7e1249c-18f6-4649-b229-0c04b5e04242" />
      <TestMethod codeBase="C:/Users/MikelWhitehead/PerformanceProgression/Prototype BackUp/PrototypeFinal/MathTest/bin/Release/MathTest.DLL" adapterTypeName="Microsoft.VisualStudio.TestTools.TestTypes.Unit.UnitTestAdapter, Microsoft.VisualStudio.QualityTools.Tips.UnitTest.Adapter, Version=10.0.0.0, Culture=neutral, PublicKeyToken=b03f5f7f11d50a3a" className="MathTest.fPointTest, MathTest, Version=1.0.0.0, Culture=neutral, PublicKeyToken=null" name="getY_Value_AsDateTest" />
    </UnitTest>
    <UnitTest name="setX_AgeTest" storage="c:\users\mikelwhitehead\performanceprogression\prototype backup\prototypefinal\mathtest\bin\release\mathtest.dll" id="24a6e050-39fd-54bd-89ff-ec853af13623">
      <Execution id="7b3b8570-7fc6-4c0b-9428-39ba853222b8" />
      <TestMethod codeBase="C:/Users/MikelWhitehead/PerformanceProgression/Prototype BackUp/PrototypeFinal/MathTest/bin/Release/MathTest.DLL" adapterTypeName="Microsoft.VisualStudio.TestTools.TestTypes.Unit.UnitTestAdapter, Microsoft.VisualStudio.QualityTools.Tips.UnitTest.Adapter, Version=10.0.0.0, Culture=neutral, PublicKeyToken=b03f5f7f11d50a3a" className="MathTest.fPointTest, MathTest, Version=1.0.0.0, Culture=neutral, PublicKeyToken=null" name="setX_AgeTest" />
    </UnitTest>
    <UnitTest name="SecondOrderPolynomialTest2" storage="c:\users\mikelwhitehead\performanceprogression\prototype backup\prototypefinal\mathtest\bin\release\mathtest.dll" id="c7bfa67d-e9e8-b09b-48ea-fdbd29047b8d">
      <Execution id="09f6f178-8f70-4a0c-834a-ed8fa59ef8d0" />
      <TestMethod codeBase="C:/Users/MikelWhitehead/PerformanceProgression/Prototype BackUp/PrototypeFinal/MathTest/bin/Release/MathTest.DLL" adapterTypeName="Microsoft.VisualStudio.TestTools.TestTypes.Unit.UnitTestAdapter, Microsoft.VisualStudio.QualityTools.Tips.UnitTest.Adapter, Version=10.0.0.0, Culture=neutral, PublicKeyToken=b03f5f7f11d50a3a" className="MathTest.PolynomialTest, MathTest, Version=1.0.0.0, Culture=neutral, PublicKeyToken=null" name="SecondOrderPolynomialTest2" />
    </UnitTest>
    <UnitTest name="getDataTest" storage="c:\users\mikelwhitehead\performanceprogression\prototype backup\prototypefinal\mathtest\bin\release\mathtest.dll" id="fbb0dd6e-b7dd-8f92-d511-30c119a8406c">
      <Execution id="5f7f8abd-2357-4139-9b6d-5ead5cb15272" />
      <TestMethod codeBase="C:/Users/MikelWhitehead/PerformanceProgression/Prototype BackUp/PrototypeFinal/MathTest/bin/Release/MathTest.DLL" adapterTypeName="Microsoft.VisualStudio.TestTools.TestTypes.Unit.UnitTestAdapter, Microsoft.VisualStudio.QualityTools.Tips.UnitTest.Adapter, Version=10.0.0.0, Culture=neutral, PublicKeyToken=b03f5f7f11d50a3a" className="MathTest.AthletesTest, MathTest, Version=1.0.0.0, Culture=neutral, PublicKeyToken=null" name="getDataTest" />
    </UnitTest>
    <UnitTest name="getY_Value_AsdoubleTest" storage="c:\users\mikelwhitehead\performanceprogression\prototype backup\prototypefinal\mathtest\bin\release\mathtest.dll" id="f3ec8005-cb58-d098-004f-c9fcb2d1f649">
      <Execution id="5e85803e-6a19-466f-800f-5b430ebf7056" />
      <TestMethod codeBase="C:/Users/MikelWhitehead/PerformanceProgression/Prototype BackUp/PrototypeFinal/MathTest/bin/Release/MathTest.DLL" adapterTypeName="Microsoft.VisualStudio.TestTools.TestTypes.Unit.UnitTestAdapter, Microsoft.VisualStudio.QualityTools.Tips.UnitTest.Adapter, Version=10.0.0.0, Culture=neutral, PublicKeyToken=b03f5f7f11d50a3a" className="MathTest.fPointTest, MathTest, Version=1.0.0.0, Culture=neutral, PublicKeyToken=null" name="getY_Value_AsdoubleTest" />
    </UnitTest>
    <UnitTest name="Matrix3x3InverseTest" storage="c:\users\mikelwhitehead\performanceprogression\prototype backup\prototypefinal\mathtest\bin\release\mathtest.dll" id="ed08e473-2dba-4d18-da59-9cb539de914d">
      <DeploymentItems>
        <DeploymentItem filename="Attempt1MathCalculation.exe" />
      </DeploymentItems>
      <Execution id="7c6d606b-b0a5-48eb-a92b-364b1d9bc72a" />
      <TestMethod codeBase="C:/Users/MikelWhitehead/PerformanceProgression/Prototype BackUp/PrototypeFinal/MathTest/bin/Release/MathTest.DLL" adapterTypeName="Microsoft.VisualStudio.TestTools.TestTypes.Unit.UnitTestAdapter, Microsoft.VisualStudio.QualityTools.Tips.UnitTest.Adapter, Version=10.0.0.0, Culture=neutral, PublicKeyToken=b03f5f7f11d50a3a" className="MathTest.PolynomialTest, MathTest, Version=1.0.0.0, Culture=neutral, PublicKeyToken=null" name="Matrix3x3InverseTest" />
    </UnitTest>
    <UnitTest name="getNameTest" storage="c:\users\mikelwhitehead\performanceprogression\prototype backup\prototypefinal\mathtest\bin\release\mathtest.dll" id="e7d30bbf-6029-b18e-67cc-bd80a406e438">
      <Execution id="0636e44a-cdf3-433d-aa52-c923e44a3a62" />
      <TestMethod codeBase="C:/Users/MikelWhitehead/PerformanceProgression/Prototype BackUp/PrototypeFinal/MathTest/bin/Release/MathTest.DLL" adapterTypeName="Microsoft.VisualStudio.TestTools.TestTypes.Unit.UnitTestAdapter, Microsoft.VisualStudio.QualityTools.Tips.UnitTest.Adapter, Version=10.0.0.0, Culture=neutral, PublicKeyToken=b03f5f7f11d50a3a" className="MathTest.AthletesTest, MathTest, Version=1.0.0.0, Culture=neutral, PublicKeyToken=null" name="getNameTest" />
    </UnitTest>
    <UnitTest name="fPointConstructorTest1" storage="c:\users\mikelwhitehead\performanceprogression\prototype backup\prototypefinal\mathtest\bin\release\mathtest.dll" id="36a0b714-e539-bf30-c8d0-2737f2a7c9a6">
      <Execution id="36750e40-5c37-4144-b9fc-e9107d7545cb" />
      <TestMethod codeBase="C:/Users/MikelWhitehead/PerformanceProgression/Prototype BackUp/PrototypeFinal/MathTest/bin/Release/MathTest.DLL" adapterTypeName="Microsoft.VisualStudio.TestTools.TestTypes.Unit.UnitTestAdapter, Microsoft.VisualStudio.QualityTools.Tips.UnitTest.Adapter, Version=10.0.0.0, Culture=neutral, PublicKeyToken=b03f5f7f11d50a3a" className="MathTest.fPointTest, MathTest, Version=1.0.0.0, Culture=neutral, PublicKeyToken=null" name="fPointConstructorTest1" />
    </UnitTest>
    <UnitTest name="fPointConstructorTest2" storage="c:\users\mikelwhitehead\performanceprogression\prototype backup\prototypefinal\mathtest\bin\release\mathtest.dll" id="b12df4a2-6274-58a2-18c9-6dbaf2e5e9b4">
      <Execution id="49d014e6-0dd7-4f46-a821-0c205a3d0249" />
      <TestMethod codeBase="C:/Users/MikelWhitehead/PerformanceProgression/Prototype BackUp/PrototypeFinal/MathTest/bin/Release/MathTest.DLL" adapterTypeName="Microsoft.VisualStudio.TestTools.TestTypes.Unit.UnitTestAdapter, Microsoft.VisualStudio.QualityTools.Tips.UnitTest.Adapter, Version=10.0.0.0, Culture=neutral, PublicKeyToken=b03f5f7f11d50a3a" className="MathTest.fPointTest, MathTest, Version=1.0.0.0, Culture=neutral, PublicKeyToken=null" name="fPointConstructorTest2" />
    </UnitTest>
    <UnitTest name="Matrix1x3Test" storage="c:\users\mikelwhitehead\performanceprogression\prototype backup\prototypefinal\mathtest\bin\release\mathtest.dll" id="c0023543-70d8-e8c3-52fb-9f1d5be4c5fc">
      <Execution id="54d46b66-7ec2-4ed3-bc33-d644d2538d14" />
      <TestMethod codeBase="C:/Users/MikelWhitehead/PerformanceProgression/Prototype BackUp/PrototypeFinal/MathTest/bin/Release/MathTest.DLL" adapterTypeName="Microsoft.VisualStudio.TestTools.TestTypes.Unit.UnitTestAdapter, Microsoft.VisualStudio.QualityTools.Tips.UnitTest.Adapter, Version=10.0.0.0, Culture=neutral, PublicKeyToken=b03f5f7f11d50a3a" className="MathTest.PolynomialTest, MathTest, Version=1.0.0.0, Culture=neutral, PublicKeyToken=null" name="Matrix1x3Test" />
    </UnitTest>
    <UnitTest name="setY_ValueTest" storage="c:\users\mikelwhitehead\performanceprogression\prototype backup\prototypefinal\mathtest\bin\release\mathtest.dll" id="abf48396-4383-6400-f408-afa70e287468">
      <Execution id="7d1652da-68a1-4e48-82e0-62ef08c25ff5" />
      <TestMethod codeBase="C:/Users/MikelWhitehead/PerformanceProgression/Prototype BackUp/PrototypeFinal/MathTest/bin/Release/MathTest.DLL" adapterTypeName="Microsoft.VisualStudio.TestTools.TestTypes.Unit.UnitTestAdapter, Microsoft.VisualStudio.QualityTools.Tips.UnitTest.Adapter, Version=10.0.0.0, Culture=neutral, PublicKeyToken=b03f5f7f11d50a3a" className="MathTest.fPointTest, MathTest, Version=1.0.0.0, Culture=neutral, PublicKeyToken=null" name="setY_ValueTest" />
    </UnitTest>
    <UnitTest name="fPointConstructorTest" storage="c:\users\mikelwhitehead\performanceprogression\prototype backup\prototypefinal\mathtest\bin\release\mathtest.dll" id="0c305af0-c245-9aab-6bfe-c1da9b13002c">
      <Execution id="f4a23a74-6ecb-4f5f-9d1f-559be4b13b70" />
      <TestMethod codeBase="C:/Users/MikelWhitehead/PerformanceProgression/Prototype BackUp/PrototypeFinal/MathTest/bin/Release/MathTest.DLL" adapterTypeName="Microsoft.VisualStudio.TestTools.TestTypes.Unit.UnitTestAdapter, Microsoft.VisualStudio.QualityTools.Tips.UnitTest.Adapter, Version=10.0.0.0, Culture=neutral, PublicKeyToken=b03f5f7f11d50a3a" className="MathTest.fPointTest, MathTest, Version=1.0.0.0, Culture=neutral, PublicKeyToken=null" name="fPointConstructorTest" />
    </UnitTest>
    <UnitTest name="getX_AgeTest" storage="c:\users\mikelwhitehead\performanceprogression\prototype backup\prototypefinal\mathtest\bin\release\mathtest.dll" id="552294db-0170-dc5a-63c5-6fec173fe182">
      <Execution id="69353f60-b30d-498a-9e99-b00f763a3fe1" />
      <TestMethod codeBase="C:/Users/MikelWhitehead/PerformanceProgression/Prototype BackUp/PrototypeFinal/MathTest/bin/Release/MathTest.DLL" adapterTypeName="Microsoft.VisualStudio.TestTools.TestTypes.Unit.UnitTestAdapter, Microsoft.VisualStudio.QualityTools.Tips.UnitTest.Adapter, Version=10.0.0.0, Culture=neutral, PublicKeyToken=b03f5f7f11d50a3a" className="MathTest.fPointTest, MathTest, Version=1.0.0.0, Culture=neutral, PublicKeyToken=null" name="getX_AgeTest" />
    </UnitTest>
    <UnitTest name="Matrix3x3Test" storage="c:\users\mikelwhitehead\performanceprogression\prototype backup\prototypefinal\mathtest\bin\release\mathtest.dll" id="bda542f6-870e-fb28-9310-2ebbbe076c3c">
      <DeploymentItems>
        <DeploymentItem filename="Attempt1MathCalculation.exe" />
      </DeploymentItems>
      <Execution id="4a3b59e4-a296-4219-9399-627ca6cf0645" />
      <TestMethod codeBase="C:/Users/MikelWhitehead/PerformanceProgression/Prototype BackUp/PrototypeFinal/MathTest/bin/Release/MathTest.DLL" adapterTypeName="Microsoft.VisualStudio.TestTools.TestTypes.Unit.UnitTestAdapter, Microsoft.VisualStudio.QualityTools.Tips.UnitTest.Adapter, Version=10.0.0.0, Culture=neutral, PublicKeyToken=b03f5f7f11d50a3a" className="MathTest.PolynomialTest, MathTest, Version=1.0.0.0, Culture=neutral, PublicKeyToken=null" name="Matrix3x3Test" />
    </UnitTest>
  </TestDefinitions>
  <TestLists>
    <TestList name="Results Not in a List" id="8c84fa94-04c1-424b-9868-57a2d4851a1d" />
    <TestList name="All Loaded Results" id="19431567-8539-422a-85d7-44ee4e166bda" />
  </TestLists>
  <TestEntries>
    <TestEntry testId="0c305af0-c245-9aab-6bfe-c1da9b13002c" executionId="f4a23a74-6ecb-4f5f-9d1f-559be4b13b70" testListId="8c84fa94-04c1-424b-9868-57a2d4851a1d" />
    <TestEntry testId="24a6e050-39fd-54bd-89ff-ec853af13623" executionId="7b3b8570-7fc6-4c0b-9428-39ba853222b8" testListId="8c84fa94-04c1-424b-9868-57a2d4851a1d" />
    <TestEntry testId="2afe3280-42e9-907d-64b9-b80b80ac804d" executionId="12f997d4-8ba2-4f49-ad2a-a043632542de" testListId="8c84fa94-04c1-424b-9868-57a2d4851a1d" />
    <TestEntry testId="36a0b714-e539-bf30-c8d0-2737f2a7c9a6" executionId="36750e40-5c37-4144-b9fc-e9107d7545cb" testListId="8c84fa94-04c1-424b-9868-57a2d4851a1d" />
    <TestEntry testId="552294db-0170-dc5a-63c5-6fec173fe182" executionId="69353f60-b30d-498a-9e99-b00f763a3fe1" testListId="8c84fa94-04c1-424b-9868-57a2d4851a1d" />
    <TestEntry testId="9d155d54-a4e2-aec3-1df6-42140bffb82b" executionId="d7e1249c-18f6-4649-b229-0c04b5e04242" testListId="8c84fa94-04c1-424b-9868-57a2d4851a1d" />
    <TestEntry testId="abf48396-4383-6400-f408-afa70e287468" executionId="7d1652da-68a1-4e48-82e0-62ef08c25ff5" testListId="8c84fa94-04c1-424b-9868-57a2d4851a1d" />
    <TestEntry testId="b12df4a2-6274-58a2-18c9-6dbaf2e5e9b4" executionId="49d014e6-0dd7-4f46-a821-0c205a3d0249" testListId="8c84fa94-04c1-424b-9868-57a2d4851a1d" />
    <TestEntry testId="bda542f6-870e-fb28-9310-2ebbbe076c3c" executionId="4a3b59e4-a296-4219-9399-627ca6cf0645" testListId="8c84fa94-04c1-424b-9868-57a2d4851a1d" />
    <TestEntry testId="c0023543-70d8-e8c3-52fb-9f1d5be4c5fc" executionId="54d46b66-7ec2-4ed3-bc33-d644d2538d14" testListId="8c84fa94-04c1-424b-9868-57a2d4851a1d" />
    <TestEntry testId="c7bfa67d-e9e8-b09b-48ea-fdbd29047b8d" executionId="09f6f178-8f70-4a0c-834a-ed8fa59ef8d0" testListId="8c84fa94-04c1-424b-9868-57a2d4851a1d" />
    <TestEntry testId="c7c20f1e-4e8e-1b1e-7113-05222dfd0ed4" executionId="2204ba25-c405-41a9-bdc5-473e264363d1" testListId="8c84fa94-04c1-424b-9868-57a2d4851a1d" />
    <TestEntry testId="e7d30bbf-6029-b18e-67cc-bd80a406e438" executionId="0636e44a-cdf3-433d-aa52-c923e44a3a62" testListId="8c84fa94-04c1-424b-9868-57a2d4851a1d" />
    <TestEntry testId="ed08e473-2dba-4d18-da59-9cb539de914d" executionId="7c6d606b-b0a5-48eb-a92b-364b1d9bc72a" testListId="8c84fa94-04c1-424b-9868-57a2d4851a1d" />
    <TestEntry testId="f3ec8005-cb58-d098-004f-c9fcb2d1f649" executionId="5e85803e-6a19-466f-800f-5b430ebf7056" testListId="8c84fa94-04c1-424b-9868-57a2d4851a1d" />
    <TestEntry testId="fbb0dd6e-b7dd-8f92-d511-30c119a8406c" executionId="5f7f8abd-2357-4139-9b6d-5ead5cb15272" testListId="8c84fa94-04c1-424b-9868-57a2d4851a1d" />
    <TestEntry testId="fdc600d9-be0d-02d4-169a-cc986a42ef6d" executionId="d03515b3-182e-4033-93bc-a4de61392121" testListId="8c84fa94-04c1-424b-9868-57a2d4851a1d" />
  </TestEntries>
  <Results>
    <UnitTestResult executionId="f4a23a74-6ecb-4f5f-9d1f-559be4b13b70" testId="0c305af0-c245-9aab-6bfe-c1da9b13002c" testName="fPointConstructorTest" computerName="WHEATLY" duration="00:00:00.0235588" startTime="2012-08-01T13:42:44.1948923+12:00" endTime="2012-08-01T13:42:44.5539128+12:00" testType="13cdc9d9-ddb5-4fa4-a97d-d965ccfc6d4b" outcome="Passed" testListId="8c84fa94-04c1-424b-9868-57a2d4851a1d" relativeResultsDirectory="f4a23a74-6ecb-4f5f-9d1f-559be4b13b70">
    </UnitTestResult>
    <UnitTestResult executionId="7b3b8570-7fc6-4c0b-9428-39ba853222b8" testId="24a6e050-39fd-54bd-89ff-ec853af13623" testName="setX_AgeTest" computerName="WHEATLY" duration="00:00:00.0003516" startTime="2012-08-01T13:42:44.5689137+12:00" endTime="2012-08-01T13:42:44.5809144+12:00" testType="13cdc9d9-ddb5-4fa4-a97d-d965ccfc6d4b" outcome="Passed" testListId="8c84fa94-04c1-424b-9868-57a2d4851a1d" relativeResultsDirectory="7b3b8570-7fc6-4c0b-9428-39ba853222b8">
    </UnitTestResult>
    <UnitTestResult executionId="12f997d4-8ba2-4f49-ad2a-a043632542de" testId="2afe3280-42e9-907d-64b9-b80b80ac804d" testName="SecondOrderPolynomialTest1" computerName="WHEATLY" duration="00:00:00.0111245" startTime="2012-08-01T13:42:44.5969153+12:00" endTime="2012-08-01T13:42:44.6169164+12:00" testType="13cdc9d9-ddb5-4fa4-a97d-d965ccfc6d4b" outcome="Passed" testListId="8c84fa94-04c1-424b-9868-57a2d4851a1d" relativeResultsDirectory="12f997d4-8ba2-4f49-ad2a-a043632542de">
    </UnitTestResult>
    <UnitTestResult executionId="36750e40-5c37-4144-b9fc-e9107d7545cb" testId="36a0b714-e539-bf30-c8d0-2737f2a7c9a6" testName="fPointConstructorTest1" computerName="WHEATLY" duration="00:00:00.0016691" startTime="2012-08-01T13:42:44.6199166+12:00" endTime="2012-08-01T13:42:44.6309172+12:00" testType="13cdc9d9-ddb5-4fa4-a97d-d965ccfc6d4b" outcome="Passed" testListId="8c84fa94-04c1-424b-9868-57a2d4851a1d" relativeResultsDirectory="36750e40-5c37-4144-b9fc-e9107d7545cb">
    </UnitTestResult>
    <UnitTestResult executionId="69353f60-b30d-498a-9e99-b00f763a3fe1" testId="552294db-0170-dc5a-63c5-6fec173fe182" testName="getX_AgeTest" computerName="WHEATLY" duration="00:00:00.0003747" startTime="2012-08-01T13:42:44.6349175+12:00" endTime="2012-08-01T13:42:44.6559187+12:00" testType="13cdc9d9-ddb5-4fa4-a97d-d965ccfc6d4b" outcome="Passed" testListId="8c84fa94-04c1-424b-9868-57a2d4851a1d" relativeResultsDirectory="69353f60-b30d-498a-9e99-b00f763a3fe1">
    </UnitTestResult>
    <UnitTestResult executionId="d7e1249c-18f6-4649-b229-0c04b5e04242" testId="9d155d54-a4e2-aec3-1df6-42140bffb82b" testName="getY_Value_AsDateTest" computerName="WHEATLY" duration="00:00:00.0004215" startTime="2012-08-01T13:42:44.6659192+12:00" endTime="2012-08-01T13:42:44.6749198+12:00" testType="13cdc9d9-ddb5-4fa4-a97d-d965ccfc6d4b" outcome="Passed" testListId="8c84fa94-04c1-424b-9868-57a2d4851a1d" relativeResultsDirectory="d7e1249c-18f6-4649-b229-0c04b5e04242">
    </UnitTestResult>
    <UnitTestResult executionId="7d1652da-68a1-4e48-82e0-62ef08c25ff5" testId="abf48396-4383-6400-f408-afa70e287468" testName="setY_ValueTest" computerName="WHEATLY" duration="00:00:00.0003522" startTime="2012-08-01T13:42:44.6779199+12:00" endTime="2012-08-01T13:42:44.6889206+12:00" testType="13cdc9d9-ddb5-4fa4-a97d-d965ccfc6d4b" outcome="Passed" testListId="8c84fa94-04c1-424b-9868-57a2d4851a1d" relativeResultsDirectory="7d1652da-68a1-4e48-82e0-62ef08c25ff5">
    </UnitTestResult>
    <UnitTestResult executionId="49d014e6-0dd7-4f46-a821-0c205a3d0249" testId="b12df4a2-6274-58a2-18c9-6dbaf2e5e9b4" testName="fPointConstructorTest2" computerName="WHEATLY" duration="00:00:00.0004749" startTime="2012-08-01T13:42:44.6939208+12:00" endTime="2012-08-01T13:42:44.7029214+12:00" testType="13cdc9d9-ddb5-4fa4-a97d-d965ccfc6d4b" outcome="Passed" testListId="8c84fa94-04c1-424b-9868-57a2d4851a1d" relativeResultsDirectory="49d014e6-0dd7-4f46-a821-0c205a3d0249">
    </UnitTestResult>
    <UnitTestResult executionId="4a3b59e4-a296-4219-9399-627ca6cf0645" testId="bda542f6-870e-fb28-9310-2ebbbe076c3c" testName="Matrix3x3Test" computerName="WHEATLY" duration="00:00:00.0013109" startTime="2012-08-01T13:42:44.7069216+12:00" endTime="2012-08-01T13:42:44.7159221+12:00" testType="13cdc9d9-ddb5-4fa4-a97d-d965ccfc6d4b" outcome="Passed" testListId="8c84fa94-04c1-424b-9868-57a2d4851a1d" relativeResultsDirectory="4a3b59e4-a296-4219-9399-627ca6cf0645">
    </UnitTestResult>
    <UnitTestResult executionId="54d46b66-7ec2-4ed3-bc33-d644d2538d14" testId="c0023543-70d8-e8c3-52fb-9f1d5be4c5fc" testName="Matrix1x3Test" computerName="WHEATLY" duration="00:00:00.0011424" startTime="2012-08-01T13:42:44.7279228+12:00" endTime="2012-08-01T13:42:44.7399235+12:00" testType="13cdc9d9-ddb5-4fa4-a97d-d965ccfc6d4b" outcome="Passed" testListId="8c84fa94-04c1-424b-9868-57a2d4851a1d" relativeResultsDirectory="54d46b66-7ec2-4ed3-bc33-d644d2538d14">
    </UnitTestResult>
    <UnitTestResult executionId="09f6f178-8f70-4a0c-834a-ed8fa59ef8d0" testId="c7bfa67d-e9e8-b09b-48ea-fdbd29047b8d" testName="SecondOrderPolynomialTest2" computerName="WHEATLY" duration="00:00:00.0367470" startTime="2012-08-01T13:42:44.7449238+12:00" endTime="2012-08-01T13:42:44.7879262+12:00" testType="13cdc9d9-ddb5-4fa4-a97d-d965ccfc6d4b" outcome="Failed" testListId="8c84fa94-04c1-424b-9868-57a2d4851a1d" relativeResultsDirectory="09f6f178-8f70-4a0c-834a-ed8fa59ef8d0">
      <Output>
        <ErrorInfo>
          <Message>Assert.AreEqual failed. Expected:&lt;-19.9999980926514&gt;. Actual:&lt;-19.9999977387488&gt;. </Message>
          <StackTrace>   at MathTest.PolynomialTest.SecondOrderPolynomialTest2() in C:\Users\MikelWhitehead\PerformanceProgression\Prototype BackUp\PrototypeFinal\MathTest\PolynomialGraphTest.cs:line 99
</StackTrace>
        </ErrorInfo>
      </Output>
    </UnitTestResult>
    <UnitTestResult executionId="2204ba25-c405-41a9-bdc5-473e264363d1" testId="c7c20f1e-4e8e-1b1e-7113-05222dfd0ed4" testName="SecondOrderPolynomialTest3" computerName="WHEATLY" duration="00:00:00.0034434" startTime="2012-08-01T13:42:44.8059272+12:00" endTime="2012-08-01T13:42:44.8279285+12:00" testType="13cdc9d9-ddb5-4fa4-a97d-d965ccfc6d4b" outcome="Failed" testListId="8c84fa94-04c1-424b-9868-57a2d4851a1d" relativeResultsDirectory="2204ba25-c405-41a9-bdc5-473e264363d1">
      <Output>
        <ErrorInfo>
          <Message>Assert.AreEqual failed. Expected:&lt;63.4621200561523&gt;. Actual:&lt;63.462121212121&gt;. </Message>
          <StackTrace>   at MathTest.PolynomialTest.SecondOrderPolynomialTest3() in C:\Users\MikelWhitehead\PerformanceProgression\Prototype BackUp\PrototypeFinal\MathTest\PolynomialGraphTest.cs:line 119
</StackTrace>
        </ErrorInfo>
      </Output>
    </UnitTestResult>
    <UnitTestResult executionId="0636e44a-cdf3-433d-aa52-c923e44a3a62" testId="e7d30bbf-6029-b18e-67cc-bd80a406e438" testName="getNameTest" computerName="WHEATLY" duration="00:00:00.0004243" startTime="2012-08-01T13:42:44.8399292+12:00" endTime="2012-08-01T13:42:44.8759313+12:00" testType="13cdc9d9-ddb5-4fa4-a97d-d965ccfc6d4b" outcome="Passed" testListId="8c84fa94-04c1-424b-9868-57a2d4851a1d" relativeResultsDirectory="0636e44a-cdf3-433d-aa52-c923e44a3a62">
    </UnitTestResult>
    <UnitTestResult executionId="7c6d606b-b0a5-48eb-a92b-364b1d9bc72a" testId="ed08e473-2dba-4d18-da59-9cb539de914d" testName="Matrix3x3InverseTest" computerName="WHEATLY" duration="00:00:00.0040086" startTime="2012-08-01T13:42:44.8799315+12:00" endTime="2012-08-01T13:42:44.8939323+12:00" testType="13cdc9d9-ddb5-4fa4-a97d-d965ccfc6d4b" outcome="Failed" testListId="8c84fa94-04c1-424b-9868-57a2d4851a1d" relativeResultsDirectory="7c6d606b-b0a5-48eb-a92b-364b1d9bc72a">
      <Output>
        <ErrorInfo>
          <Message>Assert.AreEqual failed. Expected:&lt;6.44999980926514&gt;. Actual:&lt;6.45&gt;. </Message>
          <StackTrace>   at MathTest.PolynomialTest.Matrix3x3InverseTest() in C:\Users\MikelWhitehead\PerformanceProgression\Prototype BackUp\PrototypeFinal\MathTest\PolynomialGraphTest.cs:line 194
</StackTrace>
        </ErrorInfo>
      </Output>
    </UnitTestResult>
    <UnitTestResult executionId="5e85803e-6a19-466f-800f-5b430ebf7056" testId="f3ec8005-cb58-d098-004f-c9fcb2d1f649" testName="getY_Value_AsdoubleTest" computerName="WHEATLY" duration="00:00:00.0003329" startTime="2012-08-01T13:42:44.8979325+12:00" endTime="2012-08-01T13:42:44.9049329+12:00" testType="13cdc9d9-ddb5-4fa4-a97d-d965ccfc6d4b" outcome="Passed" testListId="8c84fa94-04c1-424b-9868-57a2d4851a1d" relativeResultsDirectory="5e85803e-6a19-466f-800f-5b430ebf7056">
    </UnitTestResult>
    <UnitTestResult executionId="5f7f8abd-2357-4139-9b6d-5ead5cb15272" testId="fbb0dd6e-b7dd-8f92-d511-30c119a8406c" testName="getDataTest" computerName="WHEATLY" duration="00:00:00.0016884" startTime="2012-08-01T13:42:44.9089331+12:00" endTime="2012-08-01T13:42:44.9189337+12:00" testType="13cdc9d9-ddb5-4fa4-a97d-d965ccfc6d4b" outcome="Passed" testListId="8c84fa94-04c1-424b-9868-57a2d4851a1d" relativeResultsDirectory="5f7f8abd-2357-4139-9b6d-5ead5cb15272">
    </UnitTestResult>
    <UnitTestResult executionId="d03515b3-182e-4033-93bc-a4de61392121" testId="fdc600d9-be0d-02d4-169a-cc986a42ef6d" testName="getStatusTest" computerName="WHEATLY" duration="00:00:00.0003120" startTime="2012-08-01T13:42:44.9309344+12:00" endTime="2012-08-01T13:42:44.9379348+12:00" testType="13cdc9d9-ddb5-4fa4-a97d-d965ccfc6d4b" outcome="Passed" testListId="8c84fa94-04c1-424b-9868-57a2d4851a1d" relativeResultsDirectory="d03515b3-182e-4033-93bc-a4de61392121">
    </UnitTestResult>
  </Results>
</TestRun>