<?xml version="1.0" encoding="UTF-8"?>
<TestRun id="0925b3d9-3e5a-4397-bc7b-341498070723" name="Joris@JORIS-PC 2012-06-11 20:13:31" runUser="Joris-PC\Joris" xmlns="http://microsoft.com/schemas/VisualStudio/TeamTest/2010">
  <TestSettings name="Local" id="a523dc7b-8ddb-43ec-9e72-2285008632b5">
    <Description>These are default test settings for a local test run.</Description>
    <Deployment enabled="false" runDeploymentRoot="Joris_JORIS-PC 2012-06-11 20_13_31">
      <DeploymentItem filename="c:\users\joris\documents\visual studio 2010\Projects\Attempt1MathCalculation\Attempt1MathCalculation\bin\Debug\Attempt1MathCalculation.exe" />
    </Deployment>
    <Execution>
      <TestTypeSpecific />
      <AgentRule name="Execution Agents">
      </AgentRule>
    </Execution>
  </TestSettings>
  <Times creation="2012-06-11T20:13:31.9678079+12:00" queuing="2012-06-11T20:13:31.9798086+12:00" start="2012-06-11T20:13:31.9878091+12:00" finish="2012-06-11T20:13:32.4228339+12:00" />
  <ResultSummary outcome="Completed">
    <Counters total="2" executed="2" passed="2" error="0" failed="0" timeout="0" aborted="0" inconclusive="0" passedButRunAborted="0" notRunnable="0" notExecuted="0" disconnected="0" warning="0" completed="0" inProgress="0" pending="0" />
  </ResultSummary>
  <TestDefinitions>
    <UnitTest name="Matrix1x3Test" storage="c:\users\joris\documents\visual studio 2010\projects\attempt1mathcalculation\mathtest\bin\debug\mathtest.dll" id="1e8cbc7f-21ac-98d8-76bf-fa7f09566a8f">
      <Execution id="45610d7d-7d6f-4a6f-b65c-7634bcb20153" />
      <TestMethod codeBase="c:/users/joris/documents/visual studio 2010/Projects/Attempt1MathCalculation/MathTest/bin/Debug/MathTest.DLL" adapterTypeName="Microsoft.VisualStudio.TestTools.TestTypes.Unit.UnitTestAdapter, Microsoft.VisualStudio.QualityTools.Tips.UnitTest.Adapter, Version=10.0.0.0, Culture=neutral, PublicKeyToken=b03f5f7f11d50a3a" className="MathTest.Form1Test, MathTest, Version=1.0.0.0, Culture=neutral, PublicKeyToken=null" name="Matrix1x3Test" />
    </UnitTest>
    <UnitTest name="SecondOrderPolynomialTest" storage="c:\users\joris\documents\visual studio 2010\projects\attempt1mathcalculation\mathtest\bin\debug\mathtest.dll" id="0d09a0c5-2876-2709-9e38-b1b102e382d2">
      <Execution id="8aa49ca4-85c1-4e47-bf3e-21de5bd67c55" />
      <TestMethod codeBase="c:/users/joris/documents/visual studio 2010/Projects/Attempt1MathCalculation/MathTest/bin/Debug/MathTest.DLL" adapterTypeName="Microsoft.VisualStudio.TestTools.TestTypes.Unit.UnitTestAdapter, Microsoft.VisualStudio.QualityTools.Tips.UnitTest.Adapter, Version=10.0.0.0, Culture=neutral, PublicKeyToken=b03f5f7f11d50a3a" className="MathTest.Form1Test, MathTest, Version=1.0.0.0, Culture=neutral, PublicKeyToken=null" name="SecondOrderPolynomialTest" />
    </UnitTest>
  </TestDefinitions>
  <TestLists>
    <TestList name="Results Not in a List" id="8c84fa94-04c1-424b-9868-57a2d4851a1d" />
    <TestList name="All Loaded Results" id="19431567-8539-422a-85d7-44ee4e166bda" />
  </TestLists>
  <TestEntries>
    <TestEntry testId="0d09a0c5-2876-2709-9e38-b1b102e382d2" executionId="8aa49ca4-85c1-4e47-bf3e-21de5bd67c55" testListId="8c84fa94-04c1-424b-9868-57a2d4851a1d" />
    <TestEntry testId="1e8cbc7f-21ac-98d8-76bf-fa7f09566a8f" executionId="45610d7d-7d6f-4a6f-b65c-7634bcb20153" testListId="8c84fa94-04c1-424b-9868-57a2d4851a1d" />
  </TestEntries>
  <Results>
    <UnitTestResult executionId="8aa49ca4-85c1-4e47-bf3e-21de5bd67c55" testId="0d09a0c5-2876-2709-9e38-b1b102e382d2" testName="SecondOrderPolynomialTest" computerName="JORIS-PC" duration="00:00:00.0168817" startTime="2012-06-11T20:13:32.0138105+12:00" endTime="2012-06-11T20:13:32.1988211+12:00" testType="13cdc9d9-ddb5-4fa4-a97d-d965ccfc6d4b" outcome="Passed" testListId="8c84fa94-04c1-424b-9868-57a2d4851a1d" relativeResultsDirectory="8aa49ca4-85c1-4e47-bf3e-21de5bd67c55">
    </UnitTestResult>
    <UnitTestResult executionId="45610d7d-7d6f-4a6f-b65c-7634bcb20153" testId="1e8cbc7f-21ac-98d8-76bf-fa7f09566a8f" testName="Matrix1x3Test" computerName="JORIS-PC" duration="00:00:00.0008329" startTime="2012-06-11T20:13:32.1998212+12:00" endTime="2012-06-11T20:13:32.2048215+12:00" testType="13cdc9d9-ddb5-4fa4-a97d-d965ccfc6d4b" outcome="Passed" testListId="8c84fa94-04c1-424b-9868-57a2d4851a1d" relativeResultsDirectory="45610d7d-7d6f-4a6f-b65c-7634bcb20153">
    </UnitTestResult>
  </Results>
</TestRun>