<?xml version="1.0" encoding="UTF-8"?>
<TestRun id="01880a75-b250-492b-9b63-85aca7ad5246" name="Joris@JORIS-PC 2012-06-19 14:13:33" runUser="Joris-PC\Joris" xmlns="http://microsoft.com/schemas/VisualStudio/TeamTest/2010">
  <TestSettings name="Local" id="a523dc7b-8ddb-43ec-9e72-2285008632b5">
    <Description>These are default test settings for a local test run.</Description>
    <Deployment enabled="false" runDeploymentRoot="Joris_JORIS-PC 2012-06-19 14_13_33">
      <DeploymentItem filename="C:\Users\Joris\PerformanceProgression\GraphCalculator\Attempt1MathCalculation\MathTest\bin\Debug\ZedGraph.dll" />
      <DeploymentItem filename="C:\Users\Joris\PerformanceProgression\GraphCalculator\Attempt1MathCalculation\Attempt1MathCalculation\bin\Debug\Attempt1MathCalculation.exe" />
    </Deployment>
    <Execution>
      <TestTypeSpecific />
      <AgentRule name="Execution Agents">
      </AgentRule>
    </Execution>
  </TestSettings>
  <Times creation="2012-06-19T14:13:33.1209215+12:00" queuing="2012-06-19T14:13:33.1529234+12:00" start="2012-06-19T14:13:33.1619239+12:00" finish="2012-06-19T14:13:33.4859424+12:00" />
  <ResultSummary outcome="Completed">
    <Counters total="15" executed="15" passed="15" error="0" failed="0" timeout="0" aborted="0" inconclusive="0" passedButRunAborted="0" notRunnable="0" notExecuted="0" disconnected="0" warning="0" completed="0" inProgress="0" pending="0" />
  </ResultSummary>
  <TestDefinitions>
    <UnitTest name="X_DateTest" storage="c:\users\joris\performanceprogression\graphcalculator\attempt1mathcalculation\mathtest\bin\debug\mathtest.dll" id="d228be95-61b5-faa5-8d6e-f14f7eb3077b">
      <Execution id="c9f963a1-8a26-435d-9445-931c6f43e0ff" />
      <TestMethod codeBase="C:/Users/Joris/PerformanceProgression/GraphCalculator/Attempt1MathCalculation/MathTest/bin/Debug/MathTest.DLL" adapterTypeName="Microsoft.VisualStudio.TestTools.TestTypes.Unit.UnitTestAdapter, Microsoft.VisualStudio.QualityTools.Tips.UnitTest.Adapter, Version=10.0.0.0, Culture=neutral, PublicKeyToken=b03f5f7f11d50a3a" className="MathTest.fPointTest, MathTest, Version=1.0.0.0, Culture=neutral, PublicKeyToken=null" name="X_DateTest" />
    </UnitTest>
    <UnitTest name="setY_ValueTestTime" storage="c:\users\joris\performanceprogression\graphcalculator\attempt1mathcalculation\mathtest\bin\debug\mathtest.dll" id="f34a02a7-139c-5db6-f66c-3a47e661f645">
      <Execution id="b46ba145-5bb4-41ba-9255-14b51d642561" />
      <TestMethod codeBase="C:/Users/Joris/PerformanceProgression/GraphCalculator/Attempt1MathCalculation/MathTest/bin/Debug/MathTest.DLL" adapterTypeName="Microsoft.VisualStudio.TestTools.TestTypes.Unit.UnitTestAdapter, Microsoft.VisualStudio.QualityTools.Tips.UnitTest.Adapter, Version=10.0.0.0, Culture=neutral, PublicKeyToken=b03f5f7f11d50a3a" className="MathTest.fPointTest, MathTest, Version=1.0.0.0, Culture=neutral, PublicKeyToken=null" name="setY_ValueTestTime" />
    </UnitTest>
    <UnitTest name="getStatusTest" storage="c:\users\joris\performanceprogression\graphcalculator\attempt1mathcalculation\mathtest\bin\debug\mathtest.dll" id="fdc600d9-be0d-02d4-169a-cc986a42ef6d">
      <Execution id="5dd3998e-4308-427d-a31d-a778fa6e8670" />
      <TestMethod codeBase="C:/Users/Joris/PerformanceProgression/GraphCalculator/Attempt1MathCalculation/MathTest/bin/Debug/MathTest.DLL" adapterTypeName="Microsoft.VisualStudio.TestTools.TestTypes.Unit.UnitTestAdapter, Microsoft.VisualStudio.QualityTools.Tips.UnitTest.Adapter, Version=10.0.0.0, Culture=neutral, PublicKeyToken=b03f5f7f11d50a3a" className="MathTest.AthletesTest, MathTest, Version=1.0.0.0, Culture=neutral, PublicKeyToken=null" name="getStatusTest" />
    </UnitTest>
    <UnitTest name="Y_TimeTests" storage="c:\users\joris\performanceprogression\graphcalculator\attempt1mathcalculation\mathtest\bin\debug\mathtest.dll" id="d1fa94a7-6865-fc7b-f171-2c89f4cfa0b5">
      <Execution id="89f17bec-baf7-4af6-aa15-a75a1e2929db" />
      <TestMethod codeBase="C:/Users/Joris/PerformanceProgression/GraphCalculator/Attempt1MathCalculation/MathTest/bin/Debug/MathTest.DLL" adapterTypeName="Microsoft.VisualStudio.TestTools.TestTypes.Unit.UnitTestAdapter, Microsoft.VisualStudio.QualityTools.Tips.UnitTest.Adapter, Version=10.0.0.0, Culture=neutral, PublicKeyToken=b03f5f7f11d50a3a" className="MathTest.fPointTest, MathTest, Version=1.0.0.0, Culture=neutral, PublicKeyToken=null" name="Y_TimeTests" />
    </UnitTest>
    <UnitTest name="getNameTest" storage="c:\users\joris\performanceprogression\graphcalculator\attempt1mathcalculation\mathtest\bin\debug\mathtest.dll" id="e7d30bbf-6029-b18e-67cc-bd80a406e438">
      <Execution id="77640ccd-9802-4d20-9f39-d0d3047f8e52" />
      <TestMethod codeBase="C:/Users/Joris/PerformanceProgression/GraphCalculator/Attempt1MathCalculation/MathTest/bin/Debug/MathTest.DLL" adapterTypeName="Microsoft.VisualStudio.TestTools.TestTypes.Unit.UnitTestAdapter, Microsoft.VisualStudio.QualityTools.Tips.UnitTest.Adapter, Version=10.0.0.0, Culture=neutral, PublicKeyToken=b03f5f7f11d50a3a" className="MathTest.AthletesTest, MathTest, Version=1.0.0.0, Culture=neutral, PublicKeyToken=null" name="getNameTest" />
    </UnitTest>
    <UnitTest name="setY_ValueTestDouble" storage="c:\users\joris\performanceprogression\graphcalculator\attempt1mathcalculation\mathtest\bin\debug\mathtest.dll" id="63325f22-7d10-67cf-eef9-86a620d2144c">
      <Execution id="06db1101-0a6d-4921-8585-7d2e46680ff2" />
      <TestMethod codeBase="C:/Users/Joris/PerformanceProgression/GraphCalculator/Attempt1MathCalculation/MathTest/bin/Debug/MathTest.DLL" adapterTypeName="Microsoft.VisualStudio.TestTools.TestTypes.Unit.UnitTestAdapter, Microsoft.VisualStudio.QualityTools.Tips.UnitTest.Adapter, Version=10.0.0.0, Culture=neutral, PublicKeyToken=b03f5f7f11d50a3a" className="MathTest.fPointTest, MathTest, Version=1.0.0.0, Culture=neutral, PublicKeyToken=null" name="setY_ValueTestDouble" />
    </UnitTest>
    <UnitTest name="Y_TimeTest" storage="c:\users\joris\performanceprogression\graphcalculator\attempt1mathcalculation\mathtest\bin\debug\mathtest.dll" id="94dbcfb7-2c31-a95d-f576-27f5e95bd368">
      <Execution id="1550a231-6d31-47f0-9fff-8f132a4031af" />
      <TestMethod codeBase="C:/Users/Joris/PerformanceProgression/GraphCalculator/Attempt1MathCalculation/MathTest/bin/Debug/MathTest.DLL" adapterTypeName="Microsoft.VisualStudio.TestTools.TestTypes.Unit.UnitTestAdapter, Microsoft.VisualStudio.QualityTools.Tips.UnitTest.Adapter, Version=10.0.0.0, Culture=neutral, PublicKeyToken=b03f5f7f11d50a3a" className="MathTest.fPointTest, MathTest, Version=1.0.0.0, Culture=neutral, PublicKeyToken=null" name="Y_TimeTest" />
    </UnitTest>
    <UnitTest name="Matrix3x3InverseTest" storage="c:\users\joris\performanceprogression\graphcalculator\attempt1mathcalculation\mathtest\bin\debug\mathtest.dll" id="ed08e473-2dba-4d18-da59-9cb539de914d">
      <DeploymentItems>
        <DeploymentItem filename="Attempt1MathCalculation.exe" />
      </DeploymentItems>
      <Execution id="ca52b409-b25b-4b69-a166-7ef477247bdb" />
      <TestMethod codeBase="C:/Users/Joris/PerformanceProgression/GraphCalculator/Attempt1MathCalculation/MathTest/bin/Debug/MathTest.DLL" adapterTypeName="Microsoft.VisualStudio.TestTools.TestTypes.Unit.UnitTestAdapter, Microsoft.VisualStudio.QualityTools.Tips.UnitTest.Adapter, Version=10.0.0.0, Culture=neutral, PublicKeyToken=b03f5f7f11d50a3a" className="MathTest.PolynomialTest, MathTest, Version=1.0.0.0, Culture=neutral, PublicKeyToken=null" name="Matrix3x3InverseTest" />
    </UnitTest>
    <UnitTest name="SecondOrderPolynomialTest" storage="c:\users\joris\performanceprogression\graphcalculator\attempt1mathcalculation\mathtest\bin\debug\mathtest.dll" id="cf8e86af-938d-dc88-28d5-47a0888cbbf6">
      <Execution id="3e24283a-537a-4941-b6ae-a5b185374c13" />
      <TestMethod codeBase="C:/Users/Joris/PerformanceProgression/GraphCalculator/Attempt1MathCalculation/MathTest/bin/Debug/MathTest.DLL" adapterTypeName="Microsoft.VisualStudio.TestTools.TestTypes.Unit.UnitTestAdapter, Microsoft.VisualStudio.QualityTools.Tips.UnitTest.Adapter, Version=10.0.0.0, Culture=neutral, PublicKeyToken=b03f5f7f11d50a3a" className="MathTest.PolynomialTest, MathTest, Version=1.0.0.0, Culture=neutral, PublicKeyToken=null" name="SecondOrderPolynomialTest" />
    </UnitTest>
    <UnitTest name="setX_DateTest" storage="c:\users\joris\performanceprogression\graphcalculator\attempt1mathcalculation\mathtest\bin\debug\mathtest.dll" id="30998afc-2944-e13b-f8b3-3e8bf0e1ce4f">
      <Execution id="9f48de13-488a-4f63-92db-85ea884e0398" />
      <TestMethod codeBase="C:/Users/Joris/PerformanceProgression/GraphCalculator/Attempt1MathCalculation/MathTest/bin/Debug/MathTest.DLL" adapterTypeName="Microsoft.VisualStudio.TestTools.TestTypes.Unit.UnitTestAdapter, Microsoft.VisualStudio.QualityTools.Tips.UnitTest.Adapter, Version=10.0.0.0, Culture=neutral, PublicKeyToken=b03f5f7f11d50a3a" className="MathTest.fPointTest, MathTest, Version=1.0.0.0, Culture=neutral, PublicKeyToken=null" name="setX_DateTest" />
    </UnitTest>
    <UnitTest name="Y_DistanceTest" storage="c:\users\joris\performanceprogression\graphcalculator\attempt1mathcalculation\mathtest\bin\debug\mathtest.dll" id="5daea82e-210e-64b5-5f47-c70057d506bf">
      <Execution id="bdb7d7ad-d154-4a33-8dbb-8694da93278e" />
      <TestMethod codeBase="C:/Users/Joris/PerformanceProgression/GraphCalculator/Attempt1MathCalculation/MathTest/bin/Debug/MathTest.DLL" adapterTypeName="Microsoft.VisualStudio.TestTools.TestTypes.Unit.UnitTestAdapter, Microsoft.VisualStudio.QualityTools.Tips.UnitTest.Adapter, Version=10.0.0.0, Culture=neutral, PublicKeyToken=b03f5f7f11d50a3a" className="MathTest.fPointTest, MathTest, Version=1.0.0.0, Culture=neutral, PublicKeyToken=null" name="Y_DistanceTest" />
    </UnitTest>
    <UnitTest name="getDataTest" storage="c:\users\joris\performanceprogression\graphcalculator\attempt1mathcalculation\mathtest\bin\debug\mathtest.dll" id="fbb0dd6e-b7dd-8f92-d511-30c119a8406c">
      <Execution id="6db24995-89de-442d-8e7c-b1fd0430d0b6" />
      <TestMethod codeBase="C:/Users/Joris/PerformanceProgression/GraphCalculator/Attempt1MathCalculation/MathTest/bin/Debug/MathTest.DLL" adapterTypeName="Microsoft.VisualStudio.TestTools.TestTypes.Unit.UnitTestAdapter, Microsoft.VisualStudio.QualityTools.Tips.UnitTest.Adapter, Version=10.0.0.0, Culture=neutral, PublicKeyToken=b03f5f7f11d50a3a" className="MathTest.AthletesTest, MathTest, Version=1.0.0.0, Culture=neutral, PublicKeyToken=null" name="getDataTest" />
    </UnitTest>
    <UnitTest name="Matrix1x3Test" storage="c:\users\joris\performanceprogression\graphcalculator\attempt1mathcalculation\mathtest\bin\debug\mathtest.dll" id="c0023543-70d8-e8c3-52fb-9f1d5be4c5fc">
      <Execution id="574ec5ec-c352-4f76-ad38-b226e3e4b940" />
      <TestMethod codeBase="C:/Users/Joris/PerformanceProgression/GraphCalculator/Attempt1MathCalculation/MathTest/bin/Debug/MathTest.DLL" adapterTypeName="Microsoft.VisualStudio.TestTools.TestTypes.Unit.UnitTestAdapter, Microsoft.VisualStudio.QualityTools.Tips.UnitTest.Adapter, Version=10.0.0.0, Culture=neutral, PublicKeyToken=b03f5f7f11d50a3a" className="MathTest.PolynomialTest, MathTest, Version=1.0.0.0, Culture=neutral, PublicKeyToken=null" name="Matrix1x3Test" />
    </UnitTest>
    <UnitTest name="Matrix3x3Test" storage="c:\users\joris\performanceprogression\graphcalculator\attempt1mathcalculation\mathtest\bin\debug\mathtest.dll" id="bda542f6-870e-fb28-9310-2ebbbe076c3c">
      <DeploymentItems>
        <DeploymentItem filename="Attempt1MathCalculation.exe" />
      </DeploymentItems>
      <Execution id="f1220c0a-8008-48d7-a55c-9a0aa0899092" />
      <TestMethod codeBase="C:/Users/Joris/PerformanceProgression/GraphCalculator/Attempt1MathCalculation/MathTest/bin/Debug/MathTest.DLL" adapterTypeName="Microsoft.VisualStudio.TestTools.TestTypes.Unit.UnitTestAdapter, Microsoft.VisualStudio.QualityTools.Tips.UnitTest.Adapter, Version=10.0.0.0, Culture=neutral, PublicKeyToken=b03f5f7f11d50a3a" className="MathTest.PolynomialTest, MathTest, Version=1.0.0.0, Culture=neutral, PublicKeyToken=null" name="Matrix3x3Test" />
    </UnitTest>
    <UnitTest name="ToStringTest" storage="c:\users\joris\performanceprogression\graphcalculator\attempt1mathcalculation\mathtest\bin\debug\mathtest.dll" id="6467f6a3-7df3-7605-d2c6-875a5bc201ab">
      <Execution id="0ca7c6a7-5ae2-4f4a-aff1-481c47283a2d" />
      <TestMethod codeBase="C:/Users/Joris/PerformanceProgression/GraphCalculator/Attempt1MathCalculation/MathTest/bin/Debug/MathTest.DLL" adapterTypeName="Microsoft.VisualStudio.TestTools.TestTypes.Unit.UnitTestAdapter, Microsoft.VisualStudio.QualityTools.Tips.UnitTest.Adapter, Version=10.0.0.0, Culture=neutral, PublicKeyToken=b03f5f7f11d50a3a" className="MathTest.fPointTest, MathTest, Version=1.0.0.0, Culture=neutral, PublicKeyToken=null" name="ToStringTest" />
    </UnitTest>
  </TestDefinitions>
  <TestLists>
    <TestList name="Results Not in a List" id="8c84fa94-04c1-424b-9868-57a2d4851a1d" />
    <TestList name="All Loaded Results" id="19431567-8539-422a-85d7-44ee4e166bda" />
  </TestLists>
  <TestEntries>
    <TestEntry testId="30998afc-2944-e13b-f8b3-3e8bf0e1ce4f" executionId="9f48de13-488a-4f63-92db-85ea884e0398" testListId="8c84fa94-04c1-424b-9868-57a2d4851a1d" />
    <TestEntry testId="5daea82e-210e-64b5-5f47-c70057d506bf" executionId="bdb7d7ad-d154-4a33-8dbb-8694da93278e" testListId="8c84fa94-04c1-424b-9868-57a2d4851a1d" />
    <TestEntry testId="63325f22-7d10-67cf-eef9-86a620d2144c" executionId="06db1101-0a6d-4921-8585-7d2e46680ff2" testListId="8c84fa94-04c1-424b-9868-57a2d4851a1d" />
    <TestEntry testId="6467f6a3-7df3-7605-d2c6-875a5bc201ab" executionId="0ca7c6a7-5ae2-4f4a-aff1-481c47283a2d" testListId="8c84fa94-04c1-424b-9868-57a2d4851a1d" />
    <TestEntry testId="94dbcfb7-2c31-a95d-f576-27f5e95bd368" executionId="1550a231-6d31-47f0-9fff-8f132a4031af" testListId="8c84fa94-04c1-424b-9868-57a2d4851a1d" />
    <TestEntry testId="bda542f6-870e-fb28-9310-2ebbbe076c3c" executionId="f1220c0a-8008-48d7-a55c-9a0aa0899092" testListId="8c84fa94-04c1-424b-9868-57a2d4851a1d" />
    <TestEntry testId="c0023543-70d8-e8c3-52fb-9f1d5be4c5fc" executionId="574ec5ec-c352-4f76-ad38-b226e3e4b940" testListId="8c84fa94-04c1-424b-9868-57a2d4851a1d" />
    <TestEntry testId="cf8e86af-938d-dc88-28d5-47a0888cbbf6" executionId="3e24283a-537a-4941-b6ae-a5b185374c13" testListId="8c84fa94-04c1-424b-9868-57a2d4851a1d" />
    <TestEntry testId="d1fa94a7-6865-fc7b-f171-2c89f4cfa0b5" executionId="89f17bec-baf7-4af6-aa15-a75a1e2929db" testListId="8c84fa94-04c1-424b-9868-57a2d4851a1d" />
    <TestEntry testId="d228be95-61b5-faa5-8d6e-f14f7eb3077b" executionId="c9f963a1-8a26-435d-9445-931c6f43e0ff" testListId="8c84fa94-04c1-424b-9868-57a2d4851a1d" />
    <TestEntry testId="e7d30bbf-6029-b18e-67cc-bd80a406e438" executionId="77640ccd-9802-4d20-9f39-d0d3047f8e52" testListId="8c84fa94-04c1-424b-9868-57a2d4851a1d" />
    <TestEntry testId="ed08e473-2dba-4d18-da59-9cb539de914d" executionId="ca52b409-b25b-4b69-a166-7ef477247bdb" testListId="8c84fa94-04c1-424b-9868-57a2d4851a1d" />
    <TestEntry testId="f34a02a7-139c-5db6-f66c-3a47e661f645" executionId="b46ba145-5bb4-41ba-9255-14b51d642561" testListId="8c84fa94-04c1-424b-9868-57a2d4851a1d" />
    <TestEntry testId="fbb0dd6e-b7dd-8f92-d511-30c119a8406c" executionId="6db24995-89de-442d-8e7c-b1fd0430d0b6" testListId="8c84fa94-04c1-424b-9868-57a2d4851a1d" />
    <TestEntry testId="fdc600d9-be0d-02d4-169a-cc986a42ef6d" executionId="5dd3998e-4308-427d-a31d-a778fa6e8670" testListId="8c84fa94-04c1-424b-9868-57a2d4851a1d" />
  </TestEntries>
  <Results>
    <UnitTestResult executionId="9f48de13-488a-4f63-92db-85ea884e0398" testId="30998afc-2944-e13b-f8b3-3e8bf0e1ce4f" testName="setX_DateTest" computerName="JORIS-PC" duration="00:00:00.0156317" startTime="2012-06-19T14:13:33.1629239+12:00" endTime="2012-06-19T14:13:33.3439343+12:00" testType="13cdc9d9-ddb5-4fa4-a97d-d965ccfc6d4b" outcome="Passed" testListId="8c84fa94-04c1-424b-9868-57a2d4851a1d" relativeResultsDirectory="9f48de13-488a-4f63-92db-85ea884e0398">
    </UnitTestResult>
    <UnitTestResult executionId="bdb7d7ad-d154-4a33-8dbb-8694da93278e" testId="5daea82e-210e-64b5-5f47-c70057d506bf" testName="Y_DistanceTest" computerName="JORIS-PC" duration="00:00:00.0003194" startTime="2012-06-19T14:13:33.3459344+12:00" endTime="2012-06-19T14:13:33.3509347+12:00" testType="13cdc9d9-ddb5-4fa4-a97d-d965ccfc6d4b" outcome="Passed" testListId="8c84fa94-04c1-424b-9868-57a2d4851a1d" relativeResultsDirectory="bdb7d7ad-d154-4a33-8dbb-8694da93278e">
    </UnitTestResult>
    <UnitTestResult executionId="06db1101-0a6d-4921-8585-7d2e46680ff2" testId="63325f22-7d10-67cf-eef9-86a620d2144c" testName="setY_ValueTestDouble" computerName="JORIS-PC" duration="00:00:00.0003368" startTime="2012-06-19T14:13:33.3519348+12:00" endTime="2012-06-19T14:13:33.3569350+12:00" testType="13cdc9d9-ddb5-4fa4-a97d-d965ccfc6d4b" outcome="Passed" testListId="8c84fa94-04c1-424b-9868-57a2d4851a1d" relativeResultsDirectory="06db1101-0a6d-4921-8585-7d2e46680ff2">
    </UnitTestResult>
    <UnitTestResult executionId="0ca7c6a7-5ae2-4f4a-aff1-481c47283a2d" testId="6467f6a3-7df3-7605-d2c6-875a5bc201ab" testName="ToStringTest" computerName="JORIS-PC" duration="00:00:00.0003087" startTime="2012-06-19T14:13:33.3579351+12:00" endTime="2012-06-19T14:13:33.3659356+12:00" testType="13cdc9d9-ddb5-4fa4-a97d-d965ccfc6d4b" outcome="Passed" testListId="8c84fa94-04c1-424b-9868-57a2d4851a1d" relativeResultsDirectory="0ca7c6a7-5ae2-4f4a-aff1-481c47283a2d">
    </UnitTestResult>
    <UnitTestResult executionId="1550a231-6d31-47f0-9fff-8f132a4031af" testId="94dbcfb7-2c31-a95d-f576-27f5e95bd368" testName="Y_TimeTest" computerName="JORIS-PC" duration="00:00:00.0002806" startTime="2012-06-19T14:13:33.3669356+12:00" endTime="2012-06-19T14:13:33.4029377+12:00" testType="13cdc9d9-ddb5-4fa4-a97d-d965ccfc6d4b" outcome="Passed" testListId="8c84fa94-04c1-424b-9868-57a2d4851a1d" relativeResultsDirectory="1550a231-6d31-47f0-9fff-8f132a4031af">
    </UnitTestResult>
    <UnitTestResult executionId="f1220c0a-8008-48d7-a55c-9a0aa0899092" testId="bda542f6-870e-fb28-9310-2ebbbe076c3c" testName="Matrix3x3Test" computerName="JORIS-PC" duration="00:00:00.0055307" startTime="2012-06-19T14:13:33.4029377+12:00" endTime="2012-06-19T14:13:33.4139383+12:00" testType="13cdc9d9-ddb5-4fa4-a97d-d965ccfc6d4b" outcome="Passed" testListId="8c84fa94-04c1-424b-9868-57a2d4851a1d" relativeResultsDirectory="f1220c0a-8008-48d7-a55c-9a0aa0899092">
    </UnitTestResult>
    <UnitTestResult executionId="574ec5ec-c352-4f76-ad38-b226e3e4b940" testId="c0023543-70d8-e8c3-52fb-9f1d5be4c5fc" testName="Matrix1x3Test" computerName="JORIS-PC" duration="00:00:00.0009296" startTime="2012-06-19T14:13:33.4149384+12:00" endTime="2012-06-19T14:13:33.4199386+12:00" testType="13cdc9d9-ddb5-4fa4-a97d-d965ccfc6d4b" outcome="Passed" testListId="8c84fa94-04c1-424b-9868-57a2d4851a1d" relativeResultsDirectory="574ec5ec-c352-4f76-ad38-b226e3e4b940">
    </UnitTestResult>
    <UnitTestResult executionId="3e24283a-537a-4941-b6ae-a5b185374c13" testId="cf8e86af-938d-dc88-28d5-47a0888cbbf6" testName="SecondOrderPolynomialTest" computerName="JORIS-PC" duration="00:00:00.0013499" startTime="2012-06-19T14:13:33.4209387+12:00" endTime="2012-06-19T14:13:33.4269390+12:00" testType="13cdc9d9-ddb5-4fa4-a97d-d965ccfc6d4b" outcome="Passed" testListId="8c84fa94-04c1-424b-9868-57a2d4851a1d" relativeResultsDirectory="3e24283a-537a-4941-b6ae-a5b185374c13">
    </UnitTestResult>
    <UnitTestResult executionId="89f17bec-baf7-4af6-aa15-a75a1e2929db" testId="d1fa94a7-6865-fc7b-f171-2c89f4cfa0b5" testName="Y_TimeTests" computerName="JORIS-PC" duration="00:00:00.0002863" startTime="2012-06-19T14:13:33.4279391+12:00" endTime="2012-06-19T14:13:33.4329394+12:00" testType="13cdc9d9-ddb5-4fa4-a97d-d965ccfc6d4b" outcome="Passed" testListId="8c84fa94-04c1-424b-9868-57a2d4851a1d" relativeResultsDirectory="89f17bec-baf7-4af6-aa15-a75a1e2929db">
    </UnitTestResult>
    <UnitTestResult executionId="c9f963a1-8a26-435d-9445-931c6f43e0ff" testId="d228be95-61b5-faa5-8d6e-f14f7eb3077b" testName="X_DateTest" computerName="JORIS-PC" duration="00:00:00.0003006" startTime="2012-06-19T14:13:33.4339394+12:00" endTime="2012-06-19T14:13:33.4379397+12:00" testType="13cdc9d9-ddb5-4fa4-a97d-d965ccfc6d4b" outcome="Passed" testListId="8c84fa94-04c1-424b-9868-57a2d4851a1d" relativeResultsDirectory="c9f963a1-8a26-435d-9445-931c6f43e0ff">
    </UnitTestResult>
    <UnitTestResult executionId="77640ccd-9802-4d20-9f39-d0d3047f8e52" testId="e7d30bbf-6029-b18e-67cc-bd80a406e438" testName="getNameTest" computerName="JORIS-PC" duration="00:00:00.0003806" startTime="2012-06-19T14:13:33.4389397+12:00" endTime="2012-06-19T14:13:33.4459401+12:00" testType="13cdc9d9-ddb5-4fa4-a97d-d965ccfc6d4b" outcome="Passed" testListId="8c84fa94-04c1-424b-9868-57a2d4851a1d" relativeResultsDirectory="77640ccd-9802-4d20-9f39-d0d3047f8e52">
    </UnitTestResult>
    <UnitTestResult executionId="ca52b409-b25b-4b69-a166-7ef477247bdb" testId="ed08e473-2dba-4d18-da59-9cb539de914d" testName="Matrix3x3InverseTest" computerName="JORIS-PC" duration="00:00:00.0006424" startTime="2012-06-19T14:13:33.4459401+12:00" endTime="2012-06-19T14:13:33.4499404+12:00" testType="13cdc9d9-ddb5-4fa4-a97d-d965ccfc6d4b" outcome="Passed" testListId="8c84fa94-04c1-424b-9868-57a2d4851a1d" relativeResultsDirectory="ca52b409-b25b-4b69-a166-7ef477247bdb">
    </UnitTestResult>
    <UnitTestResult executionId="b46ba145-5bb4-41ba-9255-14b51d642561" testId="f34a02a7-139c-5db6-f66c-3a47e661f645" testName="setY_ValueTestTime" computerName="JORIS-PC" duration="00:00:00.0002706" startTime="2012-06-19T14:13:33.4509404+12:00" endTime="2012-06-19T14:13:33.4559407+12:00" testType="13cdc9d9-ddb5-4fa4-a97d-d965ccfc6d4b" outcome="Passed" testListId="8c84fa94-04c1-424b-9868-57a2d4851a1d" relativeResultsDirectory="b46ba145-5bb4-41ba-9255-14b51d642561">
    </UnitTestResult>
    <UnitTestResult executionId="6db24995-89de-442d-8e7c-b1fd0430d0b6" testId="fbb0dd6e-b7dd-8f92-d511-30c119a8406c" testName="getDataTest" computerName="JORIS-PC" duration="00:00:00.0008684" startTime="2012-06-19T14:13:33.4569408+12:00" endTime="2012-06-19T14:13:33.4629411+12:00" testType="13cdc9d9-ddb5-4fa4-a97d-d965ccfc6d4b" outcome="Passed" testListId="8c84fa94-04c1-424b-9868-57a2d4851a1d" relativeResultsDirectory="6db24995-89de-442d-8e7c-b1fd0430d0b6">
    </UnitTestResult>
    <UnitTestResult executionId="5dd3998e-4308-427d-a31d-a778fa6e8670" testId="fdc600d9-be0d-02d4-169a-cc986a42ef6d" testName="getStatusTest" computerName="JORIS-PC" duration="00:00:00.0003664" startTime="2012-06-19T14:13:33.4659413+12:00" endTime="2012-06-19T14:13:33.4709416+12:00" testType="13cdc9d9-ddb5-4fa4-a97d-d965ccfc6d4b" outcome="Passed" testListId="8c84fa94-04c1-424b-9868-57a2d4851a1d" relativeResultsDirectory="5dd3998e-4308-427d-a31d-a778fa6e8670">
    </UnitTestResult>
  </Results>
</TestRun>