<?xml version="1.0" encoding="UTF-8"?>
<TestRun id="301b7f9d-48a7-4691-959e-56fb7ec59b1f" name="Joris@JORIS-PC 2012-06-11 20:03:42" runUser="Joris-PC\Joris" xmlns="http://microsoft.com/schemas/VisualStudio/TeamTest/2010">
  <TestSettings name="Local" id="a523dc7b-8ddb-43ec-9e72-2285008632b5">
    <Description>These are default test settings for a local test run.</Description>
    <Deployment userDeploymentRoot="c:\users\joris\documents\visual studio 2010\Projects\Attempt1MathCalculation\TestResults" useDefaultDeploymentRoot="false" enabled="false" runDeploymentRoot="Joris_JORIS-PC 2012-06-11 20_03_42">
      <DeploymentItem filename="c:\users\joris\documents\visual studio 2010\Projects\Attempt1MathCalculation\Attempt1MathCalculation\bin\Debug\Attempt1MathCalculation.exe" />
    </Deployment>
    <Execution>
      <TestTypeSpecific />
      <AgentRule name="Execution Agents">
      </AgentRule>
    </Execution>
  </TestSettings>
  <Times creation="2012-06-11T20:03:42.8841143+12:00" queuing="2012-06-11T20:04:02.3752291+12:00" start="2012-06-11T20:04:02.4072309+12:00" finish="2012-06-11T20:04:02.6802465+12:00" />
  <ResultSummary outcome="Failed">
    <Counters total="2" executed="2" error="0" failed="2" timeout="0" aborted="0" inconclusive="0" passedButRunAborted="0" notRunnable="0" notExecuted="0" disconnected="0" warning="0" passed="0" completed="0" inProgress="0" pending="0" />
    <RunInfos>
      <RunInfo computerName="JORIS-PC" outcome="Warning" timestamp="2012-06-11T20:04:02.3742290+12:00">
        <Text>Deployment is currently disabled. The deployment item 'Attempt1MathCalculation.exe' on test 'MathTest.Form1Test.Matrix1x3Test' was not deployed.</Text>
      </RunInfo>
    </RunInfos>
  </ResultSummary>
  <TestDefinitions>
    <UnitTest name="Matrix1x3Test" storage="c:\users\joris\documents\visual studio 2010\projects\attempt1mathcalculation\mathtest\bin\debug\mathtest.dll" id="1e8cbc7f-21ac-98d8-76bf-fa7f09566a8f">
      <DeploymentItems>
        <DeploymentItem filename="Attempt1MathCalculation.exe" />
      </DeploymentItems>
      <Execution id="6ae112e5-e435-4618-b5ff-ef454d54af0b" />
      <TestMethod codeBase="c:/users/joris/documents/visual studio 2010/Projects/Attempt1MathCalculation/MathTest/bin/Debug/MathTest.DLL" adapterTypeName="Microsoft.VisualStudio.TestTools.TestTypes.Unit.UnitTestAdapter, Microsoft.VisualStudio.QualityTools.Tips.UnitTest.Adapter, Version=10.0.0.0, Culture=neutral, PublicKeyToken=b03f5f7f11d50a3a" className="MathTest.Form1Test, MathTest, Version=1.0.0.0, Culture=neutral, PublicKeyToken=null" name="Matrix1x3Test" />
    </UnitTest>
    <UnitTest name="SecondOrderPolynomialTest" storage="c:\users\joris\documents\visual studio 2010\projects\attempt1mathcalculation\mathtest\bin\debug\mathtest.dll" id="0d09a0c5-2876-2709-9e38-b1b102e382d2">
      <Execution id="38c26f9a-6124-4f17-8be8-8701919463cc" />
      <TestMethod codeBase="c:/users/joris/documents/visual studio 2010/Projects/Attempt1MathCalculation/MathTest/bin/Debug/MathTest.DLL" adapterTypeName="Microsoft.VisualStudio.TestTools.TestTypes.Unit.UnitTestAdapter, Microsoft.VisualStudio.QualityTools.Tips.UnitTest.Adapter, Version=10.0.0.0, Culture=neutral, PublicKeyToken=b03f5f7f11d50a3a" className="MathTest.Form1Test, MathTest, Version=1.0.0.0, Culture=neutral, PublicKeyToken=null" name="SecondOrderPolynomialTest" />
    </UnitTest>
  </TestDefinitions>
  <TestLists>
    <TestList name="Results Not in a List" id="8c84fa94-04c1-424b-9868-57a2d4851a1d" />
    <TestList name="All Loaded Results" id="19431567-8539-422a-85d7-44ee4e166bda" />
  </TestLists>
  <TestEntries>
    <TestEntry testId="0d09a0c5-2876-2709-9e38-b1b102e382d2" executionId="38c26f9a-6124-4f17-8be8-8701919463cc" testListId="8c84fa94-04c1-424b-9868-57a2d4851a1d" />
    <TestEntry testId="1e8cbc7f-21ac-98d8-76bf-fa7f09566a8f" executionId="6ae112e5-e435-4618-b5ff-ef454d54af0b" testListId="8c84fa94-04c1-424b-9868-57a2d4851a1d" />
  </TestEntries>
  <Results>
    <UnitTestResult executionId="38c26f9a-6124-4f17-8be8-8701919463cc" testId="0d09a0c5-2876-2709-9e38-b1b102e382d2" testName="SecondOrderPolynomialTest" computerName="JORIS-PC" duration="00:00:00.0310423" startTime="2012-06-11T20:04:02.4272321+12:00" endTime="2012-06-11T20:04:02.6572452+12:00" testType="13cdc9d9-ddb5-4fa4-a97d-d965ccfc6d4b" outcome="Failed" testListId="8c84fa94-04c1-424b-9868-57a2d4851a1d" relativeResultsDirectory="38c26f9a-6124-4f17-8be8-8701919463cc">
      <Output>
        <ErrorInfo>
          <Message>Test method MathTest.Form1Test.SecondOrderPolynomialTest threw exception: 
System.NullReferenceException: Object reference not set to an instance of an object.</Message>
          <StackTrace>    at Attempt1MathCalculation.Form1.Matrix1x3(Single[] x, Single[] y) in c:\users\joris\documents\visual studio 2010\Projects\Attempt1MathCalculation\Attempt1MathCalculation\Form1.cs:line 57
   at Attempt1MathCalculation.Form1.SecondOrderPolynomial(Single[] x, Single[] y) in c:\users\joris\documents\visual studio 2010\Projects\Attempt1MathCalculation\Attempt1MathCalculation\Form1.cs:line 37
   at Attempt1MathCalculation.Form1..ctor() in c:\users\joris\documents\visual studio 2010\Projects\Attempt1MathCalculation\Attempt1MathCalculation\Form1.cs:line 18
   at MathTest.Form1Test.SecondOrderPolynomialTest() in c:\users\joris\documents\visual studio 2010\Projects\Attempt1MathCalculation\MathTest\Form1Test.cs:line 72
</StackTrace>
        </ErrorInfo>
      </Output>
    </UnitTestResult>
    <UnitTestResult executionId="6ae112e5-e435-4618-b5ff-ef454d54af0b" testId="1e8cbc7f-21ac-98d8-76bf-fa7f09566a8f" testName="Matrix1x3Test" computerName="JORIS-PC" duration="00:00:00.0038408" startTime="2012-06-11T20:04:02.6582453+12:00" endTime="2012-06-11T20:04:02.6672458+12:00" testType="13cdc9d9-ddb5-4fa4-a97d-d965ccfc6d4b" outcome="Failed" testListId="8c84fa94-04c1-424b-9868-57a2d4851a1d" relativeResultsDirectory="6ae112e5-e435-4618-b5ff-ef454d54af0b">
      <Output>
        <ErrorInfo>
          <Message>Test method MathTest.Form1Test.Matrix1x3Test threw exception: 
System.NullReferenceException: Object reference not set to an instance of an object.</Message>
          <StackTrace>    at Attempt1MathCalculation.Form1.Matrix1x3(Single[] x, Single[] y) in c:\users\joris\documents\visual studio 2010\Projects\Attempt1MathCalculation\Attempt1MathCalculation\Form1.cs:line 57
   at Attempt1MathCalculation.Form1.SecondOrderPolynomial(Single[] x, Single[] y) in c:\users\joris\documents\visual studio 2010\Projects\Attempt1MathCalculation\Attempt1MathCalculation\Form1.cs:line 37
   at Attempt1MathCalculation.Form1..ctor() in c:\users\joris\documents\visual studio 2010\Projects\Attempt1MathCalculation\Attempt1MathCalculation\Form1.cs:line 18
   at MathTest.Form1Test.Matrix1x3Test() in c:\users\joris\documents\visual studio 2010\Projects\Attempt1MathCalculation\MathTest\Form1Test.cs:line 91
</StackTrace>
        </ErrorInfo>
      </Output>
    </UnitTestResult>
  </Results>
</TestRun>