<?xml version="1.0" encoding="UTF-8"?>
<TestRun id="e2dff2af-9516-4329-9cea-3cbc4ae4142a" name="Joris@JORIS-PC 2012-06-12 19:45:58" runUser="Joris-PC\Joris" xmlns="http://microsoft.com/schemas/VisualStudio/TeamTest/2010">
  <TestSettings name="Local" id="a523dc7b-8ddb-43ec-9e72-2285008632b5">
    <Description>These are default test settings for a local test run.</Description>
    <Deployment enabled="false" runDeploymentRoot="Joris_JORIS-PC 2012-06-12 19_45_58">
      <DeploymentItem filename="C:\Users\Joris\PerformanceProgression\GraphCalculator\Attempt1MathCalculation\Attempt1MathCalculation\bin\Debug\Attempt1MathCalculation.exe" />
    </Deployment>
    <Execution>
      <TestTypeSpecific />
      <AgentRule name="Execution Agents">
      </AgentRule>
    </Execution>
  </TestSettings>
  <Times creation="2012-06-12T19:45:58.6309259+12:00" queuing="2012-06-12T19:45:58.6659279+12:00" start="2012-06-12T19:45:58.6899293+12:00" finish="2012-06-12T19:45:58.8879406+12:00" />
  <ResultSummary outcome="Failed">
    <Counters total="1" executed="1" error="0" failed="1" timeout="0" aborted="0" inconclusive="0" passedButRunAborted="0" notRunnable="0" notExecuted="0" disconnected="0" warning="0" passed="0" completed="0" inProgress="0" pending="0" />
    <RunInfos>
      <RunInfo computerName="JORIS-PC" outcome="Warning" timestamp="2012-06-12T19:45:58.6649278+12:00">
        <Text>Deployment is currently disabled. The deployment item 'Attempt1MathCalculation.exe' on test 'MathTest.Form1Test.Matrix3x3InverseTest' was not deployed.</Text>
      </RunInfo>
    </RunInfos>
  </ResultSummary>
  <TestDefinitions>
    <UnitTest name="Matrix3x3InverseTest" storage="c:\users\joris\performanceprogression\graphcalculator\attempt1mathcalculation\mathtest\bin\debug\mathtest.dll" id="2b906c2c-e66f-b14e-ba7f-e83541bdf1b1">
      <DeploymentItems>
        <DeploymentItem filename="Attempt1MathCalculation.exe" />
      </DeploymentItems>
      <Execution id="55db92b7-908c-478d-8f45-20d63a0954b4" />
      <TestMethod codeBase="C:/Users/Joris/PerformanceProgression/GraphCalculator/Attempt1MathCalculation/MathTest/bin/Debug/MathTest.DLL" adapterTypeName="Microsoft.VisualStudio.TestTools.TestTypes.Unit.UnitTestAdapter, Microsoft.VisualStudio.QualityTools.Tips.UnitTest.Adapter, Version=10.0.0.0, Culture=neutral, PublicKeyToken=b03f5f7f11d50a3a" className="MathTest.Form1Test, MathTest, Version=1.0.0.0, Culture=neutral, PublicKeyToken=null" name="Matrix3x3InverseTest" />
    </UnitTest>
  </TestDefinitions>
  <TestLists>
    <TestList name="Results Not in a List" id="8c84fa94-04c1-424b-9868-57a2d4851a1d" />
    <TestList name="All Loaded Results" id="19431567-8539-422a-85d7-44ee4e166bda" />
  </TestLists>
  <TestEntries>
    <TestEntry testId="2b906c2c-e66f-b14e-ba7f-e83541bdf1b1" executionId="55db92b7-908c-478d-8f45-20d63a0954b4" testListId="8c84fa94-04c1-424b-9868-57a2d4851a1d" />
  </TestEntries>
  <Results>
    <UnitTestResult executionId="55db92b7-908c-478d-8f45-20d63a0954b4" testId="2b906c2c-e66f-b14e-ba7f-e83541bdf1b1" testName="Matrix3x3InverseTest" computerName="JORIS-PC" duration="00:00:00.0328045" startTime="2012-06-12T19:45:58.6799287+12:00" endTime="2012-06-12T19:45:58.8749399+12:00" testType="13cdc9d9-ddb5-4fa4-a97d-d965ccfc6d4b" outcome="Failed" testListId="8c84fa94-04c1-424b-9868-57a2d4851a1d" relativeResultsDirectory="55db92b7-908c-478d-8f45-20d63a0954b4">
      <Output>
        <ErrorInfo>
          <Message>Assert.AreEqual failed. Expected:&lt;-0.277999997138977&gt;. Actual:&lt;-0.277777777777778&gt;. </Message>
          <StackTrace>   at MathTest.Form1Test.Matrix3x3InverseTest() in C:\Users\Joris\PerformanceProgression\GraphCalculator\Attempt1MathCalculation\MathTest\Form1Test.cs:line 151
</StackTrace>
        </ErrorInfo>
      </Output>
    </UnitTestResult>
  </Results>
</TestRun>