<?xml version="1.0" encoding="UTF-8"?>
<TestRun id="9853c9c3-d1f7-4d2d-95bb-7bdfdc1add53" name="Joris@JORIS-PC 2012-07-09 20:02:38" runUser="Joris-PC\Joris" xmlns="http://microsoft.com/schemas/VisualStudio/TeamTest/2010">
  <TestSettings name="Local" id="a523dc7b-8ddb-43ec-9e72-2285008632b5">
    <Description>These are default test settings for a local test run.</Description>
    <Deployment enabled="false" runDeploymentRoot="Joris_JORIS-PC 2012-07-09 20_02_38">
      <DeploymentItem filename="C:\Users\Joris\PerformanceProgression\GraphCalculator\Attempt1MathCalculation\MathTest\bin\Debug\ZedGraph.dll" />
      <DeploymentItem filename="C:\Users\Joris\PerformanceProgression\GraphCalculator\Attempt1MathCalculation\Attempt1MathCalculation\bin\Debug\Attempt1MathCalculation.exe" />
    </Deployment>
    <Execution>
      <TestTypeSpecific />
      <AgentRule name="Execution Agents">
      </AgentRule>
    </Execution>
  </TestSettings>
  <Times creation="2012-07-09T20:02:38.1345390+12:00" queuing="2012-07-09T20:02:41.8027488+12:00" start="2012-07-09T20:02:41.9047546+12:00" finish="2012-07-09T20:02:47.1140526+12:00" />
  <ResultSummary outcome="Error">
    <Counters total="16" executed="10" passed="9" error="0" failed="0" timeout="0" aborted="1" inconclusive="0" passedButRunAborted="0" notRunnable="0" notExecuted="6" disconnected="0" warning="0" completed="0" inProgress="0" pending="0" />
    <RunInfos>
      <RunInfo computerName="JORIS-PC" outcome="Error" timestamp="2012-07-09T20:02:46.9790449+12:00">
        <Text>Test host process exited unexpectedly.</Text>
      </RunInfo>
    </RunInfos>
  </ResultSummary>
  <TestDefinitions>
    <UnitTest name="getStatusTest" storage="c:\users\joris\performanceprogression\graphcalculator\attempt1mathcalculation\mathtest\bin\debug\mathtest.dll" id="fdc600d9-be0d-02d4-169a-cc986a42ef6d">
      <Execution id="c8bf1455-52f4-46a0-8aba-2527686e8df0" />
      <TestMethod codeBase="C:/Users/Joris/PerformanceProgression/GraphCalculator/Attempt1MathCalculation/MathTest/bin/Debug/MathTest.DLL" adapterTypeName="Microsoft.VisualStudio.TestTools.TestTypes.Unit.UnitTestAdapter, Microsoft.VisualStudio.QualityTools.Tips.UnitTest.Adapter, Version=10.0.0.0, Culture=neutral, PublicKeyToken=b03f5f7f11d50a3a" className="MathTest.AthletesTest, MathTest, Version=1.0.0.0, Culture=neutral, PublicKeyToken=null" name="getStatusTest" />
    </UnitTest>
    <UnitTest name="getY_Value_AsDateTest" storage="c:\users\joris\performanceprogression\graphcalculator\attempt1mathcalculation\mathtest\bin\debug\mathtest.dll" id="9d155d54-a4e2-aec3-1df6-42140bffb82b">
      <Execution id="6c9e0e1a-6aca-4d31-a51f-9fef0442d0d3" />
      <TestMethod codeBase="C:/Users/Joris/PerformanceProgression/GraphCalculator/Attempt1MathCalculation/MathTest/bin/Debug/MathTest.DLL" adapterTypeName="Microsoft.VisualStudio.TestTools.TestTypes.Unit.UnitTestAdapter, Microsoft.VisualStudio.QualityTools.Tips.UnitTest.Adapter, Version=10.0.0.0, Culture=neutral, PublicKeyToken=b03f5f7f11d50a3a" className="MathTest.fPointTest, MathTest, Version=1.0.0.0, Culture=neutral, PublicKeyToken=null" name="getY_Value_AsDateTest" />
    </UnitTest>
    <UnitTest name="setX_AgeTest" storage="c:\users\joris\performanceprogression\graphcalculator\attempt1mathcalculation\mathtest\bin\debug\mathtest.dll" id="24a6e050-39fd-54bd-89ff-ec853af13623">
      <Execution id="a8a9c280-e60d-4869-a473-d0628c6cb256" />
      <TestMethod codeBase="C:/Users/Joris/PerformanceProgression/GraphCalculator/Attempt1MathCalculation/MathTest/bin/Debug/MathTest.DLL" adapterTypeName="Microsoft.VisualStudio.TestTools.TestTypes.Unit.UnitTestAdapter, Microsoft.VisualStudio.QualityTools.Tips.UnitTest.Adapter, Version=10.0.0.0, Culture=neutral, PublicKeyToken=b03f5f7f11d50a3a" className="MathTest.fPointTest, MathTest, Version=1.0.0.0, Culture=neutral, PublicKeyToken=null" name="setX_AgeTest" />
    </UnitTest>
    <UnitTest name="SecondOrderPolynomialTest2" storage="c:\users\joris\performanceprogression\graphcalculator\attempt1mathcalculation\mathtest\bin\debug\mathtest.dll" id="c7bfa67d-e9e8-b09b-48ea-fdbd29047b8d">
      <Execution id="b14c4d5d-6f19-4751-92ad-d87343f759b1" />
      <TestMethod codeBase="C:/Users/Joris/PerformanceProgression/GraphCalculator/Attempt1MathCalculation/MathTest/bin/Debug/MathTest.DLL" adapterTypeName="Microsoft.VisualStudio.TestTools.TestTypes.Unit.UnitTestAdapter, Microsoft.VisualStudio.QualityTools.Tips.UnitTest.Adapter, Version=10.0.0.0, Culture=neutral, PublicKeyToken=b03f5f7f11d50a3a" className="MathTest.PolynomialTest, MathTest, Version=1.0.0.0, Culture=neutral, PublicKeyToken=null" name="SecondOrderPolynomialTest2" />
    </UnitTest>
    <UnitTest name="getDataTest" storage="c:\users\joris\performanceprogression\graphcalculator\attempt1mathcalculation\mathtest\bin\debug\mathtest.dll" id="fbb0dd6e-b7dd-8f92-d511-30c119a8406c">
      <Execution id="02f4f1be-0242-4e3d-adf5-cfa6b459a48d" />
      <TestMethod codeBase="C:/Users/Joris/PerformanceProgression/GraphCalculator/Attempt1MathCalculation/MathTest/bin/Debug/MathTest.DLL" adapterTypeName="Microsoft.VisualStudio.TestTools.TestTypes.Unit.UnitTestAdapter, Microsoft.VisualStudio.QualityTools.Tips.UnitTest.Adapter, Version=10.0.0.0, Culture=neutral, PublicKeyToken=b03f5f7f11d50a3a" className="MathTest.AthletesTest, MathTest, Version=1.0.0.0, Culture=neutral, PublicKeyToken=null" name="getDataTest" />
    </UnitTest>
    <UnitTest name="Matrix3x3InverseTest" storage="c:\users\joris\performanceprogression\graphcalculator\attempt1mathcalculation\mathtest\bin\debug\mathtest.dll" id="ed08e473-2dba-4d18-da59-9cb539de914d">
      <DeploymentItems>
        <DeploymentItem filename="Attempt1MathCalculation.exe" />
      </DeploymentItems>
      <Execution id="ce4ad33c-6f5d-49fe-84c6-9148fc4b56b5" />
      <TestMethod codeBase="C:/Users/Joris/PerformanceProgression/GraphCalculator/Attempt1MathCalculation/MathTest/bin/Debug/MathTest.DLL" adapterTypeName="Microsoft.VisualStudio.TestTools.TestTypes.Unit.UnitTestAdapter, Microsoft.VisualStudio.QualityTools.Tips.UnitTest.Adapter, Version=10.0.0.0, Culture=neutral, PublicKeyToken=b03f5f7f11d50a3a" className="MathTest.PolynomialTest, MathTest, Version=1.0.0.0, Culture=neutral, PublicKeyToken=null" name="Matrix3x3InverseTest" />
    </UnitTest>
    <UnitTest name="getNameTest" storage="c:\users\joris\performanceprogression\graphcalculator\attempt1mathcalculation\mathtest\bin\debug\mathtest.dll" id="e7d30bbf-6029-b18e-67cc-bd80a406e438">
      <Execution id="7e4c8b58-b3db-43ff-a672-960fb544a477" />
      <TestMethod codeBase="C:/Users/Joris/PerformanceProgression/GraphCalculator/Attempt1MathCalculation/MathTest/bin/Debug/MathTest.DLL" adapterTypeName="Microsoft.VisualStudio.TestTools.TestTypes.Unit.UnitTestAdapter, Microsoft.VisualStudio.QualityTools.Tips.UnitTest.Adapter, Version=10.0.0.0, Culture=neutral, PublicKeyToken=b03f5f7f11d50a3a" className="MathTest.AthletesTest, MathTest, Version=1.0.0.0, Culture=neutral, PublicKeyToken=null" name="getNameTest" />
    </UnitTest>
    <UnitTest name="fPointConstructorTest1" storage="c:\users\joris\performanceprogression\graphcalculator\attempt1mathcalculation\mathtest\bin\debug\mathtest.dll" id="36a0b714-e539-bf30-c8d0-2737f2a7c9a6">
      <Execution id="e96c58d9-8a74-4f8e-ae02-5de63ba5ad6f" />
      <TestMethod codeBase="C:/Users/Joris/PerformanceProgression/GraphCalculator/Attempt1MathCalculation/MathTest/bin/Debug/MathTest.DLL" adapterTypeName="Microsoft.VisualStudio.TestTools.TestTypes.Unit.UnitTestAdapter, Microsoft.VisualStudio.QualityTools.Tips.UnitTest.Adapter, Version=10.0.0.0, Culture=neutral, PublicKeyToken=b03f5f7f11d50a3a" className="MathTest.fPointTest, MathTest, Version=1.0.0.0, Culture=neutral, PublicKeyToken=null" name="fPointConstructorTest1" />
    </UnitTest>
    <UnitTest name="SecondOrderPolynomialTest" storage="c:\users\joris\performanceprogression\graphcalculator\attempt1mathcalculation\mathtest\bin\debug\mathtest.dll" id="cf8e86af-938d-dc88-28d5-47a0888cbbf6">
      <Execution id="f43e584b-a42f-4fe4-9009-f9ec5dc57d49" />
      <TestMethod codeBase="C:/Users/Joris/PerformanceProgression/GraphCalculator/Attempt1MathCalculation/MathTest/bin/Debug/MathTest.DLL" adapterTypeName="Microsoft.VisualStudio.TestTools.TestTypes.Unit.UnitTestAdapter, Microsoft.VisualStudio.QualityTools.Tips.UnitTest.Adapter, Version=10.0.0.0, Culture=neutral, PublicKeyToken=b03f5f7f11d50a3a" className="MathTest.PolynomialTest, MathTest, Version=1.0.0.0, Culture=neutral, PublicKeyToken=null" name="SecondOrderPolynomialTest" />
    </UnitTest>
    <UnitTest name="fPointConstructorTest2" storage="c:\users\joris\performanceprogression\graphcalculator\attempt1mathcalculation\mathtest\bin\debug\mathtest.dll" id="b12df4a2-6274-58a2-18c9-6dbaf2e5e9b4">
      <Execution id="b9dbb2e9-2592-4fe3-aa99-47e7955dacaf" />
      <TestMethod codeBase="C:/Users/Joris/PerformanceProgression/GraphCalculator/Attempt1MathCalculation/MathTest/bin/Debug/MathTest.DLL" adapterTypeName="Microsoft.VisualStudio.TestTools.TestTypes.Unit.UnitTestAdapter, Microsoft.VisualStudio.QualityTools.Tips.UnitTest.Adapter, Version=10.0.0.0, Culture=neutral, PublicKeyToken=b03f5f7f11d50a3a" className="MathTest.fPointTest, MathTest, Version=1.0.0.0, Culture=neutral, PublicKeyToken=null" name="fPointConstructorTest2" />
    </UnitTest>
    <UnitTest name="Matrix1x3Test" storage="c:\users\joris\performanceprogression\graphcalculator\attempt1mathcalculation\mathtest\bin\debug\mathtest.dll" id="c0023543-70d8-e8c3-52fb-9f1d5be4c5fc">
      <Execution id="51c268cf-3488-4dbe-bc1f-038f1c70bc6f" />
      <TestMethod codeBase="C:/Users/Joris/PerformanceProgression/GraphCalculator/Attempt1MathCalculation/MathTest/bin/Debug/MathTest.DLL" adapterTypeName="Microsoft.VisualStudio.TestTools.TestTypes.Unit.UnitTestAdapter, Microsoft.VisualStudio.QualityTools.Tips.UnitTest.Adapter, Version=10.0.0.0, Culture=neutral, PublicKeyToken=b03f5f7f11d50a3a" className="MathTest.PolynomialTest, MathTest, Version=1.0.0.0, Culture=neutral, PublicKeyToken=null" name="Matrix1x3Test" />
    </UnitTest>
    <UnitTest name="setY_ValueTest" storage="c:\users\joris\performanceprogression\graphcalculator\attempt1mathcalculation\mathtest\bin\debug\mathtest.dll" id="abf48396-4383-6400-f408-afa70e287468">
      <Execution id="3fc8985b-13a7-464b-9c8a-01195a17e88c" />
      <TestMethod codeBase="C:/Users/Joris/PerformanceProgression/GraphCalculator/Attempt1MathCalculation/MathTest/bin/Debug/MathTest.DLL" adapterTypeName="Microsoft.VisualStudio.TestTools.TestTypes.Unit.UnitTestAdapter, Microsoft.VisualStudio.QualityTools.Tips.UnitTest.Adapter, Version=10.0.0.0, Culture=neutral, PublicKeyToken=b03f5f7f11d50a3a" className="MathTest.fPointTest, MathTest, Version=1.0.0.0, Culture=neutral, PublicKeyToken=null" name="setY_ValueTest" />
    </UnitTest>
    <UnitTest name="fPointConstructorTest" storage="c:\users\joris\performanceprogression\graphcalculator\attempt1mathcalculation\mathtest\bin\debug\mathtest.dll" id="0c305af0-c245-9aab-6bfe-c1da9b13002c">
      <Execution id="f084dd0e-3d34-452f-8655-5eebc5522234" />
      <TestMethod codeBase="C:/Users/Joris/PerformanceProgression/GraphCalculator/Attempt1MathCalculation/MathTest/bin/Debug/MathTest.DLL" adapterTypeName="Microsoft.VisualStudio.TestTools.TestTypes.Unit.UnitTestAdapter, Microsoft.VisualStudio.QualityTools.Tips.UnitTest.Adapter, Version=10.0.0.0, Culture=neutral, PublicKeyToken=b03f5f7f11d50a3a" className="MathTest.fPointTest, MathTest, Version=1.0.0.0, Culture=neutral, PublicKeyToken=null" name="fPointConstructorTest" />
    </UnitTest>
    <UnitTest name="getX_AgeTest" storage="c:\users\joris\performanceprogression\graphcalculator\attempt1mathcalculation\mathtest\bin\debug\mathtest.dll" id="552294db-0170-dc5a-63c5-6fec173fe182">
      <Execution id="63a70512-6cb9-4dd4-a820-27af2c9d6b0c" />
      <TestMethod codeBase="C:/Users/Joris/PerformanceProgression/GraphCalculator/Attempt1MathCalculation/MathTest/bin/Debug/MathTest.DLL" adapterTypeName="Microsoft.VisualStudio.TestTools.TestTypes.Unit.UnitTestAdapter, Microsoft.VisualStudio.QualityTools.Tips.UnitTest.Adapter, Version=10.0.0.0, Culture=neutral, PublicKeyToken=b03f5f7f11d50a3a" className="MathTest.fPointTest, MathTest, Version=1.0.0.0, Culture=neutral, PublicKeyToken=null" name="getX_AgeTest" />
    </UnitTest>
    <UnitTest name="Matrix3x3Test" storage="c:\users\joris\performanceprogression\graphcalculator\attempt1mathcalculation\mathtest\bin\debug\mathtest.dll" id="bda542f6-870e-fb28-9310-2ebbbe076c3c">
      <DeploymentItems>
        <DeploymentItem filename="Attempt1MathCalculation.exe" />
      </DeploymentItems>
      <Execution id="eff6f917-08e9-413a-b7cf-f1585b91a3ff" />
      <TestMethod codeBase="C:/Users/Joris/PerformanceProgression/GraphCalculator/Attempt1MathCalculation/MathTest/bin/Debug/MathTest.DLL" adapterTypeName="Microsoft.VisualStudio.TestTools.TestTypes.Unit.UnitTestAdapter, Microsoft.VisualStudio.QualityTools.Tips.UnitTest.Adapter, Version=10.0.0.0, Culture=neutral, PublicKeyToken=b03f5f7f11d50a3a" className="MathTest.PolynomialTest, MathTest, Version=1.0.0.0, Culture=neutral, PublicKeyToken=null" name="Matrix3x3Test" />
    </UnitTest>
    <UnitTest name="getY_Value_AsFloatTest" storage="c:\users\joris\performanceprogression\graphcalculator\attempt1mathcalculation\mathtest\bin\debug\mathtest.dll" id="f1d57bd7-6599-7b59-7979-79556522066e">
      <Execution id="be042037-06be-4d52-86ee-8ffd292a60cc" />
      <TestMethod codeBase="C:/Users/Joris/PerformanceProgression/GraphCalculator/Attempt1MathCalculation/MathTest/bin/Debug/MathTest.DLL" adapterTypeName="Microsoft.VisualStudio.TestTools.TestTypes.Unit.UnitTestAdapter, Microsoft.VisualStudio.QualityTools.Tips.UnitTest.Adapter, Version=10.0.0.0, Culture=neutral, PublicKeyToken=b03f5f7f11d50a3a" className="MathTest.fPointTest, MathTest, Version=1.0.0.0, Culture=neutral, PublicKeyToken=null" name="getY_Value_AsFloatTest" />
    </UnitTest>
  </TestDefinitions>
  <TestLists>
    <TestList name="Results Not in a List" id="8c84fa94-04c1-424b-9868-57a2d4851a1d" />
    <TestList name="All Loaded Results" id="19431567-8539-422a-85d7-44ee4e166bda" />
  </TestLists>
  <TestEntries>
    <TestEntry testId="0c305af0-c245-9aab-6bfe-c1da9b13002c" executionId="f084dd0e-3d34-452f-8655-5eebc5522234" testListId="8c84fa94-04c1-424b-9868-57a2d4851a1d" />
    <TestEntry testId="24a6e050-39fd-54bd-89ff-ec853af13623" executionId="a8a9c280-e60d-4869-a473-d0628c6cb256" testListId="8c84fa94-04c1-424b-9868-57a2d4851a1d" />
    <TestEntry testId="36a0b714-e539-bf30-c8d0-2737f2a7c9a6" executionId="e96c58d9-8a74-4f8e-ae02-5de63ba5ad6f" testListId="8c84fa94-04c1-424b-9868-57a2d4851a1d" />
    <TestEntry testId="552294db-0170-dc5a-63c5-6fec173fe182" executionId="63a70512-6cb9-4dd4-a820-27af2c9d6b0c" testListId="8c84fa94-04c1-424b-9868-57a2d4851a1d" />
    <TestEntry testId="9d155d54-a4e2-aec3-1df6-42140bffb82b" executionId="6c9e0e1a-6aca-4d31-a51f-9fef0442d0d3" testListId="8c84fa94-04c1-424b-9868-57a2d4851a1d" />
    <TestEntry testId="abf48396-4383-6400-f408-afa70e287468" executionId="3fc8985b-13a7-464b-9c8a-01195a17e88c" testListId="8c84fa94-04c1-424b-9868-57a2d4851a1d" />
    <TestEntry testId="b12df4a2-6274-58a2-18c9-6dbaf2e5e9b4" executionId="b9dbb2e9-2592-4fe3-aa99-47e7955dacaf" testListId="8c84fa94-04c1-424b-9868-57a2d4851a1d" />
    <TestEntry testId="bda542f6-870e-fb28-9310-2ebbbe076c3c" executionId="eff6f917-08e9-413a-b7cf-f1585b91a3ff" testListId="8c84fa94-04c1-424b-9868-57a2d4851a1d" />
    <TestEntry testId="c0023543-70d8-e8c3-52fb-9f1d5be4c5fc" executionId="51c268cf-3488-4dbe-bc1f-038f1c70bc6f" testListId="8c84fa94-04c1-424b-9868-57a2d4851a1d" />
    <TestEntry testId="c7bfa67d-e9e8-b09b-48ea-fdbd29047b8d" executionId="b14c4d5d-6f19-4751-92ad-d87343f759b1" testListId="8c84fa94-04c1-424b-9868-57a2d4851a1d" />
    <TestEntry testId="cf8e86af-938d-dc88-28d5-47a0888cbbf6" executionId="f43e584b-a42f-4fe4-9009-f9ec5dc57d49" testListId="8c84fa94-04c1-424b-9868-57a2d4851a1d" />
    <TestEntry testId="e7d30bbf-6029-b18e-67cc-bd80a406e438" executionId="7e4c8b58-b3db-43ff-a672-960fb544a477" testListId="8c84fa94-04c1-424b-9868-57a2d4851a1d" />
    <TestEntry testId="ed08e473-2dba-4d18-da59-9cb539de914d" executionId="ce4ad33c-6f5d-49fe-84c6-9148fc4b56b5" testListId="8c84fa94-04c1-424b-9868-57a2d4851a1d" />
    <TestEntry testId="f1d57bd7-6599-7b59-7979-79556522066e" executionId="be042037-06be-4d52-86ee-8ffd292a60cc" testListId="8c84fa94-04c1-424b-9868-57a2d4851a1d" />
    <TestEntry testId="fbb0dd6e-b7dd-8f92-d511-30c119a8406c" executionId="02f4f1be-0242-4e3d-adf5-cfa6b459a48d" testListId="8c84fa94-04c1-424b-9868-57a2d4851a1d" />
    <TestEntry testId="fdc600d9-be0d-02d4-169a-cc986a42ef6d" executionId="c8bf1455-52f4-46a0-8aba-2527686e8df0" testListId="8c84fa94-04c1-424b-9868-57a2d4851a1d" />
  </TestEntries>
  <Results>
    <UnitTestResult executionId="f084dd0e-3d34-452f-8655-5eebc5522234" testId="0c305af0-c245-9aab-6bfe-c1da9b13002c" testName="fPointConstructorTest" computerName="JORIS-PC" duration="00:00:00.0217283" startTime="2012-07-09T20:02:42.0097607+12:00" endTime="2012-07-09T20:02:42.7508030+12:00" testType="13cdc9d9-ddb5-4fa4-a97d-d965ccfc6d4b" outcome="Passed" testListId="8c84fa94-04c1-424b-9868-57a2d4851a1d" relativeResultsDirectory="f084dd0e-3d34-452f-8655-5eebc5522234">
    </UnitTestResult>
    <UnitTestResult executionId="a8a9c280-e60d-4869-a473-d0628c6cb256" testId="24a6e050-39fd-54bd-89ff-ec853af13623" testName="setX_AgeTest" computerName="JORIS-PC" duration="00:00:00.0003683" startTime="2012-07-09T20:02:42.7908053+12:00" endTime="2012-07-09T20:02:42.7988058+12:00" testType="13cdc9d9-ddb5-4fa4-a97d-d965ccfc6d4b" outcome="Passed" testListId="8c84fa94-04c1-424b-9868-57a2d4851a1d" relativeResultsDirectory="a8a9c280-e60d-4869-a473-d0628c6cb256">
    </UnitTestResult>
    <UnitTestResult executionId="e96c58d9-8a74-4f8e-ae02-5de63ba5ad6f" testId="36a0b714-e539-bf30-c8d0-2737f2a7c9a6" testName="fPointConstructorTest1" computerName="JORIS-PC" duration="00:00:00.0013734" startTime="2012-07-09T20:02:42.8078063+12:00" endTime="2012-07-09T20:02:42.8178069+12:00" testType="13cdc9d9-ddb5-4fa4-a97d-d965ccfc6d4b" outcome="Passed" testListId="8c84fa94-04c1-424b-9868-57a2d4851a1d" relativeResultsDirectory="e96c58d9-8a74-4f8e-ae02-5de63ba5ad6f">
    </UnitTestResult>
    <UnitTestResult executionId="63a70512-6cb9-4dd4-a820-27af2c9d6b0c" testId="552294db-0170-dc5a-63c5-6fec173fe182" testName="getX_AgeTest" computerName="JORIS-PC" duration="00:00:00.0002648" startTime="2012-07-09T20:02:42.8248073+12:00" endTime="2012-07-09T20:02:42.8338078+12:00" testType="13cdc9d9-ddb5-4fa4-a97d-d965ccfc6d4b" outcome="Passed" testListId="8c84fa94-04c1-424b-9868-57a2d4851a1d" relativeResultsDirectory="63a70512-6cb9-4dd4-a820-27af2c9d6b0c">
    </UnitTestResult>
    <UnitTestResult executionId="6c9e0e1a-6aca-4d31-a51f-9fef0442d0d3" testId="9d155d54-a4e2-aec3-1df6-42140bffb82b" testName="getY_Value_AsDateTest" computerName="JORIS-PC" duration="00:00:00.0002887" startTime="2012-07-09T20:02:42.8428083+12:00" endTime="2012-07-09T20:02:42.8508088+12:00" testType="13cdc9d9-ddb5-4fa4-a97d-d965ccfc6d4b" outcome="Passed" testListId="8c84fa94-04c1-424b-9868-57a2d4851a1d" relativeResultsDirectory="6c9e0e1a-6aca-4d31-a51f-9fef0442d0d3">
    </UnitTestResult>
    <UnitTestResult executionId="3fc8985b-13a7-464b-9c8a-01195a17e88c" testId="abf48396-4383-6400-f408-afa70e287468" testName="setY_ValueTest" computerName="JORIS-PC" duration="00:00:00.0003348" startTime="2012-07-09T20:02:42.8638095+12:00" endTime="2012-07-09T20:02:42.8718100+12:00" testType="13cdc9d9-ddb5-4fa4-a97d-d965ccfc6d4b" outcome="Passed" testListId="8c84fa94-04c1-424b-9868-57a2d4851a1d" relativeResultsDirectory="3fc8985b-13a7-464b-9c8a-01195a17e88c">
    </UnitTestResult>
    <UnitTestResult executionId="b9dbb2e9-2592-4fe3-aa99-47e7955dacaf" testId="b12df4a2-6274-58a2-18c9-6dbaf2e5e9b4" testName="fPointConstructorTest2" computerName="JORIS-PC" duration="00:00:00.0003006" startTime="2012-07-09T20:02:42.8758102+12:00" endTime="2012-07-09T20:02:42.8838106+12:00" testType="13cdc9d9-ddb5-4fa4-a97d-d965ccfc6d4b" outcome="Passed" testListId="8c84fa94-04c1-424b-9868-57a2d4851a1d" relativeResultsDirectory="b9dbb2e9-2592-4fe3-aa99-47e7955dacaf">
    </UnitTestResult>
    <UnitTestResult executionId="eff6f917-08e9-413a-b7cf-f1585b91a3ff" testId="bda542f6-870e-fb28-9310-2ebbbe076c3c" testName="Matrix3x3Test" computerName="JORIS-PC" duration="00:00:00.0122258" startTime="2012-07-09T20:02:42.8888109+12:00" endTime="2012-07-09T20:02:42.9088121+12:00" testType="13cdc9d9-ddb5-4fa4-a97d-d965ccfc6d4b" outcome="Passed" testListId="8c84fa94-04c1-424b-9868-57a2d4851a1d" relativeResultsDirectory="eff6f917-08e9-413a-b7cf-f1585b91a3ff">
    </UnitTestResult>
    <UnitTestResult executionId="51c268cf-3488-4dbe-bc1f-038f1c70bc6f" testId="c0023543-70d8-e8c3-52fb-9f1d5be4c5fc" testName="Matrix1x3Test" computerName="JORIS-PC" duration="00:00:00.0009804" startTime="2012-07-09T20:02:42.9158125+12:00" endTime="2012-07-09T20:02:42.9238129+12:00" testType="13cdc9d9-ddb5-4fa4-a97d-d965ccfc6d4b" outcome="Passed" testListId="8c84fa94-04c1-424b-9868-57a2d4851a1d" relativeResultsDirectory="51c268cf-3488-4dbe-bc1f-038f1c70bc6f">
    </UnitTestResult>
    <UnitTestResult executionId="b14c4d5d-6f19-4751-92ad-d87343f759b1" testId="c7bfa67d-e9e8-b09b-48ea-fdbd29047b8d" testName="SecondOrderPolynomialTest2" computerName="JORIS-PC" duration="00:00:04.0502316" startTime="2012-07-09T20:02:42.9298133+12:00" endTime="2012-07-09T20:02:46.9800449+12:00" testType="13cdc9d9-ddb5-4fa4-a97d-d965ccfc6d4b" outcome="Aborted" testListId="8c84fa94-04c1-424b-9868-57a2d4851a1d" relativeResultsDirectory="b14c4d5d-6f19-4751-92ad-d87343f759b1">
    </UnitTestResult>
    <UnitTestResult executionId="f43e584b-a42f-4fe4-9009-f9ec5dc57d49" testId="cf8e86af-938d-dc88-28d5-47a0888cbbf6" testName="SecondOrderPolynomialTest" computerName="JORIS-PC" testType="13cdc9d9-ddb5-4fa4-a97d-d965ccfc6d4b" outcome="NotExecuted" testListId="8c84fa94-04c1-424b-9868-57a2d4851a1d" relativeResultsDirectory="f43e584b-a42f-4fe4-9009-f9ec5dc57d49">
    </UnitTestResult>
    <UnitTestResult executionId="7e4c8b58-b3db-43ff-a672-960fb544a477" testId="e7d30bbf-6029-b18e-67cc-bd80a406e438" testName="getNameTest" computerName="JORIS-PC" testType="13cdc9d9-ddb5-4fa4-a97d-d965ccfc6d4b" outcome="NotExecuted" testListId="8c84fa94-04c1-424b-9868-57a2d4851a1d" relativeResultsDirectory="7e4c8b58-b3db-43ff-a672-960fb544a477">
    </UnitTestResult>
    <UnitTestResult executionId="ce4ad33c-6f5d-49fe-84c6-9148fc4b56b5" testId="ed08e473-2dba-4d18-da59-9cb539de914d" testName="Matrix3x3InverseTest" computerName="JORIS-PC" testType="13cdc9d9-ddb5-4fa4-a97d-d965ccfc6d4b" outcome="NotExecuted" testListId="8c84fa94-04c1-424b-9868-57a2d4851a1d" relativeResultsDirectory="ce4ad33c-6f5d-49fe-84c6-9148fc4b56b5">
    </UnitTestResult>
    <UnitTestResult executionId="be042037-06be-4d52-86ee-8ffd292a60cc" testId="f1d57bd7-6599-7b59-7979-79556522066e" testName="getY_Value_AsFloatTest" computerName="JORIS-PC" testType="13cdc9d9-ddb5-4fa4-a97d-d965ccfc6d4b" outcome="NotExecuted" testListId="8c84fa94-04c1-424b-9868-57a2d4851a1d" relativeResultsDirectory="be042037-06be-4d52-86ee-8ffd292a60cc">
    </UnitTestResult>
    <UnitTestResult executionId="02f4f1be-0242-4e3d-adf5-cfa6b459a48d" testId="fbb0dd6e-b7dd-8f92-d511-30c119a8406c" testName="getDataTest" computerName="JORIS-PC" testType="13cdc9d9-ddb5-4fa4-a97d-d965ccfc6d4b" outcome="NotExecuted" testListId="8c84fa94-04c1-424b-9868-57a2d4851a1d" relativeResultsDirectory="02f4f1be-0242-4e3d-adf5-cfa6b459a48d">
    </UnitTestResult>
    <UnitTestResult executionId="c8bf1455-52f4-46a0-8aba-2527686e8df0" testId="fdc600d9-be0d-02d4-169a-cc986a42ef6d" testName="getStatusTest" computerName="JORIS-PC" testType="13cdc9d9-ddb5-4fa4-a97d-d965ccfc6d4b" outcome="NotExecuted" testListId="8c84fa94-04c1-424b-9868-57a2d4851a1d" relativeResultsDirectory="c8bf1455-52f4-46a0-8aba-2527686e8df0">
    </UnitTestResult>
  </Results>
</TestRun>