<?xml version="1.0" encoding="UTF-8"?>
<TestRun id="f6da9663-6056-4cc7-8c10-2b64cf44d052" name="Joris@JORIS-PC 2012-06-19 14:21:25" runUser="Joris-PC\Joris" xmlns="http://microsoft.com/schemas/VisualStudio/TeamTest/2010">
  <TestSettings name="Local" id="a523dc7b-8ddb-43ec-9e72-2285008632b5">
    <Description>These are default test settings for a local test run.</Description>
    <Deployment enabled="false" runDeploymentRoot="Joris_JORIS-PC 2012-06-19 14_21_25">
      <DeploymentItem filename="C:\Users\Joris\PerformanceProgression\GraphCalculator\Attempt1MathCalculation\MathTest\bin\Debug\ZedGraph.dll" />
      <DeploymentItem filename="C:\Users\Joris\PerformanceProgression\GraphCalculator\Attempt1MathCalculation\Attempt1MathCalculation\bin\Debug\Attempt1MathCalculation.exe" />
    </Deployment>
    <Execution>
      <TestTypeSpecific />
      <AgentRule name="Execution Agents">
      </AgentRule>
    </Execution>
  </TestSettings>
  <Times creation="2012-06-19T14:21:25.6549489+12:00" queuing="2012-06-19T14:21:25.6839506+12:00" start="2012-06-19T14:21:25.7009516+12:00" finish="2012-06-19T14:21:26.1859793+12:00" />
  <ResultSummary outcome="Failed">
    <Counters total="15" executed="15" passed="14" error="0" failed="1" timeout="0" aborted="0" inconclusive="0" passedButRunAborted="0" notRunnable="0" notExecuted="0" disconnected="0" warning="0" completed="0" inProgress="0" pending="0" />
  </ResultSummary>
  <TestDefinitions>
    <UnitTest name="X_DateTest" storage="c:\users\joris\performanceprogression\graphcalculator\attempt1mathcalculation\mathtest\bin\debug\mathtest.dll" id="d228be95-61b5-faa5-8d6e-f14f7eb3077b">
      <Execution id="f3f12e99-10ee-4de6-aabc-f7fdbd832695" />
      <TestMethod codeBase="C:/Users/Joris/PerformanceProgression/GraphCalculator/Attempt1MathCalculation/MathTest/bin/Debug/MathTest.DLL" adapterTypeName="Microsoft.VisualStudio.TestTools.TestTypes.Unit.UnitTestAdapter, Microsoft.VisualStudio.QualityTools.Tips.UnitTest.Adapter, Version=10.0.0.0, Culture=neutral, PublicKeyToken=b03f5f7f11d50a3a" className="MathTest.fPointTest, MathTest, Version=1.0.0.0, Culture=neutral, PublicKeyToken=null" name="X_DateTest" />
    </UnitTest>
    <UnitTest name="setY_ValueTestTime" storage="c:\users\joris\performanceprogression\graphcalculator\attempt1mathcalculation\mathtest\bin\debug\mathtest.dll" id="f34a02a7-139c-5db6-f66c-3a47e661f645">
      <Execution id="17155883-8fb0-43b8-89da-df23d1311fd6" />
      <TestMethod codeBase="C:/Users/Joris/PerformanceProgression/GraphCalculator/Attempt1MathCalculation/MathTest/bin/Debug/MathTest.DLL" adapterTypeName="Microsoft.VisualStudio.TestTools.TestTypes.Unit.UnitTestAdapter, Microsoft.VisualStudio.QualityTools.Tips.UnitTest.Adapter, Version=10.0.0.0, Culture=neutral, PublicKeyToken=b03f5f7f11d50a3a" className="MathTest.fPointTest, MathTest, Version=1.0.0.0, Culture=neutral, PublicKeyToken=null" name="setY_ValueTestTime" />
    </UnitTest>
    <UnitTest name="getStatusTest" storage="c:\users\joris\performanceprogression\graphcalculator\attempt1mathcalculation\mathtest\bin\debug\mathtest.dll" id="fdc600d9-be0d-02d4-169a-cc986a42ef6d">
      <Execution id="7fb74b6b-b56f-47d4-b961-8734807426d5" />
      <TestMethod codeBase="C:/Users/Joris/PerformanceProgression/GraphCalculator/Attempt1MathCalculation/MathTest/bin/Debug/MathTest.DLL" adapterTypeName="Microsoft.VisualStudio.TestTools.TestTypes.Unit.UnitTestAdapter, Microsoft.VisualStudio.QualityTools.Tips.UnitTest.Adapter, Version=10.0.0.0, Culture=neutral, PublicKeyToken=b03f5f7f11d50a3a" className="MathTest.AthletesTest, MathTest, Version=1.0.0.0, Culture=neutral, PublicKeyToken=null" name="getStatusTest" />
    </UnitTest>
    <UnitTest name="Y_TimeTests" storage="c:\users\joris\performanceprogression\graphcalculator\attempt1mathcalculation\mathtest\bin\debug\mathtest.dll" id="d1fa94a7-6865-fc7b-f171-2c89f4cfa0b5">
      <Execution id="e17d0cbb-e770-44a7-8114-1fcc83b250a7" />
      <TestMethod codeBase="C:/Users/Joris/PerformanceProgression/GraphCalculator/Attempt1MathCalculation/MathTest/bin/Debug/MathTest.DLL" adapterTypeName="Microsoft.VisualStudio.TestTools.TestTypes.Unit.UnitTestAdapter, Microsoft.VisualStudio.QualityTools.Tips.UnitTest.Adapter, Version=10.0.0.0, Culture=neutral, PublicKeyToken=b03f5f7f11d50a3a" className="MathTest.fPointTest, MathTest, Version=1.0.0.0, Culture=neutral, PublicKeyToken=null" name="Y_TimeTests" />
    </UnitTest>
    <UnitTest name="getNameTest" storage="c:\users\joris\performanceprogression\graphcalculator\attempt1mathcalculation\mathtest\bin\debug\mathtest.dll" id="e7d30bbf-6029-b18e-67cc-bd80a406e438">
      <Execution id="2eb97ab7-f392-4ffd-bd54-7df309433a5d" />
      <TestMethod codeBase="C:/Users/Joris/PerformanceProgression/GraphCalculator/Attempt1MathCalculation/MathTest/bin/Debug/MathTest.DLL" adapterTypeName="Microsoft.VisualStudio.TestTools.TestTypes.Unit.UnitTestAdapter, Microsoft.VisualStudio.QualityTools.Tips.UnitTest.Adapter, Version=10.0.0.0, Culture=neutral, PublicKeyToken=b03f5f7f11d50a3a" className="MathTest.AthletesTest, MathTest, Version=1.0.0.0, Culture=neutral, PublicKeyToken=null" name="getNameTest" />
    </UnitTest>
    <UnitTest name="setY_ValueTestDouble" storage="c:\users\joris\performanceprogression\graphcalculator\attempt1mathcalculation\mathtest\bin\debug\mathtest.dll" id="63325f22-7d10-67cf-eef9-86a620d2144c">
      <Execution id="f757454d-c9b4-41e8-a8e1-076cdfafb9e2" />
      <TestMethod codeBase="C:/Users/Joris/PerformanceProgression/GraphCalculator/Attempt1MathCalculation/MathTest/bin/Debug/MathTest.DLL" adapterTypeName="Microsoft.VisualStudio.TestTools.TestTypes.Unit.UnitTestAdapter, Microsoft.VisualStudio.QualityTools.Tips.UnitTest.Adapter, Version=10.0.0.0, Culture=neutral, PublicKeyToken=b03f5f7f11d50a3a" className="MathTest.fPointTest, MathTest, Version=1.0.0.0, Culture=neutral, PublicKeyToken=null" name="setY_ValueTestDouble" />
    </UnitTest>
    <UnitTest name="Y_TimeTest" storage="c:\users\joris\performanceprogression\graphcalculator\attempt1mathcalculation\mathtest\bin\debug\mathtest.dll" id="94dbcfb7-2c31-a95d-f576-27f5e95bd368">
      <Execution id="6d33d43e-b0a7-4184-952f-4447b55d2384" />
      <TestMethod codeBase="C:/Users/Joris/PerformanceProgression/GraphCalculator/Attempt1MathCalculation/MathTest/bin/Debug/MathTest.DLL" adapterTypeName="Microsoft.VisualStudio.TestTools.TestTypes.Unit.UnitTestAdapter, Microsoft.VisualStudio.QualityTools.Tips.UnitTest.Adapter, Version=10.0.0.0, Culture=neutral, PublicKeyToken=b03f5f7f11d50a3a" className="MathTest.fPointTest, MathTest, Version=1.0.0.0, Culture=neutral, PublicKeyToken=null" name="Y_TimeTest" />
    </UnitTest>
    <UnitTest name="Matrix3x3InverseTest" storage="c:\users\joris\performanceprogression\graphcalculator\attempt1mathcalculation\mathtest\bin\debug\mathtest.dll" id="ed08e473-2dba-4d18-da59-9cb539de914d">
      <DeploymentItems>
        <DeploymentItem filename="Attempt1MathCalculation.exe" />
      </DeploymentItems>
      <Execution id="8b83252d-1585-43a6-a544-df8be42f7ca7" />
      <TestMethod codeBase="C:/Users/Joris/PerformanceProgression/GraphCalculator/Attempt1MathCalculation/MathTest/bin/Debug/MathTest.DLL" adapterTypeName="Microsoft.VisualStudio.TestTools.TestTypes.Unit.UnitTestAdapter, Microsoft.VisualStudio.QualityTools.Tips.UnitTest.Adapter, Version=10.0.0.0, Culture=neutral, PublicKeyToken=b03f5f7f11d50a3a" className="MathTest.PolynomialTest, MathTest, Version=1.0.0.0, Culture=neutral, PublicKeyToken=null" name="Matrix3x3InverseTest" />
    </UnitTest>
    <UnitTest name="SecondOrderPolynomialTest" storage="c:\users\joris\performanceprogression\graphcalculator\attempt1mathcalculation\mathtest\bin\debug\mathtest.dll" id="cf8e86af-938d-dc88-28d5-47a0888cbbf6">
      <Execution id="acc34436-9015-4df6-b581-6349601709e6" />
      <TestMethod codeBase="C:/Users/Joris/PerformanceProgression/GraphCalculator/Attempt1MathCalculation/MathTest/bin/Debug/MathTest.DLL" adapterTypeName="Microsoft.VisualStudio.TestTools.TestTypes.Unit.UnitTestAdapter, Microsoft.VisualStudio.QualityTools.Tips.UnitTest.Adapter, Version=10.0.0.0, Culture=neutral, PublicKeyToken=b03f5f7f11d50a3a" className="MathTest.PolynomialTest, MathTest, Version=1.0.0.0, Culture=neutral, PublicKeyToken=null" name="SecondOrderPolynomialTest" />
    </UnitTest>
    <UnitTest name="setX_DateTest" storage="c:\users\joris\performanceprogression\graphcalculator\attempt1mathcalculation\mathtest\bin\debug\mathtest.dll" id="30998afc-2944-e13b-f8b3-3e8bf0e1ce4f">
      <Execution id="dcd803de-e326-48d2-a501-8149c5bc69e0" />
      <TestMethod codeBase="C:/Users/Joris/PerformanceProgression/GraphCalculator/Attempt1MathCalculation/MathTest/bin/Debug/MathTest.DLL" adapterTypeName="Microsoft.VisualStudio.TestTools.TestTypes.Unit.UnitTestAdapter, Microsoft.VisualStudio.QualityTools.Tips.UnitTest.Adapter, Version=10.0.0.0, Culture=neutral, PublicKeyToken=b03f5f7f11d50a3a" className="MathTest.fPointTest, MathTest, Version=1.0.0.0, Culture=neutral, PublicKeyToken=null" name="setX_DateTest" />
    </UnitTest>
    <UnitTest name="Y_DistanceTest" storage="c:\users\joris\performanceprogression\graphcalculator\attempt1mathcalculation\mathtest\bin\debug\mathtest.dll" id="5daea82e-210e-64b5-5f47-c70057d506bf">
      <Execution id="26c38c51-2042-4e8b-b3c5-ac3b7237e5af" />
      <TestMethod codeBase="C:/Users/Joris/PerformanceProgression/GraphCalculator/Attempt1MathCalculation/MathTest/bin/Debug/MathTest.DLL" adapterTypeName="Microsoft.VisualStudio.TestTools.TestTypes.Unit.UnitTestAdapter, Microsoft.VisualStudio.QualityTools.Tips.UnitTest.Adapter, Version=10.0.0.0, Culture=neutral, PublicKeyToken=b03f5f7f11d50a3a" className="MathTest.fPointTest, MathTest, Version=1.0.0.0, Culture=neutral, PublicKeyToken=null" name="Y_DistanceTest" />
    </UnitTest>
    <UnitTest name="getDataTest" storage="c:\users\joris\performanceprogression\graphcalculator\attempt1mathcalculation\mathtest\bin\debug\mathtest.dll" id="fbb0dd6e-b7dd-8f92-d511-30c119a8406c">
      <Execution id="80bcb058-8445-489f-b39a-46593372afd1" />
      <TestMethod codeBase="C:/Users/Joris/PerformanceProgression/GraphCalculator/Attempt1MathCalculation/MathTest/bin/Debug/MathTest.DLL" adapterTypeName="Microsoft.VisualStudio.TestTools.TestTypes.Unit.UnitTestAdapter, Microsoft.VisualStudio.QualityTools.Tips.UnitTest.Adapter, Version=10.0.0.0, Culture=neutral, PublicKeyToken=b03f5f7f11d50a3a" className="MathTest.AthletesTest, MathTest, Version=1.0.0.0, Culture=neutral, PublicKeyToken=null" name="getDataTest" />
    </UnitTest>
    <UnitTest name="Matrix1x3Test" storage="c:\users\joris\performanceprogression\graphcalculator\attempt1mathcalculation\mathtest\bin\debug\mathtest.dll" id="c0023543-70d8-e8c3-52fb-9f1d5be4c5fc">
      <Execution id="0338ac3e-7dfd-456c-b33c-08c7261d481d" />
      <TestMethod codeBase="C:/Users/Joris/PerformanceProgression/GraphCalculator/Attempt1MathCalculation/MathTest/bin/Debug/MathTest.DLL" adapterTypeName="Microsoft.VisualStudio.TestTools.TestTypes.Unit.UnitTestAdapter, Microsoft.VisualStudio.QualityTools.Tips.UnitTest.Adapter, Version=10.0.0.0, Culture=neutral, PublicKeyToken=b03f5f7f11d50a3a" className="MathTest.PolynomialTest, MathTest, Version=1.0.0.0, Culture=neutral, PublicKeyToken=null" name="Matrix1x3Test" />
    </UnitTest>
    <UnitTest name="Matrix3x3Test" storage="c:\users\joris\performanceprogression\graphcalculator\attempt1mathcalculation\mathtest\bin\debug\mathtest.dll" id="bda542f6-870e-fb28-9310-2ebbbe076c3c">
      <DeploymentItems>
        <DeploymentItem filename="Attempt1MathCalculation.exe" />
      </DeploymentItems>
      <Execution id="89750fad-39cf-43f9-9b62-70dea26d9f7b" />
      <TestMethod codeBase="C:/Users/Joris/PerformanceProgression/GraphCalculator/Attempt1MathCalculation/MathTest/bin/Debug/MathTest.DLL" adapterTypeName="Microsoft.VisualStudio.TestTools.TestTypes.Unit.UnitTestAdapter, Microsoft.VisualStudio.QualityTools.Tips.UnitTest.Adapter, Version=10.0.0.0, Culture=neutral, PublicKeyToken=b03f5f7f11d50a3a" className="MathTest.PolynomialTest, MathTest, Version=1.0.0.0, Culture=neutral, PublicKeyToken=null" name="Matrix3x3Test" />
    </UnitTest>
    <UnitTest name="ToStringTest" storage="c:\users\joris\performanceprogression\graphcalculator\attempt1mathcalculation\mathtest\bin\debug\mathtest.dll" id="6467f6a3-7df3-7605-d2c6-875a5bc201ab">
      <Execution id="90cee4c0-0ddf-460a-9054-fae551e706fc" />
      <TestMethod codeBase="C:/Users/Joris/PerformanceProgression/GraphCalculator/Attempt1MathCalculation/MathTest/bin/Debug/MathTest.DLL" adapterTypeName="Microsoft.VisualStudio.TestTools.TestTypes.Unit.UnitTestAdapter, Microsoft.VisualStudio.QualityTools.Tips.UnitTest.Adapter, Version=10.0.0.0, Culture=neutral, PublicKeyToken=b03f5f7f11d50a3a" className="MathTest.fPointTest, MathTest, Version=1.0.0.0, Culture=neutral, PublicKeyToken=null" name="ToStringTest" />
    </UnitTest>
  </TestDefinitions>
  <TestLists>
    <TestList name="Results Not in a List" id="8c84fa94-04c1-424b-9868-57a2d4851a1d" />
    <TestList name="All Loaded Results" id="19431567-8539-422a-85d7-44ee4e166bda" />
  </TestLists>
  <TestEntries>
    <TestEntry testId="30998afc-2944-e13b-f8b3-3e8bf0e1ce4f" executionId="dcd803de-e326-48d2-a501-8149c5bc69e0" testListId="8c84fa94-04c1-424b-9868-57a2d4851a1d" />
    <TestEntry testId="5daea82e-210e-64b5-5f47-c70057d506bf" executionId="26c38c51-2042-4e8b-b3c5-ac3b7237e5af" testListId="8c84fa94-04c1-424b-9868-57a2d4851a1d" />
    <TestEntry testId="63325f22-7d10-67cf-eef9-86a620d2144c" executionId="f757454d-c9b4-41e8-a8e1-076cdfafb9e2" testListId="8c84fa94-04c1-424b-9868-57a2d4851a1d" />
    <TestEntry testId="6467f6a3-7df3-7605-d2c6-875a5bc201ab" executionId="90cee4c0-0ddf-460a-9054-fae551e706fc" testListId="8c84fa94-04c1-424b-9868-57a2d4851a1d" />
    <TestEntry testId="94dbcfb7-2c31-a95d-f576-27f5e95bd368" executionId="6d33d43e-b0a7-4184-952f-4447b55d2384" testListId="8c84fa94-04c1-424b-9868-57a2d4851a1d" />
    <TestEntry testId="bda542f6-870e-fb28-9310-2ebbbe076c3c" executionId="89750fad-39cf-43f9-9b62-70dea26d9f7b" testListId="8c84fa94-04c1-424b-9868-57a2d4851a1d" />
    <TestEntry testId="c0023543-70d8-e8c3-52fb-9f1d5be4c5fc" executionId="0338ac3e-7dfd-456c-b33c-08c7261d481d" testListId="8c84fa94-04c1-424b-9868-57a2d4851a1d" />
    <TestEntry testId="cf8e86af-938d-dc88-28d5-47a0888cbbf6" executionId="acc34436-9015-4df6-b581-6349601709e6" testListId="8c84fa94-04c1-424b-9868-57a2d4851a1d" />
    <TestEntry testId="d1fa94a7-6865-fc7b-f171-2c89f4cfa0b5" executionId="e17d0cbb-e770-44a7-8114-1fcc83b250a7" testListId="8c84fa94-04c1-424b-9868-57a2d4851a1d" />
    <TestEntry testId="d228be95-61b5-faa5-8d6e-f14f7eb3077b" executionId="f3f12e99-10ee-4de6-aabc-f7fdbd832695" testListId="8c84fa94-04c1-424b-9868-57a2d4851a1d" />
    <TestEntry testId="e7d30bbf-6029-b18e-67cc-bd80a406e438" executionId="2eb97ab7-f392-4ffd-bd54-7df309433a5d" testListId="8c84fa94-04c1-424b-9868-57a2d4851a1d" />
    <TestEntry testId="ed08e473-2dba-4d18-da59-9cb539de914d" executionId="8b83252d-1585-43a6-a544-df8be42f7ca7" testListId="8c84fa94-04c1-424b-9868-57a2d4851a1d" />
    <TestEntry testId="f34a02a7-139c-5db6-f66c-3a47e661f645" executionId="17155883-8fb0-43b8-89da-df23d1311fd6" testListId="8c84fa94-04c1-424b-9868-57a2d4851a1d" />
    <TestEntry testId="fbb0dd6e-b7dd-8f92-d511-30c119a8406c" executionId="80bcb058-8445-489f-b39a-46593372afd1" testListId="8c84fa94-04c1-424b-9868-57a2d4851a1d" />
    <TestEntry testId="fdc600d9-be0d-02d4-169a-cc986a42ef6d" executionId="7fb74b6b-b56f-47d4-b961-8734807426d5" testListId="8c84fa94-04c1-424b-9868-57a2d4851a1d" />
  </TestEntries>
  <Results>
    <UnitTestResult executionId="dcd803de-e326-48d2-a501-8149c5bc69e0" testId="30998afc-2944-e13b-f8b3-3e8bf0e1ce4f" testName="setX_DateTest" computerName="JORIS-PC" duration="00:00:00.0175440" startTime="2012-06-19T14:21:25.7049518+12:00" endTime="2012-06-19T14:21:25.8999630+12:00" testType="13cdc9d9-ddb5-4fa4-a97d-d965ccfc6d4b" outcome="Passed" testListId="8c84fa94-04c1-424b-9868-57a2d4851a1d" relativeResultsDirectory="dcd803de-e326-48d2-a501-8149c5bc69e0">
    </UnitTestResult>
    <UnitTestResult executionId="26c38c51-2042-4e8b-b3c5-ac3b7237e5af" testId="5daea82e-210e-64b5-5f47-c70057d506bf" testName="Y_DistanceTest" computerName="JORIS-PC" duration="00:00:00.0004010" startTime="2012-06-19T14:21:25.9019631+12:00" endTime="2012-06-19T14:21:25.9089635+12:00" testType="13cdc9d9-ddb5-4fa4-a97d-d965ccfc6d4b" outcome="Passed" testListId="8c84fa94-04c1-424b-9868-57a2d4851a1d" relativeResultsDirectory="26c38c51-2042-4e8b-b3c5-ac3b7237e5af">
    </UnitTestResult>
    <UnitTestResult executionId="f757454d-c9b4-41e8-a8e1-076cdfafb9e2" testId="63325f22-7d10-67cf-eef9-86a620d2144c" testName="setY_ValueTestDouble" computerName="JORIS-PC" duration="00:00:00.0003175" startTime="2012-06-19T14:21:25.9109636+12:00" endTime="2012-06-19T14:21:25.9159639+12:00" testType="13cdc9d9-ddb5-4fa4-a97d-d965ccfc6d4b" outcome="Passed" testListId="8c84fa94-04c1-424b-9868-57a2d4851a1d" relativeResultsDirectory="f757454d-c9b4-41e8-a8e1-076cdfafb9e2">
    </UnitTestResult>
    <UnitTestResult executionId="90cee4c0-0ddf-460a-9054-fae551e706fc" testId="6467f6a3-7df3-7605-d2c6-875a5bc201ab" testName="ToStringTest" computerName="JORIS-PC" duration="00:00:00.0002309" startTime="2012-06-19T14:21:25.9179640+12:00" endTime="2012-06-19T14:21:25.9229643+12:00" testType="13cdc9d9-ddb5-4fa4-a97d-d965ccfc6d4b" outcome="Passed" testListId="8c84fa94-04c1-424b-9868-57a2d4851a1d" relativeResultsDirectory="90cee4c0-0ddf-460a-9054-fae551e706fc">
    </UnitTestResult>
    <UnitTestResult executionId="6d33d43e-b0a7-4184-952f-4447b55d2384" testId="94dbcfb7-2c31-a95d-f576-27f5e95bd368" testName="Y_TimeTest" computerName="JORIS-PC" duration="00:00:00.0002101" startTime="2012-06-19T14:21:25.9239643+12:00" endTime="2012-06-19T14:21:25.9289646+12:00" testType="13cdc9d9-ddb5-4fa4-a97d-d965ccfc6d4b" outcome="Passed" testListId="8c84fa94-04c1-424b-9868-57a2d4851a1d" relativeResultsDirectory="6d33d43e-b0a7-4184-952f-4447b55d2384">
    </UnitTestResult>
    <UnitTestResult executionId="89750fad-39cf-43f9-9b62-70dea26d9f7b" testId="bda542f6-870e-fb28-9310-2ebbbe076c3c" testName="Matrix3x3Test" computerName="JORIS-PC" duration="00:00:00.0350780" startTime="2012-06-19T14:21:25.9309647+12:00" endTime="2012-06-19T14:21:25.9699670+12:00" testType="13cdc9d9-ddb5-4fa4-a97d-d965ccfc6d4b" outcome="Passed" testListId="8c84fa94-04c1-424b-9868-57a2d4851a1d" relativeResultsDirectory="89750fad-39cf-43f9-9b62-70dea26d9f7b">
    </UnitTestResult>
    <UnitTestResult executionId="0338ac3e-7dfd-456c-b33c-08c7261d481d" testId="c0023543-70d8-e8c3-52fb-9f1d5be4c5fc" testName="Matrix1x3Test" computerName="JORIS-PC" duration="00:00:00.0008668" startTime="2012-06-19T14:21:25.9709670+12:00" endTime="2012-06-19T14:21:25.9759673+12:00" testType="13cdc9d9-ddb5-4fa4-a97d-d965ccfc6d4b" outcome="Passed" testListId="8c84fa94-04c1-424b-9868-57a2d4851a1d" relativeResultsDirectory="0338ac3e-7dfd-456c-b33c-08c7261d481d">
    </UnitTestResult>
    <UnitTestResult executionId="acc34436-9015-4df6-b581-6349601709e6" testId="cf8e86af-938d-dc88-28d5-47a0888cbbf6" testName="SecondOrderPolynomialTest" computerName="JORIS-PC" duration="00:00:00.0013214" startTime="2012-06-19T14:21:25.9759673+12:00" endTime="2012-06-19T14:21:25.9819676+12:00" testType="13cdc9d9-ddb5-4fa4-a97d-d965ccfc6d4b" outcome="Passed" testListId="8c84fa94-04c1-424b-9868-57a2d4851a1d" relativeResultsDirectory="acc34436-9015-4df6-b581-6349601709e6">
    </UnitTestResult>
    <UnitTestResult executionId="e17d0cbb-e770-44a7-8114-1fcc83b250a7" testId="d1fa94a7-6865-fc7b-f171-2c89f4cfa0b5" testName="Y_TimeTests" computerName="JORIS-PC" duration="00:00:00.0003268" startTime="2012-06-19T14:21:25.9819676+12:00" endTime="2012-06-19T14:21:25.9909682+12:00" testType="13cdc9d9-ddb5-4fa4-a97d-d965ccfc6d4b" outcome="Passed" testListId="8c84fa94-04c1-424b-9868-57a2d4851a1d" relativeResultsDirectory="e17d0cbb-e770-44a7-8114-1fcc83b250a7">
    </UnitTestResult>
    <UnitTestResult executionId="f3f12e99-10ee-4de6-aabc-f7fdbd832695" testId="d228be95-61b5-faa5-8d6e-f14f7eb3077b" testName="X_DateTest" computerName="JORIS-PC" duration="00:00:00.0003056" startTime="2012-06-19T14:21:26.0399710+12:00" endTime="2012-06-19T14:21:26.0449712+12:00" testType="13cdc9d9-ddb5-4fa4-a97d-d965ccfc6d4b" outcome="Passed" testListId="8c84fa94-04c1-424b-9868-57a2d4851a1d" relativeResultsDirectory="f3f12e99-10ee-4de6-aabc-f7fdbd832695">
    </UnitTestResult>
    <UnitTestResult executionId="2eb97ab7-f392-4ffd-bd54-7df309433a5d" testId="e7d30bbf-6029-b18e-67cc-bd80a406e438" testName="getNameTest" computerName="JORIS-PC" duration="00:00:00.0006566" startTime="2012-06-19T14:21:26.0799732+12:00" endTime="2012-06-19T14:21:26.0929740+12:00" testType="13cdc9d9-ddb5-4fa4-a97d-d965ccfc6d4b" outcome="Passed" testListId="8c84fa94-04c1-424b-9868-57a2d4851a1d" relativeResultsDirectory="2eb97ab7-f392-4ffd-bd54-7df309433a5d">
    </UnitTestResult>
    <UnitTestResult executionId="8b83252d-1585-43a6-a544-df8be42f7ca7" testId="ed08e473-2dba-4d18-da59-9cb539de914d" testName="Matrix3x3InverseTest" computerName="JORIS-PC" duration="00:00:00.0014985" startTime="2012-06-19T14:21:26.0939740+12:00" endTime="2012-06-19T14:21:26.1049747+12:00" testType="13cdc9d9-ddb5-4fa4-a97d-d965ccfc6d4b" outcome="Passed" testListId="8c84fa94-04c1-424b-9868-57a2d4851a1d" relativeResultsDirectory="8b83252d-1585-43a6-a544-df8be42f7ca7">
    </UnitTestResult>
    <UnitTestResult executionId="17155883-8fb0-43b8-89da-df23d1311fd6" testId="f34a02a7-139c-5db6-f66c-3a47e661f645" testName="setY_ValueTestTime" computerName="JORIS-PC" duration="00:00:00.0458992" startTime="2012-06-19T14:21:26.1069748+12:00" endTime="2012-06-19T14:21:26.1579777+12:00" testType="13cdc9d9-ddb5-4fa4-a97d-d965ccfc6d4b" outcome="Failed" testListId="8c84fa94-04c1-424b-9868-57a2d4851a1d" relativeResultsDirectory="17155883-8fb0-43b8-89da-df23d1311fd6">
      <Output>
        <ErrorInfo>
          <Message>Test method MathTest.fPointTest.setY_ValueTestTime threw exception: 
System.FormatException: Input string was not in a correct format.</Message>
          <StackTrace>    at System.Text.StringBuilder.AppendFormat(IFormatProvider provider, String format, Object[] args)
   at System.String.Format(IFormatProvider provider, String format, Object[] args)
   at System.String.Format(String format, Object arg0)
   at Attempt1MathCalculation.fPoint.ToString(Boolean time) in C:\Users\Joris\PerformanceProgression\GraphCalculator\Attempt1MathCalculation\Attempt1MathCalculation\fPoint.cs:line 54
   at MathTest.fPointTest.setY_ValueTestTime() in C:\Users\Joris\PerformanceProgression\GraphCalculator\Attempt1MathCalculation\MathTest\fPointTest.cs:line 162
</StackTrace>
        </ErrorInfo>
      </Output>
    </UnitTestResult>
    <UnitTestResult executionId="80bcb058-8445-489f-b39a-46593372afd1" testId="fbb0dd6e-b7dd-8f92-d511-30c119a8406c" testName="getDataTest" computerName="JORIS-PC" duration="00:00:00.0009222" startTime="2012-06-19T14:21:26.1599778+12:00" endTime="2012-06-19T14:21:26.1669782+12:00" testType="13cdc9d9-ddb5-4fa4-a97d-d965ccfc6d4b" outcome="Passed" testListId="8c84fa94-04c1-424b-9868-57a2d4851a1d" relativeResultsDirectory="80bcb058-8445-489f-b39a-46593372afd1">
    </UnitTestResult>
    <UnitTestResult executionId="7fb74b6b-b56f-47d4-b961-8734807426d5" testId="fdc600d9-be0d-02d4-169a-cc986a42ef6d" testName="getStatusTest" computerName="JORIS-PC" duration="00:00:00.0003183" startTime="2012-06-19T14:21:26.1679783+12:00" endTime="2012-06-19T14:21:26.1729786+12:00" testType="13cdc9d9-ddb5-4fa4-a97d-d965ccfc6d4b" outcome="Passed" testListId="8c84fa94-04c1-424b-9868-57a2d4851a1d" relativeResultsDirectory="7fb74b6b-b56f-47d4-b961-8734807426d5">
    </UnitTestResult>
  </Results>
</TestRun>