<?xml version="1.0" encoding="UTF-8"?>
<TestRun id="a44471d4-c677-4791-9b27-2c893e95e90a" name="Joris@JORIS-PC 2012-06-18 18:05:42" runUser="Joris-PC\Joris" xmlns="http://microsoft.com/schemas/VisualStudio/TeamTest/2010">
  <TestSettings name="Local" id="a523dc7b-8ddb-43ec-9e72-2285008632b5">
    <Description>These are default test settings for a local test run.</Description>
    <Deployment enabled="false" runDeploymentRoot="Joris_JORIS-PC 2012-06-18 18_05_42">
      <DeploymentItem filename="C:\Users\Joris\PerformanceProgression\GraphCalculator\Attempt1MathCalculation\Attempt1MathCalculation\bin\Debug\Attempt1MathCalculation.exe" />
      <DeploymentItem filename="C:\Users\Joris\PerformanceProgression\GraphCalculator\Attempt1MathCalculation\MathTest\bin\Debug\ZedGraph.dll" />
    </Deployment>
    <Execution>
      <TestTypeSpecific />
      <AgentRule name="Execution Agents">
      </AgentRule>
    </Execution>
  </TestSettings>
  <Times creation="2012-06-18T18:05:42.5884979+12:00" queuing="2012-06-18T18:05:42.6214998+12:00" start="2012-06-18T18:05:42.6335005+12:00" finish="2012-06-18T18:05:42.9615193+12:00" />
  <ResultSummary outcome="Inconclusive">
    <Counters total="12" executed="12" passed="11" error="0" failed="0" timeout="0" aborted="0" inconclusive="1" passedButRunAborted="0" notRunnable="0" notExecuted="0" disconnected="0" warning="0" completed="0" inProgress="0" pending="0" />
  </ResultSummary>
  <TestDefinitions>
    <UnitTest name="getStatusTest" storage="c:\users\joris\performanceprogression\graphcalculator\attempt1mathcalculation\mathtest\bin\debug\mathtest.dll" id="fdc600d9-be0d-02d4-169a-cc986a42ef6d">
      <Execution id="c44da7b6-4728-4050-90ed-03d90e822552" />
      <TestMethod codeBase="C:/Users/Joris/PerformanceProgression/GraphCalculator/Attempt1MathCalculation/MathTest/bin/Debug/MathTest.DLL" adapterTypeName="Microsoft.VisualStudio.TestTools.TestTypes.Unit.UnitTestAdapter, Microsoft.VisualStudio.QualityTools.Tips.UnitTest.Adapter, Version=10.0.0.0, Culture=neutral, PublicKeyToken=b03f5f7f11d50a3a" className="MathTest.AthletesTest, MathTest, Version=1.0.0.0, Culture=neutral, PublicKeyToken=null" name="getStatusTest" />
    </UnitTest>
    <UnitTest name="ToStringTest" storage="c:\users\joris\performanceprogression\graphcalculator\attempt1mathcalculation\mathtest\bin\debug\mathtest.dll" id="6467f6a3-7df3-7605-d2c6-875a5bc201ab">
      <Execution id="03d13675-19b3-43c1-a319-51d7c2db98cd" />
      <TestMethod codeBase="C:/Users/Joris/PerformanceProgression/GraphCalculator/Attempt1MathCalculation/MathTest/bin/Debug/MathTest.DLL" adapterTypeName="Microsoft.VisualStudio.TestTools.TestTypes.Unit.UnitTestAdapter, Microsoft.VisualStudio.QualityTools.Tips.UnitTest.Adapter, Version=10.0.0.0, Culture=neutral, PublicKeyToken=b03f5f7f11d50a3a" className="MathTest.fPointTest, MathTest, Version=1.0.0.0, Culture=neutral, PublicKeyToken=null" name="ToStringTest" />
    </UnitTest>
    <UnitTest name="Matrix1x3Test" storage="c:\users\joris\performanceprogression\graphcalculator\attempt1mathcalculation\mathtest\bin\debug\mathtest.dll" id="a3c31cc8-fd84-bba7-2c1f-afa6d79c9417">
      <Execution id="97ccdaa0-bd82-4a6b-a321-b4f3873ef187" />
      <TestMethod codeBase="C:/Users/Joris/PerformanceProgression/GraphCalculator/Attempt1MathCalculation/MathTest/bin/Debug/MathTest.DLL" adapterTypeName="Microsoft.VisualStudio.TestTools.TestTypes.Unit.UnitTestAdapter, Microsoft.VisualStudio.QualityTools.Tips.UnitTest.Adapter, Version=10.0.0.0, Culture=neutral, PublicKeyToken=b03f5f7f11d50a3a" className="MathTest.PolynomialTester, MathTest, Version=1.0.0.0, Culture=neutral, PublicKeyToken=null" name="Matrix1x3Test" />
    </UnitTest>
    <UnitTest name="getNameTest" storage="c:\users\joris\performanceprogression\graphcalculator\attempt1mathcalculation\mathtest\bin\debug\mathtest.dll" id="e7d30bbf-6029-b18e-67cc-bd80a406e438">
      <Execution id="bbd18a14-17e0-44df-ba43-6b0fe35797a5" />
      <TestMethod codeBase="C:/Users/Joris/PerformanceProgression/GraphCalculator/Attempt1MathCalculation/MathTest/bin/Debug/MathTest.DLL" adapterTypeName="Microsoft.VisualStudio.TestTools.TestTypes.Unit.UnitTestAdapter, Microsoft.VisualStudio.QualityTools.Tips.UnitTest.Adapter, Version=10.0.0.0, Culture=neutral, PublicKeyToken=b03f5f7f11d50a3a" className="MathTest.AthletesTest, MathTest, Version=1.0.0.0, Culture=neutral, PublicKeyToken=null" name="getNameTest" />
    </UnitTest>
    <UnitTest name="X_DateTest" storage="c:\users\joris\performanceprogression\graphcalculator\attempt1mathcalculation\mathtest\bin\debug\mathtest.dll" id="d228be95-61b5-faa5-8d6e-f14f7eb3077b">
      <Execution id="c22ea7e0-5e57-41cf-b501-9cc86c0ca611" />
      <TestMethod codeBase="C:/Users/Joris/PerformanceProgression/GraphCalculator/Attempt1MathCalculation/MathTest/bin/Debug/MathTest.DLL" adapterTypeName="Microsoft.VisualStudio.TestTools.TestTypes.Unit.UnitTestAdapter, Microsoft.VisualStudio.QualityTools.Tips.UnitTest.Adapter, Version=10.0.0.0, Culture=neutral, PublicKeyToken=b03f5f7f11d50a3a" className="MathTest.fPointTest, MathTest, Version=1.0.0.0, Culture=neutral, PublicKeyToken=null" name="X_DateTest" />
    </UnitTest>
    <UnitTest name="Matrix3x3InverseTest" storage="c:\users\joris\performanceprogression\graphcalculator\attempt1mathcalculation\mathtest\bin\debug\mathtest.dll" id="1bd69e92-c0cf-e21b-d227-6b2fadc7ea1e">
      <DeploymentItems>
        <DeploymentItem filename="Attempt1MathCalculation.exe" />
      </DeploymentItems>
      <Execution id="ea8659fb-3586-4853-8231-b0e189126225" />
      <TestMethod codeBase="C:/Users/Joris/PerformanceProgression/GraphCalculator/Attempt1MathCalculation/MathTest/bin/Debug/MathTest.DLL" adapterTypeName="Microsoft.VisualStudio.TestTools.TestTypes.Unit.UnitTestAdapter, Microsoft.VisualStudio.QualityTools.Tips.UnitTest.Adapter, Version=10.0.0.0, Culture=neutral, PublicKeyToken=b03f5f7f11d50a3a" className="MathTest.PolynomialTester, MathTest, Version=1.0.0.0, Culture=neutral, PublicKeyToken=null" name="Matrix3x3InverseTest" />
    </UnitTest>
    <UnitTest name="TrackTest" storage="c:\users\joris\performanceprogression\graphcalculator\attempt1mathcalculation\mathtest\bin\debug\mathtest.dll" id="0300b5ed-a118-03a3-ea28-a920f5a7abdc">
      <Execution id="c664d441-941b-4c10-a35d-77ddda08fefc" />
      <TestMethod codeBase="C:/Users/Joris/PerformanceProgression/GraphCalculator/Attempt1MathCalculation/MathTest/bin/Debug/MathTest.DLL" adapterTypeName="Microsoft.VisualStudio.TestTools.TestTypes.Unit.UnitTestAdapter, Microsoft.VisualStudio.QualityTools.Tips.UnitTest.Adapter, Version=10.0.0.0, Culture=neutral, PublicKeyToken=b03f5f7f11d50a3a" className="MathTest.fPointTest, MathTest, Version=1.0.0.0, Culture=neutral, PublicKeyToken=null" name="TrackTest" />
    </UnitTest>
    <UnitTest name="Y_TimeTest" storage="c:\users\joris\performanceprogression\graphcalculator\attempt1mathcalculation\mathtest\bin\debug\mathtest.dll" id="94dbcfb7-2c31-a95d-f576-27f5e95bd368">
      <Execution id="0b16cd16-66de-4e2f-87dc-b1eebdcc00f9" />
      <TestMethod codeBase="C:/Users/Joris/PerformanceProgression/GraphCalculator/Attempt1MathCalculation/MathTest/bin/Debug/MathTest.DLL" adapterTypeName="Microsoft.VisualStudio.TestTools.TestTypes.Unit.UnitTestAdapter, Microsoft.VisualStudio.QualityTools.Tips.UnitTest.Adapter, Version=10.0.0.0, Culture=neutral, PublicKeyToken=b03f5f7f11d50a3a" className="MathTest.fPointTest, MathTest, Version=1.0.0.0, Culture=neutral, PublicKeyToken=null" name="Y_TimeTest" />
    </UnitTest>
    <UnitTest name="Y_DistanceTest" storage="c:\users\joris\performanceprogression\graphcalculator\attempt1mathcalculation\mathtest\bin\debug\mathtest.dll" id="5daea82e-210e-64b5-5f47-c70057d506bf">
      <Execution id="b657b0f1-5464-4f3b-b3dd-9ba5f90eff23" />
      <TestMethod codeBase="C:/Users/Joris/PerformanceProgression/GraphCalculator/Attempt1MathCalculation/MathTest/bin/Debug/MathTest.DLL" adapterTypeName="Microsoft.VisualStudio.TestTools.TestTypes.Unit.UnitTestAdapter, Microsoft.VisualStudio.QualityTools.Tips.UnitTest.Adapter, Version=10.0.0.0, Culture=neutral, PublicKeyToken=b03f5f7f11d50a3a" className="MathTest.fPointTest, MathTest, Version=1.0.0.0, Culture=neutral, PublicKeyToken=null" name="Y_DistanceTest" />
    </UnitTest>
    <UnitTest name="SecondOrderPolynomialTest" storage="c:\users\joris\performanceprogression\graphcalculator\attempt1mathcalculation\mathtest\bin\debug\mathtest.dll" id="c28672d7-6a29-cca5-423a-b0f63238ac45">
      <Execution id="aeeb1610-538f-4a03-a4df-0cdc9fbae4f1" />
      <TestMethod codeBase="C:/Users/Joris/PerformanceProgression/GraphCalculator/Attempt1MathCalculation/MathTest/bin/Debug/MathTest.DLL" adapterTypeName="Microsoft.VisualStudio.TestTools.TestTypes.Unit.UnitTestAdapter, Microsoft.VisualStudio.QualityTools.Tips.UnitTest.Adapter, Version=10.0.0.0, Culture=neutral, PublicKeyToken=b03f5f7f11d50a3a" className="MathTest.PolynomialTester, MathTest, Version=1.0.0.0, Culture=neutral, PublicKeyToken=null" name="SecondOrderPolynomialTest" />
    </UnitTest>
    <UnitTest name="getDataTest" storage="c:\users\joris\performanceprogression\graphcalculator\attempt1mathcalculation\mathtest\bin\debug\mathtest.dll" id="fbb0dd6e-b7dd-8f92-d511-30c119a8406c">
      <Execution id="b59117a4-d6f8-4ce0-9410-698f55151e1e" />
      <TestMethod codeBase="C:/Users/Joris/PerformanceProgression/GraphCalculator/Attempt1MathCalculation/MathTest/bin/Debug/MathTest.DLL" adapterTypeName="Microsoft.VisualStudio.TestTools.TestTypes.Unit.UnitTestAdapter, Microsoft.VisualStudio.QualityTools.Tips.UnitTest.Adapter, Version=10.0.0.0, Culture=neutral, PublicKeyToken=b03f5f7f11d50a3a" className="MathTest.AthletesTest, MathTest, Version=1.0.0.0, Culture=neutral, PublicKeyToken=null" name="getDataTest" />
    </UnitTest>
    <UnitTest name="Matrix3x3Test" storage="c:\users\joris\performanceprogression\graphcalculator\attempt1mathcalculation\mathtest\bin\debug\mathtest.dll" id="686281fc-1405-bf7e-0d47-fd790f30edca">
      <DeploymentItems>
        <DeploymentItem filename="Attempt1MathCalculation.exe" />
      </DeploymentItems>
      <Execution id="448d660d-0609-49c0-821c-d93b1bacea74" />
      <TestMethod codeBase="C:/Users/Joris/PerformanceProgression/GraphCalculator/Attempt1MathCalculation/MathTest/bin/Debug/MathTest.DLL" adapterTypeName="Microsoft.VisualStudio.TestTools.TestTypes.Unit.UnitTestAdapter, Microsoft.VisualStudio.QualityTools.Tips.UnitTest.Adapter, Version=10.0.0.0, Culture=neutral, PublicKeyToken=b03f5f7f11d50a3a" className="MathTest.PolynomialTester, MathTest, Version=1.0.0.0, Culture=neutral, PublicKeyToken=null" name="Matrix3x3Test" />
    </UnitTest>
  </TestDefinitions>
  <TestLists>
    <TestList name="Results Not in a List" id="8c84fa94-04c1-424b-9868-57a2d4851a1d" />
    <TestList name="All Loaded Results" id="19431567-8539-422a-85d7-44ee4e166bda" />
  </TestLists>
  <TestEntries>
    <TestEntry testId="0300b5ed-a118-03a3-ea28-a920f5a7abdc" executionId="c664d441-941b-4c10-a35d-77ddda08fefc" testListId="8c84fa94-04c1-424b-9868-57a2d4851a1d" />
    <TestEntry testId="1bd69e92-c0cf-e21b-d227-6b2fadc7ea1e" executionId="ea8659fb-3586-4853-8231-b0e189126225" testListId="8c84fa94-04c1-424b-9868-57a2d4851a1d" />
    <TestEntry testId="5daea82e-210e-64b5-5f47-c70057d506bf" executionId="b657b0f1-5464-4f3b-b3dd-9ba5f90eff23" testListId="8c84fa94-04c1-424b-9868-57a2d4851a1d" />
    <TestEntry testId="6467f6a3-7df3-7605-d2c6-875a5bc201ab" executionId="03d13675-19b3-43c1-a319-51d7c2db98cd" testListId="8c84fa94-04c1-424b-9868-57a2d4851a1d" />
    <TestEntry testId="686281fc-1405-bf7e-0d47-fd790f30edca" executionId="448d660d-0609-49c0-821c-d93b1bacea74" testListId="8c84fa94-04c1-424b-9868-57a2d4851a1d" />
    <TestEntry testId="94dbcfb7-2c31-a95d-f576-27f5e95bd368" executionId="0b16cd16-66de-4e2f-87dc-b1eebdcc00f9" testListId="8c84fa94-04c1-424b-9868-57a2d4851a1d" />
    <TestEntry testId="a3c31cc8-fd84-bba7-2c1f-afa6d79c9417" executionId="97ccdaa0-bd82-4a6b-a321-b4f3873ef187" testListId="8c84fa94-04c1-424b-9868-57a2d4851a1d" />
    <TestEntry testId="c28672d7-6a29-cca5-423a-b0f63238ac45" executionId="aeeb1610-538f-4a03-a4df-0cdc9fbae4f1" testListId="8c84fa94-04c1-424b-9868-57a2d4851a1d" />
    <TestEntry testId="d228be95-61b5-faa5-8d6e-f14f7eb3077b" executionId="c22ea7e0-5e57-41cf-b501-9cc86c0ca611" testListId="8c84fa94-04c1-424b-9868-57a2d4851a1d" />
    <TestEntry testId="e7d30bbf-6029-b18e-67cc-bd80a406e438" executionId="bbd18a14-17e0-44df-ba43-6b0fe35797a5" testListId="8c84fa94-04c1-424b-9868-57a2d4851a1d" />
    <TestEntry testId="fbb0dd6e-b7dd-8f92-d511-30c119a8406c" executionId="b59117a4-d6f8-4ce0-9410-698f55151e1e" testListId="8c84fa94-04c1-424b-9868-57a2d4851a1d" />
    <TestEntry testId="fdc600d9-be0d-02d4-169a-cc986a42ef6d" executionId="c44da7b6-4728-4050-90ed-03d90e822552" testListId="8c84fa94-04c1-424b-9868-57a2d4851a1d" />
  </TestEntries>
  <Results>
    <UnitTestResult executionId="c664d441-941b-4c10-a35d-77ddda08fefc" testId="0300b5ed-a118-03a3-ea28-a920f5a7abdc" testName="TrackTest" computerName="JORIS-PC" duration="00:00:00.0153614" startTime="2012-06-18T18:05:42.6435011+12:00" endTime="2012-06-18T18:05:42.8445126+12:00" testType="13cdc9d9-ddb5-4fa4-a97d-d965ccfc6d4b" outcome="Passed" testListId="8c84fa94-04c1-424b-9868-57a2d4851a1d" relativeResultsDirectory="c664d441-941b-4c10-a35d-77ddda08fefc">
    </UnitTestResult>
    <UnitTestResult executionId="ea8659fb-3586-4853-8231-b0e189126225" testId="1bd69e92-c0cf-e21b-d227-6b2fadc7ea1e" testName="Matrix3x3InverseTest" computerName="JORIS-PC" duration="00:00:00.0047030" startTime="2012-06-18T18:05:42.8455126+12:00" endTime="2012-06-18T18:05:42.8555132+12:00" testType="13cdc9d9-ddb5-4fa4-a97d-d965ccfc6d4b" outcome="Passed" testListId="8c84fa94-04c1-424b-9868-57a2d4851a1d" relativeResultsDirectory="ea8659fb-3586-4853-8231-b0e189126225">
    </UnitTestResult>
    <UnitTestResult executionId="b657b0f1-5464-4f3b-b3dd-9ba5f90eff23" testId="5daea82e-210e-64b5-5f47-c70057d506bf" testName="Y_DistanceTest" computerName="JORIS-PC" duration="00:00:00.0004938" startTime="2012-06-18T18:05:42.8555132+12:00" endTime="2012-06-18T18:05:42.8605135+12:00" testType="13cdc9d9-ddb5-4fa4-a97d-d965ccfc6d4b" outcome="Passed" testListId="8c84fa94-04c1-424b-9868-57a2d4851a1d" relativeResultsDirectory="b657b0f1-5464-4f3b-b3dd-9ba5f90eff23">
    </UnitTestResult>
    <UnitTestResult executionId="03d13675-19b3-43c1-a319-51d7c2db98cd" testId="6467f6a3-7df3-7605-d2c6-875a5bc201ab" testName="ToStringTest" computerName="JORIS-PC" duration="00:00:00.0011390" startTime="2012-06-18T18:05:42.8605135+12:00" endTime="2012-06-18T18:05:42.8655138+12:00" testType="13cdc9d9-ddb5-4fa4-a97d-d965ccfc6d4b" outcome="Passed" testListId="8c84fa94-04c1-424b-9868-57a2d4851a1d" relativeResultsDirectory="03d13675-19b3-43c1-a319-51d7c2db98cd">
    </UnitTestResult>
    <UnitTestResult executionId="448d660d-0609-49c0-821c-d93b1bacea74" testId="686281fc-1405-bf7e-0d47-fd790f30edca" testName="Matrix3x3Test" computerName="JORIS-PC" duration="00:00:00.0012240" startTime="2012-06-18T18:05:42.8665139+12:00" endTime="2012-06-18T18:05:42.8715141+12:00" testType="13cdc9d9-ddb5-4fa4-a97d-d965ccfc6d4b" outcome="Passed" testListId="8c84fa94-04c1-424b-9868-57a2d4851a1d" relativeResultsDirectory="448d660d-0609-49c0-821c-d93b1bacea74">
    </UnitTestResult>
    <UnitTestResult executionId="0b16cd16-66de-4e2f-87dc-b1eebdcc00f9" testId="94dbcfb7-2c31-a95d-f576-27f5e95bd368" testName="Y_TimeTest" computerName="JORIS-PC" duration="00:00:00.0003379" startTime="2012-06-18T18:05:42.8725142+12:00" endTime="2012-06-18T18:05:42.8775145+12:00" testType="13cdc9d9-ddb5-4fa4-a97d-d965ccfc6d4b" outcome="Passed" testListId="8c84fa94-04c1-424b-9868-57a2d4851a1d" relativeResultsDirectory="0b16cd16-66de-4e2f-87dc-b1eebdcc00f9">
    </UnitTestResult>
    <UnitTestResult executionId="97ccdaa0-bd82-4a6b-a321-b4f3873ef187" testId="a3c31cc8-fd84-bba7-2c1f-afa6d79c9417" testName="Matrix1x3Test" computerName="JORIS-PC" duration="00:00:00.0012702" startTime="2012-06-18T18:05:42.8775145+12:00" endTime="2012-06-18T18:05:42.8825148+12:00" testType="13cdc9d9-ddb5-4fa4-a97d-d965ccfc6d4b" outcome="Passed" testListId="8c84fa94-04c1-424b-9868-57a2d4851a1d" relativeResultsDirectory="97ccdaa0-bd82-4a6b-a321-b4f3873ef187">
    </UnitTestResult>
    <UnitTestResult executionId="aeeb1610-538f-4a03-a4df-0cdc9fbae4f1" testId="c28672d7-6a29-cca5-423a-b0f63238ac45" testName="SecondOrderPolynomialTest" computerName="JORIS-PC" duration="00:00:00.0010323" startTime="2012-06-18T18:05:42.8835148+12:00" endTime="2012-06-18T18:05:42.8885151+12:00" testType="13cdc9d9-ddb5-4fa4-a97d-d965ccfc6d4b" outcome="Passed" testListId="8c84fa94-04c1-424b-9868-57a2d4851a1d" relativeResultsDirectory="aeeb1610-538f-4a03-a4df-0cdc9fbae4f1">
    </UnitTestResult>
    <UnitTestResult executionId="c22ea7e0-5e57-41cf-b501-9cc86c0ca611" testId="d228be95-61b5-faa5-8d6e-f14f7eb3077b" testName="X_DateTest" computerName="JORIS-PC" duration="00:00:00.0056546" startTime="2012-06-18T18:05:42.8885151+12:00" endTime="2012-06-18T18:05:42.8995157+12:00" testType="13cdc9d9-ddb5-4fa4-a97d-d965ccfc6d4b" outcome="Inconclusive" testListId="8c84fa94-04c1-424b-9868-57a2d4851a1d" relativeResultsDirectory="c22ea7e0-5e57-41cf-b501-9cc86c0ca611">
      <Output>
        <ErrorInfo>
          <Message>Assert.Inconclusive failed. Verify the correctness of this test method.</Message>
          <StackTrace>   at MathTest.fPointTest.X_DateTest() in C:\Users\Joris\PerformanceProgression\GraphCalculator\Attempt1MathCalculation\MathTest\fPointTest.cs:line 102
</StackTrace>
        </ErrorInfo>
      </Output>
    </UnitTestResult>
    <UnitTestResult executionId="bbd18a14-17e0-44df-ba43-6b0fe35797a5" testId="e7d30bbf-6029-b18e-67cc-bd80a406e438" testName="getNameTest" computerName="JORIS-PC" duration="00:00:00.0002967" startTime="2012-06-18T18:05:42.9005158+12:00" endTime="2012-06-18T18:05:42.9065161+12:00" testType="13cdc9d9-ddb5-4fa4-a97d-d965ccfc6d4b" outcome="Passed" testListId="8c84fa94-04c1-424b-9868-57a2d4851a1d" relativeResultsDirectory="bbd18a14-17e0-44df-ba43-6b0fe35797a5">
    </UnitTestResult>
    <UnitTestResult executionId="b59117a4-d6f8-4ce0-9410-698f55151e1e" testId="fbb0dd6e-b7dd-8f92-d511-30c119a8406c" testName="getDataTest" computerName="JORIS-PC" duration="00:00:00.0008822" startTime="2012-06-18T18:05:42.9075162+12:00" endTime="2012-06-18T18:05:42.9125165+12:00" testType="13cdc9d9-ddb5-4fa4-a97d-d965ccfc6d4b" outcome="Passed" testListId="8c84fa94-04c1-424b-9868-57a2d4851a1d" relativeResultsDirectory="b59117a4-d6f8-4ce0-9410-698f55151e1e">
    </UnitTestResult>
    <UnitTestResult executionId="c44da7b6-4728-4050-90ed-03d90e822552" testId="fdc600d9-be0d-02d4-169a-cc986a42ef6d" testName="getStatusTest" computerName="JORIS-PC" duration="00:00:00.0003703" startTime="2012-06-18T18:05:42.9125165+12:00" endTime="2012-06-18T18:05:42.9175168+12:00" testType="13cdc9d9-ddb5-4fa4-a97d-d965ccfc6d4b" outcome="Passed" testListId="8c84fa94-04c1-424b-9868-57a2d4851a1d" relativeResultsDirectory="c44da7b6-4728-4050-90ed-03d90e822552">
    </UnitTestResult>
  </Results>
</TestRun>