<?xml version="1.0" encoding="UTF-8"?>
<TestRun id="2bafcf19-b94e-490a-b124-b7d021871181" name="Joris@JORIS-PC 2012-06-22 18:15:15" runUser="Joris-PC\Joris" xmlns="http://microsoft.com/schemas/VisualStudio/TeamTest/2010">
  <TestSettings name="Local" id="a523dc7b-8ddb-43ec-9e72-2285008632b5">
    <Description>These are default test settings for a local test run.</Description>
    <Deployment enabled="false" runDeploymentRoot="Joris_JORIS-PC 2012-06-22 18_15_15">
      <DeploymentItem filename="C:\Users\Joris\PerformanceProgression\GraphCalculator\Attempt1MathCalculation\MathTest\bin\Debug\ZedGraph.dll" />
      <DeploymentItem filename="C:\Users\Joris\PerformanceProgression\GraphCalculator\Attempt1MathCalculation\Attempt1MathCalculation\bin\Debug\Attempt1MathCalculation.exe" />
    </Deployment>
    <Execution>
      <TestTypeSpecific />
      <AgentRule name="Execution Agents">
      </AgentRule>
    </Execution>
  </TestSettings>
  <Times creation="2012-06-22T18:15:15.1002027+12:00" queuing="2012-06-22T18:15:15.1222039+12:00" start="2012-06-22T18:15:15.1382048+12:00" finish="2012-06-22T18:15:15.4692238+12:00" />
  <ResultSummary outcome="Failed">
    <Counters total="15" executed="15" passed="14" error="0" failed="1" timeout="0" aborted="0" inconclusive="0" passedButRunAborted="0" notRunnable="0" notExecuted="0" disconnected="0" warning="0" completed="0" inProgress="0" pending="0" />
  </ResultSummary>
  <TestDefinitions>
    <UnitTest name="getStatusTest" storage="c:\users\joris\performanceprogression\graphcalculator\attempt1mathcalculation\mathtest\bin\debug\mathtest.dll" id="fdc600d9-be0d-02d4-169a-cc986a42ef6d">
      <Execution id="518a85e6-609e-4959-a3f6-c27b9c8d8704" />
      <TestMethod codeBase="C:/Users/Joris/PerformanceProgression/GraphCalculator/Attempt1MathCalculation/MathTest/bin/Debug/MathTest.DLL" adapterTypeName="Microsoft.VisualStudio.TestTools.TestTypes.Unit.UnitTestAdapter, Microsoft.VisualStudio.QualityTools.Tips.UnitTest.Adapter, Version=10.0.0.0, Culture=neutral, PublicKeyToken=b03f5f7f11d50a3a" className="MathTest.AthletesTest, MathTest, Version=1.0.0.0, Culture=neutral, PublicKeyToken=null" name="getStatusTest" />
    </UnitTest>
    <UnitTest name="getY_Value_AsDateTest" storage="c:\users\joris\performanceprogression\graphcalculator\attempt1mathcalculation\mathtest\bin\debug\mathtest.dll" id="9d155d54-a4e2-aec3-1df6-42140bffb82b">
      <Execution id="bf3d5c91-b68b-4a21-8f6d-284e179fc4a3" />
      <TestMethod codeBase="C:/Users/Joris/PerformanceProgression/GraphCalculator/Attempt1MathCalculation/MathTest/bin/Debug/MathTest.DLL" adapterTypeName="Microsoft.VisualStudio.TestTools.TestTypes.Unit.UnitTestAdapter, Microsoft.VisualStudio.QualityTools.Tips.UnitTest.Adapter, Version=10.0.0.0, Culture=neutral, PublicKeyToken=b03f5f7f11d50a3a" className="MathTest.fPointTest, MathTest, Version=1.0.0.0, Culture=neutral, PublicKeyToken=null" name="getY_Value_AsDateTest" />
    </UnitTest>
    <UnitTest name="setX_AgeTest" storage="c:\users\joris\performanceprogression\graphcalculator\attempt1mathcalculation\mathtest\bin\debug\mathtest.dll" id="24a6e050-39fd-54bd-89ff-ec853af13623">
      <Execution id="8972dbfe-b91a-456e-b9c0-1864870278f3" />
      <TestMethod codeBase="C:/Users/Joris/PerformanceProgression/GraphCalculator/Attempt1MathCalculation/MathTest/bin/Debug/MathTest.DLL" adapterTypeName="Microsoft.VisualStudio.TestTools.TestTypes.Unit.UnitTestAdapter, Microsoft.VisualStudio.QualityTools.Tips.UnitTest.Adapter, Version=10.0.0.0, Culture=neutral, PublicKeyToken=b03f5f7f11d50a3a" className="MathTest.fPointTest, MathTest, Version=1.0.0.0, Culture=neutral, PublicKeyToken=null" name="setX_AgeTest" />
    </UnitTest>
    <UnitTest name="getDataTest" storage="c:\users\joris\performanceprogression\graphcalculator\attempt1mathcalculation\mathtest\bin\debug\mathtest.dll" id="fbb0dd6e-b7dd-8f92-d511-30c119a8406c">
      <Execution id="2734888b-59ca-444b-9019-874a0d920b1b" />
      <TestMethod codeBase="C:/Users/Joris/PerformanceProgression/GraphCalculator/Attempt1MathCalculation/MathTest/bin/Debug/MathTest.DLL" adapterTypeName="Microsoft.VisualStudio.TestTools.TestTypes.Unit.UnitTestAdapter, Microsoft.VisualStudio.QualityTools.Tips.UnitTest.Adapter, Version=10.0.0.0, Culture=neutral, PublicKeyToken=b03f5f7f11d50a3a" className="MathTest.AthletesTest, MathTest, Version=1.0.0.0, Culture=neutral, PublicKeyToken=null" name="getDataTest" />
    </UnitTest>
    <UnitTest name="Matrix3x3InverseTest" storage="c:\users\joris\performanceprogression\graphcalculator\attempt1mathcalculation\mathtest\bin\debug\mathtest.dll" id="ed08e473-2dba-4d18-da59-9cb539de914d">
      <DeploymentItems>
        <DeploymentItem filename="Attempt1MathCalculation.exe" />
      </DeploymentItems>
      <Execution id="952c4b07-a095-4501-81c9-1fe75d6708cd" />
      <TestMethod codeBase="C:/Users/Joris/PerformanceProgression/GraphCalculator/Attempt1MathCalculation/MathTest/bin/Debug/MathTest.DLL" adapterTypeName="Microsoft.VisualStudio.TestTools.TestTypes.Unit.UnitTestAdapter, Microsoft.VisualStudio.QualityTools.Tips.UnitTest.Adapter, Version=10.0.0.0, Culture=neutral, PublicKeyToken=b03f5f7f11d50a3a" className="MathTest.PolynomialTest, MathTest, Version=1.0.0.0, Culture=neutral, PublicKeyToken=null" name="Matrix3x3InverseTest" />
    </UnitTest>
    <UnitTest name="getNameTest" storage="c:\users\joris\performanceprogression\graphcalculator\attempt1mathcalculation\mathtest\bin\debug\mathtest.dll" id="e7d30bbf-6029-b18e-67cc-bd80a406e438">
      <Execution id="07f0bad0-03d6-4976-a250-a1e492e33b54" />
      <TestMethod codeBase="C:/Users/Joris/PerformanceProgression/GraphCalculator/Attempt1MathCalculation/MathTest/bin/Debug/MathTest.DLL" adapterTypeName="Microsoft.VisualStudio.TestTools.TestTypes.Unit.UnitTestAdapter, Microsoft.VisualStudio.QualityTools.Tips.UnitTest.Adapter, Version=10.0.0.0, Culture=neutral, PublicKeyToken=b03f5f7f11d50a3a" className="MathTest.AthletesTest, MathTest, Version=1.0.0.0, Culture=neutral, PublicKeyToken=null" name="getNameTest" />
    </UnitTest>
    <UnitTest name="fPointConstructorTest1" storage="c:\users\joris\performanceprogression\graphcalculator\attempt1mathcalculation\mathtest\bin\debug\mathtest.dll" id="36a0b714-e539-bf30-c8d0-2737f2a7c9a6">
      <Execution id="01eb697a-fa49-4f92-a398-1015203c18ad" />
      <TestMethod codeBase="C:/Users/Joris/PerformanceProgression/GraphCalculator/Attempt1MathCalculation/MathTest/bin/Debug/MathTest.DLL" adapterTypeName="Microsoft.VisualStudio.TestTools.TestTypes.Unit.UnitTestAdapter, Microsoft.VisualStudio.QualityTools.Tips.UnitTest.Adapter, Version=10.0.0.0, Culture=neutral, PublicKeyToken=b03f5f7f11d50a3a" className="MathTest.fPointTest, MathTest, Version=1.0.0.0, Culture=neutral, PublicKeyToken=null" name="fPointConstructorTest1" />
    </UnitTest>
    <UnitTest name="SecondOrderPolynomialTest" storage="c:\users\joris\performanceprogression\graphcalculator\attempt1mathcalculation\mathtest\bin\debug\mathtest.dll" id="cf8e86af-938d-dc88-28d5-47a0888cbbf6">
      <Execution id="b9ad55d7-e558-4b81-96da-8c7ce49fef19" />
      <TestMethod codeBase="C:/Users/Joris/PerformanceProgression/GraphCalculator/Attempt1MathCalculation/MathTest/bin/Debug/MathTest.DLL" adapterTypeName="Microsoft.VisualStudio.TestTools.TestTypes.Unit.UnitTestAdapter, Microsoft.VisualStudio.QualityTools.Tips.UnitTest.Adapter, Version=10.0.0.0, Culture=neutral, PublicKeyToken=b03f5f7f11d50a3a" className="MathTest.PolynomialTest, MathTest, Version=1.0.0.0, Culture=neutral, PublicKeyToken=null" name="SecondOrderPolynomialTest" />
    </UnitTest>
    <UnitTest name="fPointConstructorTest2" storage="c:\users\joris\performanceprogression\graphcalculator\attempt1mathcalculation\mathtest\bin\debug\mathtest.dll" id="b12df4a2-6274-58a2-18c9-6dbaf2e5e9b4">
      <Execution id="d3ee9a61-7c9f-47a7-9060-2e8d2d6f2666" />
      <TestMethod codeBase="C:/Users/Joris/PerformanceProgression/GraphCalculator/Attempt1MathCalculation/MathTest/bin/Debug/MathTest.DLL" adapterTypeName="Microsoft.VisualStudio.TestTools.TestTypes.Unit.UnitTestAdapter, Microsoft.VisualStudio.QualityTools.Tips.UnitTest.Adapter, Version=10.0.0.0, Culture=neutral, PublicKeyToken=b03f5f7f11d50a3a" className="MathTest.fPointTest, MathTest, Version=1.0.0.0, Culture=neutral, PublicKeyToken=null" name="fPointConstructorTest2" />
    </UnitTest>
    <UnitTest name="Matrix1x3Test" storage="c:\users\joris\performanceprogression\graphcalculator\attempt1mathcalculation\mathtest\bin\debug\mathtest.dll" id="c0023543-70d8-e8c3-52fb-9f1d5be4c5fc">
      <Execution id="b63aac45-f6db-44b7-9b7a-f4c8ad0cd39d" />
      <TestMethod codeBase="C:/Users/Joris/PerformanceProgression/GraphCalculator/Attempt1MathCalculation/MathTest/bin/Debug/MathTest.DLL" adapterTypeName="Microsoft.VisualStudio.TestTools.TestTypes.Unit.UnitTestAdapter, Microsoft.VisualStudio.QualityTools.Tips.UnitTest.Adapter, Version=10.0.0.0, Culture=neutral, PublicKeyToken=b03f5f7f11d50a3a" className="MathTest.PolynomialTest, MathTest, Version=1.0.0.0, Culture=neutral, PublicKeyToken=null" name="Matrix1x3Test" />
    </UnitTest>
    <UnitTest name="setY_ValueTest" storage="c:\users\joris\performanceprogression\graphcalculator\attempt1mathcalculation\mathtest\bin\debug\mathtest.dll" id="abf48396-4383-6400-f408-afa70e287468">
      <Execution id="f3e1b545-23e6-4ba1-ab81-646a13c7df6c" />
      <TestMethod codeBase="C:/Users/Joris/PerformanceProgression/GraphCalculator/Attempt1MathCalculation/MathTest/bin/Debug/MathTest.DLL" adapterTypeName="Microsoft.VisualStudio.TestTools.TestTypes.Unit.UnitTestAdapter, Microsoft.VisualStudio.QualityTools.Tips.UnitTest.Adapter, Version=10.0.0.0, Culture=neutral, PublicKeyToken=b03f5f7f11d50a3a" className="MathTest.fPointTest, MathTest, Version=1.0.0.0, Culture=neutral, PublicKeyToken=null" name="setY_ValueTest" />
    </UnitTest>
    <UnitTest name="fPointConstructorTest" storage="c:\users\joris\performanceprogression\graphcalculator\attempt1mathcalculation\mathtest\bin\debug\mathtest.dll" id="0c305af0-c245-9aab-6bfe-c1da9b13002c">
      <Execution id="599d5d29-5a6e-4639-ad62-0543d4977ba0" />
      <TestMethod codeBase="C:/Users/Joris/PerformanceProgression/GraphCalculator/Attempt1MathCalculation/MathTest/bin/Debug/MathTest.DLL" adapterTypeName="Microsoft.VisualStudio.TestTools.TestTypes.Unit.UnitTestAdapter, Microsoft.VisualStudio.QualityTools.Tips.UnitTest.Adapter, Version=10.0.0.0, Culture=neutral, PublicKeyToken=b03f5f7f11d50a3a" className="MathTest.fPointTest, MathTest, Version=1.0.0.0, Culture=neutral, PublicKeyToken=null" name="fPointConstructorTest" />
    </UnitTest>
    <UnitTest name="getX_AgeTest" storage="c:\users\joris\performanceprogression\graphcalculator\attempt1mathcalculation\mathtest\bin\debug\mathtest.dll" id="552294db-0170-dc5a-63c5-6fec173fe182">
      <Execution id="1f461640-16ff-4c56-9399-690201e740f6" />
      <TestMethod codeBase="C:/Users/Joris/PerformanceProgression/GraphCalculator/Attempt1MathCalculation/MathTest/bin/Debug/MathTest.DLL" adapterTypeName="Microsoft.VisualStudio.TestTools.TestTypes.Unit.UnitTestAdapter, Microsoft.VisualStudio.QualityTools.Tips.UnitTest.Adapter, Version=10.0.0.0, Culture=neutral, PublicKeyToken=b03f5f7f11d50a3a" className="MathTest.fPointTest, MathTest, Version=1.0.0.0, Culture=neutral, PublicKeyToken=null" name="getX_AgeTest" />
    </UnitTest>
    <UnitTest name="Matrix3x3Test" storage="c:\users\joris\performanceprogression\graphcalculator\attempt1mathcalculation\mathtest\bin\debug\mathtest.dll" id="bda542f6-870e-fb28-9310-2ebbbe076c3c">
      <DeploymentItems>
        <DeploymentItem filename="Attempt1MathCalculation.exe" />
      </DeploymentItems>
      <Execution id="6f647a65-7c1b-4912-b333-fc00a595851f" />
      <TestMethod codeBase="C:/Users/Joris/PerformanceProgression/GraphCalculator/Attempt1MathCalculation/MathTest/bin/Debug/MathTest.DLL" adapterTypeName="Microsoft.VisualStudio.TestTools.TestTypes.Unit.UnitTestAdapter, Microsoft.VisualStudio.QualityTools.Tips.UnitTest.Adapter, Version=10.0.0.0, Culture=neutral, PublicKeyToken=b03f5f7f11d50a3a" className="MathTest.PolynomialTest, MathTest, Version=1.0.0.0, Culture=neutral, PublicKeyToken=null" name="Matrix3x3Test" />
    </UnitTest>
    <UnitTest name="getY_Value_AsFloatTest" storage="c:\users\joris\performanceprogression\graphcalculator\attempt1mathcalculation\mathtest\bin\debug\mathtest.dll" id="f1d57bd7-6599-7b59-7979-79556522066e">
      <Execution id="e00d6e4c-e884-4267-ba64-d793ff27bc61" />
      <TestMethod codeBase="C:/Users/Joris/PerformanceProgression/GraphCalculator/Attempt1MathCalculation/MathTest/bin/Debug/MathTest.DLL" adapterTypeName="Microsoft.VisualStudio.TestTools.TestTypes.Unit.UnitTestAdapter, Microsoft.VisualStudio.QualityTools.Tips.UnitTest.Adapter, Version=10.0.0.0, Culture=neutral, PublicKeyToken=b03f5f7f11d50a3a" className="MathTest.fPointTest, MathTest, Version=1.0.0.0, Culture=neutral, PublicKeyToken=null" name="getY_Value_AsFloatTest" />
    </UnitTest>
  </TestDefinitions>
  <TestLists>
    <TestList name="Results Not in a List" id="8c84fa94-04c1-424b-9868-57a2d4851a1d" />
    <TestList name="All Loaded Results" id="19431567-8539-422a-85d7-44ee4e166bda" />
  </TestLists>
  <TestEntries>
    <TestEntry testId="0c305af0-c245-9aab-6bfe-c1da9b13002c" executionId="599d5d29-5a6e-4639-ad62-0543d4977ba0" testListId="8c84fa94-04c1-424b-9868-57a2d4851a1d" />
    <TestEntry testId="24a6e050-39fd-54bd-89ff-ec853af13623" executionId="8972dbfe-b91a-456e-b9c0-1864870278f3" testListId="8c84fa94-04c1-424b-9868-57a2d4851a1d" />
    <TestEntry testId="36a0b714-e539-bf30-c8d0-2737f2a7c9a6" executionId="01eb697a-fa49-4f92-a398-1015203c18ad" testListId="8c84fa94-04c1-424b-9868-57a2d4851a1d" />
    <TestEntry testId="552294db-0170-dc5a-63c5-6fec173fe182" executionId="1f461640-16ff-4c56-9399-690201e740f6" testListId="8c84fa94-04c1-424b-9868-57a2d4851a1d" />
    <TestEntry testId="9d155d54-a4e2-aec3-1df6-42140bffb82b" executionId="bf3d5c91-b68b-4a21-8f6d-284e179fc4a3" testListId="8c84fa94-04c1-424b-9868-57a2d4851a1d" />
    <TestEntry testId="abf48396-4383-6400-f408-afa70e287468" executionId="f3e1b545-23e6-4ba1-ab81-646a13c7df6c" testListId="8c84fa94-04c1-424b-9868-57a2d4851a1d" />
    <TestEntry testId="b12df4a2-6274-58a2-18c9-6dbaf2e5e9b4" executionId="d3ee9a61-7c9f-47a7-9060-2e8d2d6f2666" testListId="8c84fa94-04c1-424b-9868-57a2d4851a1d" />
    <TestEntry testId="bda542f6-870e-fb28-9310-2ebbbe076c3c" executionId="6f647a65-7c1b-4912-b333-fc00a595851f" testListId="8c84fa94-04c1-424b-9868-57a2d4851a1d" />
    <TestEntry testId="c0023543-70d8-e8c3-52fb-9f1d5be4c5fc" executionId="b63aac45-f6db-44b7-9b7a-f4c8ad0cd39d" testListId="8c84fa94-04c1-424b-9868-57a2d4851a1d" />
    <TestEntry testId="cf8e86af-938d-dc88-28d5-47a0888cbbf6" executionId="b9ad55d7-e558-4b81-96da-8c7ce49fef19" testListId="8c84fa94-04c1-424b-9868-57a2d4851a1d" />
    <TestEntry testId="e7d30bbf-6029-b18e-67cc-bd80a406e438" executionId="07f0bad0-03d6-4976-a250-a1e492e33b54" testListId="8c84fa94-04c1-424b-9868-57a2d4851a1d" />
    <TestEntry testId="ed08e473-2dba-4d18-da59-9cb539de914d" executionId="952c4b07-a095-4501-81c9-1fe75d6708cd" testListId="8c84fa94-04c1-424b-9868-57a2d4851a1d" />
    <TestEntry testId="f1d57bd7-6599-7b59-7979-79556522066e" executionId="e00d6e4c-e884-4267-ba64-d793ff27bc61" testListId="8c84fa94-04c1-424b-9868-57a2d4851a1d" />
    <TestEntry testId="fbb0dd6e-b7dd-8f92-d511-30c119a8406c" executionId="2734888b-59ca-444b-9019-874a0d920b1b" testListId="8c84fa94-04c1-424b-9868-57a2d4851a1d" />
    <TestEntry testId="fdc600d9-be0d-02d4-169a-cc986a42ef6d" executionId="518a85e6-609e-4959-a3f6-c27b9c8d8704" testListId="8c84fa94-04c1-424b-9868-57a2d4851a1d" />
  </TestEntries>
  <Results>
    <UnitTestResult executionId="599d5d29-5a6e-4639-ad62-0543d4977ba0" testId="0c305af0-c245-9aab-6bfe-c1da9b13002c" testName="fPointConstructorTest" computerName="JORIS-PC" duration="00:00:00.0118304" startTime="2012-06-22T18:15:15.1412050+12:00" endTime="2012-06-22T18:15:15.3292158+12:00" testType="13cdc9d9-ddb5-4fa4-a97d-d965ccfc6d4b" outcome="Passed" testListId="8c84fa94-04c1-424b-9868-57a2d4851a1d" relativeResultsDirectory="599d5d29-5a6e-4639-ad62-0543d4977ba0">
    </UnitTestResult>
    <UnitTestResult executionId="8972dbfe-b91a-456e-b9c0-1864870278f3" testId="24a6e050-39fd-54bd-89ff-ec853af13623" testName="setX_AgeTest" computerName="JORIS-PC" duration="00:00:00.0003726" startTime="2012-06-22T18:15:15.3302158+12:00" endTime="2012-06-22T18:15:15.3362162+12:00" testType="13cdc9d9-ddb5-4fa4-a97d-d965ccfc6d4b" outcome="Passed" testListId="8c84fa94-04c1-424b-9868-57a2d4851a1d" relativeResultsDirectory="8972dbfe-b91a-456e-b9c0-1864870278f3">
    </UnitTestResult>
    <UnitTestResult executionId="01eb697a-fa49-4f92-a398-1015203c18ad" testId="36a0b714-e539-bf30-c8d0-2737f2a7c9a6" testName="fPointConstructorTest1" computerName="JORIS-PC" duration="00:00:00.0007729" startTime="2012-06-22T18:15:15.3412164+12:00" endTime="2012-06-22T18:15:15.3452167+12:00" testType="13cdc9d9-ddb5-4fa4-a97d-d965ccfc6d4b" outcome="Passed" testListId="8c84fa94-04c1-424b-9868-57a2d4851a1d" relativeResultsDirectory="01eb697a-fa49-4f92-a398-1015203c18ad">
    </UnitTestResult>
    <UnitTestResult executionId="1f461640-16ff-4c56-9399-690201e740f6" testId="552294db-0170-dc5a-63c5-6fec173fe182" testName="getX_AgeTest" computerName="JORIS-PC" duration="00:00:00.0002090" startTime="2012-06-22T18:15:15.3472168+12:00" endTime="2012-06-22T18:15:15.3552173+12:00" testType="13cdc9d9-ddb5-4fa4-a97d-d965ccfc6d4b" outcome="Passed" testListId="8c84fa94-04c1-424b-9868-57a2d4851a1d" relativeResultsDirectory="1f461640-16ff-4c56-9399-690201e740f6">
    </UnitTestResult>
    <UnitTestResult executionId="bf3d5c91-b68b-4a21-8f6d-284e179fc4a3" testId="9d155d54-a4e2-aec3-1df6-42140bffb82b" testName="getY_Value_AsDateTest" computerName="JORIS-PC" duration="00:00:00.0003248" startTime="2012-06-22T18:15:15.3562173+12:00" endTime="2012-06-22T18:15:15.3612176+12:00" testType="13cdc9d9-ddb5-4fa4-a97d-d965ccfc6d4b" outcome="Passed" testListId="8c84fa94-04c1-424b-9868-57a2d4851a1d" relativeResultsDirectory="bf3d5c91-b68b-4a21-8f6d-284e179fc4a3">
    </UnitTestResult>
    <UnitTestResult executionId="f3e1b545-23e6-4ba1-ab81-646a13c7df6c" testId="abf48396-4383-6400-f408-afa70e287468" testName="setY_ValueTest" computerName="JORIS-PC" duration="00:00:00.0003783" startTime="2012-06-22T18:15:15.3622177+12:00" endTime="2012-06-22T18:15:15.3672179+12:00" testType="13cdc9d9-ddb5-4fa4-a97d-d965ccfc6d4b" outcome="Passed" testListId="8c84fa94-04c1-424b-9868-57a2d4851a1d" relativeResultsDirectory="f3e1b545-23e6-4ba1-ab81-646a13c7df6c">
    </UnitTestResult>
    <UnitTestResult executionId="d3ee9a61-7c9f-47a7-9060-2e8d2d6f2666" testId="b12df4a2-6274-58a2-18c9-6dbaf2e5e9b4" testName="fPointConstructorTest2" computerName="JORIS-PC" duration="00:00:00.0193688" startTime="2012-06-22T18:15:15.3742183+12:00" endTime="2012-06-22T18:15:15.3982197+12:00" testType="13cdc9d9-ddb5-4fa4-a97d-d965ccfc6d4b" outcome="Failed" testListId="8c84fa94-04c1-424b-9868-57a2d4851a1d" relativeResultsDirectory="d3ee9a61-7c9f-47a7-9060-2e8d2d6f2666">
      <Output>
        <ErrorInfo>
          <Message>Assert.AreEqual failed. Expected:&lt;1/1/2000 12:18:31 AM&gt;. Actual:&lt;1/1/2000 12:00:01 AM&gt;. </Message>
          <StackTrace>   at MathTest.fPointTest.fPointConstructorTest2() in C:\Users\Joris\PerformanceProgression\GraphCalculator\Attempt1MathCalculation\MathTest\fPointTest.cs:line 105
</StackTrace>
        </ErrorInfo>
      </Output>
    </UnitTestResult>
    <UnitTestResult executionId="6f647a65-7c1b-4912-b333-fc00a595851f" testId="bda542f6-870e-fb28-9310-2ebbbe076c3c" testName="Matrix3x3Test" computerName="JORIS-PC" duration="00:00:00.0051330" startTime="2012-06-22T18:15:15.3992198+12:00" endTime="2012-06-22T18:15:15.4092203+12:00" testType="13cdc9d9-ddb5-4fa4-a97d-d965ccfc6d4b" outcome="Passed" testListId="8c84fa94-04c1-424b-9868-57a2d4851a1d" relativeResultsDirectory="6f647a65-7c1b-4912-b333-fc00a595851f">
    </UnitTestResult>
    <UnitTestResult executionId="b63aac45-f6db-44b7-9b7a-f4c8ad0cd39d" testId="c0023543-70d8-e8c3-52fb-9f1d5be4c5fc" testName="Matrix1x3Test" computerName="JORIS-PC" duration="00:00:00.0011232" startTime="2012-06-22T18:15:15.4102204+12:00" endTime="2012-06-22T18:15:15.4162207+12:00" testType="13cdc9d9-ddb5-4fa4-a97d-d965ccfc6d4b" outcome="Passed" testListId="8c84fa94-04c1-424b-9868-57a2d4851a1d" relativeResultsDirectory="b63aac45-f6db-44b7-9b7a-f4c8ad0cd39d">
    </UnitTestResult>
    <UnitTestResult executionId="b9ad55d7-e558-4b81-96da-8c7ce49fef19" testId="cf8e86af-938d-dc88-28d5-47a0888cbbf6" testName="SecondOrderPolynomialTest" computerName="JORIS-PC" duration="00:00:00.0017541" startTime="2012-06-22T18:15:15.4162207+12:00" endTime="2012-06-22T18:15:15.4222211+12:00" testType="13cdc9d9-ddb5-4fa4-a97d-d965ccfc6d4b" outcome="Passed" testListId="8c84fa94-04c1-424b-9868-57a2d4851a1d" relativeResultsDirectory="b9ad55d7-e558-4b81-96da-8c7ce49fef19">
    </UnitTestResult>
    <UnitTestResult executionId="07f0bad0-03d6-4976-a250-a1e492e33b54" testId="e7d30bbf-6029-b18e-67cc-bd80a406e438" testName="getNameTest" computerName="JORIS-PC" duration="00:00:00.0003056" startTime="2012-06-22T18:15:15.4232211+12:00" endTime="2012-06-22T18:15:15.4302215+12:00" testType="13cdc9d9-ddb5-4fa4-a97d-d965ccfc6d4b" outcome="Passed" testListId="8c84fa94-04c1-424b-9868-57a2d4851a1d" relativeResultsDirectory="07f0bad0-03d6-4976-a250-a1e492e33b54">
    </UnitTestResult>
    <UnitTestResult executionId="952c4b07-a095-4501-81c9-1fe75d6708cd" testId="ed08e473-2dba-4d18-da59-9cb539de914d" testName="Matrix3x3InverseTest" computerName="JORIS-PC" duration="00:00:00.0010146" startTime="2012-06-22T18:15:15.4302215+12:00" endTime="2012-06-22T18:15:15.4362219+12:00" testType="13cdc9d9-ddb5-4fa4-a97d-d965ccfc6d4b" outcome="Passed" testListId="8c84fa94-04c1-424b-9868-57a2d4851a1d" relativeResultsDirectory="952c4b07-a095-4501-81c9-1fe75d6708cd">
    </UnitTestResult>
    <UnitTestResult executionId="e00d6e4c-e884-4267-ba64-d793ff27bc61" testId="f1d57bd7-6599-7b59-7979-79556522066e" testName="getY_Value_AsFloatTest" computerName="JORIS-PC" duration="00:00:00.0003302" startTime="2012-06-22T18:15:15.4382220+12:00" endTime="2012-06-22T18:15:15.4432223+12:00" testType="13cdc9d9-ddb5-4fa4-a97d-d965ccfc6d4b" outcome="Passed" testListId="8c84fa94-04c1-424b-9868-57a2d4851a1d" relativeResultsDirectory="e00d6e4c-e884-4267-ba64-d793ff27bc61">
    </UnitTestResult>
    <UnitTestResult executionId="2734888b-59ca-444b-9019-874a0d920b1b" testId="fbb0dd6e-b7dd-8f92-d511-30c119a8406c" testName="getDataTest" computerName="JORIS-PC" duration="00:00:00.0008961" startTime="2012-06-22T18:15:15.4442223+12:00" endTime="2012-06-22T18:15:15.4492226+12:00" testType="13cdc9d9-ddb5-4fa4-a97d-d965ccfc6d4b" outcome="Passed" testListId="8c84fa94-04c1-424b-9868-57a2d4851a1d" relativeResultsDirectory="2734888b-59ca-444b-9019-874a0d920b1b">
    </UnitTestResult>
    <UnitTestResult executionId="518a85e6-609e-4959-a3f6-c27b9c8d8704" testId="fdc600d9-be0d-02d4-169a-cc986a42ef6d" testName="getStatusTest" computerName="JORIS-PC" duration="00:00:00.0003522" startTime="2012-06-22T18:15:15.4502227+12:00" endTime="2012-06-22T18:15:15.4562230+12:00" testType="13cdc9d9-ddb5-4fa4-a97d-d965ccfc6d4b" outcome="Passed" testListId="8c84fa94-04c1-424b-9868-57a2d4851a1d" relativeResultsDirectory="518a85e6-609e-4959-a3f6-c27b9c8d8704">
    </UnitTestResult>
  </Results>
</TestRun>