<?xml version="1.0" encoding="UTF-8"?>
<TestRun id="9b8b8608-fbfa-45f1-97d0-112f255e9d53" name="Joris@JORIS-PC 2012-06-12 19:43:00" runUser="Joris-PC\Joris" xmlns="http://microsoft.com/schemas/VisualStudio/TeamTest/2010">
  <TestSettings name="Local" id="a523dc7b-8ddb-43ec-9e72-2285008632b5">
    <Description>These are default test settings for a local test run.</Description>
    <Deployment enabled="false" runDeploymentRoot="Joris_JORIS-PC 2012-06-12 19_43_00">
      <DeploymentItem filename="C:\Users\Joris\PerformanceProgression\GraphCalculator\Attempt1MathCalculation\Attempt1MathCalculation\bin\Debug\Attempt1MathCalculation.exe" />
    </Deployment>
    <Execution>
      <TestTypeSpecific />
      <AgentRule name="Execution Agents">
      </AgentRule>
    </Execution>
  </TestSettings>
  <Times creation="2012-06-12T19:43:00.4187327+12:00" queuing="2012-06-12T19:43:00.4517346+12:00" start="2012-06-12T19:43:00.4577350+12:00" finish="2012-06-12T19:43:00.7147497+12:00" />
  <ResultSummary outcome="Failed">
    <Counters total="4" executed="4" passed="3" error="0" failed="1" timeout="0" aborted="0" inconclusive="0" passedButRunAborted="0" notRunnable="0" notExecuted="0" disconnected="0" warning="0" completed="0" inProgress="0" pending="0" />
    <RunInfos>
      <RunInfo computerName="JORIS-PC" outcome="Warning" timestamp="2012-06-12T19:43:00.4517346+12:00">
        <Text>Deployment is currently disabled. The deployment item 'Attempt1MathCalculation.exe' on test 'MathTest.Form1Test.Matrix3x3InverseTest' was not deployed.</Text>
      </RunInfo>
    </RunInfos>
  </ResultSummary>
  <TestDefinitions>
    <UnitTest name="Matrix3x3InverseTest" storage="c:\users\joris\performanceprogression\graphcalculator\attempt1mathcalculation\mathtest\bin\debug\mathtest.dll" id="2b906c2c-e66f-b14e-ba7f-e83541bdf1b1">
      <DeploymentItems>
        <DeploymentItem filename="Attempt1MathCalculation.exe" />
      </DeploymentItems>
      <Execution id="c07a587c-7a77-4266-ab04-46117fbd8c00" />
      <TestMethod codeBase="C:/Users/Joris/PerformanceProgression/GraphCalculator/Attempt1MathCalculation/MathTest/bin/Debug/MathTest.DLL" adapterTypeName="Microsoft.VisualStudio.TestTools.TestTypes.Unit.UnitTestAdapter, Microsoft.VisualStudio.QualityTools.Tips.UnitTest.Adapter, Version=10.0.0.0, Culture=neutral, PublicKeyToken=b03f5f7f11d50a3a" className="MathTest.Form1Test, MathTest, Version=1.0.0.0, Culture=neutral, PublicKeyToken=null" name="Matrix3x3InverseTest" />
    </UnitTest>
    <UnitTest name="Matrix3x3Test" storage="c:\users\joris\performanceprogression\graphcalculator\attempt1mathcalculation\mathtest\bin\debug\mathtest.dll" id="93c03e23-75d3-7f89-9244-828ee5429283">
      <DeploymentItems>
        <DeploymentItem filename="Attempt1MathCalculation.exe" />
      </DeploymentItems>
      <Execution id="0bd9c299-808c-4d74-9a82-51ef81f23f79" />
      <TestMethod codeBase="C:/Users/Joris/PerformanceProgression/GraphCalculator/Attempt1MathCalculation/MathTest/bin/Debug/MathTest.DLL" adapterTypeName="Microsoft.VisualStudio.TestTools.TestTypes.Unit.UnitTestAdapter, Microsoft.VisualStudio.QualityTools.Tips.UnitTest.Adapter, Version=10.0.0.0, Culture=neutral, PublicKeyToken=b03f5f7f11d50a3a" className="MathTest.Form1Test, MathTest, Version=1.0.0.0, Culture=neutral, PublicKeyToken=null" name="Matrix3x3Test" />
    </UnitTest>
    <UnitTest name="SecondOrderPolynomialTest" storage="c:\users\joris\performanceprogression\graphcalculator\attempt1mathcalculation\mathtest\bin\debug\mathtest.dll" id="0d09a0c5-2876-2709-9e38-b1b102e382d2">
      <Execution id="3cb12aca-5802-4661-a154-4f1edf9041e0" />
      <TestMethod codeBase="C:/Users/Joris/PerformanceProgression/GraphCalculator/Attempt1MathCalculation/MathTest/bin/Debug/MathTest.DLL" adapterTypeName="Microsoft.VisualStudio.TestTools.TestTypes.Unit.UnitTestAdapter, Microsoft.VisualStudio.QualityTools.Tips.UnitTest.Adapter, Version=10.0.0.0, Culture=neutral, PublicKeyToken=b03f5f7f11d50a3a" className="MathTest.Form1Test, MathTest, Version=1.0.0.0, Culture=neutral, PublicKeyToken=null" name="SecondOrderPolynomialTest" />
    </UnitTest>
    <UnitTest name="Matrix1x3Test" storage="c:\users\joris\performanceprogression\graphcalculator\attempt1mathcalculation\mathtest\bin\debug\mathtest.dll" id="1e8cbc7f-21ac-98d8-76bf-fa7f09566a8f">
      <Execution id="80c8151c-9c94-4a11-8717-465dee3e5645" />
      <TestMethod codeBase="C:/Users/Joris/PerformanceProgression/GraphCalculator/Attempt1MathCalculation/MathTest/bin/Debug/MathTest.DLL" adapterTypeName="Microsoft.VisualStudio.TestTools.TestTypes.Unit.UnitTestAdapter, Microsoft.VisualStudio.QualityTools.Tips.UnitTest.Adapter, Version=10.0.0.0, Culture=neutral, PublicKeyToken=b03f5f7f11d50a3a" className="MathTest.Form1Test, MathTest, Version=1.0.0.0, Culture=neutral, PublicKeyToken=null" name="Matrix1x3Test" />
    </UnitTest>
  </TestDefinitions>
  <TestLists>
    <TestList name="Results Not in a List" id="8c84fa94-04c1-424b-9868-57a2d4851a1d" />
    <TestList name="All Loaded Results" id="19431567-8539-422a-85d7-44ee4e166bda" />
  </TestLists>
  <TestEntries>
    <TestEntry testId="0d09a0c5-2876-2709-9e38-b1b102e382d2" executionId="3cb12aca-5802-4661-a154-4f1edf9041e0" testListId="8c84fa94-04c1-424b-9868-57a2d4851a1d" />
    <TestEntry testId="1e8cbc7f-21ac-98d8-76bf-fa7f09566a8f" executionId="80c8151c-9c94-4a11-8717-465dee3e5645" testListId="8c84fa94-04c1-424b-9868-57a2d4851a1d" />
    <TestEntry testId="2b906c2c-e66f-b14e-ba7f-e83541bdf1b1" executionId="c07a587c-7a77-4266-ab04-46117fbd8c00" testListId="8c84fa94-04c1-424b-9868-57a2d4851a1d" />
    <TestEntry testId="93c03e23-75d3-7f89-9244-828ee5429283" executionId="0bd9c299-808c-4d74-9a82-51ef81f23f79" testListId="8c84fa94-04c1-424b-9868-57a2d4851a1d" />
  </TestEntries>
  <Results>
    <UnitTestResult executionId="3cb12aca-5802-4661-a154-4f1edf9041e0" testId="0d09a0c5-2876-2709-9e38-b1b102e382d2" testName="SecondOrderPolynomialTest" computerName="JORIS-PC" duration="00:00:00.0208593" startTime="2012-06-12T19:43:00.4597351+12:00" endTime="2012-06-12T19:43:00.6627467+12:00" testType="13cdc9d9-ddb5-4fa4-a97d-d965ccfc6d4b" outcome="Passed" testListId="8c84fa94-04c1-424b-9868-57a2d4851a1d" relativeResultsDirectory="3cb12aca-5802-4661-a154-4f1edf9041e0">
    </UnitTestResult>
    <UnitTestResult executionId="80c8151c-9c94-4a11-8717-465dee3e5645" testId="1e8cbc7f-21ac-98d8-76bf-fa7f09566a8f" testName="Matrix1x3Test" computerName="JORIS-PC" duration="00:00:00.0053205" startTime="2012-06-12T19:43:00.6657469+12:00" endTime="2012-06-12T19:43:00.6747474+12:00" testType="13cdc9d9-ddb5-4fa4-a97d-d965ccfc6d4b" outcome="Passed" testListId="8c84fa94-04c1-424b-9868-57a2d4851a1d" relativeResultsDirectory="80c8151c-9c94-4a11-8717-465dee3e5645">
    </UnitTestResult>
    <UnitTestResult executionId="c07a587c-7a77-4266-ab04-46117fbd8c00" testId="2b906c2c-e66f-b14e-ba7f-e83541bdf1b1" testName="Matrix3x3InverseTest" computerName="JORIS-PC" duration="00:00:00.0157528" startTime="2012-06-12T19:43:00.6747474+12:00" endTime="2012-06-12T19:43:00.6957486+12:00" testType="13cdc9d9-ddb5-4fa4-a97d-d965ccfc6d4b" outcome="Failed" testListId="8c84fa94-04c1-424b-9868-57a2d4851a1d" relativeResultsDirectory="c07a587c-7a77-4266-ab04-46117fbd8c00">
      <Output>
        <ErrorInfo>
          <Message>Assert.AreEqual failed. Expected:&lt;-0.278&gt;. Actual:&lt;-0.2777778&gt;. </Message>
          <StackTrace>   at MathTest.Form1Test.Matrix3x3InverseTest() in C:\Users\Joris\PerformanceProgression\GraphCalculator\Attempt1MathCalculation\MathTest\Form1Test.cs:line 151
</StackTrace>
        </ErrorInfo>
      </Output>
    </UnitTestResult>
    <UnitTestResult executionId="0bd9c299-808c-4d74-9a82-51ef81f23f79" testId="93c03e23-75d3-7f89-9244-828ee5429283" testName="Matrix3x3Test" computerName="JORIS-PC" duration="00:00:00.0015231" startTime="2012-06-12T19:43:00.6967486+12:00" endTime="2012-06-12T19:43:00.7017489+12:00" testType="13cdc9d9-ddb5-4fa4-a97d-d965ccfc6d4b" outcome="Passed" testListId="8c84fa94-04c1-424b-9868-57a2d4851a1d" relativeResultsDirectory="0bd9c299-808c-4d74-9a82-51ef81f23f79">
    </UnitTestResult>
  </Results>
</TestRun>