<?xml version="1.0" encoding="UTF-8"?>
<TestRun id="71f7165b-5176-4ba6-ae1d-a15ab8c0e7bd" name="Joris@JORIS-PC 2012-07-09 22:27:23" runUser="Joris-PC\Joris" xmlns="http://microsoft.com/schemas/VisualStudio/TeamTest/2010">
  <TestSettings name="Local" id="a523dc7b-8ddb-43ec-9e72-2285008632b5">
    <Description>These are default test settings for a local test run.</Description>
    <Deployment enabled="false" runDeploymentRoot="Joris_JORIS-PC 2012-07-09 22_27_23">
      <DeploymentItem filename="C:\Users\Joris\PerformanceProgression\GraphCalculator\Attempt1MathCalculation\MathTest\bin\Debug\ZedGraph.dll" />
      <DeploymentItem filename="C:\Users\Joris\PerformanceProgression\GraphCalculator\Attempt1MathCalculation\Attempt1MathCalculation\bin\Debug\Attempt1MathCalculation.exe" />
    </Deployment>
    <Execution>
      <TestTypeSpecific />
      <AgentRule name="Execution Agents">
      </AgentRule>
    </Execution>
  </TestSettings>
  <Times creation="2012-07-09T22:27:23.8423331+12:00" queuing="2012-07-09T22:27:24.9063939+12:00" start="2012-07-09T22:27:24.9693975+12:00" finish="2012-07-09T22:29:48.3315974+12:00" />
  <ResultSummary outcome="Error">
    <Counters total="1" executed="1" error="0" failed="0" timeout="0" aborted="1" inconclusive="0" passedButRunAborted="0" notRunnable="0" notExecuted="0" disconnected="0" warning="0" passed="0" completed="0" inProgress="0" pending="0" />
    <RunInfos>
      <RunInfo computerName="JORIS-PC" outcome="Error" timestamp="2012-07-09T22:29:48.3305973+12:00">
        <Text>Test host process exited unexpectedly.</Text>
      </RunInfo>
    </RunInfos>
  </ResultSummary>
  <TestDefinitions>
    <UnitTest name="SecondOrderPolynomialTest2" storage="c:\users\joris\performanceprogression\graphcalculator\attempt1mathcalculation\mathtest\bin\debug\mathtest.dll" id="c7bfa67d-e9e8-b09b-48ea-fdbd29047b8d">
      <Execution id="4a29e2ba-9cf8-4545-8c01-199433edea38" />
      <TestMethod codeBase="C:/Users/Joris/PerformanceProgression/GraphCalculator/Attempt1MathCalculation/MathTest/bin/Debug/MathTest.DLL" adapterTypeName="Microsoft.VisualStudio.TestTools.TestTypes.Unit.UnitTestAdapter, Microsoft.VisualStudio.QualityTools.Tips.UnitTest.Adapter, Version=10.0.0.0, Culture=neutral, PublicKeyToken=b03f5f7f11d50a3a" className="MathTest.PolynomialTest, MathTest, Version=1.0.0.0, Culture=neutral, PublicKeyToken=null" name="SecondOrderPolynomialTest2" />
    </UnitTest>
  </TestDefinitions>
  <TestLists>
    <TestList name="Results Not in a List" id="8c84fa94-04c1-424b-9868-57a2d4851a1d" />
    <TestList name="All Loaded Results" id="19431567-8539-422a-85d7-44ee4e166bda" />
  </TestLists>
  <TestEntries>
    <TestEntry testId="c7bfa67d-e9e8-b09b-48ea-fdbd29047b8d" executionId="4a29e2ba-9cf8-4545-8c01-199433edea38" testListId="8c84fa94-04c1-424b-9868-57a2d4851a1d" />
  </TestEntries>
  <Results>
    <UnitTestResult executionId="4a29e2ba-9cf8-4545-8c01-199433edea38" testId="c7bfa67d-e9e8-b09b-48ea-fdbd29047b8d" testName="SecondOrderPolynomialTest2" computerName="JORIS-PC" duration="00:02:23.3271979" startTime="2012-07-09T22:27:25.0043995+12:00" endTime="2012-07-09T22:29:48.3315974+12:00" testType="13cdc9d9-ddb5-4fa4-a97d-d965ccfc6d4b" outcome="Aborted" testListId="8c84fa94-04c1-424b-9868-57a2d4851a1d" relativeResultsDirectory="4a29e2ba-9cf8-4545-8c01-199433edea38">
    </UnitTestResult>
  </Results>
</TestRun>