<?xml version="1.0" encoding="UTF-8"?>
<TestRun id="dc017ce9-f846-426d-b579-3d4eb431a2e1" name="MikelWhitehead@WHEATLY 2012-06-15 13:40:07" runUser="WHEATLY\MikelWhitehead" xmlns="http://microsoft.com/schemas/VisualStudio/TeamTest/2010">
  <TestSettings name="Local" id="a523dc7b-8ddb-43ec-9e72-2285008632b5">
    <Description>These are default test settings for a local test run.</Description>
    <Deployment enabled="false" runDeploymentRoot="MikelWhitehead_WHEATLY 2012-06-15 13_40_07">
      <DeploymentItem filename="C:\Users\MikelWhitehead\PerformanceProgression\GraphCalculator\Attempt1MathCalculation\Attempt1MathCalculation\bin\Debug\Attempt1MathCalculation.exe" />
    </Deployment>
    <Execution>
      <TestTypeSpecific />
      <AgentRule name="Execution Agents">
      </AgentRule>
    </Execution>
  </TestSettings>
  <Times creation="2012-06-15T13:40:07.7706765+12:00" queuing="2012-06-15T13:40:10.8448524+12:00" start="2012-06-15T13:40:11.0318631+12:00" finish="2012-06-15T13:40:11.6418980+12:00" />
  <ResultSummary outcome="Warning">
    <Counters total="4" executed="4" passed="4" error="0" failed="0" timeout="0" aborted="0" inconclusive="0" passedButRunAborted="0" notRunnable="0" notExecuted="0" disconnected="0" warning="0" completed="0" inProgress="0" pending="0" />
    <RunInfos>
      <RunInfo computerName="WHEATLY" outcome="Warning" timestamp="2012-06-15T13:40:10.2978211+12:00">
        <Text>Deployment is currently disabled. The deployment item 'Attempt1MathCalculation.exe' on test 'MathTest.Form1Test.Matrix3x3InverseTest' was not deployed.</Text>
      </RunInfo>
    </RunInfos>
  </ResultSummary>
  <TestDefinitions>
    <UnitTest name="Matrix3x3InverseTest" storage="c:\users\mikelwhitehead\performanceprogression\graphcalculator\attempt1mathcalculation\mathtest\bin\debug\mathtest.dll" id="2b906c2c-e66f-b14e-ba7f-e83541bdf1b1">
      <DeploymentItems>
        <DeploymentItem filename="Attempt1MathCalculation.exe" />
      </DeploymentItems>
      <Execution id="27b2a9ab-c36d-490b-9ce3-b2b0aaf866b2" />
      <TestMethod codeBase="C:/Users/MikelWhitehead/PerformanceProgression/GraphCalculator/Attempt1MathCalculation/MathTest/bin/Debug/MathTest.DLL" adapterTypeName="Microsoft.VisualStudio.TestTools.TestTypes.Unit.UnitTestAdapter, Microsoft.VisualStudio.QualityTools.Tips.UnitTest.Adapter, Version=10.0.0.0, Culture=neutral, PublicKeyToken=b03f5f7f11d50a3a" className="MathTest.Form1Test, MathTest, Version=1.0.0.0, Culture=neutral, PublicKeyToken=null" name="Matrix3x3InverseTest" />
    </UnitTest>
    <UnitTest name="Matrix3x3Test" storage="c:\users\mikelwhitehead\performanceprogression\graphcalculator\attempt1mathcalculation\mathtest\bin\debug\mathtest.dll" id="93c03e23-75d3-7f89-9244-828ee5429283">
      <DeploymentItems>
        <DeploymentItem filename="Attempt1MathCalculation.exe" />
      </DeploymentItems>
      <Execution id="913e206d-d8c8-4797-b554-233655b3a99c" />
      <TestMethod codeBase="C:/Users/MikelWhitehead/PerformanceProgression/GraphCalculator/Attempt1MathCalculation/MathTest/bin/Debug/MathTest.DLL" adapterTypeName="Microsoft.VisualStudio.TestTools.TestTypes.Unit.UnitTestAdapter, Microsoft.VisualStudio.QualityTools.Tips.UnitTest.Adapter, Version=10.0.0.0, Culture=neutral, PublicKeyToken=b03f5f7f11d50a3a" className="MathTest.Form1Test, MathTest, Version=1.0.0.0, Culture=neutral, PublicKeyToken=null" name="Matrix3x3Test" />
    </UnitTest>
    <UnitTest name="SecondOrderPolynomialTest" storage="c:\users\mikelwhitehead\performanceprogression\graphcalculator\attempt1mathcalculation\mathtest\bin\debug\mathtest.dll" id="0d09a0c5-2876-2709-9e38-b1b102e382d2">
      <Execution id="60c5785b-bda4-4f32-b8f0-e7634af8a8a7" />
      <TestMethod codeBase="C:/Users/MikelWhitehead/PerformanceProgression/GraphCalculator/Attempt1MathCalculation/MathTest/bin/Debug/MathTest.DLL" adapterTypeName="Microsoft.VisualStudio.TestTools.TestTypes.Unit.UnitTestAdapter, Microsoft.VisualStudio.QualityTools.Tips.UnitTest.Adapter, Version=10.0.0.0, Culture=neutral, PublicKeyToken=b03f5f7f11d50a3a" className="MathTest.Form1Test, MathTest, Version=1.0.0.0, Culture=neutral, PublicKeyToken=null" name="SecondOrderPolynomialTest" />
    </UnitTest>
    <UnitTest name="Matrix1x3Test" storage="c:\users\mikelwhitehead\performanceprogression\graphcalculator\attempt1mathcalculation\mathtest\bin\debug\mathtest.dll" id="1e8cbc7f-21ac-98d8-76bf-fa7f09566a8f">
      <Execution id="f032b418-6c31-4f1b-b7e2-725d6974d3c1" />
      <TestMethod codeBase="C:/Users/MikelWhitehead/PerformanceProgression/GraphCalculator/Attempt1MathCalculation/MathTest/bin/Debug/MathTest.DLL" adapterTypeName="Microsoft.VisualStudio.TestTools.TestTypes.Unit.UnitTestAdapter, Microsoft.VisualStudio.QualityTools.Tips.UnitTest.Adapter, Version=10.0.0.0, Culture=neutral, PublicKeyToken=b03f5f7f11d50a3a" className="MathTest.Form1Test, MathTest, Version=1.0.0.0, Culture=neutral, PublicKeyToken=null" name="Matrix1x3Test" />
    </UnitTest>
  </TestDefinitions>
  <TestLists>
    <TestList name="Results Not in a List" id="8c84fa94-04c1-424b-9868-57a2d4851a1d" />
    <TestList name="All Loaded Results" id="19431567-8539-422a-85d7-44ee4e166bda" />
  </TestLists>
  <TestEntries>
    <TestEntry testId="0d09a0c5-2876-2709-9e38-b1b102e382d2" executionId="60c5785b-bda4-4f32-b8f0-e7634af8a8a7" testListId="8c84fa94-04c1-424b-9868-57a2d4851a1d" />
    <TestEntry testId="1e8cbc7f-21ac-98d8-76bf-fa7f09566a8f" executionId="f032b418-6c31-4f1b-b7e2-725d6974d3c1" testListId="8c84fa94-04c1-424b-9868-57a2d4851a1d" />
    <TestEntry testId="2b906c2c-e66f-b14e-ba7f-e83541bdf1b1" executionId="27b2a9ab-c36d-490b-9ce3-b2b0aaf866b2" testListId="8c84fa94-04c1-424b-9868-57a2d4851a1d" />
    <TestEntry testId="93c03e23-75d3-7f89-9244-828ee5429283" executionId="913e206d-d8c8-4797-b554-233655b3a99c" testListId="8c84fa94-04c1-424b-9868-57a2d4851a1d" />
  </TestEntries>
  <Results>
    <UnitTestResult executionId="60c5785b-bda4-4f32-b8f0-e7634af8a8a7" testId="0d09a0c5-2876-2709-9e38-b1b102e382d2" testName="SecondOrderPolynomialTest" computerName="WHEATLY" duration="00:00:00.0316102" startTime="2012-06-15T13:40:11.0878663+12:00" endTime="2012-06-15T13:40:11.5308916+12:00" testType="13cdc9d9-ddb5-4fa4-a97d-d965ccfc6d4b" outcome="Passed" testListId="8c84fa94-04c1-424b-9868-57a2d4851a1d" relativeResultsDirectory="60c5785b-bda4-4f32-b8f0-e7634af8a8a7">
    </UnitTestResult>
    <UnitTestResult executionId="f032b418-6c31-4f1b-b7e2-725d6974d3c1" testId="1e8cbc7f-21ac-98d8-76bf-fa7f09566a8f" testName="Matrix1x3Test" computerName="WHEATLY" duration="00:00:00.0011193" startTime="2012-06-15T13:40:11.5328917+12:00" endTime="2012-06-15T13:40:11.5688938+12:00" testType="13cdc9d9-ddb5-4fa4-a97d-d965ccfc6d4b" outcome="Passed" testListId="8c84fa94-04c1-424b-9868-57a2d4851a1d" relativeResultsDirectory="f032b418-6c31-4f1b-b7e2-725d6974d3c1">
    </UnitTestResult>
    <UnitTestResult executionId="27b2a9ab-c36d-490b-9ce3-b2b0aaf866b2" testId="2b906c2c-e66f-b14e-ba7f-e83541bdf1b1" testName="Matrix3x3InverseTest" computerName="WHEATLY" duration="00:00:00.0010494" startTime="2012-06-15T13:40:11.5698938+12:00" endTime="2012-06-15T13:40:11.5828946+12:00" testType="13cdc9d9-ddb5-4fa4-a97d-d965ccfc6d4b" outcome="Passed" testListId="8c84fa94-04c1-424b-9868-57a2d4851a1d" relativeResultsDirectory="27b2a9ab-c36d-490b-9ce3-b2b0aaf866b2">
    </UnitTestResult>
    <UnitTestResult executionId="913e206d-d8c8-4797-b554-233655b3a99c" testId="93c03e23-75d3-7f89-9244-828ee5429283" testName="Matrix3x3Test" computerName="WHEATLY" duration="00:00:00.0009476" startTime="2012-06-15T13:40:11.5948953+12:00" endTime="2012-06-15T13:40:11.6028957+12:00" testType="13cdc9d9-ddb5-4fa4-a97d-d965ccfc6d4b" outcome="Passed" testListId="8c84fa94-04c1-424b-9868-57a2d4851a1d" relativeResultsDirectory="913e206d-d8c8-4797-b554-233655b3a99c">
    </UnitTestResult>
  </Results>
</TestRun>