<?xml version="1.0" encoding="UTF-8"?>
<TestRun id="cb12c1d8-0e61-4ecf-888d-9873c876f410" name="MikelWhitehead@WHEATLY 2012-06-20 13:39:26" runUser="WHEATLY\MikelWhitehead" xmlns="http://microsoft.com/schemas/VisualStudio/TeamTest/2010">
  <TestSettings name="Local" id="a523dc7b-8ddb-43ec-9e72-2285008632b5">
    <Description>These are default test settings for a local test run.</Description>
    <Deployment enabled="false" runDeploymentRoot="MikelWhitehead_WHEATLY 2012-06-20 13_39_26">
      <DeploymentItem filename="C:\Users\MikelWhitehead\PerformanceProgression\GraphCalculator\Attempt1MathCalculation\MathTest\bin\Debug\ZedGraph.dll" />
      <DeploymentItem filename="C:\Users\MikelWhitehead\PerformanceProgression\GraphCalculator\Attempt1MathCalculation\Attempt1MathCalculation\bin\Debug\Attempt1MathCalculation.exe" />
    </Deployment>
    <Execution>
      <TestTypeSpecific />
      <AgentRule name="Execution Agents">
      </AgentRule>
    </Execution>
  </TestSettings>
  <Times creation="2012-06-20T13:39:26.6953820+12:00" queuing="2012-06-20T13:39:28.0304583+12:00" start="2012-06-20T13:39:28.1954678+12:00" finish="2012-06-20T13:39:28.7975022+12:00" />
  <ResultSummary outcome="Failed">
    <Counters total="1" executed="1" error="0" failed="1" timeout="0" aborted="0" inconclusive="0" passedButRunAborted="0" notRunnable="0" notExecuted="0" disconnected="0" warning="0" passed="0" completed="0" inProgress="0" pending="0" />
  </ResultSummary>
  <TestDefinitions>
    <UnitTest name="getY_Value_AsDateTest" storage="c:\users\mikelwhitehead\performanceprogression\graphcalculator\attempt1mathcalculation\mathtest\bin\debug\mathtest.dll" id="9d155d54-a4e2-aec3-1df6-42140bffb82b">
      <Execution id="882168b9-a2ae-4cc2-b12f-c951436dff18" />
      <TestMethod codeBase="C:/Users/MikelWhitehead/PerformanceProgression/GraphCalculator/Attempt1MathCalculation/MathTest/bin/Debug/MathTest.DLL" adapterTypeName="Microsoft.VisualStudio.TestTools.TestTypes.Unit.UnitTestAdapter, Microsoft.VisualStudio.QualityTools.Tips.UnitTest.Adapter, Version=10.0.0.0, Culture=neutral, PublicKeyToken=b03f5f7f11d50a3a" className="MathTest.fPointTest, MathTest, Version=1.0.0.0, Culture=neutral, PublicKeyToken=null" name="getY_Value_AsDateTest" />
    </UnitTest>
  </TestDefinitions>
  <TestLists>
    <TestList name="Results Not in a List" id="8c84fa94-04c1-424b-9868-57a2d4851a1d" />
    <TestList name="All Loaded Results" id="19431567-8539-422a-85d7-44ee4e166bda" />
  </TestLists>
  <TestEntries>
    <TestEntry testId="9d155d54-a4e2-aec3-1df6-42140bffb82b" executionId="882168b9-a2ae-4cc2-b12f-c951436dff18" testListId="8c84fa94-04c1-424b-9868-57a2d4851a1d" />
  </TestEntries>
  <Results>
    <UnitTestResult executionId="882168b9-a2ae-4cc2-b12f-c951436dff18" testId="9d155d54-a4e2-aec3-1df6-42140bffb82b" testName="getY_Value_AsDateTest" computerName="WHEATLY" duration="00:00:00.1135195" startTime="2012-06-20T13:39:28.2304698+12:00" endTime="2012-06-20T13:39:28.7224979+12:00" testType="13cdc9d9-ddb5-4fa4-a97d-d965ccfc6d4b" outcome="Failed" testListId="8c84fa94-04c1-424b-9868-57a2d4851a1d" relativeResultsDirectory="882168b9-a2ae-4cc2-b12f-c951436dff18">
      <Output>
        <ErrorInfo>
          <Message>Test method MathTest.fPointTest.getY_Value_AsDateTest threw exception: 
System.ArgumentOutOfRangeException: Valid values are between 0 and 999, inclusive.
Parameter name: millisecond</Message>
          <StackTrace>    at System.DateTime..ctor(Int32 year, Int32 month, Int32 day, Int32 hour, Int32 minute, Int32 second, Int32 millisecond)
   at Attempt1MathCalculation.fPoint.getY_Value_AsDate() in C:\Users\MikelWhitehead\PerformanceProgression\GraphCalculator\Attempt1MathCalculation\Attempt1MathCalculation\fPoint.cs:line 85
   at MathTest.fPointTest.getY_Value_AsDateTest() in C:\Users\MikelWhitehead\PerformanceProgression\GraphCalculator\Attempt1MathCalculation\MathTest\fPointTest.cs:line 187
</StackTrace>
        </ErrorInfo>
      </Output>
    </UnitTestResult>
  </Results>
</TestRun>