<?xml version="1.0" encoding="UTF-8"?>
<TestRun id="2433004f-39e5-48f3-b866-5b38c4efea3e" name="MikelWhitehead@WHEATLY 2012-06-20 13:43:09" runUser="WHEATLY\MikelWhitehead" xmlns="http://microsoft.com/schemas/VisualStudio/TeamTest/2010">
  <TestSettings name="Local" id="a523dc7b-8ddb-43ec-9e72-2285008632b5">
    <Description>These are default test settings for a local test run.</Description>
    <Deployment enabled="false" runDeploymentRoot="MikelWhitehead_WHEATLY 2012-06-20 13_43_09">
      <DeploymentItem filename="C:\Users\MikelWhitehead\PerformanceProgression\GraphCalculator\Attempt1MathCalculation\MathTest\bin\Debug\ZedGraph.dll" />
      <DeploymentItem filename="C:\Users\MikelWhitehead\PerformanceProgression\GraphCalculator\Attempt1MathCalculation\Attempt1MathCalculation\bin\Debug\Attempt1MathCalculation.exe" />
    </Deployment>
    <Execution>
      <TestTypeSpecific />
      <AgentRule name="Execution Agents">
      </AgentRule>
    </Execution>
  </TestSettings>
  <Times creation="2012-06-20T13:43:09.8241442+12:00" queuing="2012-06-20T13:43:11.3012287+12:00" start="2012-06-20T13:43:11.4932397+12:00" finish="2012-06-20T13:43:26.2860858+12:00" />
  <ResultSummary outcome="Error">
    <Counters total="17" executed="7" passed="6" error="0" failed="0" timeout="0" aborted="1" inconclusive="0" passedButRunAborted="0" notRunnable="0" notExecuted="10" disconnected="0" warning="0" completed="0" inProgress="0" pending="0" />
    <RunInfos>
      <RunInfo computerName="WHEATLY" outcome="Error" timestamp="2012-06-20T13:43:26.2820855+12:00">
        <Text>Test host process exited unexpectedly.</Text>
      </RunInfo>
    </RunInfos>
  </ResultSummary>
  <TestDefinitions>
    <UnitTest name="X_DateTest" storage="c:\users\mikelwhitehead\performanceprogression\graphcalculator\attempt1mathcalculation\mathtest\bin\debug\mathtest.dll" id="d228be95-61b5-faa5-8d6e-f14f7eb3077b">
      <Execution id="77861073-e582-4734-b7f1-b82f1256c669" />
      <TestMethod codeBase="C:/Users/MikelWhitehead/PerformanceProgression/GraphCalculator/Attempt1MathCalculation/MathTest/bin/Debug/MathTest.DLL" adapterTypeName="Microsoft.VisualStudio.TestTools.TestTypes.Unit.UnitTestAdapter, Microsoft.VisualStudio.QualityTools.Tips.UnitTest.Adapter, Version=10.0.0.0, Culture=neutral, PublicKeyToken=b03f5f7f11d50a3a" className="MathTest.fPointTest, MathTest, Version=1.0.0.0, Culture=neutral, PublicKeyToken=null" name="X_DateTest" />
    </UnitTest>
    <UnitTest name="setY_ValueTestTime" storage="c:\users\mikelwhitehead\performanceprogression\graphcalculator\attempt1mathcalculation\mathtest\bin\debug\mathtest.dll" id="f34a02a7-139c-5db6-f66c-3a47e661f645">
      <Execution id="0d2db5b4-f6a5-4e52-a891-31fe8ac50427" />
      <TestMethod codeBase="C:/Users/MikelWhitehead/PerformanceProgression/GraphCalculator/Attempt1MathCalculation/MathTest/bin/Debug/MathTest.DLL" adapterTypeName="Microsoft.VisualStudio.TestTools.TestTypes.Unit.UnitTestAdapter, Microsoft.VisualStudio.QualityTools.Tips.UnitTest.Adapter, Version=10.0.0.0, Culture=neutral, PublicKeyToken=b03f5f7f11d50a3a" className="MathTest.fPointTest, MathTest, Version=1.0.0.0, Culture=neutral, PublicKeyToken=null" name="setY_ValueTestTime" />
    </UnitTest>
    <UnitTest name="getStatusTest" storage="c:\users\mikelwhitehead\performanceprogression\graphcalculator\attempt1mathcalculation\mathtest\bin\debug\mathtest.dll" id="fdc600d9-be0d-02d4-169a-cc986a42ef6d">
      <Execution id="88b520e3-a62e-4fdf-91c4-ca3c5b08c315" />
      <TestMethod codeBase="C:/Users/MikelWhitehead/PerformanceProgression/GraphCalculator/Attempt1MathCalculation/MathTest/bin/Debug/MathTest.DLL" adapterTypeName="Microsoft.VisualStudio.TestTools.TestTypes.Unit.UnitTestAdapter, Microsoft.VisualStudio.QualityTools.Tips.UnitTest.Adapter, Version=10.0.0.0, Culture=neutral, PublicKeyToken=b03f5f7f11d50a3a" className="MathTest.AthletesTest, MathTest, Version=1.0.0.0, Culture=neutral, PublicKeyToken=null" name="getStatusTest" />
    </UnitTest>
    <UnitTest name="Y_TimeTests" storage="c:\users\mikelwhitehead\performanceprogression\graphcalculator\attempt1mathcalculation\mathtest\bin\debug\mathtest.dll" id="d1fa94a7-6865-fc7b-f171-2c89f4cfa0b5">
      <Execution id="d002b1e8-7f8e-4a0c-9437-109d99093c9d" />
      <TestMethod codeBase="C:/Users/MikelWhitehead/PerformanceProgression/GraphCalculator/Attempt1MathCalculation/MathTest/bin/Debug/MathTest.DLL" adapterTypeName="Microsoft.VisualStudio.TestTools.TestTypes.Unit.UnitTestAdapter, Microsoft.VisualStudio.QualityTools.Tips.UnitTest.Adapter, Version=10.0.0.0, Culture=neutral, PublicKeyToken=b03f5f7f11d50a3a" className="MathTest.fPointTest, MathTest, Version=1.0.0.0, Culture=neutral, PublicKeyToken=null" name="Y_TimeTests" />
    </UnitTest>
    <UnitTest name="getY_Value_AsDateTest" storage="c:\users\mikelwhitehead\performanceprogression\graphcalculator\attempt1mathcalculation\mathtest\bin\debug\mathtest.dll" id="9d155d54-a4e2-aec3-1df6-42140bffb82b">
      <Execution id="d1ad1c2b-d994-481f-a449-71db87a1162d" />
      <TestMethod codeBase="C:/Users/MikelWhitehead/PerformanceProgression/GraphCalculator/Attempt1MathCalculation/MathTest/bin/Debug/MathTest.DLL" adapterTypeName="Microsoft.VisualStudio.TestTools.TestTypes.Unit.UnitTestAdapter, Microsoft.VisualStudio.QualityTools.Tips.UnitTest.Adapter, Version=10.0.0.0, Culture=neutral, PublicKeyToken=b03f5f7f11d50a3a" className="MathTest.fPointTest, MathTest, Version=1.0.0.0, Culture=neutral, PublicKeyToken=null" name="getY_Value_AsDateTest" />
    </UnitTest>
    <UnitTest name="getNameTest" storage="c:\users\mikelwhitehead\performanceprogression\graphcalculator\attempt1mathcalculation\mathtest\bin\debug\mathtest.dll" id="e7d30bbf-6029-b18e-67cc-bd80a406e438">
      <Execution id="ea539ea2-0b30-40c9-8fc9-778316834dec" />
      <TestMethod codeBase="C:/Users/MikelWhitehead/PerformanceProgression/GraphCalculator/Attempt1MathCalculation/MathTest/bin/Debug/MathTest.DLL" adapterTypeName="Microsoft.VisualStudio.TestTools.TestTypes.Unit.UnitTestAdapter, Microsoft.VisualStudio.QualityTools.Tips.UnitTest.Adapter, Version=10.0.0.0, Culture=neutral, PublicKeyToken=b03f5f7f11d50a3a" className="MathTest.AthletesTest, MathTest, Version=1.0.0.0, Culture=neutral, PublicKeyToken=null" name="getNameTest" />
    </UnitTest>
    <UnitTest name="setY_ValueTestDouble" storage="c:\users\mikelwhitehead\performanceprogression\graphcalculator\attempt1mathcalculation\mathtest\bin\debug\mathtest.dll" id="63325f22-7d10-67cf-eef9-86a620d2144c">
      <Execution id="020ea55a-c829-403d-8bba-82f3b2fe062e" />
      <TestMethod codeBase="C:/Users/MikelWhitehead/PerformanceProgression/GraphCalculator/Attempt1MathCalculation/MathTest/bin/Debug/MathTest.DLL" adapterTypeName="Microsoft.VisualStudio.TestTools.TestTypes.Unit.UnitTestAdapter, Microsoft.VisualStudio.QualityTools.Tips.UnitTest.Adapter, Version=10.0.0.0, Culture=neutral, PublicKeyToken=b03f5f7f11d50a3a" className="MathTest.fPointTest, MathTest, Version=1.0.0.0, Culture=neutral, PublicKeyToken=null" name="setY_ValueTestDouble" />
    </UnitTest>
    <UnitTest name="Y_TimeTest" storage="c:\users\mikelwhitehead\performanceprogression\graphcalculator\attempt1mathcalculation\mathtest\bin\debug\mathtest.dll" id="94dbcfb7-2c31-a95d-f576-27f5e95bd368">
      <Execution id="e3602175-0e7b-46ba-869d-d1168d328896" />
      <TestMethod codeBase="C:/Users/MikelWhitehead/PerformanceProgression/GraphCalculator/Attempt1MathCalculation/MathTest/bin/Debug/MathTest.DLL" adapterTypeName="Microsoft.VisualStudio.TestTools.TestTypes.Unit.UnitTestAdapter, Microsoft.VisualStudio.QualityTools.Tips.UnitTest.Adapter, Version=10.0.0.0, Culture=neutral, PublicKeyToken=b03f5f7f11d50a3a" className="MathTest.fPointTest, MathTest, Version=1.0.0.0, Culture=neutral, PublicKeyToken=null" name="Y_TimeTest" />
    </UnitTest>
    <UnitTest name="Matrix3x3InverseTest" storage="c:\users\mikelwhitehead\performanceprogression\graphcalculator\attempt1mathcalculation\mathtest\bin\debug\mathtest.dll" id="ed08e473-2dba-4d18-da59-9cb539de914d">
      <DeploymentItems>
        <DeploymentItem filename="Attempt1MathCalculation.exe" />
      </DeploymentItems>
      <Execution id="b4e3e0ed-1ccc-42c2-9793-81f13891d0c0" />
      <TestMethod codeBase="C:/Users/MikelWhitehead/PerformanceProgression/GraphCalculator/Attempt1MathCalculation/MathTest/bin/Debug/MathTest.DLL" adapterTypeName="Microsoft.VisualStudio.TestTools.TestTypes.Unit.UnitTestAdapter, Microsoft.VisualStudio.QualityTools.Tips.UnitTest.Adapter, Version=10.0.0.0, Culture=neutral, PublicKeyToken=b03f5f7f11d50a3a" className="MathTest.PolynomialTest, MathTest, Version=1.0.0.0, Culture=neutral, PublicKeyToken=null" name="Matrix3x3InverseTest" />
    </UnitTest>
    <UnitTest name="getY_ValueTestTime" storage="c:\users\mikelwhitehead\performanceprogression\graphcalculator\attempt1mathcalculation\mathtest\bin\debug\mathtest.dll" id="309295dc-6116-7350-30d2-46bed9c7d223">
      <Execution id="84d2773c-467f-45d3-89fe-135d7eba89c0" />
      <TestMethod codeBase="C:/Users/MikelWhitehead/PerformanceProgression/GraphCalculator/Attempt1MathCalculation/MathTest/bin/Debug/MathTest.DLL" adapterTypeName="Microsoft.VisualStudio.TestTools.TestTypes.Unit.UnitTestAdapter, Microsoft.VisualStudio.QualityTools.Tips.UnitTest.Adapter, Version=10.0.0.0, Culture=neutral, PublicKeyToken=b03f5f7f11d50a3a" className="MathTest.fPointTest, MathTest, Version=1.0.0.0, Culture=neutral, PublicKeyToken=null" name="getY_ValueTestTime" />
    </UnitTest>
    <UnitTest name="SecondOrderPolynomialTest" storage="c:\users\mikelwhitehead\performanceprogression\graphcalculator\attempt1mathcalculation\mathtest\bin\debug\mathtest.dll" id="cf8e86af-938d-dc88-28d5-47a0888cbbf6">
      <Execution id="c87ee879-0714-4ba0-89f6-f3f4e1eca5cc" />
      <TestMethod codeBase="C:/Users/MikelWhitehead/PerformanceProgression/GraphCalculator/Attempt1MathCalculation/MathTest/bin/Debug/MathTest.DLL" adapterTypeName="Microsoft.VisualStudio.TestTools.TestTypes.Unit.UnitTestAdapter, Microsoft.VisualStudio.QualityTools.Tips.UnitTest.Adapter, Version=10.0.0.0, Culture=neutral, PublicKeyToken=b03f5f7f11d50a3a" className="MathTest.PolynomialTest, MathTest, Version=1.0.0.0, Culture=neutral, PublicKeyToken=null" name="SecondOrderPolynomialTest" />
    </UnitTest>
    <UnitTest name="setX_DateTest" storage="c:\users\mikelwhitehead\performanceprogression\graphcalculator\attempt1mathcalculation\mathtest\bin\debug\mathtest.dll" id="30998afc-2944-e13b-f8b3-3e8bf0e1ce4f">
      <Execution id="c2aa9fc2-d3e2-4d53-bfde-d723940a8bc5" />
      <TestMethod codeBase="C:/Users/MikelWhitehead/PerformanceProgression/GraphCalculator/Attempt1MathCalculation/MathTest/bin/Debug/MathTest.DLL" adapterTypeName="Microsoft.VisualStudio.TestTools.TestTypes.Unit.UnitTestAdapter, Microsoft.VisualStudio.QualityTools.Tips.UnitTest.Adapter, Version=10.0.0.0, Culture=neutral, PublicKeyToken=b03f5f7f11d50a3a" className="MathTest.fPointTest, MathTest, Version=1.0.0.0, Culture=neutral, PublicKeyToken=null" name="setX_DateTest" />
    </UnitTest>
    <UnitTest name="Y_DistanceTest" storage="c:\users\mikelwhitehead\performanceprogression\graphcalculator\attempt1mathcalculation\mathtest\bin\debug\mathtest.dll" id="5daea82e-210e-64b5-5f47-c70057d506bf">
      <Execution id="a94f6134-39db-486f-ae66-7af6fa5e4e55" />
      <TestMethod codeBase="C:/Users/MikelWhitehead/PerformanceProgression/GraphCalculator/Attempt1MathCalculation/MathTest/bin/Debug/MathTest.DLL" adapterTypeName="Microsoft.VisualStudio.TestTools.TestTypes.Unit.UnitTestAdapter, Microsoft.VisualStudio.QualityTools.Tips.UnitTest.Adapter, Version=10.0.0.0, Culture=neutral, PublicKeyToken=b03f5f7f11d50a3a" className="MathTest.fPointTest, MathTest, Version=1.0.0.0, Culture=neutral, PublicKeyToken=null" name="Y_DistanceTest" />
    </UnitTest>
    <UnitTest name="getDataTest" storage="c:\users\mikelwhitehead\performanceprogression\graphcalculator\attempt1mathcalculation\mathtest\bin\debug\mathtest.dll" id="fbb0dd6e-b7dd-8f92-d511-30c119a8406c">
      <Execution id="8bbfaa11-0f76-486d-b693-1b0157e051ca" />
      <TestMethod codeBase="C:/Users/MikelWhitehead/PerformanceProgression/GraphCalculator/Attempt1MathCalculation/MathTest/bin/Debug/MathTest.DLL" adapterTypeName="Microsoft.VisualStudio.TestTools.TestTypes.Unit.UnitTestAdapter, Microsoft.VisualStudio.QualityTools.Tips.UnitTest.Adapter, Version=10.0.0.0, Culture=neutral, PublicKeyToken=b03f5f7f11d50a3a" className="MathTest.AthletesTest, MathTest, Version=1.0.0.0, Culture=neutral, PublicKeyToken=null" name="getDataTest" />
    </UnitTest>
    <UnitTest name="Matrix1x3Test" storage="c:\users\mikelwhitehead\performanceprogression\graphcalculator\attempt1mathcalculation\mathtest\bin\debug\mathtest.dll" id="c0023543-70d8-e8c3-52fb-9f1d5be4c5fc">
      <Execution id="3e22e10d-a221-4982-bfd8-7739c901b2e7" />
      <TestMethod codeBase="C:/Users/MikelWhitehead/PerformanceProgression/GraphCalculator/Attempt1MathCalculation/MathTest/bin/Debug/MathTest.DLL" adapterTypeName="Microsoft.VisualStudio.TestTools.TestTypes.Unit.UnitTestAdapter, Microsoft.VisualStudio.QualityTools.Tips.UnitTest.Adapter, Version=10.0.0.0, Culture=neutral, PublicKeyToken=b03f5f7f11d50a3a" className="MathTest.PolynomialTest, MathTest, Version=1.0.0.0, Culture=neutral, PublicKeyToken=null" name="Matrix1x3Test" />
    </UnitTest>
    <UnitTest name="Matrix3x3Test" storage="c:\users\mikelwhitehead\performanceprogression\graphcalculator\attempt1mathcalculation\mathtest\bin\debug\mathtest.dll" id="bda542f6-870e-fb28-9310-2ebbbe076c3c">
      <DeploymentItems>
        <DeploymentItem filename="Attempt1MathCalculation.exe" />
      </DeploymentItems>
      <Execution id="44e4fb92-e57b-4d40-9482-3271f541fb8d" />
      <TestMethod codeBase="C:/Users/MikelWhitehead/PerformanceProgression/GraphCalculator/Attempt1MathCalculation/MathTest/bin/Debug/MathTest.DLL" adapterTypeName="Microsoft.VisualStudio.TestTools.TestTypes.Unit.UnitTestAdapter, Microsoft.VisualStudio.QualityTools.Tips.UnitTest.Adapter, Version=10.0.0.0, Culture=neutral, PublicKeyToken=b03f5f7f11d50a3a" className="MathTest.PolynomialTest, MathTest, Version=1.0.0.0, Culture=neutral, PublicKeyToken=null" name="Matrix3x3Test" />
    </UnitTest>
    <UnitTest name="ToStringTest" storage="c:\users\mikelwhitehead\performanceprogression\graphcalculator\attempt1mathcalculation\mathtest\bin\debug\mathtest.dll" id="6467f6a3-7df3-7605-d2c6-875a5bc201ab">
      <Execution id="767500e2-8d72-4929-a117-0fa77983985d" />
      <TestMethod codeBase="C:/Users/MikelWhitehead/PerformanceProgression/GraphCalculator/Attempt1MathCalculation/MathTest/bin/Debug/MathTest.DLL" adapterTypeName="Microsoft.VisualStudio.TestTools.TestTypes.Unit.UnitTestAdapter, Microsoft.VisualStudio.QualityTools.Tips.UnitTest.Adapter, Version=10.0.0.0, Culture=neutral, PublicKeyToken=b03f5f7f11d50a3a" className="MathTest.fPointTest, MathTest, Version=1.0.0.0, Culture=neutral, PublicKeyToken=null" name="ToStringTest" />
    </UnitTest>
  </TestDefinitions>
  <TestLists>
    <TestList name="Results Not in a List" id="8c84fa94-04c1-424b-9868-57a2d4851a1d" />
    <TestList name="All Loaded Results" id="19431567-8539-422a-85d7-44ee4e166bda" />
  </TestLists>
  <TestEntries>
    <TestEntry testId="309295dc-6116-7350-30d2-46bed9c7d223" executionId="84d2773c-467f-45d3-89fe-135d7eba89c0" testListId="8c84fa94-04c1-424b-9868-57a2d4851a1d" />
    <TestEntry testId="30998afc-2944-e13b-f8b3-3e8bf0e1ce4f" executionId="c2aa9fc2-d3e2-4d53-bfde-d723940a8bc5" testListId="8c84fa94-04c1-424b-9868-57a2d4851a1d" />
    <TestEntry testId="5daea82e-210e-64b5-5f47-c70057d506bf" executionId="a94f6134-39db-486f-ae66-7af6fa5e4e55" testListId="8c84fa94-04c1-424b-9868-57a2d4851a1d" />
    <TestEntry testId="63325f22-7d10-67cf-eef9-86a620d2144c" executionId="020ea55a-c829-403d-8bba-82f3b2fe062e" testListId="8c84fa94-04c1-424b-9868-57a2d4851a1d" />
    <TestEntry testId="6467f6a3-7df3-7605-d2c6-875a5bc201ab" executionId="767500e2-8d72-4929-a117-0fa77983985d" testListId="8c84fa94-04c1-424b-9868-57a2d4851a1d" />
    <TestEntry testId="94dbcfb7-2c31-a95d-f576-27f5e95bd368" executionId="e3602175-0e7b-46ba-869d-d1168d328896" testListId="8c84fa94-04c1-424b-9868-57a2d4851a1d" />
    <TestEntry testId="9d155d54-a4e2-aec3-1df6-42140bffb82b" executionId="d1ad1c2b-d994-481f-a449-71db87a1162d" testListId="8c84fa94-04c1-424b-9868-57a2d4851a1d" />
    <TestEntry testId="bda542f6-870e-fb28-9310-2ebbbe076c3c" executionId="44e4fb92-e57b-4d40-9482-3271f541fb8d" testListId="8c84fa94-04c1-424b-9868-57a2d4851a1d" />
    <TestEntry testId="c0023543-70d8-e8c3-52fb-9f1d5be4c5fc" executionId="3e22e10d-a221-4982-bfd8-7739c901b2e7" testListId="8c84fa94-04c1-424b-9868-57a2d4851a1d" />
    <TestEntry testId="cf8e86af-938d-dc88-28d5-47a0888cbbf6" executionId="c87ee879-0714-4ba0-89f6-f3f4e1eca5cc" testListId="8c84fa94-04c1-424b-9868-57a2d4851a1d" />
    <TestEntry testId="d1fa94a7-6865-fc7b-f171-2c89f4cfa0b5" executionId="d002b1e8-7f8e-4a0c-9437-109d99093c9d" testListId="8c84fa94-04c1-424b-9868-57a2d4851a1d" />
    <TestEntry testId="d228be95-61b5-faa5-8d6e-f14f7eb3077b" executionId="77861073-e582-4734-b7f1-b82f1256c669" testListId="8c84fa94-04c1-424b-9868-57a2d4851a1d" />
    <TestEntry testId="e7d30bbf-6029-b18e-67cc-bd80a406e438" executionId="ea539ea2-0b30-40c9-8fc9-778316834dec" testListId="8c84fa94-04c1-424b-9868-57a2d4851a1d" />
    <TestEntry testId="ed08e473-2dba-4d18-da59-9cb539de914d" executionId="b4e3e0ed-1ccc-42c2-9793-81f13891d0c0" testListId="8c84fa94-04c1-424b-9868-57a2d4851a1d" />
    <TestEntry testId="f34a02a7-139c-5db6-f66c-3a47e661f645" executionId="0d2db5b4-f6a5-4e52-a891-31fe8ac50427" testListId="8c84fa94-04c1-424b-9868-57a2d4851a1d" />
    <TestEntry testId="fbb0dd6e-b7dd-8f92-d511-30c119a8406c" executionId="8bbfaa11-0f76-486d-b693-1b0157e051ca" testListId="8c84fa94-04c1-424b-9868-57a2d4851a1d" />
    <TestEntry testId="fdc600d9-be0d-02d4-169a-cc986a42ef6d" executionId="88b520e3-a62e-4fdf-91c4-ca3c5b08c315" testListId="8c84fa94-04c1-424b-9868-57a2d4851a1d" />
  </TestEntries>
  <Results>
    <UnitTestResult executionId="84d2773c-467f-45d3-89fe-135d7eba89c0" testId="309295dc-6116-7350-30d2-46bed9c7d223" testName="getY_ValueTestTime" computerName="WHEATLY" duration="00:00:00.0335705" startTime="2012-06-20T13:43:11.5762444+12:00" endTime="2012-06-20T13:43:12.6213042+12:00" testType="13cdc9d9-ddb5-4fa4-a97d-d965ccfc6d4b" outcome="Passed" testListId="8c84fa94-04c1-424b-9868-57a2d4851a1d" relativeResultsDirectory="84d2773c-467f-45d3-89fe-135d7eba89c0">
    </UnitTestResult>
    <UnitTestResult executionId="c2aa9fc2-d3e2-4d53-bfde-d723940a8bc5" testId="30998afc-2944-e13b-f8b3-3e8bf0e1ce4f" testName="setX_DateTest" computerName="WHEATLY" duration="00:00:00.0193542" startTime="2012-06-20T13:43:12.6453056+12:00" endTime="2012-06-20T13:43:12.6913082+12:00" testType="13cdc9d9-ddb5-4fa4-a97d-d965ccfc6d4b" outcome="Passed" testListId="8c84fa94-04c1-424b-9868-57a2d4851a1d" relativeResultsDirectory="c2aa9fc2-d3e2-4d53-bfde-d723940a8bc5">
    </UnitTestResult>
    <UnitTestResult executionId="a94f6134-39db-486f-ae66-7af6fa5e4e55" testId="5daea82e-210e-64b5-5f47-c70057d506bf" testName="Y_DistanceTest" computerName="WHEATLY" duration="00:00:00.0003676" startTime="2012-06-20T13:43:12.7053090+12:00" endTime="2012-06-20T13:43:12.7253101+12:00" testType="13cdc9d9-ddb5-4fa4-a97d-d965ccfc6d4b" outcome="Passed" testListId="8c84fa94-04c1-424b-9868-57a2d4851a1d" relativeResultsDirectory="a94f6134-39db-486f-ae66-7af6fa5e4e55">
    </UnitTestResult>
    <UnitTestResult executionId="020ea55a-c829-403d-8bba-82f3b2fe062e" testId="63325f22-7d10-67cf-eef9-86a620d2144c" testName="setY_ValueTestDouble" computerName="WHEATLY" duration="00:00:00.0003769" startTime="2012-06-20T13:43:12.7383109+12:00" endTime="2012-06-20T13:43:12.7603121+12:00" testType="13cdc9d9-ddb5-4fa4-a97d-d965ccfc6d4b" outcome="Passed" testListId="8c84fa94-04c1-424b-9868-57a2d4851a1d" relativeResultsDirectory="020ea55a-c829-403d-8bba-82f3b2fe062e">
    </UnitTestResult>
    <UnitTestResult executionId="767500e2-8d72-4929-a117-0fa77983985d" testId="6467f6a3-7df3-7605-d2c6-875a5bc201ab" testName="ToStringTest" computerName="WHEATLY" duration="00:00:00.0003191" startTime="2012-06-20T13:43:12.7733129+12:00" endTime="2012-06-20T13:43:12.7923140+12:00" testType="13cdc9d9-ddb5-4fa4-a97d-d965ccfc6d4b" outcome="Passed" testListId="8c84fa94-04c1-424b-9868-57a2d4851a1d" relativeResultsDirectory="767500e2-8d72-4929-a117-0fa77983985d">
    </UnitTestResult>
    <UnitTestResult executionId="e3602175-0e7b-46ba-869d-d1168d328896" testId="94dbcfb7-2c31-a95d-f576-27f5e95bd368" testName="Y_TimeTest" computerName="WHEATLY" duration="00:00:00.0002922" startTime="2012-06-20T13:43:12.8063148+12:00" endTime="2012-06-20T13:43:12.8233157+12:00" testType="13cdc9d9-ddb5-4fa4-a97d-d965ccfc6d4b" outcome="Passed" testListId="8c84fa94-04c1-424b-9868-57a2d4851a1d" relativeResultsDirectory="e3602175-0e7b-46ba-869d-d1168d328896">
    </UnitTestResult>
    <UnitTestResult executionId="d1ad1c2b-d994-481f-a449-71db87a1162d" testId="9d155d54-a4e2-aec3-1df6-42140bffb82b" testName="getY_Value_AsDateTest" computerName="WHEATLY" duration="00:00:13.4447689" startTime="2012-06-20T13:43:12.8393167+12:00" endTime="2012-06-20T13:43:26.2840856+12:00" testType="13cdc9d9-ddb5-4fa4-a97d-d965ccfc6d4b" outcome="Aborted" testListId="8c84fa94-04c1-424b-9868-57a2d4851a1d" relativeResultsDirectory="d1ad1c2b-d994-481f-a449-71db87a1162d">
    </UnitTestResult>
    <UnitTestResult executionId="44e4fb92-e57b-4d40-9482-3271f541fb8d" testId="bda542f6-870e-fb28-9310-2ebbbe076c3c" testName="Matrix3x3Test" computerName="WHEATLY" testType="13cdc9d9-ddb5-4fa4-a97d-d965ccfc6d4b" outcome="NotExecuted" testListId="8c84fa94-04c1-424b-9868-57a2d4851a1d" relativeResultsDirectory="44e4fb92-e57b-4d40-9482-3271f541fb8d">
    </UnitTestResult>
    <UnitTestResult executionId="3e22e10d-a221-4982-bfd8-7739c901b2e7" testId="c0023543-70d8-e8c3-52fb-9f1d5be4c5fc" testName="Matrix1x3Test" computerName="WHEATLY" testType="13cdc9d9-ddb5-4fa4-a97d-d965ccfc6d4b" outcome="NotExecuted" testListId="8c84fa94-04c1-424b-9868-57a2d4851a1d" relativeResultsDirectory="3e22e10d-a221-4982-bfd8-7739c901b2e7">
    </UnitTestResult>
    <UnitTestResult executionId="c87ee879-0714-4ba0-89f6-f3f4e1eca5cc" testId="cf8e86af-938d-dc88-28d5-47a0888cbbf6" testName="SecondOrderPolynomialTest" computerName="WHEATLY" testType="13cdc9d9-ddb5-4fa4-a97d-d965ccfc6d4b" outcome="NotExecuted" testListId="8c84fa94-04c1-424b-9868-57a2d4851a1d" relativeResultsDirectory="c87ee879-0714-4ba0-89f6-f3f4e1eca5cc">
    </UnitTestResult>
    <UnitTestResult executionId="d002b1e8-7f8e-4a0c-9437-109d99093c9d" testId="d1fa94a7-6865-fc7b-f171-2c89f4cfa0b5" testName="Y_TimeTests" computerName="WHEATLY" testType="13cdc9d9-ddb5-4fa4-a97d-d965ccfc6d4b" outcome="NotExecuted" testListId="8c84fa94-04c1-424b-9868-57a2d4851a1d" relativeResultsDirectory="d002b1e8-7f8e-4a0c-9437-109d99093c9d">
    </UnitTestResult>
    <UnitTestResult executionId="77861073-e582-4734-b7f1-b82f1256c669" testId="d228be95-61b5-faa5-8d6e-f14f7eb3077b" testName="X_DateTest" computerName="WHEATLY" testType="13cdc9d9-ddb5-4fa4-a97d-d965ccfc6d4b" outcome="NotExecuted" testListId="8c84fa94-04c1-424b-9868-57a2d4851a1d" relativeResultsDirectory="77861073-e582-4734-b7f1-b82f1256c669">
    </UnitTestResult>
    <UnitTestResult executionId="ea539ea2-0b30-40c9-8fc9-778316834dec" testId="e7d30bbf-6029-b18e-67cc-bd80a406e438" testName="getNameTest" computerName="WHEATLY" testType="13cdc9d9-ddb5-4fa4-a97d-d965ccfc6d4b" outcome="NotExecuted" testListId="8c84fa94-04c1-424b-9868-57a2d4851a1d" relativeResultsDirectory="ea539ea2-0b30-40c9-8fc9-778316834dec">
    </UnitTestResult>
    <UnitTestResult executionId="b4e3e0ed-1ccc-42c2-9793-81f13891d0c0" testId="ed08e473-2dba-4d18-da59-9cb539de914d" testName="Matrix3x3InverseTest" computerName="WHEATLY" testType="13cdc9d9-ddb5-4fa4-a97d-d965ccfc6d4b" outcome="NotExecuted" testListId="8c84fa94-04c1-424b-9868-57a2d4851a1d" relativeResultsDirectory="b4e3e0ed-1ccc-42c2-9793-81f13891d0c0">
    </UnitTestResult>
    <UnitTestResult executionId="0d2db5b4-f6a5-4e52-a891-31fe8ac50427" testId="f34a02a7-139c-5db6-f66c-3a47e661f645" testName="setY_ValueTestTime" computerName="WHEATLY" testType="13cdc9d9-ddb5-4fa4-a97d-d965ccfc6d4b" outcome="NotExecuted" testListId="8c84fa94-04c1-424b-9868-57a2d4851a1d" relativeResultsDirectory="0d2db5b4-f6a5-4e52-a891-31fe8ac50427">
    </UnitTestResult>
    <UnitTestResult executionId="8bbfaa11-0f76-486d-b693-1b0157e051ca" testId="fbb0dd6e-b7dd-8f92-d511-30c119a8406c" testName="getDataTest" computerName="WHEATLY" testType="13cdc9d9-ddb5-4fa4-a97d-d965ccfc6d4b" outcome="NotExecuted" testListId="8c84fa94-04c1-424b-9868-57a2d4851a1d" relativeResultsDirectory="8bbfaa11-0f76-486d-b693-1b0157e051ca">
    </UnitTestResult>
    <UnitTestResult executionId="88b520e3-a62e-4fdf-91c4-ca3c5b08c315" testId="fdc600d9-be0d-02d4-169a-cc986a42ef6d" testName="getStatusTest" computerName="WHEATLY" testType="13cdc9d9-ddb5-4fa4-a97d-d965ccfc6d4b" outcome="NotExecuted" testListId="8c84fa94-04c1-424b-9868-57a2d4851a1d" relativeResultsDirectory="88b520e3-a62e-4fdf-91c4-ca3c5b08c315">
    </UnitTestResult>
  </Results>
</TestRun>