<?xml version="1.0" encoding="UTF-8"?>
<TestRun id="3043614d-a520-4873-919f-2d37d0b8e48f" name="MikelWhitehead@WHEATLY 2012-06-20 10:54:55" runUser="WHEATLY\MikelWhitehead" xmlns="http://microsoft.com/schemas/VisualStudio/TeamTest/2010">
  <TestSettings name="Local" id="a523dc7b-8ddb-43ec-9e72-2285008632b5">
    <Description>These are default test settings for a local test run.</Description>
    <Deployment enabled="false" runDeploymentRoot="MikelWhitehead_WHEATLY 2012-06-20 10_54_55">
      <DeploymentItem filename="C:\Users\MikelWhitehead\PerformanceProgression\GraphCalculator\Attempt1MathCalculation\MathTest\bin\Debug\ZedGraph.dll" />
      <DeploymentItem filename="C:\Users\MikelWhitehead\PerformanceProgression\GraphCalculator\Attempt1MathCalculation\Attempt1MathCalculation\bin\Debug\Attempt1MathCalculation.exe" />
    </Deployment>
    <Execution>
      <TestTypeSpecific />
      <AgentRule name="Execution Agents">
      </AgentRule>
    </Execution>
  </TestSettings>
  <Times creation="2012-06-20T10:54:55.7527963+12:00" queuing="2012-06-20T10:54:55.7727975+12:00" start="2012-06-20T10:54:55.7937987+12:00" finish="2012-06-20T10:54:56.3348296+12:00" />
  <ResultSummary outcome="Failed">
    <Counters total="16" executed="16" passed="15" error="0" failed="1" timeout="0" aborted="0" inconclusive="0" passedButRunAborted="0" notRunnable="0" notExecuted="0" disconnected="0" warning="0" completed="0" inProgress="0" pending="0" />
  </ResultSummary>
  <TestDefinitions>
    <UnitTest name="X_DateTest" storage="c:\users\mikelwhitehead\performanceprogression\graphcalculator\attempt1mathcalculation\mathtest\bin\debug\mathtest.dll" id="d228be95-61b5-faa5-8d6e-f14f7eb3077b">
      <Execution id="20173cde-eb0d-404f-82e7-ed9a41487e4f" />
      <TestMethod codeBase="C:/Users/MikelWhitehead/PerformanceProgression/GraphCalculator/Attempt1MathCalculation/MathTest/bin/Debug/MathTest.DLL" adapterTypeName="Microsoft.VisualStudio.TestTools.TestTypes.Unit.UnitTestAdapter, Microsoft.VisualStudio.QualityTools.Tips.UnitTest.Adapter, Version=10.0.0.0, Culture=neutral, PublicKeyToken=b03f5f7f11d50a3a" className="MathTest.fPointTest, MathTest, Version=1.0.0.0, Culture=neutral, PublicKeyToken=null" name="X_DateTest" />
    </UnitTest>
    <UnitTest name="setY_ValueTestTime" storage="c:\users\mikelwhitehead\performanceprogression\graphcalculator\attempt1mathcalculation\mathtest\bin\debug\mathtest.dll" id="f34a02a7-139c-5db6-f66c-3a47e661f645">
      <Execution id="97b50d13-9315-4295-b8f1-0622e3b736e5" />
      <TestMethod codeBase="C:/Users/MikelWhitehead/PerformanceProgression/GraphCalculator/Attempt1MathCalculation/MathTest/bin/Debug/MathTest.DLL" adapterTypeName="Microsoft.VisualStudio.TestTools.TestTypes.Unit.UnitTestAdapter, Microsoft.VisualStudio.QualityTools.Tips.UnitTest.Adapter, Version=10.0.0.0, Culture=neutral, PublicKeyToken=b03f5f7f11d50a3a" className="MathTest.fPointTest, MathTest, Version=1.0.0.0, Culture=neutral, PublicKeyToken=null" name="setY_ValueTestTime" />
    </UnitTest>
    <UnitTest name="getStatusTest" storage="c:\users\mikelwhitehead\performanceprogression\graphcalculator\attempt1mathcalculation\mathtest\bin\debug\mathtest.dll" id="fdc600d9-be0d-02d4-169a-cc986a42ef6d">
      <Execution id="5a58ad02-1710-4cb1-b8c9-bc6c55cc7f1e" />
      <TestMethod codeBase="C:/Users/MikelWhitehead/PerformanceProgression/GraphCalculator/Attempt1MathCalculation/MathTest/bin/Debug/MathTest.DLL" adapterTypeName="Microsoft.VisualStudio.TestTools.TestTypes.Unit.UnitTestAdapter, Microsoft.VisualStudio.QualityTools.Tips.UnitTest.Adapter, Version=10.0.0.0, Culture=neutral, PublicKeyToken=b03f5f7f11d50a3a" className="MathTest.AthletesTest, MathTest, Version=1.0.0.0, Culture=neutral, PublicKeyToken=null" name="getStatusTest" />
    </UnitTest>
    <UnitTest name="Y_TimeTests" storage="c:\users\mikelwhitehead\performanceprogression\graphcalculator\attempt1mathcalculation\mathtest\bin\debug\mathtest.dll" id="d1fa94a7-6865-fc7b-f171-2c89f4cfa0b5">
      <Execution id="714db12a-acb6-4032-8af0-90a470bad23b" />
      <TestMethod codeBase="C:/Users/MikelWhitehead/PerformanceProgression/GraphCalculator/Attempt1MathCalculation/MathTest/bin/Debug/MathTest.DLL" adapterTypeName="Microsoft.VisualStudio.TestTools.TestTypes.Unit.UnitTestAdapter, Microsoft.VisualStudio.QualityTools.Tips.UnitTest.Adapter, Version=10.0.0.0, Culture=neutral, PublicKeyToken=b03f5f7f11d50a3a" className="MathTest.fPointTest, MathTest, Version=1.0.0.0, Culture=neutral, PublicKeyToken=null" name="Y_TimeTests" />
    </UnitTest>
    <UnitTest name="getNameTest" storage="c:\users\mikelwhitehead\performanceprogression\graphcalculator\attempt1mathcalculation\mathtest\bin\debug\mathtest.dll" id="e7d30bbf-6029-b18e-67cc-bd80a406e438">
      <Execution id="8e87fc23-ff8f-4ae7-9d7f-265f364b46c7" />
      <TestMethod codeBase="C:/Users/MikelWhitehead/PerformanceProgression/GraphCalculator/Attempt1MathCalculation/MathTest/bin/Debug/MathTest.DLL" adapterTypeName="Microsoft.VisualStudio.TestTools.TestTypes.Unit.UnitTestAdapter, Microsoft.VisualStudio.QualityTools.Tips.UnitTest.Adapter, Version=10.0.0.0, Culture=neutral, PublicKeyToken=b03f5f7f11d50a3a" className="MathTest.AthletesTest, MathTest, Version=1.0.0.0, Culture=neutral, PublicKeyToken=null" name="getNameTest" />
    </UnitTest>
    <UnitTest name="setY_ValueTestDouble" storage="c:\users\mikelwhitehead\performanceprogression\graphcalculator\attempt1mathcalculation\mathtest\bin\debug\mathtest.dll" id="63325f22-7d10-67cf-eef9-86a620d2144c">
      <Execution id="74fcd876-fffa-4bbd-b9c4-8c9b30ee7c8e" />
      <TestMethod codeBase="C:/Users/MikelWhitehead/PerformanceProgression/GraphCalculator/Attempt1MathCalculation/MathTest/bin/Debug/MathTest.DLL" adapterTypeName="Microsoft.VisualStudio.TestTools.TestTypes.Unit.UnitTestAdapter, Microsoft.VisualStudio.QualityTools.Tips.UnitTest.Adapter, Version=10.0.0.0, Culture=neutral, PublicKeyToken=b03f5f7f11d50a3a" className="MathTest.fPointTest, MathTest, Version=1.0.0.0, Culture=neutral, PublicKeyToken=null" name="setY_ValueTestDouble" />
    </UnitTest>
    <UnitTest name="Y_TimeTest" storage="c:\users\mikelwhitehead\performanceprogression\graphcalculator\attempt1mathcalculation\mathtest\bin\debug\mathtest.dll" id="94dbcfb7-2c31-a95d-f576-27f5e95bd368">
      <Execution id="9c6216fa-f22e-4bb5-a021-de9a1860c713" />
      <TestMethod codeBase="C:/Users/MikelWhitehead/PerformanceProgression/GraphCalculator/Attempt1MathCalculation/MathTest/bin/Debug/MathTest.DLL" adapterTypeName="Microsoft.VisualStudio.TestTools.TestTypes.Unit.UnitTestAdapter, Microsoft.VisualStudio.QualityTools.Tips.UnitTest.Adapter, Version=10.0.0.0, Culture=neutral, PublicKeyToken=b03f5f7f11d50a3a" className="MathTest.fPointTest, MathTest, Version=1.0.0.0, Culture=neutral, PublicKeyToken=null" name="Y_TimeTest" />
    </UnitTest>
    <UnitTest name="Matrix3x3InverseTest" storage="c:\users\mikelwhitehead\performanceprogression\graphcalculator\attempt1mathcalculation\mathtest\bin\debug\mathtest.dll" id="ed08e473-2dba-4d18-da59-9cb539de914d">
      <DeploymentItems>
        <DeploymentItem filename="Attempt1MathCalculation.exe" />
      </DeploymentItems>
      <Execution id="0ec91a15-eb26-4479-ae09-696411890745" />
      <TestMethod codeBase="C:/Users/MikelWhitehead/PerformanceProgression/GraphCalculator/Attempt1MathCalculation/MathTest/bin/Debug/MathTest.DLL" adapterTypeName="Microsoft.VisualStudio.TestTools.TestTypes.Unit.UnitTestAdapter, Microsoft.VisualStudio.QualityTools.Tips.UnitTest.Adapter, Version=10.0.0.0, Culture=neutral, PublicKeyToken=b03f5f7f11d50a3a" className="MathTest.PolynomialTest, MathTest, Version=1.0.0.0, Culture=neutral, PublicKeyToken=null" name="Matrix3x3InverseTest" />
    </UnitTest>
    <UnitTest name="getY_ValueTestTime" storage="c:\users\mikelwhitehead\performanceprogression\graphcalculator\attempt1mathcalculation\mathtest\bin\debug\mathtest.dll" id="309295dc-6116-7350-30d2-46bed9c7d223">
      <Execution id="0999ba25-36ba-40cd-9493-9bd88173752b" />
      <TestMethod codeBase="C:/Users/MikelWhitehead/PerformanceProgression/GraphCalculator/Attempt1MathCalculation/MathTest/bin/Debug/MathTest.DLL" adapterTypeName="Microsoft.VisualStudio.TestTools.TestTypes.Unit.UnitTestAdapter, Microsoft.VisualStudio.QualityTools.Tips.UnitTest.Adapter, Version=10.0.0.0, Culture=neutral, PublicKeyToken=b03f5f7f11d50a3a" className="MathTest.fPointTest, MathTest, Version=1.0.0.0, Culture=neutral, PublicKeyToken=null" name="getY_ValueTestTime" />
    </UnitTest>
    <UnitTest name="SecondOrderPolynomialTest" storage="c:\users\mikelwhitehead\performanceprogression\graphcalculator\attempt1mathcalculation\mathtest\bin\debug\mathtest.dll" id="cf8e86af-938d-dc88-28d5-47a0888cbbf6">
      <Execution id="1cc75fac-c106-4fc1-b801-d89c45e66659" />
      <TestMethod codeBase="C:/Users/MikelWhitehead/PerformanceProgression/GraphCalculator/Attempt1MathCalculation/MathTest/bin/Debug/MathTest.DLL" adapterTypeName="Microsoft.VisualStudio.TestTools.TestTypes.Unit.UnitTestAdapter, Microsoft.VisualStudio.QualityTools.Tips.UnitTest.Adapter, Version=10.0.0.0, Culture=neutral, PublicKeyToken=b03f5f7f11d50a3a" className="MathTest.PolynomialTest, MathTest, Version=1.0.0.0, Culture=neutral, PublicKeyToken=null" name="SecondOrderPolynomialTest" />
    </UnitTest>
    <UnitTest name="setX_DateTest" storage="c:\users\mikelwhitehead\performanceprogression\graphcalculator\attempt1mathcalculation\mathtest\bin\debug\mathtest.dll" id="30998afc-2944-e13b-f8b3-3e8bf0e1ce4f">
      <Execution id="25b1d06e-c1e0-4f5e-8991-985310257de4" />
      <TestMethod codeBase="C:/Users/MikelWhitehead/PerformanceProgression/GraphCalculator/Attempt1MathCalculation/MathTest/bin/Debug/MathTest.DLL" adapterTypeName="Microsoft.VisualStudio.TestTools.TestTypes.Unit.UnitTestAdapter, Microsoft.VisualStudio.QualityTools.Tips.UnitTest.Adapter, Version=10.0.0.0, Culture=neutral, PublicKeyToken=b03f5f7f11d50a3a" className="MathTest.fPointTest, MathTest, Version=1.0.0.0, Culture=neutral, PublicKeyToken=null" name="setX_DateTest" />
    </UnitTest>
    <UnitTest name="Y_DistanceTest" storage="c:\users\mikelwhitehead\performanceprogression\graphcalculator\attempt1mathcalculation\mathtest\bin\debug\mathtest.dll" id="5daea82e-210e-64b5-5f47-c70057d506bf">
      <Execution id="6ca9648d-e5fa-4a68-a5b6-6b90fffc3d05" />
      <TestMethod codeBase="C:/Users/MikelWhitehead/PerformanceProgression/GraphCalculator/Attempt1MathCalculation/MathTest/bin/Debug/MathTest.DLL" adapterTypeName="Microsoft.VisualStudio.TestTools.TestTypes.Unit.UnitTestAdapter, Microsoft.VisualStudio.QualityTools.Tips.UnitTest.Adapter, Version=10.0.0.0, Culture=neutral, PublicKeyToken=b03f5f7f11d50a3a" className="MathTest.fPointTest, MathTest, Version=1.0.0.0, Culture=neutral, PublicKeyToken=null" name="Y_DistanceTest" />
    </UnitTest>
    <UnitTest name="getDataTest" storage="c:\users\mikelwhitehead\performanceprogression\graphcalculator\attempt1mathcalculation\mathtest\bin\debug\mathtest.dll" id="fbb0dd6e-b7dd-8f92-d511-30c119a8406c">
      <Execution id="eceba886-ac64-40c9-b7df-63d3dd35d520" />
      <TestMethod codeBase="C:/Users/MikelWhitehead/PerformanceProgression/GraphCalculator/Attempt1MathCalculation/MathTest/bin/Debug/MathTest.DLL" adapterTypeName="Microsoft.VisualStudio.TestTools.TestTypes.Unit.UnitTestAdapter, Microsoft.VisualStudio.QualityTools.Tips.UnitTest.Adapter, Version=10.0.0.0, Culture=neutral, PublicKeyToken=b03f5f7f11d50a3a" className="MathTest.AthletesTest, MathTest, Version=1.0.0.0, Culture=neutral, PublicKeyToken=null" name="getDataTest" />
    </UnitTest>
    <UnitTest name="Matrix1x3Test" storage="c:\users\mikelwhitehead\performanceprogression\graphcalculator\attempt1mathcalculation\mathtest\bin\debug\mathtest.dll" id="c0023543-70d8-e8c3-52fb-9f1d5be4c5fc">
      <Execution id="5becb47c-a28b-4e00-b18c-99ee4c4c6e02" />
      <TestMethod codeBase="C:/Users/MikelWhitehead/PerformanceProgression/GraphCalculator/Attempt1MathCalculation/MathTest/bin/Debug/MathTest.DLL" adapterTypeName="Microsoft.VisualStudio.TestTools.TestTypes.Unit.UnitTestAdapter, Microsoft.VisualStudio.QualityTools.Tips.UnitTest.Adapter, Version=10.0.0.0, Culture=neutral, PublicKeyToken=b03f5f7f11d50a3a" className="MathTest.PolynomialTest, MathTest, Version=1.0.0.0, Culture=neutral, PublicKeyToken=null" name="Matrix1x3Test" />
    </UnitTest>
    <UnitTest name="Matrix3x3Test" storage="c:\users\mikelwhitehead\performanceprogression\graphcalculator\attempt1mathcalculation\mathtest\bin\debug\mathtest.dll" id="bda542f6-870e-fb28-9310-2ebbbe076c3c">
      <DeploymentItems>
        <DeploymentItem filename="Attempt1MathCalculation.exe" />
      </DeploymentItems>
      <Execution id="70bb82e2-da14-4009-9549-f3d2d0494a5b" />
      <TestMethod codeBase="C:/Users/MikelWhitehead/PerformanceProgression/GraphCalculator/Attempt1MathCalculation/MathTest/bin/Debug/MathTest.DLL" adapterTypeName="Microsoft.VisualStudio.TestTools.TestTypes.Unit.UnitTestAdapter, Microsoft.VisualStudio.QualityTools.Tips.UnitTest.Adapter, Version=10.0.0.0, Culture=neutral, PublicKeyToken=b03f5f7f11d50a3a" className="MathTest.PolynomialTest, MathTest, Version=1.0.0.0, Culture=neutral, PublicKeyToken=null" name="Matrix3x3Test" />
    </UnitTest>
    <UnitTest name="ToStringTest" storage="c:\users\mikelwhitehead\performanceprogression\graphcalculator\attempt1mathcalculation\mathtest\bin\debug\mathtest.dll" id="6467f6a3-7df3-7605-d2c6-875a5bc201ab">
      <Execution id="89985546-f77c-4267-a901-c281aa9901ce" />
      <TestMethod codeBase="C:/Users/MikelWhitehead/PerformanceProgression/GraphCalculator/Attempt1MathCalculation/MathTest/bin/Debug/MathTest.DLL" adapterTypeName="Microsoft.VisualStudio.TestTools.TestTypes.Unit.UnitTestAdapter, Microsoft.VisualStudio.QualityTools.Tips.UnitTest.Adapter, Version=10.0.0.0, Culture=neutral, PublicKeyToken=b03f5f7f11d50a3a" className="MathTest.fPointTest, MathTest, Version=1.0.0.0, Culture=neutral, PublicKeyToken=null" name="ToStringTest" />
    </UnitTest>
  </TestDefinitions>
  <TestLists>
    <TestList name="Results Not in a List" id="8c84fa94-04c1-424b-9868-57a2d4851a1d" />
    <TestList name="All Loaded Results" id="19431567-8539-422a-85d7-44ee4e166bda" />
  </TestLists>
  <TestEntries>
    <TestEntry testId="309295dc-6116-7350-30d2-46bed9c7d223" executionId="0999ba25-36ba-40cd-9493-9bd88173752b" testListId="8c84fa94-04c1-424b-9868-57a2d4851a1d" />
    <TestEntry testId="30998afc-2944-e13b-f8b3-3e8bf0e1ce4f" executionId="25b1d06e-c1e0-4f5e-8991-985310257de4" testListId="8c84fa94-04c1-424b-9868-57a2d4851a1d" />
    <TestEntry testId="5daea82e-210e-64b5-5f47-c70057d506bf" executionId="6ca9648d-e5fa-4a68-a5b6-6b90fffc3d05" testListId="8c84fa94-04c1-424b-9868-57a2d4851a1d" />
    <TestEntry testId="63325f22-7d10-67cf-eef9-86a620d2144c" executionId="74fcd876-fffa-4bbd-b9c4-8c9b30ee7c8e" testListId="8c84fa94-04c1-424b-9868-57a2d4851a1d" />
    <TestEntry testId="6467f6a3-7df3-7605-d2c6-875a5bc201ab" executionId="89985546-f77c-4267-a901-c281aa9901ce" testListId="8c84fa94-04c1-424b-9868-57a2d4851a1d" />
    <TestEntry testId="94dbcfb7-2c31-a95d-f576-27f5e95bd368" executionId="9c6216fa-f22e-4bb5-a021-de9a1860c713" testListId="8c84fa94-04c1-424b-9868-57a2d4851a1d" />
    <TestEntry testId="bda542f6-870e-fb28-9310-2ebbbe076c3c" executionId="70bb82e2-da14-4009-9549-f3d2d0494a5b" testListId="8c84fa94-04c1-424b-9868-57a2d4851a1d" />
    <TestEntry testId="c0023543-70d8-e8c3-52fb-9f1d5be4c5fc" executionId="5becb47c-a28b-4e00-b18c-99ee4c4c6e02" testListId="8c84fa94-04c1-424b-9868-57a2d4851a1d" />
    <TestEntry testId="cf8e86af-938d-dc88-28d5-47a0888cbbf6" executionId="1cc75fac-c106-4fc1-b801-d89c45e66659" testListId="8c84fa94-04c1-424b-9868-57a2d4851a1d" />
    <TestEntry testId="d1fa94a7-6865-fc7b-f171-2c89f4cfa0b5" executionId="714db12a-acb6-4032-8af0-90a470bad23b" testListId="8c84fa94-04c1-424b-9868-57a2d4851a1d" />
    <TestEntry testId="d228be95-61b5-faa5-8d6e-f14f7eb3077b" executionId="20173cde-eb0d-404f-82e7-ed9a41487e4f" testListId="8c84fa94-04c1-424b-9868-57a2d4851a1d" />
    <TestEntry testId="e7d30bbf-6029-b18e-67cc-bd80a406e438" executionId="8e87fc23-ff8f-4ae7-9d7f-265f364b46c7" testListId="8c84fa94-04c1-424b-9868-57a2d4851a1d" />
    <TestEntry testId="ed08e473-2dba-4d18-da59-9cb539de914d" executionId="0ec91a15-eb26-4479-ae09-696411890745" testListId="8c84fa94-04c1-424b-9868-57a2d4851a1d" />
    <TestEntry testId="f34a02a7-139c-5db6-f66c-3a47e661f645" executionId="97b50d13-9315-4295-b8f1-0622e3b736e5" testListId="8c84fa94-04c1-424b-9868-57a2d4851a1d" />
    <TestEntry testId="fbb0dd6e-b7dd-8f92-d511-30c119a8406c" executionId="eceba886-ac64-40c9-b7df-63d3dd35d520" testListId="8c84fa94-04c1-424b-9868-57a2d4851a1d" />
    <TestEntry testId="fdc600d9-be0d-02d4-169a-cc986a42ef6d" executionId="5a58ad02-1710-4cb1-b8c9-bc6c55cc7f1e" testListId="8c84fa94-04c1-424b-9868-57a2d4851a1d" />
  </TestEntries>
  <Results>
    <UnitTestResult executionId="0999ba25-36ba-40cd-9493-9bd88173752b" testId="309295dc-6116-7350-30d2-46bed9c7d223" testName="getY_ValueTestTime" computerName="WHEATLY" duration="00:00:00.0466734" startTime="2012-06-20T10:54:55.7947987+12:00" endTime="2012-06-20T10:54:56.1188173+12:00" testType="13cdc9d9-ddb5-4fa4-a97d-d965ccfc6d4b" outcome="Failed" testListId="8c84fa94-04c1-424b-9868-57a2d4851a1d" relativeResultsDirectory="0999ba25-36ba-40cd-9493-9bd88173752b">
      <Output>
        <ErrorInfo>
          <Message>Assert.AreEqual failed. Expected:&lt;12.5&gt;. Actual:&lt;0.0001446759&gt;. </Message>
          <StackTrace>   at MathTest.fPointTest.getY_ValueTestTime() in C:\Users\MikelWhitehead\PerformanceProgression\GraphCalculator\Attempt1MathCalculation\MathTest\fPointTest.cs:line 176
</StackTrace>
        </ErrorInfo>
      </Output>
    </UnitTestResult>
    <UnitTestResult executionId="25b1d06e-c1e0-4f5e-8991-985310257de4" testId="30998afc-2944-e13b-f8b3-3e8bf0e1ce4f" testName="setX_DateTest" computerName="WHEATLY" duration="00:00:00.0017759" startTime="2012-06-20T10:54:56.1198173+12:00" endTime="2012-06-20T10:54:56.1308180+12:00" testType="13cdc9d9-ddb5-4fa4-a97d-d965ccfc6d4b" outcome="Passed" testListId="8c84fa94-04c1-424b-9868-57a2d4851a1d" relativeResultsDirectory="25b1d06e-c1e0-4f5e-8991-985310257de4">
    </UnitTestResult>
    <UnitTestResult executionId="6ca9648d-e5fa-4a68-a5b6-6b90fffc3d05" testId="5daea82e-210e-64b5-5f47-c70057d506bf" testName="Y_DistanceTest" computerName="WHEATLY" duration="00:00:00.0003125" startTime="2012-06-20T10:54:56.1328181+12:00" endTime="2012-06-20T10:54:56.1418186+12:00" testType="13cdc9d9-ddb5-4fa4-a97d-d965ccfc6d4b" outcome="Passed" testListId="8c84fa94-04c1-424b-9868-57a2d4851a1d" relativeResultsDirectory="6ca9648d-e5fa-4a68-a5b6-6b90fffc3d05">
    </UnitTestResult>
    <UnitTestResult executionId="74fcd876-fffa-4bbd-b9c4-8c9b30ee7c8e" testId="63325f22-7d10-67cf-eef9-86a620d2144c" testName="setY_ValueTestDouble" computerName="WHEATLY" duration="00:00:00.0002949" startTime="2012-06-20T10:54:56.1438187+12:00" endTime="2012-06-20T10:54:56.1528192+12:00" testType="13cdc9d9-ddb5-4fa4-a97d-d965ccfc6d4b" outcome="Passed" testListId="8c84fa94-04c1-424b-9868-57a2d4851a1d" relativeResultsDirectory="74fcd876-fffa-4bbd-b9c4-8c9b30ee7c8e">
    </UnitTestResult>
    <UnitTestResult executionId="89985546-f77c-4267-a901-c281aa9901ce" testId="6467f6a3-7df3-7605-d2c6-875a5bc201ab" testName="ToStringTest" computerName="WHEATLY" duration="00:00:00.0012057" startTime="2012-06-20T10:54:56.1548193+12:00" endTime="2012-06-20T10:54:56.1648199+12:00" testType="13cdc9d9-ddb5-4fa4-a97d-d965ccfc6d4b" outcome="Passed" testListId="8c84fa94-04c1-424b-9868-57a2d4851a1d" relativeResultsDirectory="89985546-f77c-4267-a901-c281aa9901ce">
    </UnitTestResult>
    <UnitTestResult executionId="9c6216fa-f22e-4bb5-a021-de9a1860c713" testId="94dbcfb7-2c31-a95d-f576-27f5e95bd368" testName="Y_TimeTest" computerName="WHEATLY" duration="00:00:00.0002421" startTime="2012-06-20T10:54:56.1668200+12:00" endTime="2012-06-20T10:54:56.1758205+12:00" testType="13cdc9d9-ddb5-4fa4-a97d-d965ccfc6d4b" outcome="Passed" testListId="8c84fa94-04c1-424b-9868-57a2d4851a1d" relativeResultsDirectory="9c6216fa-f22e-4bb5-a021-de9a1860c713">
    </UnitTestResult>
    <UnitTestResult executionId="70bb82e2-da14-4009-9549-f3d2d0494a5b" testId="bda542f6-870e-fb28-9310-2ebbbe076c3c" testName="Matrix3x3Test" computerName="WHEATLY" duration="00:00:00.0063679" startTime="2012-06-20T10:54:56.1778206+12:00" endTime="2012-06-20T10:54:56.1928215+12:00" testType="13cdc9d9-ddb5-4fa4-a97d-d965ccfc6d4b" outcome="Passed" testListId="8c84fa94-04c1-424b-9868-57a2d4851a1d" relativeResultsDirectory="70bb82e2-da14-4009-9549-f3d2d0494a5b">
    </UnitTestResult>
    <UnitTestResult executionId="5becb47c-a28b-4e00-b18c-99ee4c4c6e02" testId="c0023543-70d8-e8c3-52fb-9f1d5be4c5fc" testName="Matrix1x3Test" computerName="WHEATLY" duration="00:00:00.0015288" startTime="2012-06-20T10:54:56.1948216+12:00" endTime="2012-06-20T10:54:56.2048222+12:00" testType="13cdc9d9-ddb5-4fa4-a97d-d965ccfc6d4b" outcome="Passed" testListId="8c84fa94-04c1-424b-9868-57a2d4851a1d" relativeResultsDirectory="5becb47c-a28b-4e00-b18c-99ee4c4c6e02">
    </UnitTestResult>
    <UnitTestResult executionId="1cc75fac-c106-4fc1-b801-d89c45e66659" testId="cf8e86af-938d-dc88-28d5-47a0888cbbf6" testName="SecondOrderPolynomialTest" computerName="WHEATLY" duration="00:00:00.0020901" startTime="2012-06-20T10:54:56.2068223+12:00" endTime="2012-06-20T10:54:56.2168229+12:00" testType="13cdc9d9-ddb5-4fa4-a97d-d965ccfc6d4b" outcome="Passed" testListId="8c84fa94-04c1-424b-9868-57a2d4851a1d" relativeResultsDirectory="1cc75fac-c106-4fc1-b801-d89c45e66659">
    </UnitTestResult>
    <UnitTestResult executionId="714db12a-acb6-4032-8af0-90a470bad23b" testId="d1fa94a7-6865-fc7b-f171-2c89f4cfa0b5" testName="Y_TimeTests" computerName="WHEATLY" duration="00:00:00.0003395" startTime="2012-06-20T10:54:56.2178229+12:00" endTime="2012-06-20T10:54:56.2268234+12:00" testType="13cdc9d9-ddb5-4fa4-a97d-d965ccfc6d4b" outcome="Passed" testListId="8c84fa94-04c1-424b-9868-57a2d4851a1d" relativeResultsDirectory="714db12a-acb6-4032-8af0-90a470bad23b">
    </UnitTestResult>
    <UnitTestResult executionId="20173cde-eb0d-404f-82e7-ed9a41487e4f" testId="d228be95-61b5-faa5-8d6e-f14f7eb3077b" testName="X_DateTest" computerName="WHEATLY" duration="00:00:00.0003802" startTime="2012-06-20T10:54:56.2278235+12:00" endTime="2012-06-20T10:54:56.2368240+12:00" testType="13cdc9d9-ddb5-4fa4-a97d-d965ccfc6d4b" outcome="Passed" testListId="8c84fa94-04c1-424b-9868-57a2d4851a1d" relativeResultsDirectory="20173cde-eb0d-404f-82e7-ed9a41487e4f">
    </UnitTestResult>
    <UnitTestResult executionId="8e87fc23-ff8f-4ae7-9d7f-265f364b46c7" testId="e7d30bbf-6029-b18e-67cc-bd80a406e438" testName="getNameTest" computerName="WHEATLY" duration="00:00:00.0004402" startTime="2012-06-20T10:54:56.2378241+12:00" endTime="2012-06-20T10:54:56.2498248+12:00" testType="13cdc9d9-ddb5-4fa4-a97d-d965ccfc6d4b" outcome="Passed" testListId="8c84fa94-04c1-424b-9868-57a2d4851a1d" relativeResultsDirectory="8e87fc23-ff8f-4ae7-9d7f-265f364b46c7">
    </UnitTestResult>
    <UnitTestResult executionId="0ec91a15-eb26-4479-ae09-696411890745" testId="ed08e473-2dba-4d18-da59-9cb539de914d" testName="Matrix3x3InverseTest" computerName="WHEATLY" duration="00:00:00.0009812" startTime="2012-06-20T10:54:56.2608254+12:00" endTime="2012-06-20T10:54:56.2698259+12:00" testType="13cdc9d9-ddb5-4fa4-a97d-d965ccfc6d4b" outcome="Passed" testListId="8c84fa94-04c1-424b-9868-57a2d4851a1d" relativeResultsDirectory="0ec91a15-eb26-4479-ae09-696411890745">
    </UnitTestResult>
    <UnitTestResult executionId="97b50d13-9315-4295-b8f1-0622e3b736e5" testId="f34a02a7-139c-5db6-f66c-3a47e661f645" testName="setY_ValueTestTime" computerName="WHEATLY" duration="00:00:00.0003103" startTime="2012-06-20T10:54:56.2718260+12:00" endTime="2012-06-20T10:54:56.2798265+12:00" testType="13cdc9d9-ddb5-4fa4-a97d-d965ccfc6d4b" outcome="Passed" testListId="8c84fa94-04c1-424b-9868-57a2d4851a1d" relativeResultsDirectory="97b50d13-9315-4295-b8f1-0622e3b736e5">
    </UnitTestResult>
    <UnitTestResult executionId="eceba886-ac64-40c9-b7df-63d3dd35d520" testId="fbb0dd6e-b7dd-8f92-d511-30c119a8406c" testName="getDataTest" computerName="WHEATLY" duration="00:00:00.0013142" startTime="2012-06-20T10:54:56.2838267+12:00" endTime="2012-06-20T10:54:56.2938273+12:00" testType="13cdc9d9-ddb5-4fa4-a97d-d965ccfc6d4b" outcome="Passed" testListId="8c84fa94-04c1-424b-9868-57a2d4851a1d" relativeResultsDirectory="eceba886-ac64-40c9-b7df-63d3dd35d520">
    </UnitTestResult>
    <UnitTestResult executionId="5a58ad02-1710-4cb1-b8c9-bc6c55cc7f1e" testId="fdc600d9-be0d-02d4-169a-cc986a42ef6d" testName="getStatusTest" computerName="WHEATLY" duration="00:00:00.0004589" startTime="2012-06-20T10:54:56.2978275+12:00" endTime="2012-06-20T10:54:56.3118283+12:00" testType="13cdc9d9-ddb5-4fa4-a97d-d965ccfc6d4b" outcome="Passed" testListId="8c84fa94-04c1-424b-9868-57a2d4851a1d" relativeResultsDirectory="5a58ad02-1710-4cb1-b8c9-bc6c55cc7f1e">
    </UnitTestResult>
  </Results>
</TestRun>